[0.166s] DEBUG:colcon:Command line arguments: ['/usr/bin/colcon', 'build']
[0.166s] DEBUG:colcon:Parsed command line arguments: Namespace(log_base=None, log_level=None, verb_name='build', build_base='build', install_base='install', merge_install=False, symlink_install=False, test_result_base=None, continue_on_error=False, executor='parallel', parallel_workers=20, event_handlers=None, ignore_user_meta=False, metas=['./colcon.meta'], base_paths=['.'], packages_ignore=None, packages_ignore_regex=None, paths=None, packages_up_to=None, packages_up_to_regex=None, packages_above=None, packages_above_and_dependencies=None, packages_above_depth=None, packages_select_by_dep=None, packages_skip_by_dep=None, packages_skip_up_to=None, packages_select_build_failed=False, packages_skip_build_finished=False, packages_select_test_failures=False, packages_skip_test_passed=False, packages_select=None, packages_skip=None, packages_select_regex=None, packages_skip_regex=None, packages_start=None, packages_end=None, allow_overriding=[], cmake_args=None, cmake_target=None, cmake_target_skip_unavailable=False, cmake_clean_cache=False, cmake_clean_first=False, cmake_force_configure=False, ament_cmake_args=None, catkin_cmake_args=None, catkin_skip_building_tests=False, verb_parser=<colcon_defaults.argument_parser.defaults.DefaultArgumentsDecorator object at 0x7fc4d00d5210>, verb_extension=<colcon_core.verb.build.BuildVerb object at 0x7fc4d00d4ca0>, main=<bound method BuildVerb.main of <colcon_core.verb.build.BuildVerb object at 0x7fc4d00d4ca0>>)
[0.177s] Level 1:colcon.colcon_core.package_discovery:discover_packages(colcon_meta) check parameters
[0.178s] Level 1:colcon.colcon_core.package_discovery:discover_packages(recursive) check parameters
[0.178s] Level 1:colcon.colcon_core.package_discovery:discover_packages(ignore) check parameters
[0.178s] Level 1:colcon.colcon_core.package_discovery:discover_packages(path) check parameters
[0.178s] Level 1:colcon.colcon_core.package_discovery:discover_packages(colcon_meta) discover
[0.178s] Level 1:colcon.colcon_core.package_discovery:discover_packages(recursive) discover
[0.178s] INFO:colcon.colcon_core.package_discovery:Crawling recursively for packages in '/home/zubeyir48/ros2_ME462_ws/src/kalbot_brignup'
[0.178s] Level 1:colcon.colcon_core.package_identification:_identify(.) by extensions ['ignore', 'ignore_ament_install']
[0.178s] Level 1:colcon.colcon_core.package_identification:_identify(.) by extension 'ignore'
[0.178s] Level 1:colcon.colcon_core.package_identification:_identify(.) by extension 'ignore_ament_install'
[0.178s] Level 1:colcon.colcon_core.package_identification:_identify(.) by extensions ['colcon_pkg']
[0.178s] Level 1:colcon.colcon_core.package_identification:_identify(.) by extension 'colcon_pkg'
[0.178s] Level 1:colcon.colcon_core.package_identification:_identify(.) by extensions ['colcon_meta']
[0.178s] Level 1:colcon.colcon_core.package_identification:_identify(.) by extension 'colcon_meta'
[0.178s] Level 1:colcon.colcon_core.package_identification:_identify(.) by extensions ['ros']
[0.178s] Level 1:colcon.colcon_core.package_identification:_identify(.) by extension 'ros'
[0.185s] DEBUG:colcon.colcon_core.package_identification:Package '.' with type 'ros.ament_cmake' and name 'kalbot_brignup'
[0.185s] Level 1:colcon.colcon_core.package_discovery:discover_packages(recursive) using defaults
[0.185s] Level 1:colcon.colcon_core.package_discovery:discover_packages(ignore) discover
[0.185s] Level 1:colcon.colcon_core.package_discovery:discover_packages(ignore) using defaults
[0.185s] Level 1:colcon.colcon_core.package_discovery:discover_packages(path) discover
[0.185s] Level 1:colcon.colcon_core.package_discovery:discover_packages(path) using defaults
[0.196s] Level 1:colcon.colcon_core.package_discovery:discover_packages(prefix_path) check parameters
[0.196s] Level 1:colcon.colcon_core.package_discovery:discover_packages(prefix_path) discover
[0.198s] DEBUG:colcon.colcon_installed_package_information.package_discovery:Found 4 installed packages in /home/zubeyir48/ros2_ME462_ws/install
[0.198s] DEBUG:colcon.colcon_installed_package_information.package_discovery:Found 270 installed packages in /opt/ros/humble
[0.199s] Level 1:colcon.colcon_core.package_discovery:discover_packages(prefix_path) using defaults
[0.225s] Level 5:colcon.colcon_core.verb:set package 'kalbot_brignup' build argument 'cmake_args' from command line to 'None'
[0.225s] Level 5:colcon.colcon_core.verb:set package 'kalbot_brignup' build argument 'cmake_target' from command line to 'None'
[0.225s] Level 5:colcon.colcon_core.verb:set package 'kalbot_brignup' build argument 'cmake_target_skip_unavailable' from command line to 'False'
[0.225s] Level 5:colcon.colcon_core.verb:set package 'kalbot_brignup' build argument 'cmake_clean_cache' from command line to 'False'
[0.225s] Level 5:colcon.colcon_core.verb:set package 'kalbot_brignup' build argument 'cmake_clean_first' from command line to 'False'
[0.225s] Level 5:colcon.colcon_core.verb:set package 'kalbot_brignup' build argument 'cmake_force_configure' from command line to 'False'
[0.225s] Level 5:colcon.colcon_core.verb:set package 'kalbot_brignup' build argument 'ament_cmake_args' from command line to 'None'
[0.225s] Level 5:colcon.colcon_core.verb:set package 'kalbot_brignup' build argument 'catkin_cmake_args' from command line to 'None'
[0.225s] Level 5:colcon.colcon_core.verb:set package 'kalbot_brignup' build argument 'catkin_skip_building_tests' from command line to 'False'
[0.225s] DEBUG:colcon.colcon_core.verb:Building package 'kalbot_brignup' with the following arguments: {'ament_cmake_args': None, 'build_base': '/home/zubeyir48/ros2_ME462_ws/src/kalbot_brignup/build/kalbot_brignup', 'catkin_cmake_args': None, 'catkin_skip_building_tests': False, 'cmake_args': None, 'cmake_clean_cache': False, 'cmake_clean_first': False, 'cmake_force_configure': False, 'cmake_target': None, 'cmake_target_skip_unavailable': False, 'install_base': '/home/zubeyir48/ros2_ME462_ws/src/kalbot_brignup/install/kalbot_brignup', 'merge_install': False, 'path': '/home/zubeyir48/ros2_ME462_ws/src/kalbot_brignup', 'symlink_install': False, 'test_result_base': None}
[0.226s] INFO:colcon.colcon_core.executor:Executing jobs using 'parallel' executor
[0.227s] DEBUG:colcon.colcon_parallel_executor.executor.parallel:run_until_complete
[0.227s] INFO:colcon.colcon_ros.task.ament_cmake.build:Building ROS package in '/home/zubeyir48/ros2_ME462_ws/src/kalbot_brignup' with build type 'ament_cmake'
[0.227s] INFO:colcon.colcon_cmake.task.cmake.build:Building CMake package in '/home/zubeyir48/ros2_ME462_ws/src/kalbot_brignup'
[0.230s] INFO:colcon.colcon_core.plugin_system:Skipping extension 'colcon_core.shell.bat': Not used on non-Windows systems
[0.230s] INFO:colcon.colcon_core.shell:Skip shell extension 'powershell' for command environment: Not usable outside of PowerShell
[0.230s] DEBUG:colcon.colcon_core.shell:Skip shell extension 'dsv' for command environment
[0.234s] DEBUG:colcon.colcon_core.event_handler.log_command:Invoking command in '/home/zubeyir48/ros2_ME462_ws/src/kalbot_brignup/build/kalbot_brignup': CMAKE_PREFIX_PATH=${CMAKE_PREFIX_PATH}:/home/zubeyir48/ros2_ME462_ws/install/kalbot_controller:/home/zubeyir48/ros2_ME462_ws/install/tutorial_robot_controller:/home/zubeyir48/ros2_ME462_ws/install/robot_controller:/opt/ros/humble /usr/bin/cmake /home/zubeyir48/ros2_ME462_ws/src/kalbot_brignup -DCMAKE_INSTALL_PREFIX=/home/zubeyir48/ros2_ME462_ws/src/kalbot_brignup/install/kalbot_brignup
[0.665s] DEBUG:colcon.colcon_core.event_handler.log_command:Invoked command in '/home/zubeyir48/ros2_ME462_ws/src/kalbot_brignup/build/kalbot_brignup' returned '0': CMAKE_PREFIX_PATH=${CMAKE_PREFIX_PATH}:/home/zubeyir48/ros2_ME462_ws/install/kalbot_controller:/home/zubeyir48/ros2_ME462_ws/install/tutorial_robot_controller:/home/zubeyir48/ros2_ME462_ws/install/robot_controller:/opt/ros/humble /usr/bin/cmake /home/zubeyir48/ros2_ME462_ws/src/kalbot_brignup -DCMAKE_INSTALL_PREFIX=/home/zubeyir48/ros2_ME462_ws/src/kalbot_brignup/install/kalbot_brignup
[0.666s] DEBUG:colcon.colcon_core.event_handler.log_command:Invoking command in '/home/zubeyir48/ros2_ME462_ws/src/kalbot_brignup/build/kalbot_brignup': CMAKE_PREFIX_PATH=${CMAKE_PREFIX_PATH}:/home/zubeyir48/ros2_ME462_ws/install/kalbot_controller:/home/zubeyir48/ros2_ME462_ws/install/tutorial_robot_controller:/home/zubeyir48/ros2_ME462_ws/install/robot_controller:/opt/ros/humble /usr/bin/cmake --build /home/zubeyir48/ros2_ME462_ws/src/kalbot_brignup/build/kalbot_brignup -- -j20 -l20
[0.683s] DEBUG:colcon.colcon_core.event_handler.log_command:Invoked command in '/home/zubeyir48/ros2_ME462_ws/src/kalbot_brignup/build/kalbot_brignup' returned '0': CMAKE_PREFIX_PATH=${CMAKE_PREFIX_PATH}:/home/zubeyir48/ros2_ME462_ws/install/kalbot_controller:/home/zubeyir48/ros2_ME462_ws/install/tutorial_robot_controller:/home/zubeyir48/ros2_ME462_ws/install/robot_controller:/opt/ros/humble /usr/bin/cmake --build /home/zubeyir48/ros2_ME462_ws/src/kalbot_brignup/build/kalbot_brignup -- -j20 -l20
[0.699s] DEBUG:colcon.colcon_core.event_handler.log_command:Invoking command in '/home/zubeyir48/ros2_ME462_ws/src/kalbot_brignup/build/kalbot_brignup': CMAKE_PREFIX_PATH=${CMAKE_PREFIX_PATH}:/home/zubeyir48/ros2_ME462_ws/install/kalbot_controller:/home/zubeyir48/ros2_ME462_ws/install/tutorial_robot_controller:/home/zubeyir48/ros2_ME462_ws/install/robot_controller:/opt/ros/humble /usr/bin/cmake --install /home/zubeyir48/ros2_ME462_ws/src/kalbot_brignup/build/kalbot_brignup
[0.706s] DEBUG:colcon.colcon_core.event_handler.log_command:Invoked command in '/home/zubeyir48/ros2_ME462_ws/src/kalbot_brignup/build/kalbot_brignup' returned '1': CMAKE_PREFIX_PATH=${CMAKE_PREFIX_PATH}:/home/zubeyir48/ros2_ME462_ws/install/kalbot_controller:/home/zubeyir48/ros2_ME462_ws/install/tutorial_robot_controller:/home/zubeyir48/ros2_ME462_ws/install/robot_controller:/opt/ros/humble /usr/bin/cmake --install /home/zubeyir48/ros2_ME462_ws/src/kalbot_brignup/build/kalbot_brignup
[0.725s] Level 1:colcon.colcon_core.environment:create_environment_scripts_only(kalbot_brignup)
[0.731s] Level 1:colcon.colcon_core.environment:checking '/home/zubeyir48/ros2_ME462_ws/src/kalbot_brignup/install/kalbot_brignup' for CMake module files
[0.731s] Level 1:colcon.colcon_core.environment:checking '/home/zubeyir48/ros2_ME462_ws/src/kalbot_brignup/install/kalbot_brignup' for CMake config files
[0.732s] Level 1:colcon.colcon_core.environment:checking '/home/zubeyir48/ros2_ME462_ws/src/kalbot_brignup/install/kalbot_brignup/bin'
[0.732s] Level 1:colcon.colcon_core.environment:checking '/home/zubeyir48/ros2_ME462_ws/src/kalbot_brignup/install/kalbot_brignup/lib/pkgconfig/kalbot_brignup.pc'
[0.732s] Level 1:colcon.colcon_core.environment:checking '/home/zubeyir48/ros2_ME462_ws/src/kalbot_brignup/install/kalbot_brignup/lib/python3.10/site-packages'
[0.732s] Level 1:colcon.colcon_core.environment:checking '/home/zubeyir48/ros2_ME462_ws/src/kalbot_brignup/install/kalbot_brignup/bin'
[0.733s] INFO:colcon.colcon_core.shell:Creating package script '/home/zubeyir48/ros2_ME462_ws/src/kalbot_brignup/install/kalbot_brignup/share/kalbot_brignup/package.ps1'
[0.734s] INFO:colcon.colcon_core.shell:Creating package descriptor '/home/zubeyir48/ros2_ME462_ws/src/kalbot_brignup/install/kalbot_brignup/share/kalbot_brignup/package.dsv'
[0.734s] INFO:colcon.colcon_core.shell:Creating package script '/home/zubeyir48/ros2_ME462_ws/src/kalbot_brignup/install/kalbot_brignup/share/kalbot_brignup/package.sh'
[0.735s] INFO:colcon.colcon_core.shell:Creating package script '/home/zubeyir48/ros2_ME462_ws/src/kalbot_brignup/install/kalbot_brignup/share/kalbot_brignup/package.bash'
[0.735s] INFO:colcon.colcon_core.shell:Creating package script '/home/zubeyir48/ros2_ME462_ws/src/kalbot_brignup/install/kalbot_brignup/share/kalbot_brignup/package.zsh'
[0.735s] Level 1:colcon.colcon_core.environment:create_file_with_runtime_dependencies(/home/zubeyir48/ros2_ME462_ws/src/kalbot_brignup/install/kalbot_brignup/share/colcon-core/packages/kalbot_brignup)
[0.746s] DEBUG:colcon.colcon_parallel_executor.executor.parallel:closing loop
[0.746s] DEBUG:colcon.colcon_parallel_executor.executor.parallel:loop closed
[0.746s] DEBUG:colcon.colcon_parallel_executor.executor.parallel:run_until_complete finished with '1'
[0.746s] DEBUG:colcon.colcon_core.event_reactor:joining thread
[0.749s] INFO:colcon.colcon_core.plugin_system:Skipping extension 'colcon_notification.desktop_notification.terminal_notifier': Not used on non-Darwin systems
[0.749s] INFO:colcon.colcon_core.plugin_system:Skipping extension 'colcon_notification.desktop_notification.win32': Not used on non-Windows systems
[0.749s] INFO:colcon.colcon_notification.desktop_notification:Sending desktop notification using 'notify2'
[0.760s] DEBUG:colcon.colcon_core.event_reactor:joined thread
[0.761s] INFO:colcon.colcon_core.shell:Creating prefix script '/home/zubeyir48/ros2_ME462_ws/src/kalbot_brignup/install/local_setup.ps1'
[0.762s] INFO:colcon.colcon_core.shell:Creating prefix util module '/home/zubeyir48/ros2_ME462_ws/src/kalbot_brignup/install/_local_setup_util_ps1.py'
[0.762s] INFO:colcon.colcon_core.shell:Creating prefix chain script '/home/zubeyir48/ros2_ME462_ws/src/kalbot_brignup/install/setup.ps1'
[0.763s] INFO:colcon.colcon_core.shell:Creating prefix script '/home/zubeyir48/ros2_ME462_ws/src/kalbot_brignup/install/local_setup.sh'
[0.764s] INFO:colcon.colcon_core.shell:Creating prefix util module '/home/zubeyir48/ros2_ME462_ws/src/kalbot_brignup/install/_local_setup_util_sh.py'
[0.764s] INFO:colcon.colcon_core.shell:Creating prefix chain script '/home/zubeyir48/ros2_ME462_ws/src/kalbot_brignup/install/setup.sh'
[0.765s] INFO:colcon.colcon_core.shell:Creating prefix script '/home/zubeyir48/ros2_ME462_ws/src/kalbot_brignup/install/local_setup.bash'
[0.765s] INFO:colcon.colcon_core.shell:Creating prefix chain script '/home/zubeyir48/ros2_ME462_ws/src/kalbot_brignup/install/setup.bash'
[0.766s] INFO:colcon.colcon_core.shell:Creating prefix script '/home/zubeyir48/ros2_ME462_ws/src/kalbot_brignup/install/local_setup.zsh'
[0.766s] INFO:colcon.colcon_core.shell:Creating prefix chain script '/home/zubeyir48/ros2_ME462_ws/src/kalbot_brignup/install/setup.zsh'
