[0.164s] DEBUG:colcon:Command line arguments: ['/usr/bin/colcon', 'build']
[0.164s] DEBUG:colcon:Parsed command line arguments: Namespace(log_base=None, log_level=None, verb_name='build', build_base='build', install_base='install', merge_install=False, symlink_install=False, test_result_base=None, continue_on_error=False, executor='parallel', parallel_workers=20, event_handlers=None, ignore_user_meta=False, metas=['./colcon.meta'], base_paths=['.'], packages_ignore=None, packages_ignore_regex=None, paths=None, packages_up_to=None, packages_up_to_regex=None, packages_above=None, packages_above_and_dependencies=None, packages_above_depth=None, packages_select_by_dep=None, packages_skip_by_dep=None, packages_skip_up_to=None, packages_select_build_failed=False, packages_skip_build_finished=False, packages_select_test_failures=False, packages_skip_test_passed=False, packages_select=None, packages_skip=None, packages_select_regex=None, packages_skip_regex=None, packages_start=None, packages_end=None, allow_overriding=[], cmake_args=None, cmake_target=None, cmake_target_skip_unavailable=False, cmake_clean_cache=False, cmake_clean_first=False, cmake_force_configure=False, ament_cmake_args=None, catkin_cmake_args=None, catkin_skip_building_tests=False, verb_parser=<colcon_defaults.argument_parser.defaults.DefaultArgumentsDecorator object at 0x7f3721814e20>, verb_extension=<colcon_core.verb.build.BuildVerb object at 0x7f37218148b0>, main=<bound method BuildVerb.main of <colcon_core.verb.build.BuildVerb object at 0x7f37218148b0>>)
[0.175s] Level 1:colcon.colcon_core.package_discovery:discover_packages(colcon_meta) check parameters
[0.176s] Level 1:colcon.colcon_core.package_discovery:discover_packages(recursive) check parameters
[0.176s] Level 1:colcon.colcon_core.package_discovery:discover_packages(ignore) check parameters
[0.176s] Level 1:colcon.colcon_core.package_discovery:discover_packages(path) check parameters
[0.176s] Level 1:colcon.colcon_core.package_discovery:discover_packages(colcon_meta) discover
[0.176s] Level 1:colcon.colcon_core.package_discovery:discover_packages(recursive) discover
[0.176s] INFO:colcon.colcon_core.package_discovery:Crawling recursively for packages in '/home/zubeyir48/ros2_ME462_ws'
[0.176s] Level 1:colcon.colcon_core.package_identification:_identify(.) by extensions ['ignore', 'ignore_ament_install']
[0.176s] Level 1:colcon.colcon_core.package_identification:_identify(.) by extension 'ignore'
[0.176s] Level 1:colcon.colcon_core.package_identification:_identify(.) by extension 'ignore_ament_install'
[0.176s] Level 1:colcon.colcon_core.package_identification:_identify(.) by extensions ['colcon_pkg']
[0.176s] Level 1:colcon.colcon_core.package_identification:_identify(.) by extension 'colcon_pkg'
[0.176s] Level 1:colcon.colcon_core.package_identification:_identify(.) by extensions ['colcon_meta']
[0.176s] Level 1:colcon.colcon_core.package_identification:_identify(.) by extension 'colcon_meta'
[0.176s] Level 1:colcon.colcon_core.package_identification:_identify(.) by extensions ['ros']
[0.176s] Level 1:colcon.colcon_core.package_identification:_identify(.) by extension 'ros'
[0.181s] Level 1:colcon.colcon_core.package_identification:_identify(.) by extensions ['cmake', 'python']
[0.181s] Level 1:colcon.colcon_core.package_identification:_identify(.) by extension 'cmake'
[0.181s] Level 1:colcon.colcon_core.package_identification:_identify(.) by extension 'python'
[0.181s] Level 1:colcon.colcon_core.package_identification:_identify(.) by extensions ['python_setup_py']
[0.182s] Level 1:colcon.colcon_core.package_identification:_identify(.) by extension 'python_setup_py'
[0.182s] Level 1:colcon.colcon_core.package_identification:_identify(build) by extensions ['ignore', 'ignore_ament_install']
[0.182s] Level 1:colcon.colcon_core.package_identification:_identify(build) by extension 'ignore'
[0.182s] Level 1:colcon.colcon_core.package_identification:_identify(build) ignored
[0.182s] Level 1:colcon.colcon_core.package_identification:_identify(install) by extensions ['ignore', 'ignore_ament_install']
[0.182s] Level 1:colcon.colcon_core.package_identification:_identify(install) by extension 'ignore'
[0.182s] Level 1:colcon.colcon_core.package_identification:_identify(install) ignored
[0.182s] Level 1:colcon.colcon_core.package_identification:_identify(log) by extensions ['ignore', 'ignore_ament_install']
[0.182s] Level 1:colcon.colcon_core.package_identification:_identify(log) by extension 'ignore'
[0.182s] Level 1:colcon.colcon_core.package_identification:_identify(log) ignored
[0.182s] Level 1:colcon.colcon_core.package_identification:_identify(src) by extensions ['ignore', 'ignore_ament_install']
[0.182s] Level 1:colcon.colcon_core.package_identification:_identify(src) by extension 'ignore'
[0.182s] Level 1:colcon.colcon_core.package_identification:_identify(src) by extension 'ignore_ament_install'
[0.182s] Level 1:colcon.colcon_core.package_identification:_identify(src) by extensions ['colcon_pkg']
[0.182s] Level 1:colcon.colcon_core.package_identification:_identify(src) by extension 'colcon_pkg'
[0.182s] Level 1:colcon.colcon_core.package_identification:_identify(src) by extensions ['colcon_meta']
[0.182s] Level 1:colcon.colcon_core.package_identification:_identify(src) by extension 'colcon_meta'
[0.182s] Level 1:colcon.colcon_core.package_identification:_identify(src) by extensions ['ros']
[0.182s] Level 1:colcon.colcon_core.package_identification:_identify(src) by extension 'ros'
[0.182s] Level 1:colcon.colcon_core.package_identification:_identify(src) by extensions ['cmake', 'python']
[0.182s] Level 1:colcon.colcon_core.package_identification:_identify(src) by extension 'cmake'
[0.182s] Level 1:colcon.colcon_core.package_identification:_identify(src) by extension 'python'
[0.182s] Level 1:colcon.colcon_core.package_identification:_identify(src) by extensions ['python_setup_py']
[0.182s] Level 1:colcon.colcon_core.package_identification:_identify(src) by extension 'python_setup_py'
[0.182s] Level 1:colcon.colcon_core.package_identification:_identify(src/build) by extensions ['ignore', 'ignore_ament_install']
[0.182s] Level 1:colcon.colcon_core.package_identification:_identify(src/build) by extension 'ignore'
[0.182s] Level 1:colcon.colcon_core.package_identification:_identify(src/build) ignored
[0.182s] Level 1:colcon.colcon_core.package_identification:_identify(src/install) by extensions ['ignore', 'ignore_ament_install']
[0.182s] Level 1:colcon.colcon_core.package_identification:_identify(src/install) by extension 'ignore'
[0.182s] Level 1:colcon.colcon_core.package_identification:_identify(src/install) ignored
[0.182s] Level 1:colcon.colcon_core.package_identification:_identify(src/kalbot_brignup) by extensions ['ignore', 'ignore_ament_install']
[0.182s] Level 1:colcon.colcon_core.package_identification:_identify(src/kalbot_brignup) by extension 'ignore'
[0.182s] Level 1:colcon.colcon_core.package_identification:_identify(src/kalbot_brignup) by extension 'ignore_ament_install'
[0.182s] Level 1:colcon.colcon_core.package_identification:_identify(src/kalbot_brignup) by extensions ['colcon_pkg']
[0.182s] Level 1:colcon.colcon_core.package_identification:_identify(src/kalbot_brignup) by extension 'colcon_pkg'
[0.182s] Level 1:colcon.colcon_core.package_identification:_identify(src/kalbot_brignup) by extensions ['colcon_meta']
[0.182s] Level 1:colcon.colcon_core.package_identification:_identify(src/kalbot_brignup) by extension 'colcon_meta'
[0.182s] Level 1:colcon.colcon_core.package_identification:_identify(src/kalbot_brignup) by extensions ['ros']
[0.182s] Level 1:colcon.colcon_core.package_identification:_identify(src/kalbot_brignup) by extension 'ros'
[0.184s] DEBUG:colcon.colcon_core.package_identification:Package 'src/kalbot_brignup' with type 'ros.ament_cmake' and name 'kalbot_brignup'
[0.184s] Level 1:colcon.colcon_core.package_identification:_identify(src/kalbot_controller) by extensions ['ignore', 'ignore_ament_install']
[0.184s] Level 1:colcon.colcon_core.package_identification:_identify(src/kalbot_controller) by extension 'ignore'
[0.184s] Level 1:colcon.colcon_core.package_identification:_identify(src/kalbot_controller) by extension 'ignore_ament_install'
[0.184s] Level 1:colcon.colcon_core.package_identification:_identify(src/kalbot_controller) by extensions ['colcon_pkg']
[0.184s] Level 1:colcon.colcon_core.package_identification:_identify(src/kalbot_controller) by extension 'colcon_pkg'
[0.184s] Level 1:colcon.colcon_core.package_identification:_identify(src/kalbot_controller) by extensions ['colcon_meta']
[0.184s] Level 1:colcon.colcon_core.package_identification:_identify(src/kalbot_controller) by extension 'colcon_meta'
[0.184s] Level 1:colcon.colcon_core.package_identification:_identify(src/kalbot_controller) by extensions ['ros']
[0.184s] Level 1:colcon.colcon_core.package_identification:_identify(src/kalbot_controller) by extension 'ros'
[0.185s] DEBUG:colcon.colcon_core.package_identification:Package 'src/kalbot_controller' with type 'ros.ament_python' and name 'kalbot_controller'
[0.185s] Level 1:colcon.colcon_core.package_identification:_identify(src/kalbot_interfaces) by extensions ['ignore', 'ignore_ament_install']
[0.185s] Level 1:colcon.colcon_core.package_identification:_identify(src/kalbot_interfaces) by extension 'ignore'
[0.185s] Level 1:colcon.colcon_core.package_identification:_identify(src/kalbot_interfaces) by extension 'ignore_ament_install'
[0.185s] Level 1:colcon.colcon_core.package_identification:_identify(src/kalbot_interfaces) by extensions ['colcon_pkg']
[0.185s] Level 1:colcon.colcon_core.package_identification:_identify(src/kalbot_interfaces) by extension 'colcon_pkg'
[0.185s] Level 1:colcon.colcon_core.package_identification:_identify(src/kalbot_interfaces) by extensions ['colcon_meta']
[0.185s] Level 1:colcon.colcon_core.package_identification:_identify(src/kalbot_interfaces) by extension 'colcon_meta'
[0.185s] Level 1:colcon.colcon_core.package_identification:_identify(src/kalbot_interfaces) by extensions ['ros']
[0.185s] Level 1:colcon.colcon_core.package_identification:_identify(src/kalbot_interfaces) by extension 'ros'
[0.185s] DEBUG:colcon.colcon_core.package_identification:Package 'src/kalbot_interfaces' with type 'ros.ament_cmake' and name 'kalbot_interfaces'
[0.185s] Level 1:colcon.colcon_core.package_identification:_identify(src/log) by extensions ['ignore', 'ignore_ament_install']
[0.185s] Level 1:colcon.colcon_core.package_identification:_identify(src/log) by extension 'ignore'
[0.185s] Level 1:colcon.colcon_core.package_identification:_identify(src/log) ignored
[0.185s] Level 1:colcon.colcon_core.package_identification:_identify(src/tutorial_robot_controller) by extensions ['ignore', 'ignore_ament_install']
[0.185s] Level 1:colcon.colcon_core.package_identification:_identify(src/tutorial_robot_controller) by extension 'ignore'
[0.185s] Level 1:colcon.colcon_core.package_identification:_identify(src/tutorial_robot_controller) by extension 'ignore_ament_install'
[0.185s] Level 1:colcon.colcon_core.package_identification:_identify(src/tutorial_robot_controller) by extensions ['colcon_pkg']
[0.185s] Level 1:colcon.colcon_core.package_identification:_identify(src/tutorial_robot_controller) by extension 'colcon_pkg'
[0.185s] Level 1:colcon.colcon_core.package_identification:_identify(src/tutorial_robot_controller) by extensions ['colcon_meta']
[0.185s] Level 1:colcon.colcon_core.package_identification:_identify(src/tutorial_robot_controller) by extension 'colcon_meta'
[0.185s] Level 1:colcon.colcon_core.package_identification:_identify(src/tutorial_robot_controller) by extensions ['ros']
[0.185s] Level 1:colcon.colcon_core.package_identification:_identify(src/tutorial_robot_controller) by extension 'ros'
[0.186s] DEBUG:colcon.colcon_core.package_identification:Package 'src/tutorial_robot_controller' with type 'ros.ament_python' and name 'tutorial_robot_controller'
[0.186s] Level 1:colcon.colcon_core.package_discovery:discover_packages(recursive) using defaults
[0.186s] Level 1:colcon.colcon_core.package_discovery:discover_packages(ignore) discover
[0.186s] Level 1:colcon.colcon_core.package_discovery:discover_packages(ignore) using defaults
[0.186s] Level 1:colcon.colcon_core.package_discovery:discover_packages(path) discover
[0.186s] Level 1:colcon.colcon_core.package_discovery:discover_packages(path) using defaults
[0.197s] Level 1:colcon.colcon_core.package_discovery:discover_packages(prefix_path) check parameters
[0.197s] Level 1:colcon.colcon_core.package_discovery:discover_packages(prefix_path) discover
[0.198s] DEBUG:colcon.colcon_installed_package_information.package_discovery:Found 5 installed packages in /home/zubeyir48/ros2_ME462_ws/install
[0.199s] DEBUG:colcon.colcon_installed_package_information.package_discovery:Found 270 installed packages in /opt/ros/humble
[0.200s] Level 1:colcon.colcon_core.package_discovery:discover_packages(prefix_path) using defaults
[0.226s] Level 5:colcon.colcon_core.verb:set package 'kalbot_brignup' build argument 'cmake_args' from command line to 'None'
[0.226s] Level 5:colcon.colcon_core.verb:set package 'kalbot_brignup' build argument 'cmake_target' from command line to 'None'
[0.226s] Level 5:colcon.colcon_core.verb:set package 'kalbot_brignup' build argument 'cmake_target_skip_unavailable' from command line to 'False'
[0.226s] Level 5:colcon.colcon_core.verb:set package 'kalbot_brignup' build argument 'cmake_clean_cache' from command line to 'False'
[0.226s] Level 5:colcon.colcon_core.verb:set package 'kalbot_brignup' build argument 'cmake_clean_first' from command line to 'False'
[0.226s] Level 5:colcon.colcon_core.verb:set package 'kalbot_brignup' build argument 'cmake_force_configure' from command line to 'False'
[0.226s] Level 5:colcon.colcon_core.verb:set package 'kalbot_brignup' build argument 'ament_cmake_args' from command line to 'None'
[0.226s] Level 5:colcon.colcon_core.verb:set package 'kalbot_brignup' build argument 'catkin_cmake_args' from command line to 'None'
[0.226s] Level 5:colcon.colcon_core.verb:set package 'kalbot_brignup' build argument 'catkin_skip_building_tests' from command line to 'False'
[0.226s] DEBUG:colcon.colcon_core.verb:Building package 'kalbot_brignup' with the following arguments: {'ament_cmake_args': None, 'build_base': '/home/zubeyir48/ros2_ME462_ws/build/kalbot_brignup', 'catkin_cmake_args': None, 'catkin_skip_building_tests': False, 'cmake_args': None, 'cmake_clean_cache': False, 'cmake_clean_first': False, 'cmake_force_configure': False, 'cmake_target': None, 'cmake_target_skip_unavailable': False, 'install_base': '/home/zubeyir48/ros2_ME462_ws/install/kalbot_brignup', 'merge_install': False, 'path': '/home/zubeyir48/ros2_ME462_ws/src/kalbot_brignup', 'symlink_install': False, 'test_result_base': None}
[0.226s] Level 5:colcon.colcon_core.verb:set package 'kalbot_interfaces' build argument 'cmake_args' from command line to 'None'
[0.226s] Level 5:colcon.colcon_core.verb:set package 'kalbot_interfaces' build argument 'cmake_target' from command line to 'None'
[0.226s] Level 5:colcon.colcon_core.verb:set package 'kalbot_interfaces' build argument 'cmake_target_skip_unavailable' from command line to 'False'
[0.226s] Level 5:colcon.colcon_core.verb:set package 'kalbot_interfaces' build argument 'cmake_clean_cache' from command line to 'False'
[0.226s] Level 5:colcon.colcon_core.verb:set package 'kalbot_interfaces' build argument 'cmake_clean_first' from command line to 'False'
[0.226s] Level 5:colcon.colcon_core.verb:set package 'kalbot_interfaces' build argument 'cmake_force_configure' from command line to 'False'
[0.226s] Level 5:colcon.colcon_core.verb:set package 'kalbot_interfaces' build argument 'ament_cmake_args' from command line to 'None'
[0.226s] Level 5:colcon.colcon_core.verb:set package 'kalbot_interfaces' build argument 'catkin_cmake_args' from command line to 'None'
[0.226s] Level 5:colcon.colcon_core.verb:set package 'kalbot_interfaces' build argument 'catkin_skip_building_tests' from command line to 'False'
[0.226s] DEBUG:colcon.colcon_core.verb:Building package 'kalbot_interfaces' with the following arguments: {'ament_cmake_args': None, 'build_base': '/home/zubeyir48/ros2_ME462_ws/build/kalbot_interfaces', 'catkin_cmake_args': None, 'catkin_skip_building_tests': False, 'cmake_args': None, 'cmake_clean_cache': False, 'cmake_clean_first': False, 'cmake_force_configure': False, 'cmake_target': None, 'cmake_target_skip_unavailable': False, 'install_base': '/home/zubeyir48/ros2_ME462_ws/install/kalbot_interfaces', 'merge_install': False, 'path': '/home/zubeyir48/ros2_ME462_ws/src/kalbot_interfaces', 'symlink_install': False, 'test_result_base': None}
[0.227s] Level 5:colcon.colcon_core.verb:set package 'tutorial_robot_controller' build argument 'cmake_args' from command line to 'None'
[0.227s] Level 5:colcon.colcon_core.verb:set package 'tutorial_robot_controller' build argument 'cmake_target' from command line to 'None'
[0.227s] Level 5:colcon.colcon_core.verb:set package 'tutorial_robot_controller' build argument 'cmake_target_skip_unavailable' from command line to 'False'
[0.227s] Level 5:colcon.colcon_core.verb:set package 'tutorial_robot_controller' build argument 'cmake_clean_cache' from command line to 'False'
[0.227s] Level 5:colcon.colcon_core.verb:set package 'tutorial_robot_controller' build argument 'cmake_clean_first' from command line to 'False'
[0.227s] Level 5:colcon.colcon_core.verb:set package 'tutorial_robot_controller' build argument 'cmake_force_configure' from command line to 'False'
[0.227s] Level 5:colcon.colcon_core.verb:set package 'tutorial_robot_controller' build argument 'ament_cmake_args' from command line to 'None'
[0.227s] Level 5:colcon.colcon_core.verb:set package 'tutorial_robot_controller' build argument 'catkin_cmake_args' from command line to 'None'
[0.227s] Level 5:colcon.colcon_core.verb:set package 'tutorial_robot_controller' build argument 'catkin_skip_building_tests' from command line to 'False'
[0.227s] DEBUG:colcon.colcon_core.verb:Building package 'tutorial_robot_controller' with the following arguments: {'ament_cmake_args': None, 'build_base': '/home/zubeyir48/ros2_ME462_ws/build/tutorial_robot_controller', 'catkin_cmake_args': None, 'catkin_skip_building_tests': False, 'cmake_args': None, 'cmake_clean_cache': False, 'cmake_clean_first': False, 'cmake_force_configure': False, 'cmake_target': None, 'cmake_target_skip_unavailable': False, 'install_base': '/home/zubeyir48/ros2_ME462_ws/install/tutorial_robot_controller', 'merge_install': False, 'path': '/home/zubeyir48/ros2_ME462_ws/src/tutorial_robot_controller', 'symlink_install': False, 'test_result_base': None}
[0.227s] Level 5:colcon.colcon_core.verb:set package 'kalbot_controller' build argument 'cmake_args' from command line to 'None'
[0.227s] Level 5:colcon.colcon_core.verb:set package 'kalbot_controller' build argument 'cmake_target' from command line to 'None'
[0.227s] Level 5:colcon.colcon_core.verb:set package 'kalbot_controller' build argument 'cmake_target_skip_unavailable' from command line to 'False'
[0.227s] Level 5:colcon.colcon_core.verb:set package 'kalbot_controller' build argument 'cmake_clean_cache' from command line to 'False'
[0.227s] Level 5:colcon.colcon_core.verb:set package 'kalbot_controller' build argument 'cmake_clean_first' from command line to 'False'
[0.227s] Level 5:colcon.colcon_core.verb:set package 'kalbot_controller' build argument 'cmake_force_configure' from command line to 'False'
[0.227s] Level 5:colcon.colcon_core.verb:set package 'kalbot_controller' build argument 'ament_cmake_args' from command line to 'None'
[0.227s] Level 5:colcon.colcon_core.verb:set package 'kalbot_controller' build argument 'catkin_cmake_args' from command line to 'None'
[0.227s] Level 5:colcon.colcon_core.verb:set package 'kalbot_controller' build argument 'catkin_skip_building_tests' from command line to 'False'
[0.227s] DEBUG:colcon.colcon_core.verb:Building package 'kalbot_controller' with the following arguments: {'ament_cmake_args': None, 'build_base': '/home/zubeyir48/ros2_ME462_ws/build/kalbot_controller', 'catkin_cmake_args': None, 'catkin_skip_building_tests': False, 'cmake_args': None, 'cmake_clean_cache': False, 'cmake_clean_first': False, 'cmake_force_configure': False, 'cmake_target': None, 'cmake_target_skip_unavailable': False, 'install_base': '/home/zubeyir48/ros2_ME462_ws/install/kalbot_controller', 'merge_install': False, 'path': '/home/zubeyir48/ros2_ME462_ws/src/kalbot_controller', 'symlink_install': False, 'test_result_base': None}
[0.228s] INFO:colcon.colcon_core.executor:Executing jobs using 'parallel' executor
[0.229s] DEBUG:colcon.colcon_parallel_executor.executor.parallel:run_until_complete
[0.229s] INFO:colcon.colcon_ros.task.ament_cmake.build:Building ROS package in '/home/zubeyir48/ros2_ME462_ws/src/kalbot_interfaces' with build type 'ament_cmake'
[0.229s] INFO:colcon.colcon_cmake.task.cmake.build:Building CMake package in '/home/zubeyir48/ros2_ME462_ws/src/kalbot_interfaces'
[0.231s] INFO:colcon.colcon_core.plugin_system:Skipping extension 'colcon_core.shell.bat': Not used on non-Windows systems
[0.231s] INFO:colcon.colcon_core.shell:Skip shell extension 'powershell' for command environment: Not usable outside of PowerShell
[0.232s] DEBUG:colcon.colcon_core.shell:Skip shell extension 'dsv' for command environment
[0.234s] INFO:colcon.colcon_ros.task.ament_cmake.build:Building ROS package in '/home/zubeyir48/ros2_ME462_ws/src/kalbot_brignup' with build type 'ament_cmake'
[0.234s] INFO:colcon.colcon_cmake.task.cmake.build:Building CMake package in '/home/zubeyir48/ros2_ME462_ws/src/kalbot_brignup'
[0.234s] INFO:colcon.colcon_core.shell:Skip shell extension 'powershell' for command environment: Not usable outside of PowerShell
[0.234s] DEBUG:colcon.colcon_core.shell:Skip shell extension 'dsv' for command environment
[0.236s] INFO:colcon.colcon_ros.task.ament_python.build:Building ROS package in '/home/zubeyir48/ros2_ME462_ws/src/tutorial_robot_controller' with build type 'ament_python'
[0.236s] Level 1:colcon.colcon_core.shell:create_environment_hook('tutorial_robot_controller', 'ament_prefix_path')
[0.237s] INFO:colcon.colcon_core.shell:Creating environment hook '/home/zubeyir48/ros2_ME462_ws/install/tutorial_robot_controller/share/tutorial_robot_controller/hook/ament_prefix_path.ps1'
[0.237s] INFO:colcon.colcon_core.shell:Creating environment descriptor '/home/zubeyir48/ros2_ME462_ws/install/tutorial_robot_controller/share/tutorial_robot_controller/hook/ament_prefix_path.dsv'
[0.237s] INFO:colcon.colcon_core.shell:Creating environment hook '/home/zubeyir48/ros2_ME462_ws/install/tutorial_robot_controller/share/tutorial_robot_controller/hook/ament_prefix_path.sh'
[0.238s] INFO:colcon.colcon_core.shell:Skip shell extension 'powershell' for command environment: Not usable outside of PowerShell
[0.238s] DEBUG:colcon.colcon_core.shell:Skip shell extension 'dsv' for command environment
[0.243s] DEBUG:colcon.colcon_core.event_handler.log_command:Invoking command in '/home/zubeyir48/ros2_ME462_ws/build/kalbot_interfaces': CMAKE_PREFIX_PATH=${CMAKE_PREFIX_PATH}:/home/zubeyir48/ros2_ME462_ws/install/kalbot_controller:/home/zubeyir48/ros2_ME462_ws/install/tutorial_robot_controller:/home/zubeyir48/ros2_ME462_ws/install/robot_controller:/opt/ros/humble /usr/bin/cmake --build /home/zubeyir48/ros2_ME462_ws/build/kalbot_interfaces -- -j20 -l20
[0.244s] DEBUG:colcon.colcon_core.event_handler.log_command:Invoking command in '/home/zubeyir48/ros2_ME462_ws/build/kalbot_brignup': CMAKE_PREFIX_PATH=${CMAKE_PREFIX_PATH}:/home/zubeyir48/ros2_ME462_ws/install/kalbot_controller:/home/zubeyir48/ros2_ME462_ws/install/tutorial_robot_controller:/home/zubeyir48/ros2_ME462_ws/install/robot_controller:/opt/ros/humble /usr/bin/cmake --build /home/zubeyir48/ros2_ME462_ws/build/kalbot_brignup -- -j20 -l20
[0.380s] INFO:colcon.colcon_core.task.python.build:Building Python package in '/home/zubeyir48/ros2_ME462_ws/src/tutorial_robot_controller'
[0.381s] INFO:colcon.colcon_core.shell:Skip shell extension 'powershell' for command environment: Not usable outside of PowerShell
[0.381s] DEBUG:colcon.colcon_core.shell:Skip shell extension 'dsv' for command environment
[0.384s] DEBUG:colcon.colcon_core.event_handler.log_command:Invoked command in '/home/zubeyir48/ros2_ME462_ws/build/kalbot_brignup' returned '0': CMAKE_PREFIX_PATH=${CMAKE_PREFIX_PATH}:/home/zubeyir48/ros2_ME462_ws/install/kalbot_controller:/home/zubeyir48/ros2_ME462_ws/install/tutorial_robot_controller:/home/zubeyir48/ros2_ME462_ws/install/robot_controller:/opt/ros/humble /usr/bin/cmake --build /home/zubeyir48/ros2_ME462_ws/build/kalbot_brignup -- -j20 -l20
[0.398s] DEBUG:colcon.colcon_core.event_handler.log_command:Invoking command in '/home/zubeyir48/ros2_ME462_ws/build/kalbot_brignup': CMAKE_PREFIX_PATH=${CMAKE_PREFIX_PATH}:/home/zubeyir48/ros2_ME462_ws/install/kalbot_controller:/home/zubeyir48/ros2_ME462_ws/install/tutorial_robot_controller:/home/zubeyir48/ros2_ME462_ws/install/robot_controller:/opt/ros/humble /usr/bin/cmake --install /home/zubeyir48/ros2_ME462_ws/build/kalbot_brignup
[0.402s] Level 1:colcon.colcon_core.environment:create_environment_scripts_only(kalbot_brignup)
[0.403s] DEBUG:colcon.colcon_core.event_handler.log_command:Invoked command in '/home/zubeyir48/ros2_ME462_ws/build/kalbot_brignup' returned '0': CMAKE_PREFIX_PATH=${CMAKE_PREFIX_PATH}:/home/zubeyir48/ros2_ME462_ws/install/kalbot_controller:/home/zubeyir48/ros2_ME462_ws/install/tutorial_robot_controller:/home/zubeyir48/ros2_ME462_ws/install/robot_controller:/opt/ros/humble /usr/bin/cmake --install /home/zubeyir48/ros2_ME462_ws/build/kalbot_brignup
[0.407s] Level 1:colcon.colcon_core.environment:checking '/home/zubeyir48/ros2_ME462_ws/install/kalbot_brignup' for CMake module files
[0.407s] Level 1:colcon.colcon_core.environment:checking '/home/zubeyir48/ros2_ME462_ws/install/kalbot_brignup' for CMake config files
[0.407s] Level 1:colcon.colcon_core.shell:create_environment_hook('kalbot_brignup', 'cmake_prefix_path')
[0.408s] INFO:colcon.colcon_core.shell:Creating environment hook '/home/zubeyir48/ros2_ME462_ws/install/kalbot_brignup/share/kalbot_brignup/hook/cmake_prefix_path.ps1'
[0.408s] INFO:colcon.colcon_core.shell:Creating environment descriptor '/home/zubeyir48/ros2_ME462_ws/install/kalbot_brignup/share/kalbot_brignup/hook/cmake_prefix_path.dsv'
[0.408s] INFO:colcon.colcon_core.shell:Creating environment hook '/home/zubeyir48/ros2_ME462_ws/install/kalbot_brignup/share/kalbot_brignup/hook/cmake_prefix_path.sh'
[0.409s] Level 1:colcon.colcon_core.environment:checking '/home/zubeyir48/ros2_ME462_ws/install/kalbot_brignup/bin'
[0.409s] Level 1:colcon.colcon_core.environment:checking '/home/zubeyir48/ros2_ME462_ws/install/kalbot_brignup/lib/pkgconfig/kalbot_brignup.pc'
[0.409s] Level 1:colcon.colcon_core.environment:checking '/home/zubeyir48/ros2_ME462_ws/install/kalbot_brignup/lib/python3.10/site-packages'
[0.409s] Level 1:colcon.colcon_core.environment:checking '/home/zubeyir48/ros2_ME462_ws/install/kalbot_brignup/bin'
[0.410s] INFO:colcon.colcon_core.shell:Creating package script '/home/zubeyir48/ros2_ME462_ws/install/kalbot_brignup/share/kalbot_brignup/package.ps1'
[0.410s] INFO:colcon.colcon_core.shell:Creating package descriptor '/home/zubeyir48/ros2_ME462_ws/install/kalbot_brignup/share/kalbot_brignup/package.dsv'
[0.410s] INFO:colcon.colcon_core.shell:Creating package script '/home/zubeyir48/ros2_ME462_ws/install/kalbot_brignup/share/kalbot_brignup/package.sh'
[0.410s] INFO:colcon.colcon_core.shell:Creating package script '/home/zubeyir48/ros2_ME462_ws/install/kalbot_brignup/share/kalbot_brignup/package.bash'
[0.411s] INFO:colcon.colcon_core.shell:Creating package script '/home/zubeyir48/ros2_ME462_ws/install/kalbot_brignup/share/kalbot_brignup/package.zsh'
[0.411s] Level 1:colcon.colcon_core.environment:create_file_with_runtime_dependencies(/home/zubeyir48/ros2_ME462_ws/install/kalbot_brignup/share/colcon-core/packages/kalbot_brignup)
[0.422s] Level 1:colcon.colcon_core.environment:create_environment_scripts_only(kalbot_brignup)
[0.424s] Level 1:colcon.colcon_core.environment:checking '/home/zubeyir48/ros2_ME462_ws/install/kalbot_brignup' for CMake module files
[0.424s] Level 1:colcon.colcon_core.environment:checking '/home/zubeyir48/ros2_ME462_ws/install/kalbot_brignup' for CMake config files
[0.424s] Level 1:colcon.colcon_core.shell:create_environment_hook('kalbot_brignup', 'cmake_prefix_path')
[0.425s] INFO:colcon.colcon_core.shell:Creating environment hook '/home/zubeyir48/ros2_ME462_ws/install/kalbot_brignup/share/kalbot_brignup/hook/cmake_prefix_path.ps1'
[0.426s] INFO:colcon.colcon_core.shell:Creating environment descriptor '/home/zubeyir48/ros2_ME462_ws/install/kalbot_brignup/share/kalbot_brignup/hook/cmake_prefix_path.dsv'
[0.426s] INFO:colcon.colcon_core.shell:Creating environment hook '/home/zubeyir48/ros2_ME462_ws/install/kalbot_brignup/share/kalbot_brignup/hook/cmake_prefix_path.sh'
[0.426s] Level 1:colcon.colcon_core.environment:checking '/home/zubeyir48/ros2_ME462_ws/install/kalbot_brignup/bin'
[0.426s] Level 1:colcon.colcon_core.environment:checking '/home/zubeyir48/ros2_ME462_ws/install/kalbot_brignup/lib/pkgconfig/kalbot_brignup.pc'
[0.426s] Level 1:colcon.colcon_core.environment:checking '/home/zubeyir48/ros2_ME462_ws/install/kalbot_brignup/lib/python3.10/site-packages'
[0.426s] Level 1:colcon.colcon_core.environment:checking '/home/zubeyir48/ros2_ME462_ws/install/kalbot_brignup/bin'
[0.428s] INFO:colcon.colcon_core.shell:Creating package script '/home/zubeyir48/ros2_ME462_ws/install/kalbot_brignup/share/kalbot_brignup/package.ps1'
[0.428s] INFO:colcon.colcon_core.shell:Creating package descriptor '/home/zubeyir48/ros2_ME462_ws/install/kalbot_brignup/share/kalbot_brignup/package.dsv'
[0.428s] INFO:colcon.colcon_core.shell:Creating package script '/home/zubeyir48/ros2_ME462_ws/install/kalbot_brignup/share/kalbot_brignup/package.sh'
[0.428s] INFO:colcon.colcon_core.shell:Creating package script '/home/zubeyir48/ros2_ME462_ws/install/kalbot_brignup/share/kalbot_brignup/package.bash'
[0.428s] INFO:colcon.colcon_core.shell:Creating package script '/home/zubeyir48/ros2_ME462_ws/install/kalbot_brignup/share/kalbot_brignup/package.zsh'
[0.428s] Level 1:colcon.colcon_core.environment:create_file_with_runtime_dependencies(/home/zubeyir48/ros2_ME462_ws/install/kalbot_brignup/share/colcon-core/packages/kalbot_brignup)
[0.568s] DEBUG:colcon.colcon_core.event_handler.log_command:Invoking command in '/home/zubeyir48/ros2_ME462_ws/build/tutorial_robot_controller': PYTHONPATH=/home/zubeyir48/ros2_ME462_ws/build/tutorial_robot_controller/prefix_override:/home/zubeyir48/ros2_ME462_ws/install/tutorial_robot_controller/lib/python3.10/site-packages:${PYTHONPATH} /usr/bin/python3 setup.py develop --uninstall --editable --build-directory /home/zubeyir48/ros2_ME462_ws/build/tutorial_robot_controller/build
[0.793s] DEBUG:colcon.colcon_core.event_handler.log_command:Invoked command in '/home/zubeyir48/ros2_ME462_ws/build/tutorial_robot_controller' returned '0': PYTHONPATH=/home/zubeyir48/ros2_ME462_ws/build/tutorial_robot_controller/prefix_override:/home/zubeyir48/ros2_ME462_ws/install/tutorial_robot_controller/lib/python3.10/site-packages:${PYTHONPATH} /usr/bin/python3 setup.py develop --uninstall --editable --build-directory /home/zubeyir48/ros2_ME462_ws/build/tutorial_robot_controller/build
[0.794s] DEBUG:colcon.colcon_core.event_handler.log_command:Invoking command in '/home/zubeyir48/ros2_ME462_ws/src/tutorial_robot_controller': PYTHONPATH=/home/zubeyir48/ros2_ME462_ws/build/tutorial_robot_controller/prefix_override:/home/zubeyir48/ros2_ME462_ws/install/tutorial_robot_controller/lib/python3.10/site-packages:${PYTHONPATH} /usr/bin/python3 setup.py egg_info --egg-base ../../build/tutorial_robot_controller build --build-base /home/zubeyir48/ros2_ME462_ws/build/tutorial_robot_controller/build install --record /home/zubeyir48/ros2_ME462_ws/build/tutorial_robot_controller/install.log --single-version-externally-managed
[0.956s] Level 1:colcon.colcon_core.environment:checking '/home/zubeyir48/ros2_ME462_ws/install/tutorial_robot_controller' for CMake module files
[0.957s] DEBUG:colcon.colcon_core.event_handler.log_command:Invoked command in '/home/zubeyir48/ros2_ME462_ws/src/tutorial_robot_controller' returned '0': PYTHONPATH=/home/zubeyir48/ros2_ME462_ws/build/tutorial_robot_controller/prefix_override:/home/zubeyir48/ros2_ME462_ws/install/tutorial_robot_controller/lib/python3.10/site-packages:${PYTHONPATH} /usr/bin/python3 setup.py egg_info --egg-base ../../build/tutorial_robot_controller build --build-base /home/zubeyir48/ros2_ME462_ws/build/tutorial_robot_controller/build install --record /home/zubeyir48/ros2_ME462_ws/build/tutorial_robot_controller/install.log --single-version-externally-managed
[0.958s] Level 1:colcon.colcon_core.environment:checking '/home/zubeyir48/ros2_ME462_ws/install/tutorial_robot_controller' for CMake config files
[0.958s] Level 1:colcon.colcon_core.environment:checking '/home/zubeyir48/ros2_ME462_ws/install/tutorial_robot_controller/lib'
[0.959s] Level 1:colcon.colcon_core.environment:checking '/home/zubeyir48/ros2_ME462_ws/install/tutorial_robot_controller/bin'
[0.959s] Level 1:colcon.colcon_core.environment:checking '/home/zubeyir48/ros2_ME462_ws/install/tutorial_robot_controller/lib/pkgconfig/tutorial_robot_controller.pc'
[0.959s] Level 1:colcon.colcon_core.environment:checking '/home/zubeyir48/ros2_ME462_ws/install/tutorial_robot_controller/lib/python3.10/site-packages'
[0.959s] Level 1:colcon.colcon_core.shell:create_environment_hook('tutorial_robot_controller', 'pythonpath')
[0.961s] INFO:colcon.colcon_core.shell:Creating environment hook '/home/zubeyir48/ros2_ME462_ws/install/tutorial_robot_controller/share/tutorial_robot_controller/hook/pythonpath.ps1'
[0.961s] INFO:colcon.colcon_core.shell:Creating environment descriptor '/home/zubeyir48/ros2_ME462_ws/install/tutorial_robot_controller/share/tutorial_robot_controller/hook/pythonpath.dsv'
[0.961s] INFO:colcon.colcon_core.shell:Creating environment hook '/home/zubeyir48/ros2_ME462_ws/install/tutorial_robot_controller/share/tutorial_robot_controller/hook/pythonpath.sh'
[0.962s] Level 1:colcon.colcon_core.environment:checking '/home/zubeyir48/ros2_ME462_ws/install/tutorial_robot_controller/bin'
[0.962s] Level 1:colcon.colcon_core.environment:create_environment_scripts_only(tutorial_robot_controller)
[0.964s] INFO:colcon.colcon_core.shell:Creating package script '/home/zubeyir48/ros2_ME462_ws/install/tutorial_robot_controller/share/tutorial_robot_controller/package.ps1'
[0.964s] INFO:colcon.colcon_core.shell:Creating package descriptor '/home/zubeyir48/ros2_ME462_ws/install/tutorial_robot_controller/share/tutorial_robot_controller/package.dsv'
[0.964s] INFO:colcon.colcon_core.shell:Creating package script '/home/zubeyir48/ros2_ME462_ws/install/tutorial_robot_controller/share/tutorial_robot_controller/package.sh'
[0.964s] INFO:colcon.colcon_core.shell:Creating package script '/home/zubeyir48/ros2_ME462_ws/install/tutorial_robot_controller/share/tutorial_robot_controller/package.bash'
[0.964s] INFO:colcon.colcon_core.shell:Creating package script '/home/zubeyir48/ros2_ME462_ws/install/tutorial_robot_controller/share/tutorial_robot_controller/package.zsh'
[0.965s] Level 1:colcon.colcon_core.environment:create_file_with_runtime_dependencies(/home/zubeyir48/ros2_ME462_ws/install/tutorial_robot_controller/share/colcon-core/packages/tutorial_robot_controller)
[1.809s] DEBUG:colcon.colcon_core.event_handler.log_command:Invoked command in '/home/zubeyir48/ros2_ME462_ws/build/kalbot_interfaces' returned '0': CMAKE_PREFIX_PATH=${CMAKE_PREFIX_PATH}:/home/zubeyir48/ros2_ME462_ws/install/kalbot_controller:/home/zubeyir48/ros2_ME462_ws/install/tutorial_robot_controller:/home/zubeyir48/ros2_ME462_ws/install/robot_controller:/opt/ros/humble /usr/bin/cmake --build /home/zubeyir48/ros2_ME462_ws/build/kalbot_interfaces -- -j20 -l20
[1.842s] DEBUG:colcon.colcon_core.event_handler.log_command:Invoking command in '/home/zubeyir48/ros2_ME462_ws/build/kalbot_interfaces': CMAKE_PREFIX_PATH=${CMAKE_PREFIX_PATH}:/home/zubeyir48/ros2_ME462_ws/install/kalbot_controller:/home/zubeyir48/ros2_ME462_ws/install/tutorial_robot_controller:/home/zubeyir48/ros2_ME462_ws/install/robot_controller:/opt/ros/humble /usr/bin/cmake --install /home/zubeyir48/ros2_ME462_ws/build/kalbot_interfaces
[1.877s] Level 1:colcon.colcon_core.environment:create_environment_scripts_only(kalbot_interfaces)
[1.878s] Level 1:colcon.colcon_core.environment:checking '/home/zubeyir48/ros2_ME462_ws/install/kalbot_interfaces' for CMake module files
[1.879s] DEBUG:colcon.colcon_core.event_handler.log_command:Invoked command in '/home/zubeyir48/ros2_ME462_ws/build/kalbot_interfaces' returned '0': CMAKE_PREFIX_PATH=${CMAKE_PREFIX_PATH}:/home/zubeyir48/ros2_ME462_ws/install/kalbot_controller:/home/zubeyir48/ros2_ME462_ws/install/tutorial_robot_controller:/home/zubeyir48/ros2_ME462_ws/install/robot_controller:/opt/ros/humble /usr/bin/cmake --install /home/zubeyir48/ros2_ME462_ws/build/kalbot_interfaces
[1.879s] Level 1:colcon.colcon_core.environment:checking '/home/zubeyir48/ros2_ME462_ws/install/kalbot_interfaces' for CMake config files
[1.879s] Level 1:colcon.colcon_core.shell:create_environment_hook('kalbot_interfaces', 'cmake_prefix_path')
[1.880s] INFO:colcon.colcon_core.shell:Creating environment hook '/home/zubeyir48/ros2_ME462_ws/install/kalbot_interfaces/share/kalbot_interfaces/hook/cmake_prefix_path.ps1'
[1.880s] INFO:colcon.colcon_core.shell:Creating environment descriptor '/home/zubeyir48/ros2_ME462_ws/install/kalbot_interfaces/share/kalbot_interfaces/hook/cmake_prefix_path.dsv'
[1.880s] INFO:colcon.colcon_core.shell:Creating environment hook '/home/zubeyir48/ros2_ME462_ws/install/kalbot_interfaces/share/kalbot_interfaces/hook/cmake_prefix_path.sh'
[1.880s] Level 1:colcon.colcon_core.environment:checking '/home/zubeyir48/ros2_ME462_ws/install/kalbot_interfaces/lib'
[1.880s] Level 1:colcon.colcon_core.shell:create_environment_hook('kalbot_interfaces', 'ld_library_path_lib')
[1.881s] INFO:colcon.colcon_core.shell:Creating environment hook '/home/zubeyir48/ros2_ME462_ws/install/kalbot_interfaces/share/kalbot_interfaces/hook/ld_library_path_lib.ps1'
[1.881s] INFO:colcon.colcon_core.shell:Creating environment descriptor '/home/zubeyir48/ros2_ME462_ws/install/kalbot_interfaces/share/kalbot_interfaces/hook/ld_library_path_lib.dsv'
[1.881s] INFO:colcon.colcon_core.shell:Creating environment hook '/home/zubeyir48/ros2_ME462_ws/install/kalbot_interfaces/share/kalbot_interfaces/hook/ld_library_path_lib.sh'
[1.881s] Level 1:colcon.colcon_core.environment:checking '/home/zubeyir48/ros2_ME462_ws/install/kalbot_interfaces/bin'
[1.881s] Level 1:colcon.colcon_core.environment:checking '/home/zubeyir48/ros2_ME462_ws/install/kalbot_interfaces/lib/pkgconfig/kalbot_interfaces.pc'
[1.881s] Level 1:colcon.colcon_core.environment:checking '/home/zubeyir48/ros2_ME462_ws/install/kalbot_interfaces/lib/python3.10/site-packages'
[1.882s] Level 1:colcon.colcon_core.environment:checking '/home/zubeyir48/ros2_ME462_ws/install/kalbot_interfaces/bin'
[1.882s] INFO:colcon.colcon_core.shell:Creating package script '/home/zubeyir48/ros2_ME462_ws/install/kalbot_interfaces/share/kalbot_interfaces/package.ps1'
[1.882s] INFO:colcon.colcon_core.shell:Creating package descriptor '/home/zubeyir48/ros2_ME462_ws/install/kalbot_interfaces/share/kalbot_interfaces/package.dsv'
[1.883s] INFO:colcon.colcon_core.shell:Creating package script '/home/zubeyir48/ros2_ME462_ws/install/kalbot_interfaces/share/kalbot_interfaces/package.sh'
[1.883s] INFO:colcon.colcon_core.shell:Creating package script '/home/zubeyir48/ros2_ME462_ws/install/kalbot_interfaces/share/kalbot_interfaces/package.bash'
[1.883s] INFO:colcon.colcon_core.shell:Creating package script '/home/zubeyir48/ros2_ME462_ws/install/kalbot_interfaces/share/kalbot_interfaces/package.zsh'
[1.883s] Level 1:colcon.colcon_core.environment:create_file_with_runtime_dependencies(/home/zubeyir48/ros2_ME462_ws/install/kalbot_interfaces/share/colcon-core/packages/kalbot_interfaces)
[1.927s] Level 1:colcon.colcon_core.environment:create_environment_scripts_only(kalbot_interfaces)
[1.929s] Level 1:colcon.colcon_core.environment:checking '/home/zubeyir48/ros2_ME462_ws/install/kalbot_interfaces' for CMake module files
[1.930s] Level 1:colcon.colcon_core.environment:checking '/home/zubeyir48/ros2_ME462_ws/install/kalbot_interfaces' for CMake config files
[1.930s] Level 1:colcon.colcon_core.shell:create_environment_hook('kalbot_interfaces', 'cmake_prefix_path')
[1.932s] INFO:colcon.colcon_core.shell:Creating environment hook '/home/zubeyir48/ros2_ME462_ws/install/kalbot_interfaces/share/kalbot_interfaces/hook/cmake_prefix_path.ps1'
[1.932s] INFO:colcon.colcon_core.shell:Creating environment descriptor '/home/zubeyir48/ros2_ME462_ws/install/kalbot_interfaces/share/kalbot_interfaces/hook/cmake_prefix_path.dsv'
[1.933s] INFO:colcon.colcon_core.shell:Creating environment hook '/home/zubeyir48/ros2_ME462_ws/install/kalbot_interfaces/share/kalbot_interfaces/hook/cmake_prefix_path.sh'
[1.933s] Level 1:colcon.colcon_core.environment:checking '/home/zubeyir48/ros2_ME462_ws/install/kalbot_interfaces/lib'
[1.933s] Level 1:colcon.colcon_core.shell:create_environment_hook('kalbot_interfaces', 'ld_library_path_lib')
[1.935s] INFO:colcon.colcon_core.shell:Creating environment hook '/home/zubeyir48/ros2_ME462_ws/install/kalbot_interfaces/share/kalbot_interfaces/hook/ld_library_path_lib.ps1'
[1.935s] INFO:colcon.colcon_core.shell:Creating environment descriptor '/home/zubeyir48/ros2_ME462_ws/install/kalbot_interfaces/share/kalbot_interfaces/hook/ld_library_path_lib.dsv'
[1.935s] INFO:colcon.colcon_core.shell:Creating environment hook '/home/zubeyir48/ros2_ME462_ws/install/kalbot_interfaces/share/kalbot_interfaces/hook/ld_library_path_lib.sh'
[1.936s] Level 1:colcon.colcon_core.environment:checking '/home/zubeyir48/ros2_ME462_ws/install/kalbot_interfaces/bin'
[1.936s] Level 1:colcon.colcon_core.environment:checking '/home/zubeyir48/ros2_ME462_ws/install/kalbot_interfaces/lib/pkgconfig/kalbot_interfaces.pc'
[1.936s] Level 1:colcon.colcon_core.environment:checking '/home/zubeyir48/ros2_ME462_ws/install/kalbot_interfaces/lib/python3.10/site-packages'
[1.936s] Level 1:colcon.colcon_core.environment:checking '/home/zubeyir48/ros2_ME462_ws/install/kalbot_interfaces/bin'
[1.938s] INFO:colcon.colcon_core.shell:Creating package script '/home/zubeyir48/ros2_ME462_ws/install/kalbot_interfaces/share/kalbot_interfaces/package.ps1'
[1.938s] INFO:colcon.colcon_core.shell:Creating package descriptor '/home/zubeyir48/ros2_ME462_ws/install/kalbot_interfaces/share/kalbot_interfaces/package.dsv'
[1.938s] INFO:colcon.colcon_core.shell:Creating package script '/home/zubeyir48/ros2_ME462_ws/install/kalbot_interfaces/share/kalbot_interfaces/package.sh'
[1.939s] INFO:colcon.colcon_core.shell:Creating package script '/home/zubeyir48/ros2_ME462_ws/install/kalbot_interfaces/share/kalbot_interfaces/package.bash'
[1.939s] INFO:colcon.colcon_core.shell:Creating package script '/home/zubeyir48/ros2_ME462_ws/install/kalbot_interfaces/share/kalbot_interfaces/package.zsh'
[1.939s] Level 1:colcon.colcon_core.environment:create_file_with_runtime_dependencies(/home/zubeyir48/ros2_ME462_ws/install/kalbot_interfaces/share/colcon-core/packages/kalbot_interfaces)
[1.940s] INFO:colcon.colcon_ros.task.ament_python.build:Building ROS package in '/home/zubeyir48/ros2_ME462_ws/src/kalbot_controller' with build type 'ament_python'
[1.940s] Level 1:colcon.colcon_core.shell:create_environment_hook('kalbot_controller', 'ament_prefix_path')
[1.941s] INFO:colcon.colcon_core.shell:Creating environment hook '/home/zubeyir48/ros2_ME462_ws/install/kalbot_controller/share/kalbot_controller/hook/ament_prefix_path.ps1'
[1.941s] INFO:colcon.colcon_core.shell:Creating environment descriptor '/home/zubeyir48/ros2_ME462_ws/install/kalbot_controller/share/kalbot_controller/hook/ament_prefix_path.dsv'
[1.942s] INFO:colcon.colcon_core.shell:Creating environment hook '/home/zubeyir48/ros2_ME462_ws/install/kalbot_controller/share/kalbot_controller/hook/ament_prefix_path.sh'
[1.942s] INFO:colcon.colcon_core.shell:Skip shell extension 'powershell' for command environment: Not usable outside of PowerShell
[1.942s] DEBUG:colcon.colcon_core.shell:Skip shell extension 'dsv' for command environment
[2.088s] INFO:colcon.colcon_core.task.python.build:Building Python package in '/home/zubeyir48/ros2_ME462_ws/src/kalbot_controller'
[2.088s] INFO:colcon.colcon_core.shell:Skip shell extension 'powershell' for command environment: Not usable outside of PowerShell
[2.088s] DEBUG:colcon.colcon_core.shell:Skip shell extension 'dsv' for command environment
[2.276s] DEBUG:colcon.colcon_core.event_handler.log_command:Invoking command in '/home/zubeyir48/ros2_ME462_ws/src/kalbot_controller': CMAKE_PREFIX_PATH=/home/zubeyir48/ros2_ME462_ws/install/kalbot_interfaces:/home/zubeyir48/ros2_ME462_ws/install/kalbot_brignup PYTHONPATH=/home/zubeyir48/ros2_ME462_ws/build/kalbot_controller/prefix_override:/home/zubeyir48/ros2_ME462_ws/install/kalbot_controller/lib/python3.10/site-packages:${PYTHONPATH} /usr/bin/python3 setup.py egg_info --egg-base ../../build/kalbot_controller build --build-base /home/zubeyir48/ros2_ME462_ws/build/kalbot_controller/build install --record /home/zubeyir48/ros2_ME462_ws/build/kalbot_controller/install.log --single-version-externally-managed
[2.429s] Level 1:colcon.colcon_core.environment:checking '/home/zubeyir48/ros2_ME462_ws/install/kalbot_controller' for CMake module files
[2.429s] DEBUG:colcon.colcon_core.event_handler.log_command:Invoked command in '/home/zubeyir48/ros2_ME462_ws/src/kalbot_controller' returned '0': CMAKE_PREFIX_PATH=/home/zubeyir48/ros2_ME462_ws/install/kalbot_interfaces:/home/zubeyir48/ros2_ME462_ws/install/kalbot_brignup PYTHONPATH=/home/zubeyir48/ros2_ME462_ws/build/kalbot_controller/prefix_override:/home/zubeyir48/ros2_ME462_ws/install/kalbot_controller/lib/python3.10/site-packages:${PYTHONPATH} /usr/bin/python3 setup.py egg_info --egg-base ../../build/kalbot_controller build --build-base /home/zubeyir48/ros2_ME462_ws/build/kalbot_controller/build install --record /home/zubeyir48/ros2_ME462_ws/build/kalbot_controller/install.log --single-version-externally-managed
[2.429s] Level 1:colcon.colcon_core.environment:checking '/home/zubeyir48/ros2_ME462_ws/install/kalbot_controller' for CMake config files
[2.429s] Level 1:colcon.colcon_core.environment:checking '/home/zubeyir48/ros2_ME462_ws/install/kalbot_controller/lib'
[2.430s] Level 1:colcon.colcon_core.environment:checking '/home/zubeyir48/ros2_ME462_ws/install/kalbot_controller/bin'
[2.430s] Level 1:colcon.colcon_core.environment:checking '/home/zubeyir48/ros2_ME462_ws/install/kalbot_controller/lib/pkgconfig/kalbot_controller.pc'
[2.430s] Level 1:colcon.colcon_core.environment:checking '/home/zubeyir48/ros2_ME462_ws/install/kalbot_controller/lib/python3.10/site-packages'
[2.430s] Level 1:colcon.colcon_core.shell:create_environment_hook('kalbot_controller', 'pythonpath')
[2.430s] INFO:colcon.colcon_core.shell:Creating environment hook '/home/zubeyir48/ros2_ME462_ws/install/kalbot_controller/share/kalbot_controller/hook/pythonpath.ps1'
[2.431s] INFO:colcon.colcon_core.shell:Creating environment descriptor '/home/zubeyir48/ros2_ME462_ws/install/kalbot_controller/share/kalbot_controller/hook/pythonpath.dsv'
[2.431s] INFO:colcon.colcon_core.shell:Creating environment hook '/home/zubeyir48/ros2_ME462_ws/install/kalbot_controller/share/kalbot_controller/hook/pythonpath.sh'
[2.431s] Level 1:colcon.colcon_core.environment:checking '/home/zubeyir48/ros2_ME462_ws/install/kalbot_controller/bin'
[2.431s] Level 1:colcon.colcon_core.environment:create_environment_scripts_only(kalbot_controller)
[2.432s] INFO:colcon.colcon_core.shell:Creating package script '/home/zubeyir48/ros2_ME462_ws/install/kalbot_controller/share/kalbot_controller/package.ps1'
[2.432s] INFO:colcon.colcon_core.shell:Creating package descriptor '/home/zubeyir48/ros2_ME462_ws/install/kalbot_controller/share/kalbot_controller/package.dsv'
[2.432s] INFO:colcon.colcon_core.shell:Creating package script '/home/zubeyir48/ros2_ME462_ws/install/kalbot_controller/share/kalbot_controller/package.sh'
[2.432s] INFO:colcon.colcon_core.shell:Creating package script '/home/zubeyir48/ros2_ME462_ws/install/kalbot_controller/share/kalbot_controller/package.bash'
[2.432s] INFO:colcon.colcon_core.shell:Creating package script '/home/zubeyir48/ros2_ME462_ws/install/kalbot_controller/share/kalbot_controller/package.zsh'
[2.432s] Level 1:colcon.colcon_core.environment:create_file_with_runtime_dependencies(/home/zubeyir48/ros2_ME462_ws/install/kalbot_controller/share/colcon-core/packages/kalbot_controller)
[2.432s] DEBUG:colcon.colcon_parallel_executor.executor.parallel:closing loop
[2.433s] DEBUG:colcon.colcon_parallel_executor.executor.parallel:loop closed
[2.433s] DEBUG:colcon.colcon_parallel_executor.executor.parallel:run_until_complete finished with '0'
[2.433s] DEBUG:colcon.colcon_core.event_reactor:joining thread
[2.436s] INFO:colcon.colcon_core.plugin_system:Skipping extension 'colcon_notification.desktop_notification.terminal_notifier': Not used on non-Darwin systems
[2.436s] INFO:colcon.colcon_core.plugin_system:Skipping extension 'colcon_notification.desktop_notification.win32': Not used on non-Windows systems
[2.436s] INFO:colcon.colcon_notification.desktop_notification:Sending desktop notification using 'notify2'
[2.444s] DEBUG:colcon.colcon_core.event_reactor:joined thread
[2.445s] INFO:colcon.colcon_core.shell:Creating prefix script '/home/zubeyir48/ros2_ME462_ws/install/local_setup.ps1'
[2.445s] INFO:colcon.colcon_core.shell:Creating prefix util module '/home/zubeyir48/ros2_ME462_ws/install/_local_setup_util_ps1.py'
[2.446s] INFO:colcon.colcon_core.shell:Creating prefix chain script '/home/zubeyir48/ros2_ME462_ws/install/setup.ps1'
[2.446s] INFO:colcon.colcon_core.shell:Creating prefix script '/home/zubeyir48/ros2_ME462_ws/install/local_setup.sh'
[2.447s] INFO:colcon.colcon_core.shell:Creating prefix util module '/home/zubeyir48/ros2_ME462_ws/install/_local_setup_util_sh.py'
[2.447s] INFO:colcon.colcon_core.shell:Creating prefix chain script '/home/zubeyir48/ros2_ME462_ws/install/setup.sh'
[2.448s] INFO:colcon.colcon_core.shell:Creating prefix script '/home/zubeyir48/ros2_ME462_ws/install/local_setup.bash'
[2.448s] INFO:colcon.colcon_core.shell:Creating prefix chain script '/home/zubeyir48/ros2_ME462_ws/install/setup.bash'
[2.448s] INFO:colcon.colcon_core.shell:Creating prefix script '/home/zubeyir48/ros2_ME462_ws/install/local_setup.zsh'
[2.449s] INFO:colcon.colcon_core.shell:Creating prefix chain script '/home/zubeyir48/ros2_ME462_ws/install/setup.zsh'
