[0.006s] Invoking command in '/home/zubeyir48/ros2_ME462_ws/src/kalbot_brignup/build/kalbot_brignup': CMAKE_PREFIX_PATH=${CMAKE_PREFIX_PATH}:/home/zubeyir48/ros2_ME462_ws/install/kalbot_controller:/home/zubeyir48/ros2_ME462_ws/install/tutorial_robot_controller:/home/zubeyir48/ros2_ME462_ws/install/robot_controller:/opt/ros/humble /usr/bin/cmake /home/zubeyir48/ros2_ME462_ws/src/kalbot_brignup -DCMAKE_INSTALL_PREFIX=/home/zubeyir48/ros2_ME462_ws/src/kalbot_brignup/install/kalbot_brignup
[0.045s] -- The C compiler identification is GNU 11.3.0
[0.093s] -- The CXX compiler identification is GNU 11.3.0
[0.099s] -- Detecting C compiler ABI info
[0.155s] -- Detecting C compiler ABI info - done
[0.162s] -- Check for working C compiler: /usr/bin/cc - skipped
[0.162s] -- Detecting C compile features
[0.163s] -- Detecting C compile features - done
[0.166s] -- Detecting CXX compiler ABI info
[0.235s] -- Detecting CXX compiler ABI info - done
[0.241s] -- Check for working CXX compiler: /usr/bin/c++ - skipped
[0.241s] -- Detecting CXX compile features
[0.241s] -- Detecting CXX compile features - done
[0.243s] -- Found ament_cmake: 1.3.4 (/opt/ros/humble/share/ament_cmake/cmake)
[0.353s] -- Found Python3: /usr/bin/python3.10 (found version "3.10.6") found components: Interpreter 
[0.432s] -- Configuring done
[0.433s] -- Generating done
[0.434s] -- Build files have been written to: /home/zubeyir48/ros2_ME462_ws/src/kalbot_brignup/build/kalbot_brignup
[0.436s] Invoked command in '/home/zubeyir48/ros2_ME462_ws/src/kalbot_brignup/build/kalbot_brignup' returned '0': CMAKE_PREFIX_PATH=${CMAKE_PREFIX_PATH}:/home/zubeyir48/ros2_ME462_ws/install/kalbot_controller:/home/zubeyir48/ros2_ME462_ws/install/tutorial_robot_controller:/home/zubeyir48/ros2_ME462_ws/install/robot_controller:/opt/ros/humble /usr/bin/cmake /home/zubeyir48/ros2_ME462_ws/src/kalbot_brignup -DCMAKE_INSTALL_PREFIX=/home/zubeyir48/ros2_ME462_ws/src/kalbot_brignup/install/kalbot_brignup
[0.437s] Invoking command in '/home/zubeyir48/ros2_ME462_ws/src/kalbot_brignup/build/kalbot_brignup': CMAKE_PREFIX_PATH=${CMAKE_PREFIX_PATH}:/home/zubeyir48/ros2_ME462_ws/install/kalbot_controller:/home/zubeyir48/ros2_ME462_ws/install/tutorial_robot_controller:/home/zubeyir48/ros2_ME462_ws/install/robot_controller:/opt/ros/humble /usr/bin/cmake --build /home/zubeyir48/ros2_ME462_ws/src/kalbot_brignup/build/kalbot_brignup -- -j20 -l20
[0.455s] Invoked command in '/home/zubeyir48/ros2_ME462_ws/src/kalbot_brignup/build/kalbot_brignup' returned '0': CMAKE_PREFIX_PATH=${CMAKE_PREFIX_PATH}:/home/zubeyir48/ros2_ME462_ws/install/kalbot_controller:/home/zubeyir48/ros2_ME462_ws/install/tutorial_robot_controller:/home/zubeyir48/ros2_ME462_ws/install/robot_controller:/opt/ros/humble /usr/bin/cmake --build /home/zubeyir48/ros2_ME462_ws/src/kalbot_brignup/build/kalbot_brignup -- -j20 -l20
[0.471s] Invoking command in '/home/zubeyir48/ros2_ME462_ws/src/kalbot_brignup/build/kalbot_brignup': CMAKE_PREFIX_PATH=${CMAKE_PREFIX_PATH}:/home/zubeyir48/ros2_ME462_ws/install/kalbot_controller:/home/zubeyir48/ros2_ME462_ws/install/tutorial_robot_controller:/home/zubeyir48/ros2_ME462_ws/install/robot_controller:/opt/ros/humble /usr/bin/cmake --install /home/zubeyir48/ros2_ME462_ws/src/kalbot_brignup/build/kalbot_brignup
[0.476s] -- Install configuration: ""
[0.477s] [31mCMake Error at cmake_install.cmake:46 (file):
[0.477s]   file INSTALL cannot find
[0.477s]   "/home/zubeyir48/ros2_ME462_ws/src/kalbot_brignup/launch": No such file or
[0.477s]   directory.
[0.477s] 
[0.477s] [0m
[0.478s] Invoked command in '/home/zubeyir48/ros2_ME462_ws/src/kalbot_brignup/build/kalbot_brignup' returned '1': CMAKE_PREFIX_PATH=${CMAKE_PREFIX_PATH}:/home/zubeyir48/ros2_ME462_ws/install/kalbot_controller:/home/zubeyir48/ros2_ME462_ws/install/tutorial_robot_controller:/home/zubeyir48/ros2_ME462_ws/install/robot_controller:/opt/ros/humble /usr/bin/cmake --install /home/zubeyir48/ros2_ME462_ws/src/kalbot_brignup/build/kalbot_brignup
