[0.104s] Invoking command in '/home/alibaba/ros2_repos/build/kalbot_interfaces': CMAKE_PREFIX_PATH=/opt/ros/eloquent /usr/bin/cmake --build /home/alibaba/ros2_repos/build/kalbot_interfaces -- -j4 -l4
[0.321s] [  2%] Built target kalbot_interfaces__cpp
[0.329s] [ 13%] Built target kalbot_interfaces__rosidl_generator_c
[0.422s] [ 24%] Built target kalbot_interfaces__rosidl_typesupport_introspection_cpp
[0.429s] [ 35%] Built target kalbot_interfaces__rosidl_typesupport_introspection_c
[0.458s] [ 45%] Built target kalbot_interfaces__rosidl_typesupport_fastrtps_cpp
[0.567s] [ 56%] Built target kalbot_interfaces__rosidl_typesupport_cpp
[0.572s] [ 67%] Built target kalbot_interfaces__rosidl_typesupport_fastrtps_c
[0.688s] [ 78%] Built target kalbot_interfaces__rosidl_typesupport_c
[0.761s] [ 78%] Built target kalbot_interfaces
[0.840s] [ 81%] Built target kalbot_interfaces__py
[0.952s] [ 89%] Built target kalbot_interfaces__python
[1.058s] [100%] Built target kalbot_interfaces__rosidl_typesupport_fastrtps_c__pyext
[1.059s] [100%] Built target kalbot_interfaces__rosidl_typesupport_c__pyext
[1.100s] Invoked command in '/home/alibaba/ros2_repos/build/kalbot_interfaces' returned '0': CMAKE_PREFIX_PATH=/opt/ros/eloquent /usr/bin/cmake --build /home/alibaba/ros2_repos/build/kalbot_interfaces -- -j4 -l4
[1.323s] Invoking command in '/home/alibaba/ros2_repos/build/kalbot_interfaces': CMAKE_PREFIX_PATH=/opt/ros/eloquent /usr/bin/cmake --build /home/alibaba/ros2_repos/build/kalbot_interfaces --target install -- -j4 -l4
[1.512s] [  2%] Built target kalbot_interfaces__cpp
[1.520s] [ 13%] Built target kalbot_interfaces__rosidl_generator_c
[1.620s] [ 24%] Built target kalbot_interfaces__rosidl_typesupport_introspection_c
[1.631s] [ 35%] Built target kalbot_interfaces__rosidl_typesupport_fastrtps_cpp
[1.636s] [ 45%] Built target kalbot_interfaces__rosidl_typesupport_introspection_cpp
[1.738s] [ 67%] Built target kalbot_interfaces__rosidl_typesupport_fastrtps_c
[1.740s] [ 67%] Built target kalbot_interfaces__rosidl_typesupport_cpp
[1.840s] [ 78%] Built target kalbot_interfaces__rosidl_typesupport_c
[1.914s] [ 78%] Built target kalbot_interfaces
[1.990s] [ 81%] Built target kalbot_interfaces__py
[2.099s] [ 89%] Built target kalbot_interfaces__python
[2.217s] [ 94%] Built target kalbot_interfaces__rosidl_typesupport_c__pyext
[2.219s] [100%] Built target kalbot_interfaces__rosidl_typesupport_fastrtps_c__pyext
[2.291s] [36mInstall the project...[0m
[2.326s] -- Install configuration: ""
[2.327s] -- Up-to-date: /home/alibaba/ros2_repos/install/kalbot_interfaces/share/ament_index/resource_index/rosidl_interfaces/kalbot_interfaces
[2.327s] -- Up-to-date: /home/alibaba/ros2_repos/install/kalbot_interfaces/lib/libkalbot_interfaces__rosidl_typesupport_c.so
[2.328s] -- Up-to-date: /home/alibaba/ros2_repos/install/kalbot_interfaces/share/kalbot_interfaces/environment/library_path.sh
[2.329s] -- Up-to-date: /home/alibaba/ros2_repos/install/kalbot_interfaces/share/kalbot_interfaces/environment/library_path.dsv
[2.330s] -- Up-to-date: /home/alibaba/ros2_repos/install/kalbot_interfaces/lib/libkalbot_interfaces__rosidl_typesupport_cpp.so
[2.330s] -- Up-to-date: /home/alibaba/ros2_repos/install/kalbot_interfaces/include/kalbot_interfaces
[2.331s] -- Up-to-date: /home/alibaba/ros2_repos/install/kalbot_interfaces/include/kalbot_interfaces/srv
[2.332s] -- Up-to-date: /home/alibaba/ros2_repos/install/kalbot_interfaces/include/kalbot_interfaces/srv/set_motor_speed__rosidl_typesupport_fastrtps_c.h
[2.332s] -- Up-to-date: /home/alibaba/ros2_repos/install/kalbot_interfaces/include/kalbot_interfaces/msg
[2.333s] -- Up-to-date: /home/alibaba/ros2_repos/install/kalbot_interfaces/include/kalbot_interfaces/msg/rosidl_typesupport_fastrtps_c__visibility_control.h
[2.333s] -- Up-to-date: /home/alibaba/ros2_repos/install/kalbot_interfaces/include/kalbot_interfaces/msg/motor_command__rosidl_typesupport_fastrtps_c.h
[2.334s] -- Up-to-date: /home/alibaba/ros2_repos/install/kalbot_interfaces/lib/libkalbot_interfaces__rosidl_typesupport_fastrtps_c.so
[2.335s] -- Up-to-date: /home/alibaba/ros2_repos/install/kalbot_interfaces/include/kalbot_interfaces
[2.335s] -- Up-to-date: /home/alibaba/ros2_repos/install/kalbot_interfaces/include/kalbot_interfaces/srv
[2.336s] -- Up-to-date: /home/alibaba/ros2_repos/install/kalbot_interfaces/include/kalbot_interfaces/srv/set_motor_speed__type_support.h
[2.336s] -- Up-to-date: /home/alibaba/ros2_repos/install/kalbot_interfaces/include/kalbot_interfaces/srv/set_motor_speed.h
[2.337s] -- Up-to-date: /home/alibaba/ros2_repos/install/kalbot_interfaces/include/kalbot_interfaces/srv/set_motor_speed__functions.c
[2.338s] -- Up-to-date: /home/alibaba/ros2_repos/install/kalbot_interfaces/include/kalbot_interfaces/srv/set_motor_speed__functions.h
[2.338s] -- Up-to-date: /home/alibaba/ros2_repos/install/kalbot_interfaces/include/kalbot_interfaces/srv/set_motor_speed__struct.h
[2.339s] -- Up-to-date: /home/alibaba/ros2_repos/install/kalbot_interfaces/include/kalbot_interfaces/msg
[2.339s] -- Up-to-date: /home/alibaba/ros2_repos/install/kalbot_interfaces/include/kalbot_interfaces/msg/motor_command__type_support.h
[2.340s] -- Up-to-date: /home/alibaba/ros2_repos/install/kalbot_interfaces/include/kalbot_interfaces/msg/motor_command__functions.c
[2.340s] -- Up-to-date: /home/alibaba/ros2_repos/install/kalbot_interfaces/include/kalbot_interfaces/msg/motor_command__functions.h
[2.341s] -- Up-to-date: /home/alibaba/ros2_repos/install/kalbot_interfaces/include/kalbot_interfaces/msg/motor_command.h
[2.342s] -- Up-to-date: /home/alibaba/ros2_repos/install/kalbot_interfaces/include/kalbot_interfaces/msg/motor_command__struct.h
[2.342s] -- Up-to-date: /home/alibaba/ros2_repos/install/kalbot_interfaces/include/kalbot_interfaces/msg/rosidl_generator_c__visibility_control.h
[2.343s] -- Up-to-date: /home/alibaba/ros2_repos/install/kalbot_interfaces/lib/libkalbot_interfaces__rosidl_generator_c.so
[2.343s] -- Up-to-date: /home/alibaba/ros2_repos/install/kalbot_interfaces/include/kalbot_interfaces
[2.344s] -- Up-to-date: /home/alibaba/ros2_repos/install/kalbot_interfaces/include/kalbot_interfaces/srv
[2.344s] -- Up-to-date: /home/alibaba/ros2_repos/install/kalbot_interfaces/include/kalbot_interfaces/srv/set_motor_speed__rosidl_typesupport_fastrtps_cpp.hpp
[2.345s] -- Up-to-date: /home/alibaba/ros2_repos/install/kalbot_interfaces/include/kalbot_interfaces/srv/dds_fastrtps
[2.345s] -- Up-to-date: /home/alibaba/ros2_repos/install/kalbot_interfaces/include/kalbot_interfaces/msg
[2.346s] -- Up-to-date: /home/alibaba/ros2_repos/install/kalbot_interfaces/include/kalbot_interfaces/msg/rosidl_typesupport_fastrtps_cpp__visibility_control.h
[2.346s] -- Up-to-date: /home/alibaba/ros2_repos/install/kalbot_interfaces/include/kalbot_interfaces/msg/motor_command__rosidl_typesupport_fastrtps_cpp.hpp
[2.347s] -- Up-to-date: /home/alibaba/ros2_repos/install/kalbot_interfaces/include/kalbot_interfaces/msg/dds_fastrtps
[2.347s] -- Up-to-date: /home/alibaba/ros2_repos/install/kalbot_interfaces/lib/libkalbot_interfaces__rosidl_typesupport_fastrtps_cpp.so
[2.348s] -- Up-to-date: /home/alibaba/ros2_repos/install/kalbot_interfaces/include/kalbot_interfaces
[2.348s] -- Up-to-date: /home/alibaba/ros2_repos/install/kalbot_interfaces/include/kalbot_interfaces/srv
[2.349s] -- Up-to-date: /home/alibaba/ros2_repos/install/kalbot_interfaces/include/kalbot_interfaces/srv/set_motor_speed.hpp
[2.349s] -- Up-to-date: /home/alibaba/ros2_repos/install/kalbot_interfaces/include/kalbot_interfaces/srv/set_motor_speed__traits.hpp
[2.350s] -- Up-to-date: /home/alibaba/ros2_repos/install/kalbot_interfaces/include/kalbot_interfaces/srv/set_motor_speed__struct.hpp
[2.350s] -- Up-to-date: /home/alibaba/ros2_repos/install/kalbot_interfaces/include/kalbot_interfaces/msg
[2.351s] -- Up-to-date: /home/alibaba/ros2_repos/install/kalbot_interfaces/include/kalbot_interfaces/msg/motor_command__traits.hpp
[2.351s] -- Up-to-date: /home/alibaba/ros2_repos/install/kalbot_interfaces/include/kalbot_interfaces/msg/motor_command.hpp
[2.352s] -- Up-to-date: /home/alibaba/ros2_repos/install/kalbot_interfaces/include/kalbot_interfaces/msg/motor_command__struct.hpp
[2.352s] -- Up-to-date: /home/alibaba/ros2_repos/install/kalbot_interfaces/include/kalbot_interfaces
[2.353s] -- Up-to-date: /home/alibaba/ros2_repos/install/kalbot_interfaces/include/kalbot_interfaces/srv
[2.353s] -- Up-to-date: /home/alibaba/ros2_repos/install/kalbot_interfaces/include/kalbot_interfaces/srv/set_motor_speed__rosidl_typesupport_introspection_c.h
[2.354s] -- Up-to-date: /home/alibaba/ros2_repos/install/kalbot_interfaces/include/kalbot_interfaces/srv/set_motor_speed__type_support.c
[2.354s] -- Up-to-date: /home/alibaba/ros2_repos/install/kalbot_interfaces/include/kalbot_interfaces/msg
[2.355s] -- Up-to-date: /home/alibaba/ros2_repos/install/kalbot_interfaces/include/kalbot_interfaces/msg/motor_command__type_support.c
[2.355s] -- Up-to-date: /home/alibaba/ros2_repos/install/kalbot_interfaces/include/kalbot_interfaces/msg/rosidl_typesupport_introspection_c__visibility_control.h
[2.356s] -- Up-to-date: /home/alibaba/ros2_repos/install/kalbot_interfaces/include/kalbot_interfaces/msg/motor_command__rosidl_typesupport_introspection_c.h
[2.356s] -- Up-to-date: /home/alibaba/ros2_repos/install/kalbot_interfaces/lib/libkalbot_interfaces__rosidl_typesupport_introspection_c.so
[2.356s] -- Up-to-date: /home/alibaba/ros2_repos/install/kalbot_interfaces/include/kalbot_interfaces
[2.357s] -- Up-to-date: /home/alibaba/ros2_repos/install/kalbot_interfaces/include/kalbot_interfaces/srv
[2.358s] -- Up-to-date: /home/alibaba/ros2_repos/install/kalbot_interfaces/include/kalbot_interfaces/srv/set_motor_speed__type_support.cpp
[2.358s] -- Up-to-date: /home/alibaba/ros2_repos/install/kalbot_interfaces/include/kalbot_interfaces/srv/set_motor_speed__rosidl_typesupport_introspection_cpp.hpp
[2.359s] -- Up-to-date: /home/alibaba/ros2_repos/install/kalbot_interfaces/include/kalbot_interfaces/msg
[2.359s] -- Up-to-date: /home/alibaba/ros2_repos/install/kalbot_interfaces/include/kalbot_interfaces/msg/motor_command__rosidl_typesupport_introspection_cpp.hpp
[2.360s] -- Up-to-date: /home/alibaba/ros2_repos/install/kalbot_interfaces/include/kalbot_interfaces/msg/motor_command__type_support.cpp
[2.360s] -- Up-to-date: /home/alibaba/ros2_repos/install/kalbot_interfaces/lib/libkalbot_interfaces__rosidl_typesupport_introspection_cpp.so
[2.360s] -- Up-to-date: /home/alibaba/ros2_repos/install/kalbot_interfaces/share/kalbot_interfaces/environment/pythonpath.sh
[2.361s] -- Up-to-date: /home/alibaba/ros2_repos/install/kalbot_interfaces/share/kalbot_interfaces/environment/pythonpath.dsv
[2.361s] -- Up-to-date: /home/alibaba/ros2_repos/install/kalbot_interfaces/lib/python3.6/site-packages/kalbot_interfaces/__init__.py
[2.508s] -- Up-to-date: /home/alibaba/ros2_repos/install/kalbot_interfaces/lib/python3.6/site-packages/kalbot_interfaces/msg
[2.509s] -- Up-to-date: /home/alibaba/ros2_repos/install/kalbot_interfaces/lib/python3.6/site-packages/kalbot_interfaces/msg/__init__.py
[2.510s] -- Up-to-date: /home/alibaba/ros2_repos/install/kalbot_interfaces/lib/python3.6/site-packages/kalbot_interfaces/msg/_motor_command_s.c
[2.510s] -- Up-to-date: /home/alibaba/ros2_repos/install/kalbot_interfaces/lib/python3.6/site-packages/kalbot_interfaces/msg/_motor_command.py
[2.511s] -- Up-to-date: /home/alibaba/ros2_repos/install/kalbot_interfaces/lib/python3.6/site-packages/kalbot_interfaces/srv
[2.512s] -- Up-to-date: /home/alibaba/ros2_repos/install/kalbot_interfaces/lib/python3.6/site-packages/kalbot_interfaces/srv/__init__.py
[2.512s] -- Up-to-date: /home/alibaba/ros2_repos/install/kalbot_interfaces/lib/python3.6/site-packages/kalbot_interfaces/srv/_set_motor_speed.py
[2.513s] -- Up-to-date: /home/alibaba/ros2_repos/install/kalbot_interfaces/lib/python3.6/site-packages/kalbot_interfaces/srv/_set_motor_speed_s.c
[2.513s] -- Up-to-date: /home/alibaba/ros2_repos/install/kalbot_interfaces/lib/python3.6/site-packages/kalbot_interfaces/kalbot_interfaces_s__rosidl_typesupport_c.cpython-36m-aarch64-linux-gnu.so
[2.514s] -- Up-to-date: /home/alibaba/ros2_repos/install/kalbot_interfaces/lib/python3.6/site-packages/kalbot_interfaces/kalbot_interfaces_s__rosidl_typesupport_fastrtps_c.cpython-36m-aarch64-linux-gnu.so
[2.515s] -- Up-to-date: /home/alibaba/ros2_repos/install/kalbot_interfaces/lib/libkalbot_interfaces__python.so
[2.516s] -- Up-to-date: /home/alibaba/ros2_repos/install/kalbot_interfaces/share/kalbot_interfaces/msg/MotorCommand.idl
[2.516s] -- Up-to-date: /home/alibaba/ros2_repos/install/kalbot_interfaces/share/kalbot_interfaces/srv/SetMotorSpeed.idl
[2.517s] -- Up-to-date: /home/alibaba/ros2_repos/install/kalbot_interfaces/share/kalbot_interfaces/msg/MotorCommand.msg
[2.519s] -- Up-to-date: /home/alibaba/ros2_repos/install/kalbot_interfaces/share/kalbot_interfaces/srv/SetMotorSpeed.srv
[2.519s] -- Up-to-date: /home/alibaba/ros2_repos/install/kalbot_interfaces/share/kalbot_interfaces/srv/SetMotorSpeed_Request.msg
[2.520s] -- Up-to-date: /home/alibaba/ros2_repos/install/kalbot_interfaces/share/kalbot_interfaces/srv/SetMotorSpeed_Response.msg
[2.521s] -- Up-to-date: /home/alibaba/ros2_repos/install/kalbot_interfaces/share/ament_index/resource_index/package_run_dependencies/kalbot_interfaces
[2.521s] -- Up-to-date: /home/alibaba/ros2_repos/install/kalbot_interfaces/share/ament_index/resource_index/parent_prefix_path/kalbot_interfaces
[2.522s] -- Up-to-date: /home/alibaba/ros2_repos/install/kalbot_interfaces/share/kalbot_interfaces/environment/ament_prefix_path.sh
[2.522s] -- Up-to-date: /home/alibaba/ros2_repos/install/kalbot_interfaces/share/kalbot_interfaces/environment/ament_prefix_path.dsv
[2.523s] -- Up-to-date: /home/alibaba/ros2_repos/install/kalbot_interfaces/share/kalbot_interfaces/environment/path.sh
[2.523s] -- Up-to-date: /home/alibaba/ros2_repos/install/kalbot_interfaces/share/kalbot_interfaces/environment/path.dsv
[2.524s] -- Up-to-date: /home/alibaba/ros2_repos/install/kalbot_interfaces/share/kalbot_interfaces/local_setup.bash
[2.524s] -- Up-to-date: /home/alibaba/ros2_repos/install/kalbot_interfaces/share/kalbot_interfaces/local_setup.sh
[2.525s] -- Up-to-date: /home/alibaba/ros2_repos/install/kalbot_interfaces/share/kalbot_interfaces/local_setup.zsh
[2.526s] -- Up-to-date: /home/alibaba/ros2_repos/install/kalbot_interfaces/share/kalbot_interfaces/local_setup.dsv
[2.526s] -- Installing: /home/alibaba/ros2_repos/install/kalbot_interfaces/share/kalbot_interfaces/package.dsv
[2.527s] -- Up-to-date: /home/alibaba/ros2_repos/install/kalbot_interfaces/share/ament_index/resource_index/packages/kalbot_interfaces
[2.527s] -- Up-to-date: /home/alibaba/ros2_repos/install/kalbot_interfaces/share/kalbot_interfaces/cmake/rosidl_cmake-extras.cmake
[2.528s] -- Up-to-date: /home/alibaba/ros2_repos/install/kalbot_interfaces/share/kalbot_interfaces/cmake/ament_cmake_export_libraries-extras.cmake
[2.528s] -- Up-to-date: /home/alibaba/ros2_repos/install/kalbot_interfaces/share/kalbot_interfaces/cmake/ament_cmake_export_include_directories-extras.cmake
[2.529s] -- Up-to-date: /home/alibaba/ros2_repos/install/kalbot_interfaces/share/kalbot_interfaces/cmake/ament_cmake_export_dependencies-extras.cmake
[2.529s] -- Up-to-date: /home/alibaba/ros2_repos/install/kalbot_interfaces/share/kalbot_interfaces/cmake/kalbot_interfacesConfig.cmake
[2.530s] -- Up-to-date: /home/alibaba/ros2_repos/install/kalbot_interfaces/share/kalbot_interfaces/cmake/kalbot_interfacesConfig-version.cmake
[2.530s] -- Up-to-date: /home/alibaba/ros2_repos/install/kalbot_interfaces/share/kalbot_interfaces/package.xml
[2.544s] Invoked command in '/home/alibaba/ros2_repos/build/kalbot_interfaces' returned '0': CMAKE_PREFIX_PATH=/opt/ros/eloquent /usr/bin/cmake --build /home/alibaba/ros2_repos/build/kalbot_interfaces --target install -- -j4 -l4
