running egg_info
creating ../../build/keyboard_controller/keyboard_controller.egg-info
writing ../../build/keyboard_controller/keyboard_controller.egg-info/PKG-INFO
writing dependency_links to ../../build/keyboard_controller/keyboard_controller.egg-info/dependency_links.txt
writing entry points to ../../build/keyboard_controller/keyboard_controller.egg-info/entry_points.txt
writing requirements to ../../build/keyboard_controller/keyboard_controller.egg-info/requires.txt
writing top-level names to ../../build/keyboard_controller/keyboard_controller.egg-info/top_level.txt
writing manifest file '../../build/keyboard_controller/keyboard_controller.egg-info/SOURCES.txt'
reading manifest file '../../build/keyboard_controller/keyboard_controller.egg-info/SOURCES.txt'
writing manifest file '../../build/keyboard_controller/keyboard_controller.egg-info/SOURCES.txt'
running build
running build_py
creating /home/zubeyir48/ros2_ME462_ws/build/keyboard_controller/build
creating /home/zubeyir48/ros2_ME462_ws/build/keyboard_controller/build/lib
creating /home/zubeyir48/ros2_ME462_ws/build/keyboard_controller/build/lib/keyboard_controller
copying keyboard_controller/__init__.py -> /home/zubeyir48/ros2_ME462_ws/build/keyboard_controller/build/lib/keyboard_controller
copying keyboard_controller/keyboard_controller.py -> /home/zubeyir48/ros2_ME462_ws/build/keyboard_controller/build/lib/keyboard_controller
running install
running install_lib
creating /home/zubeyir48/ros2_ME462_ws/install/keyboard_controller/lib/python3.10/site-packages/keyboard_controller
copying /home/zubeyir48/ros2_ME462_ws/build/keyboard_controller/build/lib/keyboard_controller/__init__.py -> /home/zubeyir48/ros2_ME462_ws/install/keyboard_controller/lib/python3.10/site-packages/keyboard_controller
copying /home/zubeyir48/ros2_ME462_ws/build/keyboard_controller/build/lib/keyboard_controller/keyboard_controller.py -> /home/zubeyir48/ros2_ME462_ws/install/keyboard_controller/lib/python3.10/site-packages/keyboard_controller
byte-compiling /home/zubeyir48/ros2_ME462_ws/install/keyboard_controller/lib/python3.10/site-packages/keyboard_controller/__init__.py to __init__.cpython-310.pyc
byte-compiling /home/zubeyir48/ros2_ME462_ws/install/keyboard_controller/lib/python3.10/site-packages/keyboard_controller/keyboard_controller.py to keyboard_controller.cpython-310.pyc
running install_data
creating /home/zubeyir48/ros2_ME462_ws/install/keyboard_controller/share/ament_index
creating /home/zubeyir48/ros2_ME462_ws/install/keyboard_controller/share/ament_index/resource_index
creating /home/zubeyir48/ros2_ME462_ws/install/keyboard_controller/share/ament_index/resource_index/packages
copying resource/keyboard_controller -> /home/zubeyir48/ros2_ME462_ws/install/keyboard_controller/share/ament_index/resource_index/packages
copying package.xml -> /home/zubeyir48/ros2_ME462_ws/install/keyboard_controller/share/keyboard_controller
running install_egg_info
Copying ../../build/keyboard_controller/keyboard_controller.egg-info to /home/zubeyir48/ros2_ME462_ws/install/keyboard_controller/lib/python3.10/site-packages/keyboard_controller-0.0.0-py3.10.egg-info
running install_scripts
Installing keyboard_controller script to /home/zubeyir48/ros2_ME462_ws/install/keyboard_controller/lib/keyboard_controller
writing list of installed files to '/home/zubeyir48/ros2_ME462_ws/build/keyboard_controller/install.log'
