[0.490s] Invoking command in '/home/zubeyir48/ros2_ME462_ws/src/keyboard_controller': CMAKE_PREFIX_PATH=/home/zubeyir48/ros2_ME462_ws/install/kalbot_interfaces:/home/zubeyir48/ros2_ME462_ws/install/kalbot_brignup PYTHONPATH=/home/zubeyir48/ros2_ME462_ws/build/keyboard_controller/prefix_override:/home/zubeyir48/ros2_ME462_ws/install/keyboard_controller/lib/python3.10/site-packages:${PYTHONPATH} /usr/bin/python3 setup.py egg_info --egg-base ../../build/keyboard_controller build --build-base /home/zubeyir48/ros2_ME462_ws/build/keyboard_controller/build install --record /home/zubeyir48/ros2_ME462_ws/build/keyboard_controller/install.log --single-version-externally-managed
[0.622s] running egg_info
[0.622s] creating ../../build/keyboard_controller/keyboard_controller.egg-info
[0.622s] writing ../../build/keyboard_controller/keyboard_controller.egg-info/PKG-INFO
[0.622s] writing dependency_links to ../../build/keyboard_controller/keyboard_controller.egg-info/dependency_links.txt
[0.623s] writing entry points to ../../build/keyboard_controller/keyboard_controller.egg-info/entry_points.txt
[0.623s] writing requirements to ../../build/keyboard_controller/keyboard_controller.egg-info/requires.txt
[0.623s] writing top-level names to ../../build/keyboard_controller/keyboard_controller.egg-info/top_level.txt
[0.623s] writing manifest file '../../build/keyboard_controller/keyboard_controller.egg-info/SOURCES.txt'
[0.623s] reading manifest file '../../build/keyboard_controller/keyboard_controller.egg-info/SOURCES.txt'
[0.624s] writing manifest file '../../build/keyboard_controller/keyboard_controller.egg-info/SOURCES.txt'
[0.624s] running build
[0.624s] running build_py
[0.624s] creating /home/zubeyir48/ros2_ME462_ws/build/keyboard_controller/build
[0.624s] creating /home/zubeyir48/ros2_ME462_ws/build/keyboard_controller/build/lib
[0.624s] creating /home/zubeyir48/ros2_ME462_ws/build/keyboard_controller/build/lib/keyboard_controller
[0.624s] copying keyboard_controller/__init__.py -> /home/zubeyir48/ros2_ME462_ws/build/keyboard_controller/build/lib/keyboard_controller
[0.624s] copying keyboard_controller/keyboard_controller.py -> /home/zubeyir48/ros2_ME462_ws/build/keyboard_controller/build/lib/keyboard_controller
[0.624s] running install
[0.624s] running install_lib
[0.624s] creating /home/zubeyir48/ros2_ME462_ws/install/keyboard_controller/lib/python3.10/site-packages/keyboard_controller
[0.624s] copying /home/zubeyir48/ros2_ME462_ws/build/keyboard_controller/build/lib/keyboard_controller/__init__.py -> /home/zubeyir48/ros2_ME462_ws/install/keyboard_controller/lib/python3.10/site-packages/keyboard_controller
[0.625s] copying /home/zubeyir48/ros2_ME462_ws/build/keyboard_controller/build/lib/keyboard_controller/keyboard_controller.py -> /home/zubeyir48/ros2_ME462_ws/install/keyboard_controller/lib/python3.10/site-packages/keyboard_controller
[0.625s] byte-compiling /home/zubeyir48/ros2_ME462_ws/install/keyboard_controller/lib/python3.10/site-packages/keyboard_controller/__init__.py to __init__.cpython-310.pyc
[0.625s] byte-compiling /home/zubeyir48/ros2_ME462_ws/install/keyboard_controller/lib/python3.10/site-packages/keyboard_controller/keyboard_controller.py to keyboard_controller.cpython-310.pyc
[0.625s] running install_data
[0.625s] creating /home/zubeyir48/ros2_ME462_ws/install/keyboard_controller/share/ament_index
[0.625s] creating /home/zubeyir48/ros2_ME462_ws/install/keyboard_controller/share/ament_index/resource_index
[0.625s] creating /home/zubeyir48/ros2_ME462_ws/install/keyboard_controller/share/ament_index/resource_index/packages
[0.625s] copying resource/keyboard_controller -> /home/zubeyir48/ros2_ME462_ws/install/keyboard_controller/share/ament_index/resource_index/packages
[0.625s] copying package.xml -> /home/zubeyir48/ros2_ME462_ws/install/keyboard_controller/share/keyboard_controller
[0.626s] running install_egg_info
[0.626s] Copying ../../build/keyboard_controller/keyboard_controller.egg-info to /home/zubeyir48/ros2_ME462_ws/install/keyboard_controller/lib/python3.10/site-packages/keyboard_controller-0.0.0-py3.10.egg-info
[0.627s] running install_scripts
[0.638s] Installing keyboard_controller script to /home/zubeyir48/ros2_ME462_ws/install/keyboard_controller/lib/keyboard_controller
[0.638s] writing list of installed files to '/home/zubeyir48/ros2_ME462_ws/build/keyboard_controller/install.log'
[0.654s] Invoked command in '/home/zubeyir48/ros2_ME462_ws/src/keyboard_controller' returned '0': CMAKE_PREFIX_PATH=/home/zubeyir48/ros2_ME462_ws/install/kalbot_interfaces:/home/zubeyir48/ros2_ME462_ws/install/kalbot_brignup PYTHONPATH=/home/zubeyir48/ros2_ME462_ws/build/keyboard_controller/prefix_override:/home/zubeyir48/ros2_ME462_ws/install/keyboard_controller/lib/python3.10/site-packages:${PYTHONPATH} /usr/bin/python3 setup.py egg_info --egg-base ../../build/keyboard_controller build --build-base /home/zubeyir48/ros2_ME462_ws/build/keyboard_controller/build install --record /home/zubeyir48/ros2_ME462_ws/build/keyboard_controller/install.log --single-version-externally-managed
