[0.929s] DEBUG:colcon:Command line arguments: ['/usr/bin/colcon', 'build']
[0.929s] DEBUG:colcon:Parsed command line arguments: Namespace(allow_overriding=[], ament_cmake_args=None, base_paths=['.'], build_base='build', catkin_cmake_args=None, catkin_skip_building_tests=False, cmake_args=None, cmake_clean_cache=False, cmake_clean_first=False, cmake_force_configure=False, cmake_target=None, cmake_target_skip_unavailable=False, continue_on_error=False, event_handlers=None, executor='parallel', ignore_user_meta=False, install_base='install', log_base=None, log_level=None, main=<bound method BuildVerb.main of <colcon_core.verb.build.BuildVerb object at 0x7f997b4a20>>, merge_install=False, metas=['./colcon.meta'], packages_above=None, packages_above_and_dependencies=None, packages_above_depth=None, packages_end=None, packages_ignore=None, packages_ignore_regex=None, packages_select=None, packages_select_build_failed=False, packages_select_by_dep=None, packages_select_regex=None, packages_select_test_failures=False, packages_skip=None, packages_skip_build_finished=False, packages_skip_by_dep=None, packages_skip_regex=None, packages_skip_test_passed=False, packages_skip_up_to=None, packages_start=None, packages_up_to=None, packages_up_to_regex=None, parallel_workers=4, paths=None, symlink_install=False, test_result_base=None, verb_extension=<colcon_core.verb.build.BuildVerb object at 0x7f997b4a20>, verb_name='build', verb_parser=<colcon_defaults.argument_parser.defaults.DefaultArgumentsDecorator object at 0x7f997b4d68>)
[1.095s] Level 1:colcon.colcon_core.package_discovery:discover_packages(colcon_meta) check parameters
[1.096s] Level 1:colcon.colcon_core.package_discovery:discover_packages(recursive) check parameters
[1.096s] Level 1:colcon.colcon_core.package_discovery:discover_packages(ignore) check parameters
[1.096s] Level 1:colcon.colcon_core.package_discovery:discover_packages(path) check parameters
[1.096s] Level 1:colcon.colcon_core.package_discovery:discover_packages(colcon_meta) discover
[1.097s] Level 1:colcon.colcon_core.package_discovery:discover_packages(recursive) discover
[1.098s] INFO:colcon.colcon_core.package_discovery:Crawling recursively for packages in '/home/alibaba/ros2_repos'
[1.098s] Level 1:colcon.colcon_core.package_identification:_identify(.) by extensions ['ignore', 'ignore_ament_install']
[1.099s] Level 1:colcon.colcon_core.package_identification:_identify(.) by extension 'ignore'
[1.099s] Level 1:colcon.colcon_core.package_identification:_identify(.) by extension 'ignore_ament_install'
[1.099s] Level 1:colcon.colcon_core.package_identification:_identify(.) by extensions ['colcon_pkg']
[1.099s] Level 1:colcon.colcon_core.package_identification:_identify(.) by extension 'colcon_pkg'
[1.100s] Level 1:colcon.colcon_core.package_identification:_identify(.) by extensions ['colcon_meta']
[1.100s] Level 1:colcon.colcon_core.package_identification:_identify(.) by extension 'colcon_meta'
[1.100s] Level 1:colcon.colcon_core.package_identification:_identify(.) by extensions ['ros']
[1.100s] Level 1:colcon.colcon_core.package_identification:_identify(.) by extension 'ros'
[1.159s] Level 1:colcon.colcon_core.package_identification:_identify(.) by extensions ['cmake', 'python']
[1.160s] Level 1:colcon.colcon_core.package_identification:_identify(.) by extension 'cmake'
[1.160s] Level 1:colcon.colcon_core.package_identification:_identify(.) by extension 'python'
[1.160s] Level 1:colcon.colcon_core.package_identification:_identify(.) by extensions ['python_setup_py']
[1.161s] Level 1:colcon.colcon_core.package_identification:_identify(.) by extension 'python_setup_py'
[1.161s] Level 1:colcon.colcon_core.package_identification:_identify(build) by extensions ['ignore', 'ignore_ament_install']
[1.162s] Level 1:colcon.colcon_core.package_identification:_identify(build) by extension 'ignore'
[1.162s] Level 1:colcon.colcon_core.package_identification:_identify(build) ignored
[1.164s] Level 1:colcon.colcon_core.package_identification:_identify(install) by extensions ['ignore', 'ignore_ament_install']
[1.164s] Level 1:colcon.colcon_core.package_identification:_identify(install) by extension 'ignore'
[1.164s] Level 1:colcon.colcon_core.package_identification:_identify(install) ignored
[1.165s] Level 1:colcon.colcon_core.package_identification:_identify(log) by extensions ['ignore', 'ignore_ament_install']
[1.166s] Level 1:colcon.colcon_core.package_identification:_identify(log) by extension 'ignore'
[1.166s] Level 1:colcon.colcon_core.package_identification:_identify(log) ignored
[1.166s] Level 1:colcon.colcon_core.package_identification:_identify(src) by extensions ['ignore', 'ignore_ament_install']
[1.167s] Level 1:colcon.colcon_core.package_identification:_identify(src) by extension 'ignore'
[1.167s] Level 1:colcon.colcon_core.package_identification:_identify(src) by extension 'ignore_ament_install'
[1.167s] Level 1:colcon.colcon_core.package_identification:_identify(src) by extensions ['colcon_pkg']
[1.167s] Level 1:colcon.colcon_core.package_identification:_identify(src) by extension 'colcon_pkg'
[1.168s] Level 1:colcon.colcon_core.package_identification:_identify(src) by extensions ['colcon_meta']
[1.168s] Level 1:colcon.colcon_core.package_identification:_identify(src) by extension 'colcon_meta'
[1.168s] Level 1:colcon.colcon_core.package_identification:_identify(src) by extensions ['ros']
[1.168s] Level 1:colcon.colcon_core.package_identification:_identify(src) by extension 'ros'
[1.169s] Level 1:colcon.colcon_core.package_identification:_identify(src) by extensions ['cmake', 'python']
[1.169s] Level 1:colcon.colcon_core.package_identification:_identify(src) by extension 'cmake'
[1.169s] Level 1:colcon.colcon_core.package_identification:_identify(src) by extension 'python'
[1.169s] Level 1:colcon.colcon_core.package_identification:_identify(src) by extensions ['python_setup_py']
[1.170s] Level 1:colcon.colcon_core.package_identification:_identify(src) by extension 'python_setup_py'
[1.170s] Level 1:colcon.colcon_core.package_identification:_identify(src/kalbot_brignup) by extensions ['ignore', 'ignore_ament_install']
[1.170s] Level 1:colcon.colcon_core.package_identification:_identify(src/kalbot_brignup) by extension 'ignore'
[1.171s] Level 1:colcon.colcon_core.package_identification:_identify(src/kalbot_brignup) by extension 'ignore_ament_install'
[1.171s] Level 1:colcon.colcon_core.package_identification:_identify(src/kalbot_brignup) by extensions ['colcon_pkg']
[1.171s] Level 1:colcon.colcon_core.package_identification:_identify(src/kalbot_brignup) by extension 'colcon_pkg'
[1.172s] Level 1:colcon.colcon_core.package_identification:_identify(src/kalbot_brignup) by extensions ['colcon_meta']
[1.172s] Level 1:colcon.colcon_core.package_identification:_identify(src/kalbot_brignup) by extension 'colcon_meta'
[1.172s] Level 1:colcon.colcon_core.package_identification:_identify(src/kalbot_brignup) by extensions ['ros']
[1.172s] Level 1:colcon.colcon_core.package_identification:_identify(src/kalbot_brignup) by extension 'ros'
[1.184s] DEBUG:colcon.colcon_core.package_identification:Package 'src/kalbot_brignup' with type 'ros.ament_cmake' and name 'kalbot_brignup'
[1.185s] Level 1:colcon.colcon_core.package_identification:_identify(src/kalbot_controller) by extensions ['ignore', 'ignore_ament_install']
[1.185s] Level 1:colcon.colcon_core.package_identification:_identify(src/kalbot_controller) by extension 'ignore'
[1.186s] Level 1:colcon.colcon_core.package_identification:_identify(src/kalbot_controller) by extension 'ignore_ament_install'
[1.186s] Level 1:colcon.colcon_core.package_identification:_identify(src/kalbot_controller) by extensions ['colcon_pkg']
[1.186s] Level 1:colcon.colcon_core.package_identification:_identify(src/kalbot_controller) by extension 'colcon_pkg'
[1.186s] Level 1:colcon.colcon_core.package_identification:_identify(src/kalbot_controller) by extensions ['colcon_meta']
[1.186s] Level 1:colcon.colcon_core.package_identification:_identify(src/kalbot_controller) by extension 'colcon_meta'
[1.187s] Level 1:colcon.colcon_core.package_identification:_identify(src/kalbot_controller) by extensions ['ros']
[1.187s] Level 1:colcon.colcon_core.package_identification:_identify(src/kalbot_controller) by extension 'ros'
[1.191s] DEBUG:colcon.colcon_core.package_identification:Package 'src/kalbot_controller' with type 'ros.ament_python' and name 'kalbot_controller'
[1.192s] Level 1:colcon.colcon_core.package_identification:_identify(src/kalbot_interfaces) by extensions ['ignore', 'ignore_ament_install']
[1.192s] Level 1:colcon.colcon_core.package_identification:_identify(src/kalbot_interfaces) by extension 'ignore'
[1.192s] Level 1:colcon.colcon_core.package_identification:_identify(src/kalbot_interfaces) by extension 'ignore_ament_install'
[1.193s] Level 1:colcon.colcon_core.package_identification:_identify(src/kalbot_interfaces) by extensions ['colcon_pkg']
[1.193s] Level 1:colcon.colcon_core.package_identification:_identify(src/kalbot_interfaces) by extension 'colcon_pkg'
[1.193s] Level 1:colcon.colcon_core.package_identification:_identify(src/kalbot_interfaces) by extensions ['colcon_meta']
[1.193s] Level 1:colcon.colcon_core.package_identification:_identify(src/kalbot_interfaces) by extension 'colcon_meta'
[1.194s] Level 1:colcon.colcon_core.package_identification:_identify(src/kalbot_interfaces) by extensions ['ros']
[1.194s] Level 1:colcon.colcon_core.package_identification:_identify(src/kalbot_interfaces) by extension 'ros'
[1.196s] DEBUG:colcon.colcon_core.package_identification:Package 'src/kalbot_interfaces' with type 'ros.ament_cmake' and name 'kalbot_interfaces'
[1.197s] Level 1:colcon.colcon_core.package_identification:_identify(src/keyboard_controller) by extensions ['ignore', 'ignore_ament_install']
[1.197s] Level 1:colcon.colcon_core.package_identification:_identify(src/keyboard_controller) by extension 'ignore'
[1.198s] Level 1:colcon.colcon_core.package_identification:_identify(src/keyboard_controller) by extension 'ignore_ament_install'
[1.198s] Level 1:colcon.colcon_core.package_identification:_identify(src/keyboard_controller) by extensions ['colcon_pkg']
[1.198s] Level 1:colcon.colcon_core.package_identification:_identify(src/keyboard_controller) by extension 'colcon_pkg'
[1.198s] Level 1:colcon.colcon_core.package_identification:_identify(src/keyboard_controller) by extensions ['colcon_meta']
[1.198s] Level 1:colcon.colcon_core.package_identification:_identify(src/keyboard_controller) by extension 'colcon_meta'
[1.199s] Level 1:colcon.colcon_core.package_identification:_identify(src/keyboard_controller) by extensions ['ros']
[1.199s] Level 1:colcon.colcon_core.package_identification:_identify(src/keyboard_controller) by extension 'ros'
[1.203s] DEBUG:colcon.colcon_core.package_identification:Package 'src/keyboard_controller' with type 'ros.ament_python' and name 'keyboard_controller'
[1.203s] Level 1:colcon.colcon_core.package_discovery:discover_packages(recursive) using defaults
[1.205s] Level 1:colcon.colcon_core.package_discovery:discover_packages(ignore) discover
[1.205s] Level 1:colcon.colcon_core.package_discovery:discover_packages(ignore) using defaults
[1.205s] Level 1:colcon.colcon_core.package_discovery:discover_packages(path) discover
[1.205s] Level 1:colcon.colcon_core.package_discovery:discover_packages(path) using defaults
[1.306s] Level 1:colcon.colcon_core.package_discovery:discover_packages(prefix_path) check parameters
[1.306s] Level 1:colcon.colcon_core.package_discovery:discover_packages(prefix_path) discover
[1.326s] DEBUG:colcon.colcon_installed_package_information.package_discovery:Found 232 installed packages in /opt/ros/eloquent
[1.337s] Level 1:colcon.colcon_core.package_discovery:discover_packages(prefix_path) using defaults
[1.682s] Level 5:colcon.colcon_core.verb:set package 'kalbot_brignup' build argument 'cmake_args' from command line to 'None'
[1.682s] Level 5:colcon.colcon_core.verb:set package 'kalbot_brignup' build argument 'cmake_target' from command line to 'None'
[1.682s] Level 5:colcon.colcon_core.verb:set package 'kalbot_brignup' build argument 'cmake_target_skip_unavailable' from command line to 'False'
[1.682s] Level 5:colcon.colcon_core.verb:set package 'kalbot_brignup' build argument 'cmake_clean_cache' from command line to 'False'
[1.683s] Level 5:colcon.colcon_core.verb:set package 'kalbot_brignup' build argument 'cmake_clean_first' from command line to 'False'
[1.683s] Level 5:colcon.colcon_core.verb:set package 'kalbot_brignup' build argument 'cmake_force_configure' from command line to 'False'
[1.683s] Level 5:colcon.colcon_core.verb:set package 'kalbot_brignup' build argument 'ament_cmake_args' from command line to 'None'
[1.683s] Level 5:colcon.colcon_core.verb:set package 'kalbot_brignup' build argument 'catkin_cmake_args' from command line to 'None'
[1.683s] Level 5:colcon.colcon_core.verb:set package 'kalbot_brignup' build argument 'catkin_skip_building_tests' from command line to 'False'
[1.683s] DEBUG:colcon.colcon_core.verb:Building package 'kalbot_brignup' with the following arguments: {'ament_cmake_args': None, 'build_base': '/home/alibaba/ros2_repos/build/kalbot_brignup', 'catkin_cmake_args': None, 'catkin_skip_building_tests': False, 'cmake_args': None, 'cmake_clean_cache': False, 'cmake_clean_first': False, 'cmake_force_configure': False, 'cmake_target': None, 'cmake_target_skip_unavailable': False, 'install_base': '/home/alibaba/ros2_repos/install/kalbot_brignup', 'merge_install': False, 'path': '/home/alibaba/ros2_repos/src/kalbot_brignup', 'symlink_install': False, 'test_result_base': None}
[1.690s] Level 5:colcon.colcon_core.verb:set package 'kalbot_interfaces' build argument 'cmake_args' from command line to 'None'
[1.690s] Level 5:colcon.colcon_core.verb:set package 'kalbot_interfaces' build argument 'cmake_target' from command line to 'None'
[1.691s] Level 5:colcon.colcon_core.verb:set package 'kalbot_interfaces' build argument 'cmake_target_skip_unavailable' from command line to 'False'
[1.691s] Level 5:colcon.colcon_core.verb:set package 'kalbot_interfaces' build argument 'cmake_clean_cache' from command line to 'False'
[1.691s] Level 5:colcon.colcon_core.verb:set package 'kalbot_interfaces' build argument 'cmake_clean_first' from command line to 'False'
[1.691s] Level 5:colcon.colcon_core.verb:set package 'kalbot_interfaces' build argument 'cmake_force_configure' from command line to 'False'
[1.691s] Level 5:colcon.colcon_core.verb:set package 'kalbot_interfaces' build argument 'ament_cmake_args' from command line to 'None'
[1.691s] Level 5:colcon.colcon_core.verb:set package 'kalbot_interfaces' build argument 'catkin_cmake_args' from command line to 'None'
[1.692s] Level 5:colcon.colcon_core.verb:set package 'kalbot_interfaces' build argument 'catkin_skip_building_tests' from command line to 'False'
[1.692s] DEBUG:colcon.colcon_core.verb:Building package 'kalbot_interfaces' with the following arguments: {'ament_cmake_args': None, 'build_base': '/home/alibaba/ros2_repos/build/kalbot_interfaces', 'catkin_cmake_args': None, 'catkin_skip_building_tests': False, 'cmake_args': None, 'cmake_clean_cache': False, 'cmake_clean_first': False, 'cmake_force_configure': False, 'cmake_target': None, 'cmake_target_skip_unavailable': False, 'install_base': '/home/alibaba/ros2_repos/install/kalbot_interfaces', 'merge_install': False, 'path': '/home/alibaba/ros2_repos/src/kalbot_interfaces', 'symlink_install': False, 'test_result_base': None}
[1.698s] Level 5:colcon.colcon_core.verb:set package 'kalbot_controller' build argument 'cmake_args' from command line to 'None'
[1.698s] Level 5:colcon.colcon_core.verb:set package 'kalbot_controller' build argument 'cmake_target' from command line to 'None'
[1.698s] Level 5:colcon.colcon_core.verb:set package 'kalbot_controller' build argument 'cmake_target_skip_unavailable' from command line to 'False'
[1.699s] Level 5:colcon.colcon_core.verb:set package 'kalbot_controller' build argument 'cmake_clean_cache' from command line to 'False'
[1.699s] Level 5:colcon.colcon_core.verb:set package 'kalbot_controller' build argument 'cmake_clean_first' from command line to 'False'
[1.699s] Level 5:colcon.colcon_core.verb:set package 'kalbot_controller' build argument 'cmake_force_configure' from command line to 'False'
[1.699s] Level 5:colcon.colcon_core.verb:set package 'kalbot_controller' build argument 'ament_cmake_args' from command line to 'None'
[1.699s] Level 5:colcon.colcon_core.verb:set package 'kalbot_controller' build argument 'catkin_cmake_args' from command line to 'None'
[1.700s] Level 5:colcon.colcon_core.verb:set package 'kalbot_controller' build argument 'catkin_skip_building_tests' from command line to 'False'
[1.700s] DEBUG:colcon.colcon_core.verb:Building package 'kalbot_controller' with the following arguments: {'ament_cmake_args': None, 'build_base': '/home/alibaba/ros2_repos/build/kalbot_controller', 'catkin_cmake_args': None, 'catkin_skip_building_tests': False, 'cmake_args': None, 'cmake_clean_cache': False, 'cmake_clean_first': False, 'cmake_force_configure': False, 'cmake_target': None, 'cmake_target_skip_unavailable': False, 'install_base': '/home/alibaba/ros2_repos/install/kalbot_controller', 'merge_install': False, 'path': '/home/alibaba/ros2_repos/src/kalbot_controller', 'symlink_install': False, 'test_result_base': None}
[1.706s] Level 5:colcon.colcon_core.verb:set package 'keyboard_controller' build argument 'cmake_args' from command line to 'None'
[1.706s] Level 5:colcon.colcon_core.verb:set package 'keyboard_controller' build argument 'cmake_target' from command line to 'None'
[1.706s] Level 5:colcon.colcon_core.verb:set package 'keyboard_controller' build argument 'cmake_target_skip_unavailable' from command line to 'False'
[1.706s] Level 5:colcon.colcon_core.verb:set package 'keyboard_controller' build argument 'cmake_clean_cache' from command line to 'False'
[1.707s] Level 5:colcon.colcon_core.verb:set package 'keyboard_controller' build argument 'cmake_clean_first' from command line to 'False'
[1.707s] Level 5:colcon.colcon_core.verb:set package 'keyboard_controller' build argument 'cmake_force_configure' from command line to 'False'
[1.707s] Level 5:colcon.colcon_core.verb:set package 'keyboard_controller' build argument 'ament_cmake_args' from command line to 'None'
[1.707s] Level 5:colcon.colcon_core.verb:set package 'keyboard_controller' build argument 'catkin_cmake_args' from command line to 'None'
[1.707s] Level 5:colcon.colcon_core.verb:set package 'keyboard_controller' build argument 'catkin_skip_building_tests' from command line to 'False'
[1.707s] DEBUG:colcon.colcon_core.verb:Building package 'keyboard_controller' with the following arguments: {'ament_cmake_args': None, 'build_base': '/home/alibaba/ros2_repos/build/keyboard_controller', 'catkin_cmake_args': None, 'catkin_skip_building_tests': False, 'cmake_args': None, 'cmake_clean_cache': False, 'cmake_clean_first': False, 'cmake_force_configure': False, 'cmake_target': None, 'cmake_target_skip_unavailable': False, 'install_base': '/home/alibaba/ros2_repos/install/keyboard_controller', 'merge_install': False, 'path': '/home/alibaba/ros2_repos/src/keyboard_controller', 'symlink_install': False, 'test_result_base': None}
[1.711s] INFO:colcon.colcon_core.executor:Executing jobs using 'parallel' executor
[1.730s] DEBUG:colcon.colcon_parallel_executor.executor.parallel:run_until_complete
[1.734s] INFO:colcon.colcon_ros.task.ament_cmake.build:Building ROS package in '/home/alibaba/ros2_repos/src/kalbot_interfaces' with build type 'ament_cmake'
[1.735s] INFO:colcon.colcon_cmake.task.cmake.build:Building CMake package in '/home/alibaba/ros2_repos/src/kalbot_interfaces'
[1.756s] INFO:colcon.colcon_core.plugin_system:Skipping extension 'colcon_core.shell.bat': Not used on non-Windows systems
[1.757s] INFO:colcon.colcon_core.shell:Skip shell extension 'powershell' for command environment: Not usable outside of PowerShell
[1.757s] DEBUG:colcon.colcon_core.shell:Skip shell extension 'dsv' for command environment
[1.781s] INFO:colcon.colcon_ros.task.ament_cmake.build:Building ROS package in '/home/alibaba/ros2_repos/src/kalbot_brignup' with build type 'ament_cmake'
[1.782s] INFO:colcon.colcon_cmake.task.cmake.build:Building CMake package in '/home/alibaba/ros2_repos/src/kalbot_brignup'
[1.790s] INFO:colcon.colcon_core.shell:Skip shell extension 'powershell' for command environment: Not usable outside of PowerShell
[1.791s] DEBUG:colcon.colcon_core.shell:Skip shell extension 'dsv' for command environment
[1.834s] DEBUG:colcon.colcon_core.event_handler.log_command:Invoking command in '/home/alibaba/ros2_repos/build/kalbot_interfaces': CMAKE_PREFIX_PATH=/opt/ros/eloquent /usr/bin/cmake --build /home/alibaba/ros2_repos/build/kalbot_interfaces -- -j4 -l4
[1.863s] DEBUG:colcon.colcon_core.event_handler.log_command:Invoking command in '/home/alibaba/ros2_repos/build/kalbot_brignup': CMAKE_PREFIX_PATH=/opt/ros/eloquent /usr/bin/cmake --build /home/alibaba/ros2_repos/build/kalbot_brignup -- -j4 -l4
[2.064s] DEBUG:colcon.colcon_core.event_handler.log_command:Invoked command in '/home/alibaba/ros2_repos/build/kalbot_brignup' returned '0': CMAKE_PREFIX_PATH=/opt/ros/eloquent /usr/bin/cmake --build /home/alibaba/ros2_repos/build/kalbot_brignup -- -j4 -l4
[2.249s] DEBUG:colcon.colcon_core.event_handler.log_command:Invoking command in '/home/alibaba/ros2_repos/build/kalbot_brignup': CMAKE_PREFIX_PATH=/opt/ros/eloquent /usr/bin/cmake --build /home/alibaba/ros2_repos/build/kalbot_brignup --target install -- -j4 -l4
[2.513s] Level 1:colcon.colcon_core.environment:create_environment_scripts_only(kalbot_brignup)
[2.516s] DEBUG:colcon.colcon_core.event_handler.log_command:Invoked command in '/home/alibaba/ros2_repos/build/kalbot_brignup' returned '0': CMAKE_PREFIX_PATH=/opt/ros/eloquent /usr/bin/cmake --build /home/alibaba/ros2_repos/build/kalbot_brignup --target install -- -j4 -l4
[2.546s] Level 1:colcon.colcon_core.environment:checking '/home/alibaba/ros2_repos/install/kalbot_brignup' for CMake module files
[2.550s] Level 1:colcon.colcon_core.environment:checking '/home/alibaba/ros2_repos/install/kalbot_brignup' for CMake config files
[2.551s] Level 1:colcon.colcon_core.shell:create_environment_hook('kalbot_brignup', 'cmake_prefix_path')
[2.559s] INFO:colcon.colcon_core.shell:Creating environment hook '/home/alibaba/ros2_repos/install/kalbot_brignup/share/kalbot_brignup/hook/cmake_prefix_path.ps1'
[2.563s] INFO:colcon.colcon_core.shell:Creating environment descriptor '/home/alibaba/ros2_repos/install/kalbot_brignup/share/kalbot_brignup/hook/cmake_prefix_path.dsv'
[2.565s] INFO:colcon.colcon_core.shell:Creating environment hook '/home/alibaba/ros2_repos/install/kalbot_brignup/share/kalbot_brignup/hook/cmake_prefix_path.sh'
[2.571s] Level 1:colcon.colcon_core.environment:checking '/home/alibaba/ros2_repos/install/kalbot_brignup/bin'
[2.572s] Level 1:colcon.colcon_core.environment:checking '/home/alibaba/ros2_repos/install/kalbot_brignup/lib/pkgconfig/kalbot_brignup.pc'
[2.573s] Level 1:colcon.colcon_core.environment:checking '/home/alibaba/ros2_repos/install/kalbot_brignup/lib/python3.6/site-packages'
[2.574s] Level 1:colcon.colcon_core.environment:checking '/home/alibaba/ros2_repos/install/kalbot_brignup/bin'
[2.582s] INFO:colcon.colcon_core.shell:Creating package script '/home/alibaba/ros2_repos/install/kalbot_brignup/share/kalbot_brignup/package.ps1'
[2.588s] INFO:colcon.colcon_core.shell:Creating package descriptor '/home/alibaba/ros2_repos/install/kalbot_brignup/share/kalbot_brignup/package.dsv'
[2.592s] INFO:colcon.colcon_core.shell:Creating package script '/home/alibaba/ros2_repos/install/kalbot_brignup/share/kalbot_brignup/package.sh'
[2.598s] INFO:colcon.colcon_core.shell:Creating package script '/home/alibaba/ros2_repos/install/kalbot_brignup/share/kalbot_brignup/package.bash'
[2.602s] INFO:colcon.colcon_core.shell:Creating package script '/home/alibaba/ros2_repos/install/kalbot_brignup/share/kalbot_brignup/package.zsh'
[2.607s] Level 1:colcon.colcon_core.environment:create_file_with_runtime_dependencies(/home/alibaba/ros2_repos/install/kalbot_brignup/share/colcon-core/packages/kalbot_brignup)
[2.695s] Level 1:colcon.colcon_core.environment:create_environment_scripts_only(kalbot_brignup)
[2.707s] Level 1:colcon.colcon_core.environment:checking '/home/alibaba/ros2_repos/install/kalbot_brignup' for CMake module files
[2.711s] Level 1:colcon.colcon_core.environment:checking '/home/alibaba/ros2_repos/install/kalbot_brignup' for CMake config files
[2.712s] Level 1:colcon.colcon_core.shell:create_environment_hook('kalbot_brignup', 'cmake_prefix_path')
[2.721s] INFO:colcon.colcon_core.shell:Creating environment hook '/home/alibaba/ros2_repos/install/kalbot_brignup/share/kalbot_brignup/hook/cmake_prefix_path.ps1'
[2.724s] INFO:colcon.colcon_core.shell:Creating environment descriptor '/home/alibaba/ros2_repos/install/kalbot_brignup/share/kalbot_brignup/hook/cmake_prefix_path.dsv'
[2.727s] INFO:colcon.colcon_core.shell:Creating environment hook '/home/alibaba/ros2_repos/install/kalbot_brignup/share/kalbot_brignup/hook/cmake_prefix_path.sh'
[2.731s] Level 1:colcon.colcon_core.environment:checking '/home/alibaba/ros2_repos/install/kalbot_brignup/bin'
[2.732s] Level 1:colcon.colcon_core.environment:checking '/home/alibaba/ros2_repos/install/kalbot_brignup/lib/pkgconfig/kalbot_brignup.pc'
[2.733s] Level 1:colcon.colcon_core.environment:checking '/home/alibaba/ros2_repos/install/kalbot_brignup/lib/python3.6/site-packages'
[2.734s] Level 1:colcon.colcon_core.environment:checking '/home/alibaba/ros2_repos/install/kalbot_brignup/bin'
[2.745s] INFO:colcon.colcon_core.shell:Creating package script '/home/alibaba/ros2_repos/install/kalbot_brignup/share/kalbot_brignup/package.ps1'
[2.751s] INFO:colcon.colcon_core.shell:Creating package descriptor '/home/alibaba/ros2_repos/install/kalbot_brignup/share/kalbot_brignup/package.dsv'
[2.755s] INFO:colcon.colcon_core.shell:Creating package script '/home/alibaba/ros2_repos/install/kalbot_brignup/share/kalbot_brignup/package.sh'
[2.759s] INFO:colcon.colcon_core.shell:Creating package script '/home/alibaba/ros2_repos/install/kalbot_brignup/share/kalbot_brignup/package.bash'
[2.762s] INFO:colcon.colcon_core.shell:Creating package script '/home/alibaba/ros2_repos/install/kalbot_brignup/share/kalbot_brignup/package.zsh'
[2.765s] Level 1:colcon.colcon_core.environment:create_file_with_runtime_dependencies(/home/alibaba/ros2_repos/install/kalbot_brignup/share/colcon-core/packages/kalbot_brignup)
[2.920s] DEBUG:colcon.colcon_core.event_handler.log_command:Invoked command in '/home/alibaba/ros2_repos/build/kalbot_interfaces' returned '0': CMAKE_PREFIX_PATH=/opt/ros/eloquent /usr/bin/cmake --build /home/alibaba/ros2_repos/build/kalbot_interfaces -- -j4 -l4
[3.145s] DEBUG:colcon.colcon_core.event_handler.log_command:Invoking command in '/home/alibaba/ros2_repos/build/kalbot_interfaces': CMAKE_PREFIX_PATH=/opt/ros/eloquent /usr/bin/cmake --build /home/alibaba/ros2_repos/build/kalbot_interfaces --target install -- -j4 -l4
[4.422s] Level 1:colcon.colcon_core.environment:create_environment_scripts_only(kalbot_interfaces)
[4.436s] Level 1:colcon.colcon_core.environment:checking '/home/alibaba/ros2_repos/install/kalbot_interfaces' for CMake module files
[4.438s] DEBUG:colcon.colcon_core.event_handler.log_command:Invoked command in '/home/alibaba/ros2_repos/build/kalbot_interfaces' returned '0': CMAKE_PREFIX_PATH=/opt/ros/eloquent /usr/bin/cmake --build /home/alibaba/ros2_repos/build/kalbot_interfaces --target install -- -j4 -l4
[4.440s] Level 1:colcon.colcon_core.environment:checking '/home/alibaba/ros2_repos/install/kalbot_interfaces' for CMake config files
[4.444s] Level 1:colcon.colcon_core.shell:create_environment_hook('kalbot_interfaces', 'cmake_prefix_path')
[4.451s] INFO:colcon.colcon_core.shell:Creating environment hook '/home/alibaba/ros2_repos/install/kalbot_interfaces/share/kalbot_interfaces/hook/cmake_prefix_path.ps1'
[4.454s] INFO:colcon.colcon_core.shell:Creating environment descriptor '/home/alibaba/ros2_repos/install/kalbot_interfaces/share/kalbot_interfaces/hook/cmake_prefix_path.dsv'
[4.456s] INFO:colcon.colcon_core.shell:Creating environment hook '/home/alibaba/ros2_repos/install/kalbot_interfaces/share/kalbot_interfaces/hook/cmake_prefix_path.sh'
[4.459s] Level 1:colcon.colcon_core.environment:checking '/home/alibaba/ros2_repos/install/kalbot_interfaces/lib'
[4.460s] Level 1:colcon.colcon_core.shell:create_environment_hook('kalbot_interfaces', 'ld_library_path_lib')
[4.468s] INFO:colcon.colcon_core.shell:Creating environment hook '/home/alibaba/ros2_repos/install/kalbot_interfaces/share/kalbot_interfaces/hook/ld_library_path_lib.ps1'
[4.470s] INFO:colcon.colcon_core.shell:Creating environment descriptor '/home/alibaba/ros2_repos/install/kalbot_interfaces/share/kalbot_interfaces/hook/ld_library_path_lib.dsv'
[4.471s] INFO:colcon.colcon_core.shell:Creating environment hook '/home/alibaba/ros2_repos/install/kalbot_interfaces/share/kalbot_interfaces/hook/ld_library_path_lib.sh'
[4.472s] Level 1:colcon.colcon_core.environment:checking '/home/alibaba/ros2_repos/install/kalbot_interfaces/bin'
[4.473s] Level 1:colcon.colcon_core.environment:checking '/home/alibaba/ros2_repos/install/kalbot_interfaces/lib/pkgconfig/kalbot_interfaces.pc'
[4.474s] Level 1:colcon.colcon_core.environment:checking '/home/alibaba/ros2_repos/install/kalbot_interfaces/lib/python3.6/site-packages'
[4.474s] Level 1:colcon.colcon_core.shell:create_environment_hook('kalbot_interfaces', 'pythonpath')
[4.482s] INFO:colcon.colcon_core.shell:Creating environment hook '/home/alibaba/ros2_repos/install/kalbot_interfaces/share/kalbot_interfaces/hook/pythonpath.ps1'
[4.484s] INFO:colcon.colcon_core.shell:Creating environment descriptor '/home/alibaba/ros2_repos/install/kalbot_interfaces/share/kalbot_interfaces/hook/pythonpath.dsv'
[4.485s] INFO:colcon.colcon_core.shell:Creating environment hook '/home/alibaba/ros2_repos/install/kalbot_interfaces/share/kalbot_interfaces/hook/pythonpath.sh'
[4.487s] Level 1:colcon.colcon_core.environment:checking '/home/alibaba/ros2_repos/install/kalbot_interfaces/bin'
[4.496s] INFO:colcon.colcon_core.shell:Creating package script '/home/alibaba/ros2_repos/install/kalbot_interfaces/share/kalbot_interfaces/package.ps1'
[4.499s] INFO:colcon.colcon_core.shell:Creating package descriptor '/home/alibaba/ros2_repos/install/kalbot_interfaces/share/kalbot_interfaces/package.dsv'
[4.501s] INFO:colcon.colcon_core.shell:Creating package script '/home/alibaba/ros2_repos/install/kalbot_interfaces/share/kalbot_interfaces/package.sh'
[4.503s] INFO:colcon.colcon_core.shell:Creating package script '/home/alibaba/ros2_repos/install/kalbot_interfaces/share/kalbot_interfaces/package.bash'
[4.505s] INFO:colcon.colcon_core.shell:Creating package script '/home/alibaba/ros2_repos/install/kalbot_interfaces/share/kalbot_interfaces/package.zsh'
[4.506s] Level 1:colcon.colcon_core.environment:create_file_with_runtime_dependencies(/home/alibaba/ros2_repos/install/kalbot_interfaces/share/colcon-core/packages/kalbot_interfaces)
[4.731s] Level 1:colcon.colcon_core.environment:create_environment_scripts_only(kalbot_interfaces)
[4.742s] Level 1:colcon.colcon_core.environment:checking '/home/alibaba/ros2_repos/install/kalbot_interfaces' for CMake module files
[4.746s] Level 1:colcon.colcon_core.environment:checking '/home/alibaba/ros2_repos/install/kalbot_interfaces' for CMake config files
[4.749s] Level 1:colcon.colcon_core.shell:create_environment_hook('kalbot_interfaces', 'cmake_prefix_path')
[4.757s] INFO:colcon.colcon_core.shell:Creating environment hook '/home/alibaba/ros2_repos/install/kalbot_interfaces/share/kalbot_interfaces/hook/cmake_prefix_path.ps1'
[4.760s] INFO:colcon.colcon_core.shell:Creating environment descriptor '/home/alibaba/ros2_repos/install/kalbot_interfaces/share/kalbot_interfaces/hook/cmake_prefix_path.dsv'
[4.761s] INFO:colcon.colcon_core.shell:Creating environment hook '/home/alibaba/ros2_repos/install/kalbot_interfaces/share/kalbot_interfaces/hook/cmake_prefix_path.sh'
[4.766s] Level 1:colcon.colcon_core.environment:checking '/home/alibaba/ros2_repos/install/kalbot_interfaces/lib'
[4.766s] Level 1:colcon.colcon_core.shell:create_environment_hook('kalbot_interfaces', 'ld_library_path_lib')
[4.774s] INFO:colcon.colcon_core.shell:Creating environment hook '/home/alibaba/ros2_repos/install/kalbot_interfaces/share/kalbot_interfaces/hook/ld_library_path_lib.ps1'
[4.775s] INFO:colcon.colcon_core.shell:Creating environment descriptor '/home/alibaba/ros2_repos/install/kalbot_interfaces/share/kalbot_interfaces/hook/ld_library_path_lib.dsv'
[4.777s] INFO:colcon.colcon_core.shell:Creating environment hook '/home/alibaba/ros2_repos/install/kalbot_interfaces/share/kalbot_interfaces/hook/ld_library_path_lib.sh'
[4.778s] Level 1:colcon.colcon_core.environment:checking '/home/alibaba/ros2_repos/install/kalbot_interfaces/bin'
[4.779s] Level 1:colcon.colcon_core.environment:checking '/home/alibaba/ros2_repos/install/kalbot_interfaces/lib/pkgconfig/kalbot_interfaces.pc'
[4.780s] Level 1:colcon.colcon_core.environment:checking '/home/alibaba/ros2_repos/install/kalbot_interfaces/lib/python3.6/site-packages'
[4.780s] Level 1:colcon.colcon_core.shell:create_environment_hook('kalbot_interfaces', 'pythonpath')
[4.787s] INFO:colcon.colcon_core.shell:Creating environment hook '/home/alibaba/ros2_repos/install/kalbot_interfaces/share/kalbot_interfaces/hook/pythonpath.ps1'
[4.789s] INFO:colcon.colcon_core.shell:Creating environment descriptor '/home/alibaba/ros2_repos/install/kalbot_interfaces/share/kalbot_interfaces/hook/pythonpath.dsv'
[4.790s] INFO:colcon.colcon_core.shell:Creating environment hook '/home/alibaba/ros2_repos/install/kalbot_interfaces/share/kalbot_interfaces/hook/pythonpath.sh'
[4.792s] Level 1:colcon.colcon_core.environment:checking '/home/alibaba/ros2_repos/install/kalbot_interfaces/bin'
[4.801s] INFO:colcon.colcon_core.shell:Creating package script '/home/alibaba/ros2_repos/install/kalbot_interfaces/share/kalbot_interfaces/package.ps1'
[4.804s] INFO:colcon.colcon_core.shell:Creating package descriptor '/home/alibaba/ros2_repos/install/kalbot_interfaces/share/kalbot_interfaces/package.dsv'
[4.807s] INFO:colcon.colcon_core.shell:Creating package script '/home/alibaba/ros2_repos/install/kalbot_interfaces/share/kalbot_interfaces/package.sh'
[4.811s] INFO:colcon.colcon_core.shell:Creating package script '/home/alibaba/ros2_repos/install/kalbot_interfaces/share/kalbot_interfaces/package.bash'
[4.813s] INFO:colcon.colcon_core.shell:Creating package script '/home/alibaba/ros2_repos/install/kalbot_interfaces/share/kalbot_interfaces/package.zsh'
[4.815s] Level 1:colcon.colcon_core.environment:create_file_with_runtime_dependencies(/home/alibaba/ros2_repos/install/kalbot_interfaces/share/colcon-core/packages/kalbot_interfaces)
[4.816s] INFO:colcon.colcon_ros.task.ament_python.build:Building ROS package in '/home/alibaba/ros2_repos/src/kalbot_controller' with build type 'ament_python'
[4.817s] Level 1:colcon.colcon_core.shell:create_environment_hook('kalbot_controller', 'ament_prefix_path')
[4.825s] INFO:colcon.colcon_core.shell:Creating environment hook '/home/alibaba/ros2_repos/install/kalbot_controller/share/kalbot_controller/hook/ament_prefix_path.ps1'
[4.827s] INFO:colcon.colcon_core.shell:Creating environment descriptor '/home/alibaba/ros2_repos/install/kalbot_controller/share/kalbot_controller/hook/ament_prefix_path.dsv'
[4.830s] INFO:colcon.colcon_core.shell:Creating environment hook '/home/alibaba/ros2_repos/install/kalbot_controller/share/kalbot_controller/hook/ament_prefix_path.sh'
[4.839s] INFO:colcon.colcon_core.shell:Skip shell extension 'powershell' for command environment: Not usable outside of PowerShell
[4.840s] DEBUG:colcon.colcon_core.shell:Skip shell extension 'dsv' for command environment
[4.866s] INFO:colcon.colcon_ros.task.ament_python.build:Building ROS package in '/home/alibaba/ros2_repos/src/keyboard_controller' with build type 'ament_python'
[4.867s] Level 1:colcon.colcon_core.shell:create_environment_hook('keyboard_controller', 'ament_prefix_path')
[4.876s] INFO:colcon.colcon_core.shell:Creating environment hook '/home/alibaba/ros2_repos/install/keyboard_controller/share/keyboard_controller/hook/ament_prefix_path.ps1'
[4.879s] INFO:colcon.colcon_core.shell:Creating environment descriptor '/home/alibaba/ros2_repos/install/keyboard_controller/share/keyboard_controller/hook/ament_prefix_path.dsv'
[4.880s] INFO:colcon.colcon_core.shell:Creating environment hook '/home/alibaba/ros2_repos/install/keyboard_controller/share/keyboard_controller/hook/ament_prefix_path.sh'
[4.889s] INFO:colcon.colcon_core.shell:Skip shell extension 'powershell' for command environment: Not usable outside of PowerShell
[4.889s] DEBUG:colcon.colcon_core.shell:Skip shell extension 'dsv' for command environment
[6.053s] INFO:colcon.colcon_core.task.python.build:Building Python package in '/home/alibaba/ros2_repos/src/kalbot_controller'
[6.061s] INFO:colcon.colcon_core.shell:Skip shell extension 'powershell' for command environment: Not usable outside of PowerShell
[6.061s] DEBUG:colcon.colcon_core.shell:Skip shell extension 'dsv' for command environment
[7.261s] INFO:colcon.colcon_core.task.python.build:Building Python package in '/home/alibaba/ros2_repos/src/keyboard_controller'
[7.269s] INFO:colcon.colcon_core.shell:Skip shell extension 'powershell' for command environment: Not usable outside of PowerShell
[7.270s] DEBUG:colcon.colcon_core.shell:Skip shell extension 'dsv' for command environment
[9.074s] DEBUG:colcon.colcon_core.event_handler.log_command:Invoking command in '/home/alibaba/ros2_repos/src/kalbot_controller': AMENT_PREFIX_PATH=/home/alibaba/ros2_repos/install/kalbot_interfaces:${AMENT_PREFIX_PATH} CMAKE_PREFIX_PATH=/home/alibaba/ros2_repos/install/kalbot_interfaces LD_LIBRARY_PATH=/home/alibaba/ros2_repos/install/kalbot_interfaces/lib:${LD_LIBRARY_PATH} PYTHONPATH=/home/alibaba/ros2_repos/build/kalbot_controller/prefix_override:/home/alibaba/ros2_repos/install/kalbot_controller/lib/python3.6/site-packages:/home/alibaba/ros2_repos/install/kalbot_interfaces/lib/python3.6/site-packages:${PYTHONPATH} /usr/bin/python3 setup.py egg_info --egg-base ../../build/kalbot_controller build --build-base /home/alibaba/ros2_repos/build/kalbot_controller/build install --record /home/alibaba/ros2_repos/build/kalbot_controller/install.log --single-version-externally-managed
[9.095s] DEBUG:colcon.colcon_core.event_handler.log_command:Invoking command in '/home/alibaba/ros2_repos/src/keyboard_controller': AMENT_PREFIX_PATH=/home/alibaba/ros2_repos/install/kalbot_interfaces:${AMENT_PREFIX_PATH} CMAKE_PREFIX_PATH=/home/alibaba/ros2_repos/install/kalbot_interfaces LD_LIBRARY_PATH=/home/alibaba/ros2_repos/install/kalbot_interfaces/lib:${LD_LIBRARY_PATH} PYTHONPATH=/home/alibaba/ros2_repos/build/keyboard_controller/prefix_override:/home/alibaba/ros2_repos/install/keyboard_controller/lib/python3.6/site-packages:/home/alibaba/ros2_repos/install/kalbot_interfaces/lib/python3.6/site-packages:${PYTHONPATH} /usr/bin/python3 setup.py egg_info --egg-base ../../build/keyboard_controller build --build-base /home/alibaba/ros2_repos/build/keyboard_controller/build install --record /home/alibaba/ros2_repos/build/keyboard_controller/install.log --single-version-externally-managed
[10.678s] DEBUG:colcon.colcon_core.event_handler.log_command:Invoked command in '/home/alibaba/ros2_repos/src/kalbot_controller' returned '0': AMENT_PREFIX_PATH=/home/alibaba/ros2_repos/install/kalbot_interfaces:${AMENT_PREFIX_PATH} CMAKE_PREFIX_PATH=/home/alibaba/ros2_repos/install/kalbot_interfaces LD_LIBRARY_PATH=/home/alibaba/ros2_repos/install/kalbot_interfaces/lib:${LD_LIBRARY_PATH} PYTHONPATH=/home/alibaba/ros2_repos/build/kalbot_controller/prefix_override:/home/alibaba/ros2_repos/install/kalbot_controller/lib/python3.6/site-packages:/home/alibaba/ros2_repos/install/kalbot_interfaces/lib/python3.6/site-packages:${PYTHONPATH} /usr/bin/python3 setup.py egg_info --egg-base ../../build/kalbot_controller build --build-base /home/alibaba/ros2_repos/build/kalbot_controller/build install --record /home/alibaba/ros2_repos/build/kalbot_controller/install.log --single-version-externally-managed
[10.682s] Level 1:colcon.colcon_core.environment:checking '/home/alibaba/ros2_repos/install/kalbot_controller' for CMake module files
[10.685s] Level 1:colcon.colcon_core.environment:checking '/home/alibaba/ros2_repos/install/kalbot_controller' for CMake config files
[10.689s] Level 1:colcon.colcon_core.environment:checking '/home/alibaba/ros2_repos/install/kalbot_controller/lib'
[10.690s] Level 1:colcon.colcon_core.environment:checking '/home/alibaba/ros2_repos/install/kalbot_controller/bin'
[10.690s] Level 1:colcon.colcon_core.environment:checking '/home/alibaba/ros2_repos/install/kalbot_controller/lib/pkgconfig/kalbot_controller.pc'
[10.691s] Level 1:colcon.colcon_core.environment:checking '/home/alibaba/ros2_repos/install/kalbot_controller/lib/python3.6/site-packages'
[10.691s] Level 1:colcon.colcon_core.shell:create_environment_hook('kalbot_controller', 'pythonpath')
[10.699s] INFO:colcon.colcon_core.shell:Creating environment hook '/home/alibaba/ros2_repos/install/kalbot_controller/share/kalbot_controller/hook/pythonpath.ps1'
[10.702s] INFO:colcon.colcon_core.shell:Creating environment descriptor '/home/alibaba/ros2_repos/install/kalbot_controller/share/kalbot_controller/hook/pythonpath.dsv'
[10.703s] INFO:colcon.colcon_core.shell:Creating environment hook '/home/alibaba/ros2_repos/install/kalbot_controller/share/kalbot_controller/hook/pythonpath.sh'
[10.706s] Level 1:colcon.colcon_core.environment:checking '/home/alibaba/ros2_repos/install/kalbot_controller/bin'
[10.706s] Level 1:colcon.colcon_core.environment:create_environment_scripts_only(kalbot_controller)
[10.714s] INFO:colcon.colcon_core.shell:Creating package script '/home/alibaba/ros2_repos/install/kalbot_controller/share/kalbot_controller/package.ps1'
[10.717s] INFO:colcon.colcon_core.shell:Creating package descriptor '/home/alibaba/ros2_repos/install/kalbot_controller/share/kalbot_controller/package.dsv'
[10.719s] INFO:colcon.colcon_core.shell:Creating package script '/home/alibaba/ros2_repos/install/kalbot_controller/share/kalbot_controller/package.sh'
[10.721s] INFO:colcon.colcon_core.shell:Creating package script '/home/alibaba/ros2_repos/install/kalbot_controller/share/kalbot_controller/package.bash'
[10.723s] INFO:colcon.colcon_core.shell:Creating package script '/home/alibaba/ros2_repos/install/kalbot_controller/share/kalbot_controller/package.zsh'
[10.724s] Level 1:colcon.colcon_core.environment:create_file_with_runtime_dependencies(/home/alibaba/ros2_repos/install/kalbot_controller/share/colcon-core/packages/kalbot_controller)
[10.740s] Level 1:colcon.colcon_core.environment:checking '/home/alibaba/ros2_repos/install/keyboard_controller' for CMake module files
[10.743s] DEBUG:colcon.colcon_core.event_handler.log_command:Invoked command in '/home/alibaba/ros2_repos/src/keyboard_controller' returned '0': AMENT_PREFIX_PATH=/home/alibaba/ros2_repos/install/kalbot_interfaces:${AMENT_PREFIX_PATH} CMAKE_PREFIX_PATH=/home/alibaba/ros2_repos/install/kalbot_interfaces LD_LIBRARY_PATH=/home/alibaba/ros2_repos/install/kalbot_interfaces/lib:${LD_LIBRARY_PATH} PYTHONPATH=/home/alibaba/ros2_repos/build/keyboard_controller/prefix_override:/home/alibaba/ros2_repos/install/keyboard_controller/lib/python3.6/site-packages:/home/alibaba/ros2_repos/install/kalbot_interfaces/lib/python3.6/site-packages:${PYTHONPATH} /usr/bin/python3 setup.py egg_info --egg-base ../../build/keyboard_controller build --build-base /home/alibaba/ros2_repos/build/keyboard_controller/build install --record /home/alibaba/ros2_repos/build/keyboard_controller/install.log --single-version-externally-managed
[10.745s] Level 1:colcon.colcon_core.environment:checking '/home/alibaba/ros2_repos/install/keyboard_controller' for CMake config files
[10.748s] Level 1:colcon.colcon_core.environment:checking '/home/alibaba/ros2_repos/install/keyboard_controller/lib'
[10.749s] Level 1:colcon.colcon_core.environment:checking '/home/alibaba/ros2_repos/install/keyboard_controller/bin'
[10.749s] Level 1:colcon.colcon_core.environment:checking '/home/alibaba/ros2_repos/install/keyboard_controller/lib/pkgconfig/keyboard_controller.pc'
[10.750s] Level 1:colcon.colcon_core.environment:checking '/home/alibaba/ros2_repos/install/keyboard_controller/lib/python3.6/site-packages'
[10.750s] Level 1:colcon.colcon_core.shell:create_environment_hook('keyboard_controller', 'pythonpath')
[10.757s] INFO:colcon.colcon_core.shell:Creating environment hook '/home/alibaba/ros2_repos/install/keyboard_controller/share/keyboard_controller/hook/pythonpath.ps1'
[10.759s] INFO:colcon.colcon_core.shell:Creating environment descriptor '/home/alibaba/ros2_repos/install/keyboard_controller/share/keyboard_controller/hook/pythonpath.dsv'
[10.760s] INFO:colcon.colcon_core.shell:Creating environment hook '/home/alibaba/ros2_repos/install/keyboard_controller/share/keyboard_controller/hook/pythonpath.sh'
[10.762s] Level 1:colcon.colcon_core.environment:checking '/home/alibaba/ros2_repos/install/keyboard_controller/bin'
[10.763s] Level 1:colcon.colcon_core.environment:create_environment_scripts_only(keyboard_controller)
[10.771s] INFO:colcon.colcon_core.shell:Creating package script '/home/alibaba/ros2_repos/install/keyboard_controller/share/keyboard_controller/package.ps1'
[10.773s] INFO:colcon.colcon_core.shell:Creating package descriptor '/home/alibaba/ros2_repos/install/keyboard_controller/share/keyboard_controller/package.dsv'
[10.775s] INFO:colcon.colcon_core.shell:Creating package script '/home/alibaba/ros2_repos/install/keyboard_controller/share/keyboard_controller/package.sh'
[10.776s] INFO:colcon.colcon_core.shell:Creating package script '/home/alibaba/ros2_repos/install/keyboard_controller/share/keyboard_controller/package.bash'
[10.778s] INFO:colcon.colcon_core.shell:Creating package script '/home/alibaba/ros2_repos/install/keyboard_controller/share/keyboard_controller/package.zsh'
[10.779s] Level 1:colcon.colcon_core.environment:create_file_with_runtime_dependencies(/home/alibaba/ros2_repos/install/keyboard_controller/share/colcon-core/packages/keyboard_controller)
[10.780s] DEBUG:colcon.colcon_parallel_executor.executor.parallel:closing loop
[10.783s] DEBUG:colcon.colcon_parallel_executor.executor.parallel:loop closed
[10.783s] DEBUG:colcon.colcon_parallel_executor.executor.parallel:run_until_complete finished with '0'
[10.784s] DEBUG:colcon.colcon_core.event_reactor:joining thread
[10.807s] INFO:colcon.colcon_core.plugin_system:Skipping extension 'colcon_notification.desktop_notification.terminal_notifier': Not used on non-Darwin systems
[10.808s] INFO:colcon.colcon_core.plugin_system:Skipping extension 'colcon_notification.desktop_notification.win32': Not used on non-Windows systems
[10.808s] INFO:colcon.colcon_notification.desktop_notification:Sending desktop notification using 'notify2'
[10.834s] DEBUG:colcon.colcon_core.event_reactor:joined thread
[10.842s] INFO:colcon.colcon_core.shell:Creating prefix script '/home/alibaba/ros2_repos/install/local_setup.ps1'
[10.847s] INFO:colcon.colcon_core.shell:Creating prefix util module '/home/alibaba/ros2_repos/install/_local_setup_util_ps1.py'
[10.857s] INFO:colcon.colcon_core.shell:Creating prefix chain script '/home/alibaba/ros2_repos/install/setup.ps1'
[10.863s] INFO:colcon.colcon_core.shell:Creating prefix script '/home/alibaba/ros2_repos/install/local_setup.sh'
[10.866s] INFO:colcon.colcon_core.shell:Creating prefix util module '/home/alibaba/ros2_repos/install/_local_setup_util_sh.py'
[10.868s] INFO:colcon.colcon_core.shell:Creating prefix chain script '/home/alibaba/ros2_repos/install/setup.sh'
[10.875s] INFO:colcon.colcon_core.shell:Creating prefix script '/home/alibaba/ros2_repos/install/local_setup.bash'
[10.878s] INFO:colcon.colcon_core.shell:Creating prefix chain script '/home/alibaba/ros2_repos/install/setup.bash'
[10.884s] INFO:colcon.colcon_core.shell:Creating prefix script '/home/alibaba/ros2_repos/install/local_setup.zsh'
[10.886s] INFO:colcon.colcon_core.shell:Creating prefix chain script '/home/alibaba/ros2_repos/install/setup.zsh'
