running develop
running egg_info
writing ../../build/tutorial_robot_controller/tutorial_robot_controller.egg-info/PKG-INFO
writing dependency_links to ../../build/tutorial_robot_controller/tutorial_robot_controller.egg-info/dependency_links.txt
writing entry points to ../../build/tutorial_robot_controller/tutorial_robot_controller.egg-info/entry_points.txt
writing requirements to ../../build/tutorial_robot_controller/tutorial_robot_controller.egg-info/requires.txt
writing top-level names to ../../build/tutorial_robot_controller/tutorial_robot_controller.egg-info/top_level.txt
reading manifest file '../../build/tutorial_robot_controller/tutorial_robot_controller.egg-info/SOURCES.txt'
writing manifest file '../../build/tutorial_robot_controller/tutorial_robot_controller.egg-info/SOURCES.txt'
running build
running build_py
running install
running install_lib
running install_data
running install_egg_info
removing '/home/zubeyir48/ros2_ME462_ws/install/tutorial_robot_controller/lib/python3.10/site-packages/tutorial_robot_controller-0.0.0-py3.10.egg-info' (and everything under it)
Copying ../../build/tutorial_robot_controller/tutorial_robot_controller.egg-info to /home/zubeyir48/ros2_ME462_ws/install/tutorial_robot_controller/lib/python3.10/site-packages/tutorial_robot_controller-0.0.0-py3.10.egg-info
running install_scripts
Installing draw_circle script to /home/zubeyir48/ros2_ME462_ws/install/tutorial_robot_controller/lib/tutorial_robot_controller
Installing pose_subscriber script to /home/zubeyir48/ros2_ME462_ws/install/tutorial_robot_controller/lib/tutorial_robot_controller
Installing test_node script to /home/zubeyir48/ros2_ME462_ws/install/tutorial_robot_controller/lib/tutorial_robot_controller
Installing turtle_controller script to /home/zubeyir48/ros2_ME462_ws/install/tutorial_robot_controller/lib/tutorial_robot_controller
writing list of installed files to '/home/zubeyir48/ros2_ME462_ws/build/tutorial_robot_controller/install.log'
