[0.475s] Invoking command in '/home/zubeyir48/ros2_ME462_ws/build/tutorial_robot_controller': PYTHONPATH=/home/zubeyir48/ros2_ME462_ws/build/tutorial_robot_controller/prefix_override:/home/zubeyir48/ros2_ME462_ws/install/tutorial_robot_controller/lib/python3.10/site-packages:${PYTHONPATH} /usr/bin/python3 setup.py develop --uninstall --editable --build-directory /home/zubeyir48/ros2_ME462_ws/build/tutorial_robot_controller/build
[0.607s] running develop
[0.696s] Invoked command in '/home/zubeyir48/ros2_ME462_ws/build/tutorial_robot_controller' returned '0': PYTHONPATH=/home/zubeyir48/ros2_ME462_ws/build/tutorial_robot_controller/prefix_override:/home/zubeyir48/ros2_ME462_ws/install/tutorial_robot_controller/lib/python3.10/site-packages:${PYTHONPATH} /usr/bin/python3 setup.py develop --uninstall --editable --build-directory /home/zubeyir48/ros2_ME462_ws/build/tutorial_robot_controller/build
[0.696s] Invoking command in '/home/zubeyir48/ros2_ME462_ws/src/tutorial_robot_controller': PYTHONPATH=/home/zubeyir48/ros2_ME462_ws/build/tutorial_robot_controller/prefix_override:/home/zubeyir48/ros2_ME462_ws/install/tutorial_robot_controller/lib/python3.10/site-packages:${PYTHONPATH} /usr/bin/python3 setup.py egg_info --egg-base ../../build/tutorial_robot_controller build --build-base /home/zubeyir48/ros2_ME462_ws/build/tutorial_robot_controller/build install --record /home/zubeyir48/ros2_ME462_ws/build/tutorial_robot_controller/install.log --single-version-externally-managed
[0.821s] running egg_info
[0.821s] writing ../../build/tutorial_robot_controller/tutorial_robot_controller.egg-info/PKG-INFO
[0.821s] writing dependency_links to ../../build/tutorial_robot_controller/tutorial_robot_controller.egg-info/dependency_links.txt
[0.821s] writing entry points to ../../build/tutorial_robot_controller/tutorial_robot_controller.egg-info/entry_points.txt
[0.821s] writing requirements to ../../build/tutorial_robot_controller/tutorial_robot_controller.egg-info/requires.txt
[0.822s] writing top-level names to ../../build/tutorial_robot_controller/tutorial_robot_controller.egg-info/top_level.txt
[0.823s] reading manifest file '../../build/tutorial_robot_controller/tutorial_robot_controller.egg-info/SOURCES.txt'
[0.823s] writing manifest file '../../build/tutorial_robot_controller/tutorial_robot_controller.egg-info/SOURCES.txt'
[0.823s] running build
[0.823s] running build_py
[0.823s] running install
[0.823s] running install_lib
[0.824s] running install_data
[0.824s] running install_egg_info
[0.825s] removing '/home/zubeyir48/ros2_ME462_ws/install/tutorial_robot_controller/lib/python3.10/site-packages/tutorial_robot_controller-0.0.0-py3.10.egg-info' (and everything under it)
[0.825s] Copying ../../build/tutorial_robot_controller/tutorial_robot_controller.egg-info to /home/zubeyir48/ros2_ME462_ws/install/tutorial_robot_controller/lib/python3.10/site-packages/tutorial_robot_controller-0.0.0-py3.10.egg-info
[0.825s] running install_scripts
[0.836s] Installing draw_circle script to /home/zubeyir48/ros2_ME462_ws/install/tutorial_robot_controller/lib/tutorial_robot_controller
[0.836s] Installing pose_subscriber script to /home/zubeyir48/ros2_ME462_ws/install/tutorial_robot_controller/lib/tutorial_robot_controller
[0.836s] Installing test_node script to /home/zubeyir48/ros2_ME462_ws/install/tutorial_robot_controller/lib/tutorial_robot_controller
[0.836s] Installing turtle_controller script to /home/zubeyir48/ros2_ME462_ws/install/tutorial_robot_controller/lib/tutorial_robot_controller
[0.836s] writing list of installed files to '/home/zubeyir48/ros2_ME462_ws/build/tutorial_robot_controller/install.log'
[0.849s] Invoked command in '/home/zubeyir48/ros2_ME462_ws/src/tutorial_robot_controller' returned '0': PYTHONPATH=/home/zubeyir48/ros2_ME462_ws/build/tutorial_robot_controller/prefix_override:/home/zubeyir48/ros2_ME462_ws/install/tutorial_robot_controller/lib/python3.10/site-packages:${PYTHONPATH} /usr/bin/python3 setup.py egg_info --egg-base ../../build/tutorial_robot_controller build --build-base /home/zubeyir48/ros2_ME462_ws/build/tutorial_robot_controller/build install --record /home/zubeyir48/ros2_ME462_ws/build/tutorial_robot_controller/install.log --single-version-externally-managed
