[1.184s] DEBUG:colcon:Command line arguments: ['/usr/bin/colcon', 'build']
[1.185s] DEBUG:colcon:Parsed command line arguments: Namespace(allow_overriding=[], ament_cmake_args=None, base_paths=['.'], build_base='build', catkin_cmake_args=None, catkin_skip_building_tests=False, cmake_args=None, cmake_clean_cache=False, cmake_clean_first=False, cmake_force_configure=False, cmake_target=None, cmake_target_skip_unavailable=False, continue_on_error=False, event_handlers=None, executor='parallel', ignore_user_meta=False, install_base='install', log_base=None, log_level=None, main=<bound method BuildVerb.main of <colcon_core.verb.build.BuildVerb object at 0x7f82444a20>>, merge_install=False, metas=['./colcon.meta'], packages_above=None, packages_above_and_dependencies=None, packages_above_depth=None, packages_end=None, packages_ignore=None, packages_ignore_regex=None, packages_select=None, packages_select_build_failed=False, packages_select_by_dep=None, packages_select_regex=None, packages_select_test_failures=False, packages_skip=None, packages_skip_build_finished=False, packages_skip_by_dep=None, packages_skip_regex=None, packages_skip_test_passed=False, packages_skip_up_to=None, packages_start=None, packages_up_to=None, packages_up_to_regex=None, parallel_workers=4, paths=None, symlink_install=False, test_result_base=None, verb_extension=<colcon_core.verb.build.BuildVerb object at 0x7f82444a20>, verb_name='build', verb_parser=<colcon_defaults.argument_parser.defaults.DefaultArgumentsDecorator object at 0x7f82444d68>)
[1.415s] Level 1:colcon.colcon_core.package_discovery:discover_packages(colcon_meta) check parameters
[1.415s] Level 1:colcon.colcon_core.package_discovery:discover_packages(recursive) check parameters
[1.416s] Level 1:colcon.colcon_core.package_discovery:discover_packages(ignore) check parameters
[1.416s] Level 1:colcon.colcon_core.package_discovery:discover_packages(path) check parameters
[1.416s] Level 1:colcon.colcon_core.package_discovery:discover_packages(colcon_meta) discover
[1.417s] Level 1:colcon.colcon_core.package_discovery:discover_packages(recursive) discover
[1.418s] INFO:colcon.colcon_core.package_discovery:Crawling recursively for packages in '/home/alibaba/ros2_repos'
[1.418s] Level 1:colcon.colcon_core.package_identification:_identify(.) by extensions ['ignore', 'ignore_ament_install']
[1.419s] Level 1:colcon.colcon_core.package_identification:_identify(.) by extension 'ignore'
[1.419s] Level 1:colcon.colcon_core.package_identification:_identify(.) by extension 'ignore_ament_install'
[1.419s] Level 1:colcon.colcon_core.package_identification:_identify(.) by extensions ['colcon_pkg']
[1.419s] Level 1:colcon.colcon_core.package_identification:_identify(.) by extension 'colcon_pkg'
[1.420s] Level 1:colcon.colcon_core.package_identification:_identify(.) by extensions ['colcon_meta']
[1.420s] Level 1:colcon.colcon_core.package_identification:_identify(.) by extension 'colcon_meta'
[1.420s] Level 1:colcon.colcon_core.package_identification:_identify(.) by extensions ['ros']
[1.420s] Level 1:colcon.colcon_core.package_identification:_identify(.) by extension 'ros'
[1.477s] Level 1:colcon.colcon_core.package_identification:_identify(.) by extensions ['cmake', 'python']
[1.477s] Level 1:colcon.colcon_core.package_identification:_identify(.) by extension 'cmake'
[1.477s] Level 1:colcon.colcon_core.package_identification:_identify(.) by extension 'python'
[1.478s] Level 1:colcon.colcon_core.package_identification:_identify(.) by extensions ['python_setup_py']
[1.478s] Level 1:colcon.colcon_core.package_identification:_identify(.) by extension 'python_setup_py'
[1.478s] Level 1:colcon.colcon_core.package_identification:_identify(build) by extensions ['ignore', 'ignore_ament_install']
[1.479s] Level 1:colcon.colcon_core.package_identification:_identify(build) by extension 'ignore'
[1.479s] Level 1:colcon.colcon_core.package_identification:_identify(build) ignored
[1.481s] Level 1:colcon.colcon_core.package_identification:_identify(install) by extensions ['ignore', 'ignore_ament_install']
[1.482s] Level 1:colcon.colcon_core.package_identification:_identify(install) by extension 'ignore'
[1.482s] Level 1:colcon.colcon_core.package_identification:_identify(install) ignored
[1.483s] Level 1:colcon.colcon_core.package_identification:_identify(log) by extensions ['ignore', 'ignore_ament_install']
[1.483s] Level 1:colcon.colcon_core.package_identification:_identify(log) by extension 'ignore'
[1.483s] Level 1:colcon.colcon_core.package_identification:_identify(log) ignored
[1.484s] Level 1:colcon.colcon_core.package_identification:_identify(src) by extensions ['ignore', 'ignore_ament_install']
[1.484s] Level 1:colcon.colcon_core.package_identification:_identify(src) by extension 'ignore'
[1.484s] Level 1:colcon.colcon_core.package_identification:_identify(src) by extension 'ignore_ament_install'
[1.485s] Level 1:colcon.colcon_core.package_identification:_identify(src) by extensions ['colcon_pkg']
[1.485s] Level 1:colcon.colcon_core.package_identification:_identify(src) by extension 'colcon_pkg'
[1.485s] Level 1:colcon.colcon_core.package_identification:_identify(src) by extensions ['colcon_meta']
[1.485s] Level 1:colcon.colcon_core.package_identification:_identify(src) by extension 'colcon_meta'
[1.486s] Level 1:colcon.colcon_core.package_identification:_identify(src) by extensions ['ros']
[1.486s] Level 1:colcon.colcon_core.package_identification:_identify(src) by extension 'ros'
[1.486s] Level 1:colcon.colcon_core.package_identification:_identify(src) by extensions ['cmake', 'python']
[1.486s] Level 1:colcon.colcon_core.package_identification:_identify(src) by extension 'cmake'
[1.487s] Level 1:colcon.colcon_core.package_identification:_identify(src) by extension 'python'
[1.487s] Level 1:colcon.colcon_core.package_identification:_identify(src) by extensions ['python_setup_py']
[1.487s] Level 1:colcon.colcon_core.package_identification:_identify(src) by extension 'python_setup_py'
[1.488s] Level 1:colcon.colcon_core.package_identification:_identify(src/kalbot_brignup) by extensions ['ignore', 'ignore_ament_install']
[1.488s] Level 1:colcon.colcon_core.package_identification:_identify(src/kalbot_brignup) by extension 'ignore'
[1.488s] Level 1:colcon.colcon_core.package_identification:_identify(src/kalbot_brignup) by extension 'ignore_ament_install'
[1.489s] Level 1:colcon.colcon_core.package_identification:_identify(src/kalbot_brignup) by extensions ['colcon_pkg']
[1.489s] Level 1:colcon.colcon_core.package_identification:_identify(src/kalbot_brignup) by extension 'colcon_pkg'
[1.489s] Level 1:colcon.colcon_core.package_identification:_identify(src/kalbot_brignup) by extensions ['colcon_meta']
[1.489s] Level 1:colcon.colcon_core.package_identification:_identify(src/kalbot_brignup) by extension 'colcon_meta'
[1.490s] Level 1:colcon.colcon_core.package_identification:_identify(src/kalbot_brignup) by extensions ['ros']
[1.490s] Level 1:colcon.colcon_core.package_identification:_identify(src/kalbot_brignup) by extension 'ros'
[1.508s] DEBUG:colcon.colcon_core.package_identification:Package 'src/kalbot_brignup' with type 'ros.ament_cmake' and name 'kalbot_brignup'
[1.509s] Level 1:colcon.colcon_core.package_identification:_identify(src/kalbot_controller) by extensions ['ignore', 'ignore_ament_install']
[1.509s] Level 1:colcon.colcon_core.package_identification:_identify(src/kalbot_controller) by extension 'ignore'
[1.510s] Level 1:colcon.colcon_core.package_identification:_identify(src/kalbot_controller) by extension 'ignore_ament_install'
[1.510s] Level 1:colcon.colcon_core.package_identification:_identify(src/kalbot_controller) by extensions ['colcon_pkg']
[1.510s] Level 1:colcon.colcon_core.package_identification:_identify(src/kalbot_controller) by extension 'colcon_pkg'
[1.510s] Level 1:colcon.colcon_core.package_identification:_identify(src/kalbot_controller) by extensions ['colcon_meta']
[1.511s] Level 1:colcon.colcon_core.package_identification:_identify(src/kalbot_controller) by extension 'colcon_meta'
[1.511s] Level 1:colcon.colcon_core.package_identification:_identify(src/kalbot_controller) by extensions ['ros']
[1.511s] Level 1:colcon.colcon_core.package_identification:_identify(src/kalbot_controller) by extension 'ros'
[1.518s] DEBUG:colcon.colcon_core.package_identification:Package 'src/kalbot_controller' with type 'ros.ament_python' and name 'kalbot_controller'
[1.518s] Level 1:colcon.colcon_core.package_identification:_identify(src/kalbot_interfaces) by extensions ['ignore', 'ignore_ament_install']
[1.519s] Level 1:colcon.colcon_core.package_identification:_identify(src/kalbot_interfaces) by extension 'ignore'
[1.519s] Level 1:colcon.colcon_core.package_identification:_identify(src/kalbot_interfaces) by extension 'ignore_ament_install'
[1.519s] Level 1:colcon.colcon_core.package_identification:_identify(src/kalbot_interfaces) by extensions ['colcon_pkg']
[1.520s] Level 1:colcon.colcon_core.package_identification:_identify(src/kalbot_interfaces) by extension 'colcon_pkg'
[1.520s] Level 1:colcon.colcon_core.package_identification:_identify(src/kalbot_interfaces) by extensions ['colcon_meta']
[1.520s] Level 1:colcon.colcon_core.package_identification:_identify(src/kalbot_interfaces) by extension 'colcon_meta'
[1.520s] Level 1:colcon.colcon_core.package_identification:_identify(src/kalbot_interfaces) by extensions ['ros']
[1.520s] Level 1:colcon.colcon_core.package_identification:_identify(src/kalbot_interfaces) by extension 'ros'
[1.524s] DEBUG:colcon.colcon_core.package_identification:Package 'src/kalbot_interfaces' with type 'ros.ament_cmake' and name 'kalbot_interfaces'
[1.524s] Level 1:colcon.colcon_core.package_identification:_identify(src/keyboard_controller) by extensions ['ignore', 'ignore_ament_install']
[1.525s] Level 1:colcon.colcon_core.package_identification:_identify(src/keyboard_controller) by extension 'ignore'
[1.525s] Level 1:colcon.colcon_core.package_identification:_identify(src/keyboard_controller) by extension 'ignore_ament_install'
[1.525s] Level 1:colcon.colcon_core.package_identification:_identify(src/keyboard_controller) by extensions ['colcon_pkg']
[1.526s] Level 1:colcon.colcon_core.package_identification:_identify(src/keyboard_controller) by extension 'colcon_pkg'
[1.526s] Level 1:colcon.colcon_core.package_identification:_identify(src/keyboard_controller) by extensions ['colcon_meta']
[1.526s] Level 1:colcon.colcon_core.package_identification:_identify(src/keyboard_controller) by extension 'colcon_meta'
[1.526s] Level 1:colcon.colcon_core.package_identification:_identify(src/keyboard_controller) by extensions ['ros']
[1.526s] Level 1:colcon.colcon_core.package_identification:_identify(src/keyboard_controller) by extension 'ros'
[1.534s] DEBUG:colcon.colcon_core.package_identification:Package 'src/keyboard_controller' with type 'ros.ament_python' and name 'keyboard_controller'
[1.534s] Level 1:colcon.colcon_core.package_discovery:discover_packages(recursive) using defaults
[1.535s] Level 1:colcon.colcon_core.package_discovery:discover_packages(ignore) discover
[1.535s] Level 1:colcon.colcon_core.package_discovery:discover_packages(ignore) using defaults
[1.535s] Level 1:colcon.colcon_core.package_discovery:discover_packages(path) discover
[1.536s] Level 1:colcon.colcon_core.package_discovery:discover_packages(path) using defaults
[1.660s] Level 1:colcon.colcon_core.package_discovery:discover_packages(prefix_path) check parameters
[1.660s] Level 1:colcon.colcon_core.package_discovery:discover_packages(prefix_path) discover
[1.684s] DEBUG:colcon.colcon_installed_package_information.package_discovery:Found 232 installed packages in /opt/ros/eloquent
[1.694s] Level 1:colcon.colcon_core.package_discovery:discover_packages(prefix_path) using defaults
[2.084s] Level 5:colcon.colcon_core.verb:set package 'kalbot_brignup' build argument 'cmake_args' from command line to 'None'
[2.084s] Level 5:colcon.colcon_core.verb:set package 'kalbot_brignup' build argument 'cmake_target' from command line to 'None'
[2.084s] Level 5:colcon.colcon_core.verb:set package 'kalbot_brignup' build argument 'cmake_target_skip_unavailable' from command line to 'False'
[2.084s] Level 5:colcon.colcon_core.verb:set package 'kalbot_brignup' build argument 'cmake_clean_cache' from command line to 'False'
[2.085s] Level 5:colcon.colcon_core.verb:set package 'kalbot_brignup' build argument 'cmake_clean_first' from command line to 'False'
[2.085s] Level 5:colcon.colcon_core.verb:set package 'kalbot_brignup' build argument 'cmake_force_configure' from command line to 'False'
[2.085s] Level 5:colcon.colcon_core.verb:set package 'kalbot_brignup' build argument 'ament_cmake_args' from command line to 'None'
[2.085s] Level 5:colcon.colcon_core.verb:set package 'kalbot_brignup' build argument 'catkin_cmake_args' from command line to 'None'
[2.085s] Level 5:colcon.colcon_core.verb:set package 'kalbot_brignup' build argument 'catkin_skip_building_tests' from command line to 'False'
[2.086s] DEBUG:colcon.colcon_core.verb:Building package 'kalbot_brignup' with the following arguments: {'ament_cmake_args': None, 'build_base': '/home/alibaba/ros2_repos/build/kalbot_brignup', 'catkin_cmake_args': None, 'catkin_skip_building_tests': False, 'cmake_args': None, 'cmake_clean_cache': False, 'cmake_clean_first': False, 'cmake_force_configure': False, 'cmake_target': None, 'cmake_target_skip_unavailable': False, 'install_base': '/home/alibaba/ros2_repos/install/kalbot_brignup', 'merge_install': False, 'path': '/home/alibaba/ros2_repos/src/kalbot_brignup', 'symlink_install': False, 'test_result_base': None}
[2.094s] Level 5:colcon.colcon_core.verb:set package 'kalbot_interfaces' build argument 'cmake_args' from command line to 'None'
[2.095s] Level 5:colcon.colcon_core.verb:set package 'kalbot_interfaces' build argument 'cmake_target' from command line to 'None'
[2.095s] Level 5:colcon.colcon_core.verb:set package 'kalbot_interfaces' build argument 'cmake_target_skip_unavailable' from command line to 'False'
[2.095s] Level 5:colcon.colcon_core.verb:set package 'kalbot_interfaces' build argument 'cmake_clean_cache' from command line to 'False'
[2.095s] Level 5:colcon.colcon_core.verb:set package 'kalbot_interfaces' build argument 'cmake_clean_first' from command line to 'False'
[2.095s] Level 5:colcon.colcon_core.verb:set package 'kalbot_interfaces' build argument 'cmake_force_configure' from command line to 'False'
[2.096s] Level 5:colcon.colcon_core.verb:set package 'kalbot_interfaces' build argument 'ament_cmake_args' from command line to 'None'
[2.096s] Level 5:colcon.colcon_core.verb:set package 'kalbot_interfaces' build argument 'catkin_cmake_args' from command line to 'None'
[2.096s] Level 5:colcon.colcon_core.verb:set package 'kalbot_interfaces' build argument 'catkin_skip_building_tests' from command line to 'False'
[2.096s] DEBUG:colcon.colcon_core.verb:Building package 'kalbot_interfaces' with the following arguments: {'ament_cmake_args': None, 'build_base': '/home/alibaba/ros2_repos/build/kalbot_interfaces', 'catkin_cmake_args': None, 'catkin_skip_building_tests': False, 'cmake_args': None, 'cmake_clean_cache': False, 'cmake_clean_first': False, 'cmake_force_configure': False, 'cmake_target': None, 'cmake_target_skip_unavailable': False, 'install_base': '/home/alibaba/ros2_repos/install/kalbot_interfaces', 'merge_install': False, 'path': '/home/alibaba/ros2_repos/src/kalbot_interfaces', 'symlink_install': False, 'test_result_base': None}
[2.102s] Level 5:colcon.colcon_core.verb:set package 'kalbot_controller' build argument 'cmake_args' from command line to 'None'
[2.103s] Level 5:colcon.colcon_core.verb:set package 'kalbot_controller' build argument 'cmake_target' from command line to 'None'
[2.103s] Level 5:colcon.colcon_core.verb:set package 'kalbot_controller' build argument 'cmake_target_skip_unavailable' from command line to 'False'
[2.103s] Level 5:colcon.colcon_core.verb:set package 'kalbot_controller' build argument 'cmake_clean_cache' from command line to 'False'
[2.103s] Level 5:colcon.colcon_core.verb:set package 'kalbot_controller' build argument 'cmake_clean_first' from command line to 'False'
[2.103s] Level 5:colcon.colcon_core.verb:set package 'kalbot_controller' build argument 'cmake_force_configure' from command line to 'False'
[2.103s] Level 5:colcon.colcon_core.verb:set package 'kalbot_controller' build argument 'ament_cmake_args' from command line to 'None'
[2.104s] Level 5:colcon.colcon_core.verb:set package 'kalbot_controller' build argument 'catkin_cmake_args' from command line to 'None'
[2.104s] Level 5:colcon.colcon_core.verb:set package 'kalbot_controller' build argument 'catkin_skip_building_tests' from command line to 'False'
[2.104s] DEBUG:colcon.colcon_core.verb:Building package 'kalbot_controller' with the following arguments: {'ament_cmake_args': None, 'build_base': '/home/alibaba/ros2_repos/build/kalbot_controller', 'catkin_cmake_args': None, 'catkin_skip_building_tests': False, 'cmake_args': None, 'cmake_clean_cache': False, 'cmake_clean_first': False, 'cmake_force_configure': False, 'cmake_target': None, 'cmake_target_skip_unavailable': False, 'install_base': '/home/alibaba/ros2_repos/install/kalbot_controller', 'merge_install': False, 'path': '/home/alibaba/ros2_repos/src/kalbot_controller', 'symlink_install': False, 'test_result_base': None}
[2.110s] Level 5:colcon.colcon_core.verb:set package 'keyboard_controller' build argument 'cmake_args' from command line to 'None'
[2.110s] Level 5:colcon.colcon_core.verb:set package 'keyboard_controller' build argument 'cmake_target' from command line to 'None'
[2.110s] Level 5:colcon.colcon_core.verb:set package 'keyboard_controller' build argument 'cmake_target_skip_unavailable' from command line to 'False'
[2.111s] Level 5:colcon.colcon_core.verb:set package 'keyboard_controller' build argument 'cmake_clean_cache' from command line to 'False'
[2.111s] Level 5:colcon.colcon_core.verb:set package 'keyboard_controller' build argument 'cmake_clean_first' from command line to 'False'
[2.111s] Level 5:colcon.colcon_core.verb:set package 'keyboard_controller' build argument 'cmake_force_configure' from command line to 'False'
[2.111s] Level 5:colcon.colcon_core.verb:set package 'keyboard_controller' build argument 'ament_cmake_args' from command line to 'None'
[2.111s] Level 5:colcon.colcon_core.verb:set package 'keyboard_controller' build argument 'catkin_cmake_args' from command line to 'None'
[2.111s] Level 5:colcon.colcon_core.verb:set package 'keyboard_controller' build argument 'catkin_skip_building_tests' from command line to 'False'
[2.112s] DEBUG:colcon.colcon_core.verb:Building package 'keyboard_controller' with the following arguments: {'ament_cmake_args': None, 'build_base': '/home/alibaba/ros2_repos/build/keyboard_controller', 'catkin_cmake_args': None, 'catkin_skip_building_tests': False, 'cmake_args': None, 'cmake_clean_cache': False, 'cmake_clean_first': False, 'cmake_force_configure': False, 'cmake_target': None, 'cmake_target_skip_unavailable': False, 'install_base': '/home/alibaba/ros2_repos/install/keyboard_controller', 'merge_install': False, 'path': '/home/alibaba/ros2_repos/src/keyboard_controller', 'symlink_install': False, 'test_result_base': None}
[2.115s] INFO:colcon.colcon_core.executor:Executing jobs using 'parallel' executor
[2.133s] DEBUG:colcon.colcon_parallel_executor.executor.parallel:run_until_complete
[2.134s] INFO:colcon.colcon_ros.task.ament_cmake.build:Building ROS package in '/home/alibaba/ros2_repos/src/kalbot_interfaces' with build type 'ament_cmake'
[2.135s] INFO:colcon.colcon_cmake.task.cmake.build:Building CMake package in '/home/alibaba/ros2_repos/src/kalbot_interfaces'
[2.165s] INFO:colcon.colcon_core.plugin_system:Skipping extension 'colcon_core.shell.bat': Not used on non-Windows systems
[2.166s] INFO:colcon.colcon_core.shell:Skip shell extension 'powershell' for command environment: Not usable outside of PowerShell
[2.166s] DEBUG:colcon.colcon_core.shell:Skip shell extension 'dsv' for command environment
[2.191s] INFO:colcon.colcon_ros.task.ament_cmake.build:Building ROS package in '/home/alibaba/ros2_repos/src/kalbot_brignup' with build type 'ament_cmake'
[2.193s] INFO:colcon.colcon_cmake.task.cmake.build:Building CMake package in '/home/alibaba/ros2_repos/src/kalbot_brignup'
[2.201s] INFO:colcon.colcon_core.shell:Skip shell extension 'powershell' for command environment: Not usable outside of PowerShell
[2.202s] DEBUG:colcon.colcon_core.shell:Skip shell extension 'dsv' for command environment
[2.248s] DEBUG:colcon.colcon_core.event_handler.log_command:Invoking command in '/home/alibaba/ros2_repos/build/kalbot_interfaces': CMAKE_PREFIX_PATH=/opt/ros/eloquent /usr/bin/cmake --build /home/alibaba/ros2_repos/build/kalbot_interfaces -- -j4 -l4
[2.312s] DEBUG:colcon.colcon_core.event_handler.log_command:Invoking command in '/home/alibaba/ros2_repos/build/kalbot_brignup': CMAKE_PREFIX_PATH=/opt/ros/eloquent /usr/bin/cmake --build /home/alibaba/ros2_repos/build/kalbot_brignup -- -j4 -l4
[2.547s] DEBUG:colcon.colcon_core.event_handler.log_command:Invoked command in '/home/alibaba/ros2_repos/build/kalbot_brignup' returned '0': CMAKE_PREFIX_PATH=/opt/ros/eloquent /usr/bin/cmake --build /home/alibaba/ros2_repos/build/kalbot_brignup -- -j4 -l4
[2.699s] DEBUG:colcon.colcon_core.event_handler.log_command:Invoking command in '/home/alibaba/ros2_repos/build/kalbot_brignup': CMAKE_PREFIX_PATH=/opt/ros/eloquent /usr/bin/cmake --build /home/alibaba/ros2_repos/build/kalbot_brignup --target install -- -j4 -l4
[2.960s] Level 1:colcon.colcon_core.environment:create_environment_scripts_only(kalbot_brignup)
[2.964s] DEBUG:colcon.colcon_core.event_handler.log_command:Invoked command in '/home/alibaba/ros2_repos/build/kalbot_brignup' returned '0': CMAKE_PREFIX_PATH=/opt/ros/eloquent /usr/bin/cmake --build /home/alibaba/ros2_repos/build/kalbot_brignup --target install -- -j4 -l4
[3.003s] Level 1:colcon.colcon_core.environment:checking '/home/alibaba/ros2_repos/install/kalbot_brignup' for CMake module files
[3.007s] Level 1:colcon.colcon_core.environment:checking '/home/alibaba/ros2_repos/install/kalbot_brignup' for CMake config files
[3.009s] Level 1:colcon.colcon_core.shell:create_environment_hook('kalbot_brignup', 'cmake_prefix_path')
[3.017s] INFO:colcon.colcon_core.shell:Creating environment hook '/home/alibaba/ros2_repos/install/kalbot_brignup/share/kalbot_brignup/hook/cmake_prefix_path.ps1'
[3.020s] INFO:colcon.colcon_core.shell:Creating environment descriptor '/home/alibaba/ros2_repos/install/kalbot_brignup/share/kalbot_brignup/hook/cmake_prefix_path.dsv'
[3.023s] INFO:colcon.colcon_core.shell:Creating environment hook '/home/alibaba/ros2_repos/install/kalbot_brignup/share/kalbot_brignup/hook/cmake_prefix_path.sh'
[3.029s] Level 1:colcon.colcon_core.environment:checking '/home/alibaba/ros2_repos/install/kalbot_brignup/bin'
[3.029s] Level 1:colcon.colcon_core.environment:checking '/home/alibaba/ros2_repos/install/kalbot_brignup/lib/pkgconfig/kalbot_brignup.pc'
[3.030s] Level 1:colcon.colcon_core.environment:checking '/home/alibaba/ros2_repos/install/kalbot_brignup/lib/python3.6/site-packages'
[3.031s] Level 1:colcon.colcon_core.environment:checking '/home/alibaba/ros2_repos/install/kalbot_brignup/bin'
[3.040s] INFO:colcon.colcon_core.shell:Creating package script '/home/alibaba/ros2_repos/install/kalbot_brignup/share/kalbot_brignup/package.ps1'
[3.045s] INFO:colcon.colcon_core.shell:Creating package descriptor '/home/alibaba/ros2_repos/install/kalbot_brignup/share/kalbot_brignup/package.dsv'
[3.048s] INFO:colcon.colcon_core.shell:Creating package script '/home/alibaba/ros2_repos/install/kalbot_brignup/share/kalbot_brignup/package.sh'
[3.053s] INFO:colcon.colcon_core.shell:Creating package script '/home/alibaba/ros2_repos/install/kalbot_brignup/share/kalbot_brignup/package.bash'
[3.058s] INFO:colcon.colcon_core.shell:Creating package script '/home/alibaba/ros2_repos/install/kalbot_brignup/share/kalbot_brignup/package.zsh'
[3.063s] Level 1:colcon.colcon_core.environment:create_file_with_runtime_dependencies(/home/alibaba/ros2_repos/install/kalbot_brignup/share/colcon-core/packages/kalbot_brignup)
[3.150s] Level 1:colcon.colcon_core.environment:create_environment_scripts_only(kalbot_brignup)
[3.163s] Level 1:colcon.colcon_core.environment:checking '/home/alibaba/ros2_repos/install/kalbot_brignup' for CMake module files
[3.167s] Level 1:colcon.colcon_core.environment:checking '/home/alibaba/ros2_repos/install/kalbot_brignup' for CMake config files
[3.169s] Level 1:colcon.colcon_core.shell:create_environment_hook('kalbot_brignup', 'cmake_prefix_path')
[3.177s] INFO:colcon.colcon_core.shell:Creating environment hook '/home/alibaba/ros2_repos/install/kalbot_brignup/share/kalbot_brignup/hook/cmake_prefix_path.ps1'
[3.179s] INFO:colcon.colcon_core.shell:Creating environment descriptor '/home/alibaba/ros2_repos/install/kalbot_brignup/share/kalbot_brignup/hook/cmake_prefix_path.dsv'
[3.180s] INFO:colcon.colcon_core.shell:Creating environment hook '/home/alibaba/ros2_repos/install/kalbot_brignup/share/kalbot_brignup/hook/cmake_prefix_path.sh'
[3.184s] Level 1:colcon.colcon_core.environment:checking '/home/alibaba/ros2_repos/install/kalbot_brignup/bin'
[3.185s] Level 1:colcon.colcon_core.environment:checking '/home/alibaba/ros2_repos/install/kalbot_brignup/lib/pkgconfig/kalbot_brignup.pc'
[3.186s] Level 1:colcon.colcon_core.environment:checking '/home/alibaba/ros2_repos/install/kalbot_brignup/lib/python3.6/site-packages'
[3.187s] Level 1:colcon.colcon_core.environment:checking '/home/alibaba/ros2_repos/install/kalbot_brignup/bin'
[3.195s] INFO:colcon.colcon_core.shell:Creating package script '/home/alibaba/ros2_repos/install/kalbot_brignup/share/kalbot_brignup/package.ps1'
[3.198s] INFO:colcon.colcon_core.shell:Creating package descriptor '/home/alibaba/ros2_repos/install/kalbot_brignup/share/kalbot_brignup/package.dsv'
[3.200s] INFO:colcon.colcon_core.shell:Creating package script '/home/alibaba/ros2_repos/install/kalbot_brignup/share/kalbot_brignup/package.sh'
[3.203s] INFO:colcon.colcon_core.shell:Creating package script '/home/alibaba/ros2_repos/install/kalbot_brignup/share/kalbot_brignup/package.bash'
[3.205s] INFO:colcon.colcon_core.shell:Creating package script '/home/alibaba/ros2_repos/install/kalbot_brignup/share/kalbot_brignup/package.zsh'
[3.207s] Level 1:colcon.colcon_core.environment:create_file_with_runtime_dependencies(/home/alibaba/ros2_repos/install/kalbot_brignup/share/colcon-core/packages/kalbot_brignup)
[3.426s] DEBUG:colcon.colcon_core.event_handler.log_command:Invoked command in '/home/alibaba/ros2_repos/build/kalbot_interfaces' returned '0': CMAKE_PREFIX_PATH=/opt/ros/eloquent /usr/bin/cmake --build /home/alibaba/ros2_repos/build/kalbot_interfaces -- -j4 -l4
[3.647s] DEBUG:colcon.colcon_core.event_handler.log_command:Invoking command in '/home/alibaba/ros2_repos/build/kalbot_interfaces': CMAKE_PREFIX_PATH=/opt/ros/eloquent /usr/bin/cmake --build /home/alibaba/ros2_repos/build/kalbot_interfaces --target install -- -j4 -l4
[4.868s] Level 1:colcon.colcon_core.environment:create_environment_scripts_only(kalbot_interfaces)
[4.881s] Level 1:colcon.colcon_core.environment:checking '/home/alibaba/ros2_repos/install/kalbot_interfaces' for CMake module files
[4.883s] DEBUG:colcon.colcon_core.event_handler.log_command:Invoked command in '/home/alibaba/ros2_repos/build/kalbot_interfaces' returned '0': CMAKE_PREFIX_PATH=/opt/ros/eloquent /usr/bin/cmake --build /home/alibaba/ros2_repos/build/kalbot_interfaces --target install -- -j4 -l4
[4.886s] Level 1:colcon.colcon_core.environment:checking '/home/alibaba/ros2_repos/install/kalbot_interfaces' for CMake config files
[4.890s] Level 1:colcon.colcon_core.shell:create_environment_hook('kalbot_interfaces', 'cmake_prefix_path')
[4.897s] INFO:colcon.colcon_core.shell:Creating environment hook '/home/alibaba/ros2_repos/install/kalbot_interfaces/share/kalbot_interfaces/hook/cmake_prefix_path.ps1'
[4.899s] INFO:colcon.colcon_core.shell:Creating environment descriptor '/home/alibaba/ros2_repos/install/kalbot_interfaces/share/kalbot_interfaces/hook/cmake_prefix_path.dsv'
[4.900s] INFO:colcon.colcon_core.shell:Creating environment hook '/home/alibaba/ros2_repos/install/kalbot_interfaces/share/kalbot_interfaces/hook/cmake_prefix_path.sh'
[4.904s] Level 1:colcon.colcon_core.environment:checking '/home/alibaba/ros2_repos/install/kalbot_interfaces/lib'
[4.905s] Level 1:colcon.colcon_core.shell:create_environment_hook('kalbot_interfaces', 'ld_library_path_lib')
[4.913s] INFO:colcon.colcon_core.shell:Creating environment hook '/home/alibaba/ros2_repos/install/kalbot_interfaces/share/kalbot_interfaces/hook/ld_library_path_lib.ps1'
[4.914s] INFO:colcon.colcon_core.shell:Creating environment descriptor '/home/alibaba/ros2_repos/install/kalbot_interfaces/share/kalbot_interfaces/hook/ld_library_path_lib.dsv'
[4.916s] INFO:colcon.colcon_core.shell:Creating environment hook '/home/alibaba/ros2_repos/install/kalbot_interfaces/share/kalbot_interfaces/hook/ld_library_path_lib.sh'
[4.917s] Level 1:colcon.colcon_core.environment:checking '/home/alibaba/ros2_repos/install/kalbot_interfaces/bin'
[4.918s] Level 1:colcon.colcon_core.environment:checking '/home/alibaba/ros2_repos/install/kalbot_interfaces/lib/pkgconfig/kalbot_interfaces.pc'
[4.919s] Level 1:colcon.colcon_core.environment:checking '/home/alibaba/ros2_repos/install/kalbot_interfaces/lib/python3.6/site-packages'
[4.919s] Level 1:colcon.colcon_core.shell:create_environment_hook('kalbot_interfaces', 'pythonpath')
[4.927s] INFO:colcon.colcon_core.shell:Creating environment hook '/home/alibaba/ros2_repos/install/kalbot_interfaces/share/kalbot_interfaces/hook/pythonpath.ps1'
[4.928s] INFO:colcon.colcon_core.shell:Creating environment descriptor '/home/alibaba/ros2_repos/install/kalbot_interfaces/share/kalbot_interfaces/hook/pythonpath.dsv'
[4.930s] INFO:colcon.colcon_core.shell:Creating environment hook '/home/alibaba/ros2_repos/install/kalbot_interfaces/share/kalbot_interfaces/hook/pythonpath.sh'
[4.932s] Level 1:colcon.colcon_core.environment:checking '/home/alibaba/ros2_repos/install/kalbot_interfaces/bin'
[4.940s] INFO:colcon.colcon_core.shell:Creating package script '/home/alibaba/ros2_repos/install/kalbot_interfaces/share/kalbot_interfaces/package.ps1'
[4.943s] INFO:colcon.colcon_core.shell:Creating package descriptor '/home/alibaba/ros2_repos/install/kalbot_interfaces/share/kalbot_interfaces/package.dsv'
[4.945s] INFO:colcon.colcon_core.shell:Creating package script '/home/alibaba/ros2_repos/install/kalbot_interfaces/share/kalbot_interfaces/package.sh'
[4.947s] INFO:colcon.colcon_core.shell:Creating package script '/home/alibaba/ros2_repos/install/kalbot_interfaces/share/kalbot_interfaces/package.bash'
[4.948s] INFO:colcon.colcon_core.shell:Creating package script '/home/alibaba/ros2_repos/install/kalbot_interfaces/share/kalbot_interfaces/package.zsh'
[4.950s] Level 1:colcon.colcon_core.environment:create_file_with_runtime_dependencies(/home/alibaba/ros2_repos/install/kalbot_interfaces/share/colcon-core/packages/kalbot_interfaces)
[5.176s] Level 1:colcon.colcon_core.environment:create_environment_scripts_only(kalbot_interfaces)
[5.187s] Level 1:colcon.colcon_core.environment:checking '/home/alibaba/ros2_repos/install/kalbot_interfaces' for CMake module files
[5.191s] Level 1:colcon.colcon_core.environment:checking '/home/alibaba/ros2_repos/install/kalbot_interfaces' for CMake config files
[5.195s] Level 1:colcon.colcon_core.shell:create_environment_hook('kalbot_interfaces', 'cmake_prefix_path')
[5.202s] INFO:colcon.colcon_core.shell:Creating environment hook '/home/alibaba/ros2_repos/install/kalbot_interfaces/share/kalbot_interfaces/hook/cmake_prefix_path.ps1'
[5.204s] INFO:colcon.colcon_core.shell:Creating environment descriptor '/home/alibaba/ros2_repos/install/kalbot_interfaces/share/kalbot_interfaces/hook/cmake_prefix_path.dsv'
[5.206s] INFO:colcon.colcon_core.shell:Creating environment hook '/home/alibaba/ros2_repos/install/kalbot_interfaces/share/kalbot_interfaces/hook/cmake_prefix_path.sh'
[5.209s] Level 1:colcon.colcon_core.environment:checking '/home/alibaba/ros2_repos/install/kalbot_interfaces/lib'
[5.209s] Level 1:colcon.colcon_core.shell:create_environment_hook('kalbot_interfaces', 'ld_library_path_lib')
[5.217s] INFO:colcon.colcon_core.shell:Creating environment hook '/home/alibaba/ros2_repos/install/kalbot_interfaces/share/kalbot_interfaces/hook/ld_library_path_lib.ps1'
[5.218s] INFO:colcon.colcon_core.shell:Creating environment descriptor '/home/alibaba/ros2_repos/install/kalbot_interfaces/share/kalbot_interfaces/hook/ld_library_path_lib.dsv'
[5.220s] INFO:colcon.colcon_core.shell:Creating environment hook '/home/alibaba/ros2_repos/install/kalbot_interfaces/share/kalbot_interfaces/hook/ld_library_path_lib.sh'
[5.221s] Level 1:colcon.colcon_core.environment:checking '/home/alibaba/ros2_repos/install/kalbot_interfaces/bin'
[5.222s] Level 1:colcon.colcon_core.environment:checking '/home/alibaba/ros2_repos/install/kalbot_interfaces/lib/pkgconfig/kalbot_interfaces.pc'
[5.222s] Level 1:colcon.colcon_core.environment:checking '/home/alibaba/ros2_repos/install/kalbot_interfaces/lib/python3.6/site-packages'
[5.223s] Level 1:colcon.colcon_core.shell:create_environment_hook('kalbot_interfaces', 'pythonpath')
[5.230s] INFO:colcon.colcon_core.shell:Creating environment hook '/home/alibaba/ros2_repos/install/kalbot_interfaces/share/kalbot_interfaces/hook/pythonpath.ps1'
[5.232s] INFO:colcon.colcon_core.shell:Creating environment descriptor '/home/alibaba/ros2_repos/install/kalbot_interfaces/share/kalbot_interfaces/hook/pythonpath.dsv'
[5.233s] INFO:colcon.colcon_core.shell:Creating environment hook '/home/alibaba/ros2_repos/install/kalbot_interfaces/share/kalbot_interfaces/hook/pythonpath.sh'
[5.235s] Level 1:colcon.colcon_core.environment:checking '/home/alibaba/ros2_repos/install/kalbot_interfaces/bin'
[5.244s] INFO:colcon.colcon_core.shell:Creating package script '/home/alibaba/ros2_repos/install/kalbot_interfaces/share/kalbot_interfaces/package.ps1'
[5.246s] INFO:colcon.colcon_core.shell:Creating package descriptor '/home/alibaba/ros2_repos/install/kalbot_interfaces/share/kalbot_interfaces/package.dsv'
[5.249s] INFO:colcon.colcon_core.shell:Creating package script '/home/alibaba/ros2_repos/install/kalbot_interfaces/share/kalbot_interfaces/package.sh'
[5.251s] INFO:colcon.colcon_core.shell:Creating package script '/home/alibaba/ros2_repos/install/kalbot_interfaces/share/kalbot_interfaces/package.bash'
[5.253s] INFO:colcon.colcon_core.shell:Creating package script '/home/alibaba/ros2_repos/install/kalbot_interfaces/share/kalbot_interfaces/package.zsh'
[5.255s] Level 1:colcon.colcon_core.environment:create_file_with_runtime_dependencies(/home/alibaba/ros2_repos/install/kalbot_interfaces/share/colcon-core/packages/kalbot_interfaces)
[5.256s] INFO:colcon.colcon_ros.task.ament_python.build:Building ROS package in '/home/alibaba/ros2_repos/src/kalbot_controller' with build type 'ament_python'
[5.258s] Level 1:colcon.colcon_core.shell:create_environment_hook('kalbot_controller', 'ament_prefix_path')
[5.266s] INFO:colcon.colcon_core.shell:Creating environment hook '/home/alibaba/ros2_repos/install/kalbot_controller/share/kalbot_controller/hook/ament_prefix_path.ps1'
[5.269s] INFO:colcon.colcon_core.shell:Creating environment descriptor '/home/alibaba/ros2_repos/install/kalbot_controller/share/kalbot_controller/hook/ament_prefix_path.dsv'
[5.270s] INFO:colcon.colcon_core.shell:Creating environment hook '/home/alibaba/ros2_repos/install/kalbot_controller/share/kalbot_controller/hook/ament_prefix_path.sh'
[5.279s] INFO:colcon.colcon_core.shell:Skip shell extension 'powershell' for command environment: Not usable outside of PowerShell
[5.280s] DEBUG:colcon.colcon_core.shell:Skip shell extension 'dsv' for command environment
[5.303s] INFO:colcon.colcon_ros.task.ament_python.build:Building ROS package in '/home/alibaba/ros2_repos/src/keyboard_controller' with build type 'ament_python'
[5.304s] Level 1:colcon.colcon_core.shell:create_environment_hook('keyboard_controller', 'ament_prefix_path')
[5.314s] INFO:colcon.colcon_core.shell:Creating environment hook '/home/alibaba/ros2_repos/install/keyboard_controller/share/keyboard_controller/hook/ament_prefix_path.ps1'
[5.316s] INFO:colcon.colcon_core.shell:Creating environment descriptor '/home/alibaba/ros2_repos/install/keyboard_controller/share/keyboard_controller/hook/ament_prefix_path.dsv'
[5.317s] INFO:colcon.colcon_core.shell:Creating environment hook '/home/alibaba/ros2_repos/install/keyboard_controller/share/keyboard_controller/hook/ament_prefix_path.sh'
[5.326s] INFO:colcon.colcon_core.shell:Skip shell extension 'powershell' for command environment: Not usable outside of PowerShell
[5.326s] DEBUG:colcon.colcon_core.shell:Skip shell extension 'dsv' for command environment
[6.489s] INFO:colcon.colcon_core.task.python.build:Building Python package in '/home/alibaba/ros2_repos/src/kalbot_controller'
[6.497s] INFO:colcon.colcon_core.shell:Skip shell extension 'powershell' for command environment: Not usable outside of PowerShell
[6.498s] DEBUG:colcon.colcon_core.shell:Skip shell extension 'dsv' for command environment
[7.682s] INFO:colcon.colcon_core.task.python.build:Building Python package in '/home/alibaba/ros2_repos/src/keyboard_controller'
[7.690s] INFO:colcon.colcon_core.shell:Skip shell extension 'powershell' for command environment: Not usable outside of PowerShell
[7.691s] DEBUG:colcon.colcon_core.shell:Skip shell extension 'dsv' for command environment
[9.596s] DEBUG:colcon.colcon_core.event_handler.log_command:Invoking command in '/home/alibaba/ros2_repos/src/kalbot_controller': AMENT_PREFIX_PATH=/home/alibaba/ros2_repos/install/kalbot_interfaces:${AMENT_PREFIX_PATH} CMAKE_PREFIX_PATH=/home/alibaba/ros2_repos/install/kalbot_interfaces LD_LIBRARY_PATH=/home/alibaba/ros2_repos/install/kalbot_interfaces/lib:${LD_LIBRARY_PATH} PYTHONPATH=/home/alibaba/ros2_repos/build/kalbot_controller/prefix_override:/home/alibaba/ros2_repos/install/kalbot_controller/lib/python3.6/site-packages:/home/alibaba/ros2_repos/install/kalbot_interfaces/lib/python3.6/site-packages:${PYTHONPATH} /usr/bin/python3 setup.py egg_info --egg-base ../../build/kalbot_controller build --build-base /home/alibaba/ros2_repos/build/kalbot_controller/build install --record /home/alibaba/ros2_repos/build/kalbot_controller/install.log --single-version-externally-managed
[9.616s] DEBUG:colcon.colcon_core.event_handler.log_command:Invoking command in '/home/alibaba/ros2_repos/src/keyboard_controller': AMENT_PREFIX_PATH=/home/alibaba/ros2_repos/install/kalbot_interfaces:${AMENT_PREFIX_PATH} CMAKE_PREFIX_PATH=/home/alibaba/ros2_repos/install/kalbot_interfaces LD_LIBRARY_PATH=/home/alibaba/ros2_repos/install/kalbot_interfaces/lib:${LD_LIBRARY_PATH} PYTHONPATH=/home/alibaba/ros2_repos/build/keyboard_controller/prefix_override:/home/alibaba/ros2_repos/install/keyboard_controller/lib/python3.6/site-packages:/home/alibaba/ros2_repos/install/kalbot_interfaces/lib/python3.6/site-packages:${PYTHONPATH} /usr/bin/python3 setup.py egg_info --egg-base ../../build/keyboard_controller build --build-base /home/alibaba/ros2_repos/build/keyboard_controller/build install --record /home/alibaba/ros2_repos/build/keyboard_controller/install.log --single-version-externally-managed
[11.234s] DEBUG:colcon.colcon_core.event_handler.log_command:Invoked command in '/home/alibaba/ros2_repos/src/kalbot_controller' returned '0': AMENT_PREFIX_PATH=/home/alibaba/ros2_repos/install/kalbot_interfaces:${AMENT_PREFIX_PATH} CMAKE_PREFIX_PATH=/home/alibaba/ros2_repos/install/kalbot_interfaces LD_LIBRARY_PATH=/home/alibaba/ros2_repos/install/kalbot_interfaces/lib:${LD_LIBRARY_PATH} PYTHONPATH=/home/alibaba/ros2_repos/build/kalbot_controller/prefix_override:/home/alibaba/ros2_repos/install/kalbot_controller/lib/python3.6/site-packages:/home/alibaba/ros2_repos/install/kalbot_interfaces/lib/python3.6/site-packages:${PYTHONPATH} /usr/bin/python3 setup.py egg_info --egg-base ../../build/kalbot_controller build --build-base /home/alibaba/ros2_repos/build/kalbot_controller/build install --record /home/alibaba/ros2_repos/build/kalbot_controller/install.log --single-version-externally-managed
[11.237s] Level 1:colcon.colcon_core.environment:checking '/home/alibaba/ros2_repos/install/kalbot_controller' for CMake module files
[11.241s] Level 1:colcon.colcon_core.environment:checking '/home/alibaba/ros2_repos/install/kalbot_controller' for CMake config files
[11.245s] Level 1:colcon.colcon_core.environment:checking '/home/alibaba/ros2_repos/install/kalbot_controller/lib'
[11.245s] Level 1:colcon.colcon_core.environment:checking '/home/alibaba/ros2_repos/install/kalbot_controller/bin'
[11.246s] Level 1:colcon.colcon_core.environment:checking '/home/alibaba/ros2_repos/install/kalbot_controller/lib/pkgconfig/kalbot_controller.pc'
[11.247s] Level 1:colcon.colcon_core.environment:checking '/home/alibaba/ros2_repos/install/kalbot_controller/lib/python3.6/site-packages'
[11.247s] Level 1:colcon.colcon_core.shell:create_environment_hook('kalbot_controller', 'pythonpath')
[11.256s] INFO:colcon.colcon_core.shell:Creating environment hook '/home/alibaba/ros2_repos/install/kalbot_controller/share/kalbot_controller/hook/pythonpath.ps1'
[11.258s] INFO:colcon.colcon_core.shell:Creating environment descriptor '/home/alibaba/ros2_repos/install/kalbot_controller/share/kalbot_controller/hook/pythonpath.dsv'
[11.260s] INFO:colcon.colcon_core.shell:Creating environment hook '/home/alibaba/ros2_repos/install/kalbot_controller/share/kalbot_controller/hook/pythonpath.sh'
[11.262s] Level 1:colcon.colcon_core.environment:checking '/home/alibaba/ros2_repos/install/kalbot_controller/bin'
[11.262s] Level 1:colcon.colcon_core.environment:create_environment_scripts_only(kalbot_controller)
[11.270s] INFO:colcon.colcon_core.shell:Creating package script '/home/alibaba/ros2_repos/install/kalbot_controller/share/kalbot_controller/package.ps1'
[11.272s] INFO:colcon.colcon_core.shell:Creating package descriptor '/home/alibaba/ros2_repos/install/kalbot_controller/share/kalbot_controller/package.dsv'
[11.274s] INFO:colcon.colcon_core.shell:Creating package script '/home/alibaba/ros2_repos/install/kalbot_controller/share/kalbot_controller/package.sh'
[11.276s] INFO:colcon.colcon_core.shell:Creating package script '/home/alibaba/ros2_repos/install/kalbot_controller/share/kalbot_controller/package.bash'
[11.278s] INFO:colcon.colcon_core.shell:Creating package script '/home/alibaba/ros2_repos/install/kalbot_controller/share/kalbot_controller/package.zsh'
[11.279s] Level 1:colcon.colcon_core.environment:create_file_with_runtime_dependencies(/home/alibaba/ros2_repos/install/kalbot_controller/share/colcon-core/packages/kalbot_controller)
[11.296s] Level 1:colcon.colcon_core.environment:checking '/home/alibaba/ros2_repos/install/keyboard_controller' for CMake module files
[11.298s] DEBUG:colcon.colcon_core.event_handler.log_command:Invoked command in '/home/alibaba/ros2_repos/src/keyboard_controller' returned '0': AMENT_PREFIX_PATH=/home/alibaba/ros2_repos/install/kalbot_interfaces:${AMENT_PREFIX_PATH} CMAKE_PREFIX_PATH=/home/alibaba/ros2_repos/install/kalbot_interfaces LD_LIBRARY_PATH=/home/alibaba/ros2_repos/install/kalbot_interfaces/lib:${LD_LIBRARY_PATH} PYTHONPATH=/home/alibaba/ros2_repos/build/keyboard_controller/prefix_override:/home/alibaba/ros2_repos/install/keyboard_controller/lib/python3.6/site-packages:/home/alibaba/ros2_repos/install/kalbot_interfaces/lib/python3.6/site-packages:${PYTHONPATH} /usr/bin/python3 setup.py egg_info --egg-base ../../build/keyboard_controller build --build-base /home/alibaba/ros2_repos/build/keyboard_controller/build install --record /home/alibaba/ros2_repos/build/keyboard_controller/install.log --single-version-externally-managed
[11.300s] Level 1:colcon.colcon_core.environment:checking '/home/alibaba/ros2_repos/install/keyboard_controller' for CMake config files
[11.304s] Level 1:colcon.colcon_core.environment:checking '/home/alibaba/ros2_repos/install/keyboard_controller/lib'
[11.304s] Level 1:colcon.colcon_core.environment:checking '/home/alibaba/ros2_repos/install/keyboard_controller/bin'
[11.304s] Level 1:colcon.colcon_core.environment:checking '/home/alibaba/ros2_repos/install/keyboard_controller/lib/pkgconfig/keyboard_controller.pc'
[11.305s] Level 1:colcon.colcon_core.environment:checking '/home/alibaba/ros2_repos/install/keyboard_controller/lib/python3.6/site-packages'
[11.306s] Level 1:colcon.colcon_core.shell:create_environment_hook('keyboard_controller', 'pythonpath')
[11.313s] INFO:colcon.colcon_core.shell:Creating environment hook '/home/alibaba/ros2_repos/install/keyboard_controller/share/keyboard_controller/hook/pythonpath.ps1'
[11.314s] INFO:colcon.colcon_core.shell:Creating environment descriptor '/home/alibaba/ros2_repos/install/keyboard_controller/share/keyboard_controller/hook/pythonpath.dsv'
[11.316s] INFO:colcon.colcon_core.shell:Creating environment hook '/home/alibaba/ros2_repos/install/keyboard_controller/share/keyboard_controller/hook/pythonpath.sh'
[11.318s] Level 1:colcon.colcon_core.environment:checking '/home/alibaba/ros2_repos/install/keyboard_controller/bin'
[11.318s] Level 1:colcon.colcon_core.environment:create_environment_scripts_only(keyboard_controller)
[11.327s] INFO:colcon.colcon_core.shell:Creating package script '/home/alibaba/ros2_repos/install/keyboard_controller/share/keyboard_controller/package.ps1'
[11.329s] INFO:colcon.colcon_core.shell:Creating package descriptor '/home/alibaba/ros2_repos/install/keyboard_controller/share/keyboard_controller/package.dsv'
[11.331s] INFO:colcon.colcon_core.shell:Creating package script '/home/alibaba/ros2_repos/install/keyboard_controller/share/keyboard_controller/package.sh'
[11.333s] INFO:colcon.colcon_core.shell:Creating package script '/home/alibaba/ros2_repos/install/keyboard_controller/share/keyboard_controller/package.bash'
[11.334s] INFO:colcon.colcon_core.shell:Creating package script '/home/alibaba/ros2_repos/install/keyboard_controller/share/keyboard_controller/package.zsh'
[11.336s] Level 1:colcon.colcon_core.environment:create_file_with_runtime_dependencies(/home/alibaba/ros2_repos/install/keyboard_controller/share/colcon-core/packages/keyboard_controller)
[11.337s] DEBUG:colcon.colcon_parallel_executor.executor.parallel:closing loop
[11.341s] DEBUG:colcon.colcon_parallel_executor.executor.parallel:loop closed
[11.342s] DEBUG:colcon.colcon_parallel_executor.executor.parallel:run_until_complete finished with '0'
[11.342s] DEBUG:colcon.colcon_core.event_reactor:joining thread
[11.365s] INFO:colcon.colcon_core.plugin_system:Skipping extension 'colcon_notification.desktop_notification.terminal_notifier': Not used on non-Darwin systems
[11.365s] INFO:colcon.colcon_core.plugin_system:Skipping extension 'colcon_notification.desktop_notification.win32': Not used on non-Windows systems
[11.365s] INFO:colcon.colcon_notification.desktop_notification:Sending desktop notification using 'notify2'
[11.388s] DEBUG:colcon.colcon_core.event_reactor:joined thread
[11.395s] INFO:colcon.colcon_core.shell:Creating prefix script '/home/alibaba/ros2_repos/install/local_setup.ps1'
[11.401s] INFO:colcon.colcon_core.shell:Creating prefix util module '/home/alibaba/ros2_repos/install/_local_setup_util_ps1.py'
[11.411s] INFO:colcon.colcon_core.shell:Creating prefix chain script '/home/alibaba/ros2_repos/install/setup.ps1'
[11.418s] INFO:colcon.colcon_core.shell:Creating prefix script '/home/alibaba/ros2_repos/install/local_setup.sh'
[11.421s] INFO:colcon.colcon_core.shell:Creating prefix util module '/home/alibaba/ros2_repos/install/_local_setup_util_sh.py'
[11.423s] INFO:colcon.colcon_core.shell:Creating prefix chain script '/home/alibaba/ros2_repos/install/setup.sh'
[11.430s] INFO:colcon.colcon_core.shell:Creating prefix script '/home/alibaba/ros2_repos/install/local_setup.bash'
[11.432s] INFO:colcon.colcon_core.shell:Creating prefix chain script '/home/alibaba/ros2_repos/install/setup.bash'
[11.439s] INFO:colcon.colcon_core.shell:Creating prefix script '/home/alibaba/ros2_repos/install/local_setup.zsh'
[11.441s] INFO:colcon.colcon_core.shell:Creating prefix chain script '/home/alibaba/ros2_repos/install/setup.zsh'
