[0.007s] Invoking command in '/home/zubeyir48/ros2_ME462_ws/build/kalbot_interfaces': CMAKE_PREFIX_PATH=${CMAKE_PREFIX_PATH}:/home/zubeyir48/ros2_ME462_ws/install/kalbot_controller:/home/zubeyir48/ros2_ME462_ws/install/tutorial_robot_controller:/home/zubeyir48/ros2_ME462_ws/install/robot_controller:/opt/ros/humble /usr/bin/cmake --build /home/zubeyir48/ros2_ME462_ws/build/kalbot_interfaces -- -j20 -l20
[0.019s] -- Found ament_cmake: 1.3.4 (/opt/ros/humble/share/ament_cmake/cmake)
[0.101s] -- Found rosidl_default_generators: 1.2.0 (/opt/ros/humble/share/rosidl_default_generators/cmake)
[0.102s] -- Using all available rosidl_typesupport_c: rosidl_typesupport_fastrtps_c;rosidl_typesupport_introspection_c
[0.104s] -- Found rosidl_adapter: 3.1.4 (/opt/ros/humble/share/rosidl_adapter/cmake)
[0.120s] -- Using all available rosidl_typesupport_cpp: rosidl_typesupport_fastrtps_cpp;rosidl_typesupport_introspection_cpp
[0.270s] -- Found ament_cmake_ros: 0.10.0 (/opt/ros/humble/share/ament_cmake_ros/cmake)
[0.373s] -- Using all available rosidl_typesupport_c: rosidl_typesupport_fastrtps_c;rosidl_typesupport_introspection_c
[0.508s] -- Using all available rosidl_typesupport_cpp: rosidl_typesupport_fastrtps_cpp;rosidl_typesupport_introspection_cpp
[0.521s] -- Found python_cmake_module: 0.10.0 (/opt/ros/humble/share/python_cmake_module/cmake)
[0.535s] -- Using PYTHON_EXECUTABLE: /usr/bin/python3
[0.535s] -- Using PYTHON_INCLUDE_DIRS: /usr/include/python3.10
[0.535s] -- Using PYTHON_LIBRARIES: /usr/lib/x86_64-linux-gnu/libpython3.10.so
[0.543s] -- Configuring done
[0.555s] -- Generating done
[0.557s] -- Build files have been written to: /home/zubeyir48/ros2_ME462_ws/build/kalbot_interfaces
[0.569s] [  2%] [34m[1mGenerating C code for ROS interfaces[0m
[0.573s] [  5%] [34m[1mGenerating C++ code for ROS interfaces[0m
[0.577s] [  5%] Built target ament_cmake_python_copy_kalbot_interfaces
[0.709s] running egg_info
[0.710s] writing kalbot_interfaces.egg-info/PKG-INFO
[0.710s] writing dependency_links to kalbot_interfaces.egg-info/dependency_links.txt
[0.710s] writing top-level names to kalbot_interfaces.egg-info/top_level.txt
[0.711s] reading manifest file 'kalbot_interfaces.egg-info/SOURCES.txt'
[0.711s] writing manifest file 'kalbot_interfaces.egg-info/SOURCES.txt'
[0.721s] [35m[1mConsolidate compiler generated dependencies of target kalbot_interfaces__rosidl_generator_c[0m
[0.721s] [  5%] Built target kalbot_interfaces__cpp
[0.726s] [ 12%] [32mBuilding C object CMakeFiles/kalbot_interfaces__rosidl_generator_c.dir/rosidl_generator_c/kalbot_interfaces/msg/detail/motor_command__functions.c.o[0m
[0.726s] [ 12%] [34m[1mGenerating C++ type support for eProsima Fast-RTPS[0m
[0.726s] [ 12%] Built target ament_cmake_python_build_kalbot_interfaces_egg
[0.726s] [ 15%] [32mBuilding C object CMakeFiles/kalbot_interfaces__rosidl_generator_c.dir/rosidl_generator_c/kalbot_interfaces/srv/detail/set_motor_speed__functions.c.o[0m
[0.727s] [ 17%] [34m[1mGenerating C++ introspection for ROS interfaces[0m
[0.727s] [ 17%] [34m[1mGenerating C++ type support dispatch for ROS interfaces[0m
[0.754s] [ 20%] [32m[1mLinking C shared library libkalbot_interfaces__rosidl_generator_c.so[0m
[0.773s] [ 20%] Built target kalbot_interfaces__rosidl_generator_c
[0.778s] [ 23%] [34m[1mGenerating C type support for eProsima Fast-RTPS[0m
[0.778s] [ 28%] [34m[1mGenerating C type support dispatch for ROS interfaces[0m
[0.778s] [ 28%] [34m[1mGenerating C introspection for ROS interfaces[0m
[0.850s] [35m[1mConsolidate compiler generated dependencies of target kalbot_interfaces__rosidl_typesupport_cpp[0m
[0.856s] [ 30%] [32mBuilding CXX object CMakeFiles/kalbot_interfaces__rosidl_typesupport_cpp.dir/rosidl_typesupport_cpp/kalbot_interfaces/msg/motor_command__type_support.cpp.o[0m
[0.858s] [ 33%] [32mBuilding CXX object CMakeFiles/kalbot_interfaces__rosidl_typesupport_cpp.dir/rosidl_typesupport_cpp/kalbot_interfaces/srv/set_motor_speed__type_support.cpp.o[0m
[0.862s] [35m[1mConsolidate compiler generated dependencies of target kalbot_interfaces__rosidl_typesupport_introspection_cpp[0m
[0.867s] [ 35%] [32mBuilding CXX object CMakeFiles/kalbot_interfaces__rosidl_typesupport_introspection_cpp.dir/rosidl_typesupport_introspection_cpp/kalbot_interfaces/msg/detail/motor_command__type_support.cpp.o[0m
[0.869s] [ 38%] [32mBuilding CXX object CMakeFiles/kalbot_interfaces__rosidl_typesupport_introspection_cpp.dir/rosidl_typesupport_introspection_cpp/kalbot_interfaces/srv/detail/set_motor_speed__type_support.cpp.o[0m
[0.871s] [35m[1mConsolidate compiler generated dependencies of target kalbot_interfaces__rosidl_typesupport_fastrtps_cpp[0m
[0.877s] [ 41%] [32mBuilding CXX object CMakeFiles/kalbot_interfaces__rosidl_typesupport_fastrtps_cpp.dir/rosidl_typesupport_fastrtps_cpp/kalbot_interfaces/msg/detail/dds_fastrtps/motor_command__type_support.cpp.o[0m
[0.879s] [ 43%] [32mBuilding CXX object CMakeFiles/kalbot_interfaces__rosidl_typesupport_fastrtps_cpp.dir/rosidl_typesupport_fastrtps_cpp/kalbot_interfaces/srv/detail/dds_fastrtps/set_motor_speed__type_support.cpp.o[0m
[0.903s] [35m[1mConsolidate compiler generated dependencies of target kalbot_interfaces__rosidl_typesupport_c[0m
[0.909s] [ 46%] [32mBuilding CXX object CMakeFiles/kalbot_interfaces__rosidl_typesupport_c.dir/rosidl_typesupport_c/kalbot_interfaces/msg/motor_command__type_support.cpp.o[0m
[0.911s] [ 48%] [32mBuilding CXX object CMakeFiles/kalbot_interfaces__rosidl_typesupport_c.dir/rosidl_typesupport_c/kalbot_interfaces/srv/set_motor_speed__type_support.cpp.o[0m
[0.925s] [35m[1mConsolidate compiler generated dependencies of target kalbot_interfaces__rosidl_typesupport_introspection_c[0m
[0.933s] [ 53%] [32mBuilding C object CMakeFiles/kalbot_interfaces__rosidl_typesupport_introspection_c.dir/rosidl_typesupport_introspection_c/kalbot_interfaces/msg/detail/motor_command__type_support.c.o[0m
[0.933s] [ 53%] [32mBuilding C object CMakeFiles/kalbot_interfaces__rosidl_typesupport_introspection_c.dir/rosidl_typesupport_introspection_c/kalbot_interfaces/srv/detail/set_motor_speed__type_support.c.o[0m
[0.933s] [ 56%] [32m[1mLinking CXX shared library libkalbot_interfaces__rosidl_typesupport_c.so[0m
[0.933s] [35m[1mConsolidate compiler generated dependencies of target kalbot_interfaces__rosidl_typesupport_fastrtps_c[0m
[0.940s] [ 58%] [32mBuilding CXX object CMakeFiles/kalbot_interfaces__rosidl_typesupport_fastrtps_c.dir/rosidl_typesupport_fastrtps_c/kalbot_interfaces/msg/detail/motor_command__type_support_c.cpp.o[0m
[0.942s] [ 61%] [32mBuilding CXX object CMakeFiles/kalbot_interfaces__rosidl_typesupport_fastrtps_c.dir/rosidl_typesupport_fastrtps_c/kalbot_interfaces/srv/detail/set_motor_speed__type_support_c.cpp.o[0m
[0.957s] [ 61%] Built target kalbot_interfaces__rosidl_typesupport_c
[0.961s] [ 64%] [32m[1mLinking C shared library libkalbot_interfaces__rosidl_typesupport_introspection_c.so[0m
[0.983s] [ 64%] Built target kalbot_interfaces__rosidl_typesupport_introspection_c
[1.000s] [ 66%] [32m[1mLinking CXX shared library libkalbot_interfaces__rosidl_typesupport_cpp.so[0m
[1.022s] [ 66%] Built target kalbot_interfaces__rosidl_typesupport_cpp
[1.106s] [ 71%] [32m[1mLinking CXX shared library libkalbot_interfaces__rosidl_typesupport_introspection_cpp.so[0m
[1.106s] [ 71%] [32m[1mLinking CXX shared library libkalbot_interfaces__rosidl_typesupport_fastrtps_cpp.so[0m
[1.127s] [ 71%] Built target kalbot_interfaces__rosidl_typesupport_introspection_cpp
[1.139s] [ 74%] [32m[1mLinking CXX shared library libkalbot_interfaces__rosidl_typesupport_fastrtps_c.so[0m
[1.143s] [ 74%] Built target kalbot_interfaces__rosidl_typesupport_fastrtps_cpp
[1.176s] [ 74%] Built target kalbot_interfaces__rosidl_typesupport_fastrtps_c
[1.184s] [ 74%] Built target kalbot_interfaces
[1.194s] [ 76%] [34m[1mGenerating Python code for ROS interfaces[0m
[1.392s] [ 76%] Built target kalbot_interfaces__py
[1.397s] [35m[1mConsolidate compiler generated dependencies of target kalbot_interfaces__rosidl_generator_py[0m
[1.402s] [ 79%] [32mBuilding C object CMakeFiles/kalbot_interfaces__rosidl_generator_py.dir/rosidl_generator_py/kalbot_interfaces/msg/_motor_command_s.c.o[0m
[1.402s] [ 82%] [32mBuilding C object CMakeFiles/kalbot_interfaces__rosidl_generator_py.dir/rosidl_generator_py/kalbot_interfaces/srv/_set_motor_speed_s.c.o[0m
[1.453s] [ 84%] [32m[1mLinking C shared library rosidl_generator_py/kalbot_interfaces/libkalbot_interfaces__rosidl_generator_py.so[0m
[1.474s] [ 84%] Built target kalbot_interfaces__rosidl_generator_py
[1.480s] [35m[1mConsolidate compiler generated dependencies of target kalbot_interfaces__rosidl_typesupport_fastrtps_c__pyext[0m
[1.480s] [35m[1mConsolidate compiler generated dependencies of target kalbot_interfaces__rosidl_typesupport_c__pyext[0m
[1.480s] [35m[1mConsolidate compiler generated dependencies of target kalbot_interfaces__rosidl_typesupport_introspection_c__pyext[0m
[1.486s] [ 87%] [32mBuilding C object CMakeFiles/kalbot_interfaces__rosidl_typesupport_introspection_c__pyext.dir/rosidl_generator_py/kalbot_interfaces/_kalbot_interfaces_s.ep.rosidl_typesupport_introspection_c.c.o[0m
[1.486s] [ 92%] [32mBuilding C object CMakeFiles/kalbot_interfaces__rosidl_typesupport_c__pyext.dir/rosidl_generator_py/kalbot_interfaces/_kalbot_interfaces_s.ep.rosidl_typesupport_c.c.o[0m
[1.486s] [ 92%] [32mBuilding C object CMakeFiles/kalbot_interfaces__rosidl_typesupport_fastrtps_c__pyext.dir/rosidl_generator_py/kalbot_interfaces/_kalbot_interfaces_s.ep.rosidl_typesupport_fastrtps_c.c.o[0m
[1.532s] [ 97%] [32m[1mLinking C shared library rosidl_generator_py/kalbot_interfaces/kalbot_interfaces_s__rosidl_typesupport_c.cpython-310-x86_64-linux-gnu.so[0m
[1.532s] [ 97%] [32m[1mLinking C shared library rosidl_generator_py/kalbot_interfaces/kalbot_interfaces_s__rosidl_typesupport_introspection_c.cpython-310-x86_64-linux-gnu.so[0m
[1.532s] [100%] [32m[1mLinking C shared library rosidl_generator_py/kalbot_interfaces/kalbot_interfaces_s__rosidl_typesupport_fastrtps_c.cpython-310-x86_64-linux-gnu.so[0m
[1.548s] [100%] Built target kalbot_interfaces__rosidl_typesupport_c__pyext
[1.548s] [100%] Built target kalbot_interfaces__rosidl_typesupport_introspection_c__pyext
[1.548s] [100%] Built target kalbot_interfaces__rosidl_typesupport_fastrtps_c__pyext
[1.553s] Invoked command in '/home/zubeyir48/ros2_ME462_ws/build/kalbot_interfaces' returned '0': CMAKE_PREFIX_PATH=${CMAKE_PREFIX_PATH}:/home/zubeyir48/ros2_ME462_ws/install/kalbot_controller:/home/zubeyir48/ros2_ME462_ws/install/tutorial_robot_controller:/home/zubeyir48/ros2_ME462_ws/install/robot_controller:/opt/ros/humble /usr/bin/cmake --build /home/zubeyir48/ros2_ME462_ws/build/kalbot_interfaces -- -j20 -l20
[1.587s] Invoking command in '/home/zubeyir48/ros2_ME462_ws/build/kalbot_interfaces': CMAKE_PREFIX_PATH=${CMAKE_PREFIX_PATH}:/home/zubeyir48/ros2_ME462_ws/install/kalbot_controller:/home/zubeyir48/ros2_ME462_ws/install/tutorial_robot_controller:/home/zubeyir48/ros2_ME462_ws/install/robot_controller:/opt/ros/humble /usr/bin/cmake --install /home/zubeyir48/ros2_ME462_ws/build/kalbot_interfaces
[1.592s] -- Install configuration: ""
[1.592s] -- Installing: /home/zubeyir48/ros2_ME462_ws/install/kalbot_interfaces/share/ament_index/resource_index/rosidl_interfaces/kalbot_interfaces
[1.592s] -- Up-to-date: /home/zubeyir48/ros2_ME462_ws/install/kalbot_interfaces/include/kalbot_interfaces/kalbot_interfaces
[1.592s] -- Up-to-date: /home/zubeyir48/ros2_ME462_ws/install/kalbot_interfaces/include/kalbot_interfaces/kalbot_interfaces/msg
[1.592s] -- Up-to-date: /home/zubeyir48/ros2_ME462_ws/install/kalbot_interfaces/include/kalbot_interfaces/kalbot_interfaces/msg/detail
[1.592s] -- Installing: /home/zubeyir48/ros2_ME462_ws/install/kalbot_interfaces/include/kalbot_interfaces/kalbot_interfaces/msg/detail/motor_command__functions.h
[1.592s] -- Installing: /home/zubeyir48/ros2_ME462_ws/install/kalbot_interfaces/include/kalbot_interfaces/kalbot_interfaces/msg/detail/motor_command__type_support.h
[1.592s] -- Installing: /home/zubeyir48/ros2_ME462_ws/install/kalbot_interfaces/include/kalbot_interfaces/kalbot_interfaces/msg/detail/motor_command__struct.h
[1.592s] -- Installing: /home/zubeyir48/ros2_ME462_ws/install/kalbot_interfaces/include/kalbot_interfaces/kalbot_interfaces/msg/detail/motor_command__functions.c
[1.592s] -- Installing: /home/zubeyir48/ros2_ME462_ws/install/kalbot_interfaces/include/kalbot_interfaces/kalbot_interfaces/msg/motor_command.h
[1.592s] -- Up-to-date: /home/zubeyir48/ros2_ME462_ws/install/kalbot_interfaces/include/kalbot_interfaces/kalbot_interfaces/msg/rosidl_generator_c__visibility_control.h
[1.592s] -- Installing: /home/zubeyir48/ros2_ME462_ws/install/kalbot_interfaces/include/kalbot_interfaces/kalbot_interfaces/srv
[1.592s] -- Installing: /home/zubeyir48/ros2_ME462_ws/install/kalbot_interfaces/include/kalbot_interfaces/kalbot_interfaces/srv/detail
[1.592s] -- Installing: /home/zubeyir48/ros2_ME462_ws/install/kalbot_interfaces/include/kalbot_interfaces/kalbot_interfaces/srv/detail/set_motor_speed__struct.h
[1.592s] -- Installing: /home/zubeyir48/ros2_ME462_ws/install/kalbot_interfaces/include/kalbot_interfaces/kalbot_interfaces/srv/detail/set_motor_speed__functions.c
[1.592s] -- Installing: /home/zubeyir48/ros2_ME462_ws/install/kalbot_interfaces/include/kalbot_interfaces/kalbot_interfaces/srv/detail/set_motor_speed__functions.h
[1.592s] -- Installing: /home/zubeyir48/ros2_ME462_ws/install/kalbot_interfaces/include/kalbot_interfaces/kalbot_interfaces/srv/detail/set_motor_speed__type_support.h
[1.592s] -- Installing: /home/zubeyir48/ros2_ME462_ws/install/kalbot_interfaces/include/kalbot_interfaces/kalbot_interfaces/srv/set_motor_speed.h
[1.592s] -- Up-to-date: /home/zubeyir48/ros2_ME462_ws/install/kalbot_interfaces/share/kalbot_interfaces/environment/library_path.sh
[1.592s] -- Installing: /home/zubeyir48/ros2_ME462_ws/install/kalbot_interfaces/share/kalbot_interfaces/environment/library_path.dsv
[1.593s] -- Installing: /home/zubeyir48/ros2_ME462_ws/install/kalbot_interfaces/lib/libkalbot_interfaces__rosidl_generator_c.so
[1.593s] -- Set runtime path of "/home/zubeyir48/ros2_ME462_ws/install/kalbot_interfaces/lib/libkalbot_interfaces__rosidl_generator_c.so" to ""
[1.593s] -- Up-to-date: /home/zubeyir48/ros2_ME462_ws/install/kalbot_interfaces/include/kalbot_interfaces/kalbot_interfaces
[1.593s] -- Up-to-date: /home/zubeyir48/ros2_ME462_ws/install/kalbot_interfaces/include/kalbot_interfaces/kalbot_interfaces/msg
[1.593s] -- Up-to-date: /home/zubeyir48/ros2_ME462_ws/install/kalbot_interfaces/include/kalbot_interfaces/kalbot_interfaces/msg/detail
[1.593s] -- Installing: /home/zubeyir48/ros2_ME462_ws/install/kalbot_interfaces/include/kalbot_interfaces/kalbot_interfaces/msg/detail/motor_command__rosidl_typesupport_fastrtps_c.h
[1.593s] -- Up-to-date: /home/zubeyir48/ros2_ME462_ws/install/kalbot_interfaces/include/kalbot_interfaces/kalbot_interfaces/msg/rosidl_typesupport_fastrtps_c__visibility_control.h
[1.593s] -- Up-to-date: /home/zubeyir48/ros2_ME462_ws/install/kalbot_interfaces/include/kalbot_interfaces/kalbot_interfaces/srv
[1.593s] -- Up-to-date: /home/zubeyir48/ros2_ME462_ws/install/kalbot_interfaces/include/kalbot_interfaces/kalbot_interfaces/srv/detail
[1.593s] -- Installing: /home/zubeyir48/ros2_ME462_ws/install/kalbot_interfaces/include/kalbot_interfaces/kalbot_interfaces/srv/detail/set_motor_speed__rosidl_typesupport_fastrtps_c.h
[1.593s] -- Installing: /home/zubeyir48/ros2_ME462_ws/install/kalbot_interfaces/lib/libkalbot_interfaces__rosidl_typesupport_fastrtps_c.so
[1.593s] -- Set runtime path of "/home/zubeyir48/ros2_ME462_ws/install/kalbot_interfaces/lib/libkalbot_interfaces__rosidl_typesupport_fastrtps_c.so" to ""
[1.593s] -- Up-to-date: /home/zubeyir48/ros2_ME462_ws/install/kalbot_interfaces/include/kalbot_interfaces/kalbot_interfaces
[1.593s] -- Up-to-date: /home/zubeyir48/ros2_ME462_ws/install/kalbot_interfaces/include/kalbot_interfaces/kalbot_interfaces/msg
[1.593s] -- Up-to-date: /home/zubeyir48/ros2_ME462_ws/install/kalbot_interfaces/include/kalbot_interfaces/kalbot_interfaces/msg/detail
[1.593s] -- Installing: /home/zubeyir48/ros2_ME462_ws/install/kalbot_interfaces/include/kalbot_interfaces/kalbot_interfaces/msg/detail/motor_command__type_support.c
[1.593s] -- Installing: /home/zubeyir48/ros2_ME462_ws/install/kalbot_interfaces/include/kalbot_interfaces/kalbot_interfaces/msg/detail/motor_command__rosidl_typesupport_introspection_c.h
[1.593s] -- Up-to-date: /home/zubeyir48/ros2_ME462_ws/install/kalbot_interfaces/include/kalbot_interfaces/kalbot_interfaces/msg/rosidl_typesupport_introspection_c__visibility_control.h
[1.593s] -- Up-to-date: /home/zubeyir48/ros2_ME462_ws/install/kalbot_interfaces/include/kalbot_interfaces/kalbot_interfaces/srv
[1.593s] -- Up-to-date: /home/zubeyir48/ros2_ME462_ws/install/kalbot_interfaces/include/kalbot_interfaces/kalbot_interfaces/srv/detail
[1.593s] -- Installing: /home/zubeyir48/ros2_ME462_ws/install/kalbot_interfaces/include/kalbot_interfaces/kalbot_interfaces/srv/detail/set_motor_speed__type_support.c
[1.593s] -- Installing: /home/zubeyir48/ros2_ME462_ws/install/kalbot_interfaces/include/kalbot_interfaces/kalbot_interfaces/srv/detail/set_motor_speed__rosidl_typesupport_introspection_c.h
[1.593s] -- Installing: /home/zubeyir48/ros2_ME462_ws/install/kalbot_interfaces/lib/libkalbot_interfaces__rosidl_typesupport_introspection_c.so
[1.593s] -- Set runtime path of "/home/zubeyir48/ros2_ME462_ws/install/kalbot_interfaces/lib/libkalbot_interfaces__rosidl_typesupport_introspection_c.so" to ""
[1.593s] -- Installing: /home/zubeyir48/ros2_ME462_ws/install/kalbot_interfaces/lib/libkalbot_interfaces__rosidl_typesupport_c.so
[1.594s] -- Set runtime path of "/home/zubeyir48/ros2_ME462_ws/install/kalbot_interfaces/lib/libkalbot_interfaces__rosidl_typesupport_c.so" to ""
[1.594s] -- Up-to-date: /home/zubeyir48/ros2_ME462_ws/install/kalbot_interfaces/include/kalbot_interfaces/kalbot_interfaces
[1.594s] -- Up-to-date: /home/zubeyir48/ros2_ME462_ws/install/kalbot_interfaces/include/kalbot_interfaces/kalbot_interfaces/msg
[1.594s] -- Up-to-date: /home/zubeyir48/ros2_ME462_ws/install/kalbot_interfaces/include/kalbot_interfaces/kalbot_interfaces/msg/detail
[1.594s] -- Installing: /home/zubeyir48/ros2_ME462_ws/install/kalbot_interfaces/include/kalbot_interfaces/kalbot_interfaces/msg/detail/motor_command__struct.hpp
[1.594s] -- Installing: /home/zubeyir48/ros2_ME462_ws/install/kalbot_interfaces/include/kalbot_interfaces/kalbot_interfaces/msg/detail/motor_command__builder.hpp
[1.594s] -- Installing: /home/zubeyir48/ros2_ME462_ws/install/kalbot_interfaces/include/kalbot_interfaces/kalbot_interfaces/msg/detail/motor_command__traits.hpp
[1.594s] -- Installing: /home/zubeyir48/ros2_ME462_ws/install/kalbot_interfaces/include/kalbot_interfaces/kalbot_interfaces/msg/motor_command.hpp
[1.594s] -- Up-to-date: /home/zubeyir48/ros2_ME462_ws/install/kalbot_interfaces/include/kalbot_interfaces/kalbot_interfaces/srv
[1.594s] -- Up-to-date: /home/zubeyir48/ros2_ME462_ws/install/kalbot_interfaces/include/kalbot_interfaces/kalbot_interfaces/srv/detail
[1.594s] -- Installing: /home/zubeyir48/ros2_ME462_ws/install/kalbot_interfaces/include/kalbot_interfaces/kalbot_interfaces/srv/detail/set_motor_speed__builder.hpp
[1.594s] -- Installing: /home/zubeyir48/ros2_ME462_ws/install/kalbot_interfaces/include/kalbot_interfaces/kalbot_interfaces/srv/detail/set_motor_speed__struct.hpp
[1.594s] -- Installing: /home/zubeyir48/ros2_ME462_ws/install/kalbot_interfaces/include/kalbot_interfaces/kalbot_interfaces/srv/detail/set_motor_speed__traits.hpp
[1.594s] -- Installing: /home/zubeyir48/ros2_ME462_ws/install/kalbot_interfaces/include/kalbot_interfaces/kalbot_interfaces/srv/set_motor_speed.hpp
[1.594s] -- Up-to-date: /home/zubeyir48/ros2_ME462_ws/install/kalbot_interfaces/include/kalbot_interfaces/kalbot_interfaces
[1.594s] -- Up-to-date: /home/zubeyir48/ros2_ME462_ws/install/kalbot_interfaces/include/kalbot_interfaces/kalbot_interfaces/msg
[1.594s] -- Up-to-date: /home/zubeyir48/ros2_ME462_ws/install/kalbot_interfaces/include/kalbot_interfaces/kalbot_interfaces/msg/rosidl_typesupport_fastrtps_cpp__visibility_control.h
[1.594s] -- Up-to-date: /home/zubeyir48/ros2_ME462_ws/install/kalbot_interfaces/include/kalbot_interfaces/kalbot_interfaces/msg/detail
[1.594s] -- Up-to-date: /home/zubeyir48/ros2_ME462_ws/install/kalbot_interfaces/include/kalbot_interfaces/kalbot_interfaces/msg/detail/dds_fastrtps
[1.594s] -- Installing: /home/zubeyir48/ros2_ME462_ws/install/kalbot_interfaces/include/kalbot_interfaces/kalbot_interfaces/msg/detail/motor_command__rosidl_typesupport_fastrtps_cpp.hpp
[1.594s] -- Up-to-date: /home/zubeyir48/ros2_ME462_ws/install/kalbot_interfaces/include/kalbot_interfaces/kalbot_interfaces/srv
[1.594s] -- Up-to-date: /home/zubeyir48/ros2_ME462_ws/install/kalbot_interfaces/include/kalbot_interfaces/kalbot_interfaces/srv/detail
[1.594s] -- Installing: /home/zubeyir48/ros2_ME462_ws/install/kalbot_interfaces/include/kalbot_interfaces/kalbot_interfaces/srv/detail/set_motor_speed__rosidl_typesupport_fastrtps_cpp.hpp
[1.594s] -- Installing: /home/zubeyir48/ros2_ME462_ws/install/kalbot_interfaces/include/kalbot_interfaces/kalbot_interfaces/srv/detail/dds_fastrtps
[1.594s] -- Installing: /home/zubeyir48/ros2_ME462_ws/install/kalbot_interfaces/lib/libkalbot_interfaces__rosidl_typesupport_fastrtps_cpp.so
[1.594s] -- Set runtime path of "/home/zubeyir48/ros2_ME462_ws/install/kalbot_interfaces/lib/libkalbot_interfaces__rosidl_typesupport_fastrtps_cpp.so" to ""
[1.594s] -- Up-to-date: /home/zubeyir48/ros2_ME462_ws/install/kalbot_interfaces/include/kalbot_interfaces/kalbot_interfaces
[1.594s] -- Up-to-date: /home/zubeyir48/ros2_ME462_ws/install/kalbot_interfaces/include/kalbot_interfaces/kalbot_interfaces/msg
[1.594s] -- Up-to-date: /home/zubeyir48/ros2_ME462_ws/install/kalbot_interfaces/include/kalbot_interfaces/kalbot_interfaces/msg/detail
[1.594s] -- Installing: /home/zubeyir48/ros2_ME462_ws/install/kalbot_interfaces/include/kalbot_interfaces/kalbot_interfaces/msg/detail/motor_command__type_support.cpp
[1.594s] -- Installing: /home/zubeyir48/ros2_ME462_ws/install/kalbot_interfaces/include/kalbot_interfaces/kalbot_interfaces/msg/detail/motor_command__rosidl_typesupport_introspection_cpp.hpp
[1.594s] -- Up-to-date: /home/zubeyir48/ros2_ME462_ws/install/kalbot_interfaces/include/kalbot_interfaces/kalbot_interfaces/srv
[1.594s] -- Up-to-date: /home/zubeyir48/ros2_ME462_ws/install/kalbot_interfaces/include/kalbot_interfaces/kalbot_interfaces/srv/detail
[1.594s] -- Installing: /home/zubeyir48/ros2_ME462_ws/install/kalbot_interfaces/include/kalbot_interfaces/kalbot_interfaces/srv/detail/set_motor_speed__rosidl_typesupport_introspection_cpp.hpp
[1.594s] -- Installing: /home/zubeyir48/ros2_ME462_ws/install/kalbot_interfaces/include/kalbot_interfaces/kalbot_interfaces/srv/detail/set_motor_speed__type_support.cpp
[1.594s] -- Installing: /home/zubeyir48/ros2_ME462_ws/install/kalbot_interfaces/lib/libkalbot_interfaces__rosidl_typesupport_introspection_cpp.so
[1.595s] -- Set runtime path of "/home/zubeyir48/ros2_ME462_ws/install/kalbot_interfaces/lib/libkalbot_interfaces__rosidl_typesupport_introspection_cpp.so" to ""
[1.595s] -- Installing: /home/zubeyir48/ros2_ME462_ws/install/kalbot_interfaces/lib/libkalbot_interfaces__rosidl_typesupport_cpp.so
[1.595s] -- Set runtime path of "/home/zubeyir48/ros2_ME462_ws/install/kalbot_interfaces/lib/libkalbot_interfaces__rosidl_typesupport_cpp.so" to ""
[1.595s] -- Up-to-date: /home/zubeyir48/ros2_ME462_ws/install/kalbot_interfaces/share/kalbot_interfaces/environment/pythonpath.sh
[1.595s] -- Installing: /home/zubeyir48/ros2_ME462_ws/install/kalbot_interfaces/share/kalbot_interfaces/environment/pythonpath.dsv
[1.595s] -- Up-to-date: /home/zubeyir48/ros2_ME462_ws/install/kalbot_interfaces/local/lib/python3.10/dist-packages/kalbot_interfaces-0.0.0-py3.10.egg-info
[1.595s] -- Installing: /home/zubeyir48/ros2_ME462_ws/install/kalbot_interfaces/local/lib/python3.10/dist-packages/kalbot_interfaces-0.0.0-py3.10.egg-info/PKG-INFO
[1.595s] -- Installing: /home/zubeyir48/ros2_ME462_ws/install/kalbot_interfaces/local/lib/python3.10/dist-packages/kalbot_interfaces-0.0.0-py3.10.egg-info/top_level.txt
[1.595s] -- Installing: /home/zubeyir48/ros2_ME462_ws/install/kalbot_interfaces/local/lib/python3.10/dist-packages/kalbot_interfaces-0.0.0-py3.10.egg-info/SOURCES.txt
[1.595s] -- Installing: /home/zubeyir48/ros2_ME462_ws/install/kalbot_interfaces/local/lib/python3.10/dist-packages/kalbot_interfaces-0.0.0-py3.10.egg-info/dependency_links.txt
[1.595s] -- Up-to-date: /home/zubeyir48/ros2_ME462_ws/install/kalbot_interfaces/local/lib/python3.10/dist-packages/kalbot_interfaces
[1.595s] -- Installing: /home/zubeyir48/ros2_ME462_ws/install/kalbot_interfaces/local/lib/python3.10/dist-packages/kalbot_interfaces/_kalbot_interfaces_s.ep.rosidl_typesupport_introspection_c.c
[1.595s] -- Installing: /home/zubeyir48/ros2_ME462_ws/install/kalbot_interfaces/local/lib/python3.10/dist-packages/kalbot_interfaces/_kalbot_interfaces_s.ep.rosidl_typesupport_c.c
[1.595s] -- Installing: /home/zubeyir48/ros2_ME462_ws/install/kalbot_interfaces/local/lib/python3.10/dist-packages/kalbot_interfaces/_kalbot_interfaces_s.ep.rosidl_typesupport_fastrtps_c.c
[1.595s] -- Installing: /home/zubeyir48/ros2_ME462_ws/install/kalbot_interfaces/local/lib/python3.10/dist-packages/kalbot_interfaces/__init__.py
[1.595s] -- Installing: /home/zubeyir48/ros2_ME462_ws/install/kalbot_interfaces/local/lib/python3.10/dist-packages/kalbot_interfaces/kalbot_interfaces_s__rosidl_typesupport_fastrtps_c.cpython-310-x86_64-linux-gnu.so
[1.595s] -- Up-to-date: /home/zubeyir48/ros2_ME462_ws/install/kalbot_interfaces/local/lib/python3.10/dist-packages/kalbot_interfaces/msg
[1.595s] -- Installing: /home/zubeyir48/ros2_ME462_ws/install/kalbot_interfaces/local/lib/python3.10/dist-packages/kalbot_interfaces/msg/_motor_command.py
[1.595s] -- Installing: /home/zubeyir48/ros2_ME462_ws/install/kalbot_interfaces/local/lib/python3.10/dist-packages/kalbot_interfaces/msg/__init__.py
[1.595s] -- Installing: /home/zubeyir48/ros2_ME462_ws/install/kalbot_interfaces/local/lib/python3.10/dist-packages/kalbot_interfaces/msg/_motor_command_s.c
[1.595s] -- Installing: /home/zubeyir48/ros2_ME462_ws/install/kalbot_interfaces/local/lib/python3.10/dist-packages/kalbot_interfaces/kalbot_interfaces_s__rosidl_typesupport_introspection_c.cpython-310-x86_64-linux-gnu.so
[1.595s] -- Installing: /home/zubeyir48/ros2_ME462_ws/install/kalbot_interfaces/local/lib/python3.10/dist-packages/kalbot_interfaces/srv
[1.595s] -- Installing: /home/zubeyir48/ros2_ME462_ws/install/kalbot_interfaces/local/lib/python3.10/dist-packages/kalbot_interfaces/srv/__init__.py
[1.595s] -- Installing: /home/zubeyir48/ros2_ME462_ws/install/kalbot_interfaces/local/lib/python3.10/dist-packages/kalbot_interfaces/srv/_set_motor_speed_s.c
[1.595s] -- Installing: /home/zubeyir48/ros2_ME462_ws/install/kalbot_interfaces/local/lib/python3.10/dist-packages/kalbot_interfaces/srv/_set_motor_speed.py
[1.596s] -- Installing: /home/zubeyir48/ros2_ME462_ws/install/kalbot_interfaces/local/lib/python3.10/dist-packages/kalbot_interfaces/libkalbot_interfaces__rosidl_generator_py.so
[1.596s] -- Installing: /home/zubeyir48/ros2_ME462_ws/install/kalbot_interfaces/local/lib/python3.10/dist-packages/kalbot_interfaces/kalbot_interfaces_s__rosidl_typesupport_c.cpython-310-x86_64-linux-gnu.so
[1.616s] Listing '/home/zubeyir48/ros2_ME462_ws/install/kalbot_interfaces/local/lib/python3.10/dist-packages/kalbot_interfaces'...
[1.616s] Compiling '/home/zubeyir48/ros2_ME462_ws/install/kalbot_interfaces/local/lib/python3.10/dist-packages/kalbot_interfaces/__init__.py'...
[1.616s] Listing '/home/zubeyir48/ros2_ME462_ws/install/kalbot_interfaces/local/lib/python3.10/dist-packages/kalbot_interfaces/msg'...
[1.616s] Compiling '/home/zubeyir48/ros2_ME462_ws/install/kalbot_interfaces/local/lib/python3.10/dist-packages/kalbot_interfaces/msg/__init__.py'...
[1.616s] Compiling '/home/zubeyir48/ros2_ME462_ws/install/kalbot_interfaces/local/lib/python3.10/dist-packages/kalbot_interfaces/msg/_motor_command.py'...
[1.616s] Listing '/home/zubeyir48/ros2_ME462_ws/install/kalbot_interfaces/local/lib/python3.10/dist-packages/kalbot_interfaces/srv'...
[1.616s] Compiling '/home/zubeyir48/ros2_ME462_ws/install/kalbot_interfaces/local/lib/python3.10/dist-packages/kalbot_interfaces/srv/__init__.py'...
[1.616s] Compiling '/home/zubeyir48/ros2_ME462_ws/install/kalbot_interfaces/local/lib/python3.10/dist-packages/kalbot_interfaces/srv/_set_motor_speed.py'...
[1.618s] -- Installing: /home/zubeyir48/ros2_ME462_ws/install/kalbot_interfaces/local/lib/python3.10/dist-packages/kalbot_interfaces/kalbot_interfaces_s__rosidl_typesupport_fastrtps_c.cpython-310-x86_64-linux-gnu.so
[1.618s] -- Set runtime path of "/home/zubeyir48/ros2_ME462_ws/install/kalbot_interfaces/local/lib/python3.10/dist-packages/kalbot_interfaces/kalbot_interfaces_s__rosidl_typesupport_fastrtps_c.cpython-310-x86_64-linux-gnu.so" to ""
[1.618s] -- Installing: /home/zubeyir48/ros2_ME462_ws/install/kalbot_interfaces/local/lib/python3.10/dist-packages/kalbot_interfaces/kalbot_interfaces_s__rosidl_typesupport_introspection_c.cpython-310-x86_64-linux-gnu.so
[1.618s] -- Set runtime path of "/home/zubeyir48/ros2_ME462_ws/install/kalbot_interfaces/local/lib/python3.10/dist-packages/kalbot_interfaces/kalbot_interfaces_s__rosidl_typesupport_introspection_c.cpython-310-x86_64-linux-gnu.so" to ""
[1.618s] -- Installing: /home/zubeyir48/ros2_ME462_ws/install/kalbot_interfaces/local/lib/python3.10/dist-packages/kalbot_interfaces/kalbot_interfaces_s__rosidl_typesupport_c.cpython-310-x86_64-linux-gnu.so
[1.618s] -- Set runtime path of "/home/zubeyir48/ros2_ME462_ws/install/kalbot_interfaces/local/lib/python3.10/dist-packages/kalbot_interfaces/kalbot_interfaces_s__rosidl_typesupport_c.cpython-310-x86_64-linux-gnu.so" to ""
[1.618s] -- Installing: /home/zubeyir48/ros2_ME462_ws/install/kalbot_interfaces/lib/libkalbot_interfaces__rosidl_generator_py.so
[1.618s] -- Set runtime path of "/home/zubeyir48/ros2_ME462_ws/install/kalbot_interfaces/lib/libkalbot_interfaces__rosidl_generator_py.so" to ""
[1.618s] -- Up-to-date: /home/zubeyir48/ros2_ME462_ws/install/kalbot_interfaces/share/kalbot_interfaces/msg/MotorCommand.idl
[1.619s] -- Installing: /home/zubeyir48/ros2_ME462_ws/install/kalbot_interfaces/share/kalbot_interfaces/srv/SetMotorSpeed.idl
[1.619s] -- Up-to-date: /home/zubeyir48/ros2_ME462_ws/install/kalbot_interfaces/share/kalbot_interfaces/msg/MotorCommand.msg
[1.619s] -- Installing: /home/zubeyir48/ros2_ME462_ws/install/kalbot_interfaces/share/kalbot_interfaces/srv/SetMotorSpeed.srv
[1.619s] -- Installing: /home/zubeyir48/ros2_ME462_ws/install/kalbot_interfaces/share/kalbot_interfaces/srv/SetMotorSpeed_Request.msg
[1.619s] -- Installing: /home/zubeyir48/ros2_ME462_ws/install/kalbot_interfaces/share/kalbot_interfaces/srv/SetMotorSpeed_Response.msg
[1.619s] -- Up-to-date: /home/zubeyir48/ros2_ME462_ws/install/kalbot_interfaces/share/ament_index/resource_index/package_run_dependencies/kalbot_interfaces
[1.619s] -- Installing: /home/zubeyir48/ros2_ME462_ws/install/kalbot_interfaces/share/ament_index/resource_index/parent_prefix_path/kalbot_interfaces
[1.619s] -- Up-to-date: /home/zubeyir48/ros2_ME462_ws/install/kalbot_interfaces/share/kalbot_interfaces/environment/ament_prefix_path.sh
[1.619s] -- Installing: /home/zubeyir48/ros2_ME462_ws/install/kalbot_interfaces/share/kalbot_interfaces/environment/ament_prefix_path.dsv
[1.619s] -- Up-to-date: /home/zubeyir48/ros2_ME462_ws/install/kalbot_interfaces/share/kalbot_interfaces/environment/path.sh
[1.619s] -- Installing: /home/zubeyir48/ros2_ME462_ws/install/kalbot_interfaces/share/kalbot_interfaces/environment/path.dsv
[1.619s] -- Up-to-date: /home/zubeyir48/ros2_ME462_ws/install/kalbot_interfaces/share/kalbot_interfaces/local_setup.bash
[1.619s] -- Up-to-date: /home/zubeyir48/ros2_ME462_ws/install/kalbot_interfaces/share/kalbot_interfaces/local_setup.sh
[1.619s] -- Up-to-date: /home/zubeyir48/ros2_ME462_ws/install/kalbot_interfaces/share/kalbot_interfaces/local_setup.zsh
[1.619s] -- Installing: /home/zubeyir48/ros2_ME462_ws/install/kalbot_interfaces/share/kalbot_interfaces/local_setup.dsv
[1.619s] -- Installing: /home/zubeyir48/ros2_ME462_ws/install/kalbot_interfaces/share/kalbot_interfaces/package.dsv
[1.619s] -- Up-to-date: /home/zubeyir48/ros2_ME462_ws/install/kalbot_interfaces/share/ament_index/resource_index/packages/kalbot_interfaces
[1.619s] -- Up-to-date: /home/zubeyir48/ros2_ME462_ws/install/kalbot_interfaces/share/kalbot_interfaces/cmake/export_kalbot_interfaces__rosidl_generator_cExport.cmake
[1.619s] -- Up-to-date: /home/zubeyir48/ros2_ME462_ws/install/kalbot_interfaces/share/kalbot_interfaces/cmake/export_kalbot_interfaces__rosidl_generator_cExport-noconfig.cmake
[1.619s] -- Up-to-date: /home/zubeyir48/ros2_ME462_ws/install/kalbot_interfaces/share/kalbot_interfaces/cmake/export_kalbot_interfaces__rosidl_typesupport_fastrtps_cExport.cmake
[1.619s] -- Up-to-date: /home/zubeyir48/ros2_ME462_ws/install/kalbot_interfaces/share/kalbot_interfaces/cmake/export_kalbot_interfaces__rosidl_typesupport_fastrtps_cExport-noconfig.cmake
[1.619s] -- Up-to-date: /home/zubeyir48/ros2_ME462_ws/install/kalbot_interfaces/share/kalbot_interfaces/cmake/kalbot_interfaces__rosidl_typesupport_introspection_cExport.cmake
[1.619s] -- Up-to-date: /home/zubeyir48/ros2_ME462_ws/install/kalbot_interfaces/share/kalbot_interfaces/cmake/kalbot_interfaces__rosidl_typesupport_introspection_cExport-noconfig.cmake
[1.619s] -- Up-to-date: /home/zubeyir48/ros2_ME462_ws/install/kalbot_interfaces/share/kalbot_interfaces/cmake/kalbot_interfaces__rosidl_typesupport_cExport.cmake
[1.619s] -- Up-to-date: /home/zubeyir48/ros2_ME462_ws/install/kalbot_interfaces/share/kalbot_interfaces/cmake/kalbot_interfaces__rosidl_typesupport_cExport-noconfig.cmake
[1.619s] -- Up-to-date: /home/zubeyir48/ros2_ME462_ws/install/kalbot_interfaces/share/kalbot_interfaces/cmake/export_kalbot_interfaces__rosidl_generator_cppExport.cmake
[1.619s] -- Up-to-date: /home/zubeyir48/ros2_ME462_ws/install/kalbot_interfaces/share/kalbot_interfaces/cmake/export_kalbot_interfaces__rosidl_typesupport_fastrtps_cppExport.cmake
[1.619s] -- Up-to-date: /home/zubeyir48/ros2_ME462_ws/install/kalbot_interfaces/share/kalbot_interfaces/cmake/export_kalbot_interfaces__rosidl_typesupport_fastrtps_cppExport-noconfig.cmake
[1.619s] -- Up-to-date: /home/zubeyir48/ros2_ME462_ws/install/kalbot_interfaces/share/kalbot_interfaces/cmake/kalbot_interfaces__rosidl_typesupport_introspection_cppExport.cmake
[1.619s] -- Up-to-date: /home/zubeyir48/ros2_ME462_ws/install/kalbot_interfaces/share/kalbot_interfaces/cmake/kalbot_interfaces__rosidl_typesupport_introspection_cppExport-noconfig.cmake
[1.619s] -- Up-to-date: /home/zubeyir48/ros2_ME462_ws/install/kalbot_interfaces/share/kalbot_interfaces/cmake/kalbot_interfaces__rosidl_typesupport_cppExport.cmake
[1.619s] -- Up-to-date: /home/zubeyir48/ros2_ME462_ws/install/kalbot_interfaces/share/kalbot_interfaces/cmake/kalbot_interfaces__rosidl_typesupport_cppExport-noconfig.cmake
[1.619s] -- Up-to-date: /home/zubeyir48/ros2_ME462_ws/install/kalbot_interfaces/share/kalbot_interfaces/cmake/export_kalbot_interfaces__rosidl_generator_pyExport.cmake
[1.619s] -- Up-to-date: /home/zubeyir48/ros2_ME462_ws/install/kalbot_interfaces/share/kalbot_interfaces/cmake/export_kalbot_interfaces__rosidl_generator_pyExport-noconfig.cmake
[1.619s] -- Installing: /home/zubeyir48/ros2_ME462_ws/install/kalbot_interfaces/share/kalbot_interfaces/cmake/rosidl_cmake-extras.cmake
[1.620s] -- Up-to-date: /home/zubeyir48/ros2_ME462_ws/install/kalbot_interfaces/share/kalbot_interfaces/cmake/ament_cmake_export_include_directories-extras.cmake
[1.620s] -- Up-to-date: /home/zubeyir48/ros2_ME462_ws/install/kalbot_interfaces/share/kalbot_interfaces/cmake/ament_cmake_export_libraries-extras.cmake
[1.620s] -- Up-to-date: /home/zubeyir48/ros2_ME462_ws/install/kalbot_interfaces/share/kalbot_interfaces/cmake/ament_cmake_export_targets-extras.cmake
[1.620s] -- Up-to-date: /home/zubeyir48/ros2_ME462_ws/install/kalbot_interfaces/share/kalbot_interfaces/cmake/rosidl_cmake_export_typesupport_targets-extras.cmake
[1.620s] -- Up-to-date: /home/zubeyir48/ros2_ME462_ws/install/kalbot_interfaces/share/kalbot_interfaces/cmake/ament_cmake_export_dependencies-extras.cmake
[1.620s] -- Up-to-date: /home/zubeyir48/ros2_ME462_ws/install/kalbot_interfaces/share/kalbot_interfaces/cmake/rosidl_cmake_export_typesupport_libraries-extras.cmake
[1.620s] -- Up-to-date: /home/zubeyir48/ros2_ME462_ws/install/kalbot_interfaces/share/kalbot_interfaces/cmake/kalbot_interfacesConfig.cmake
[1.620s] -- Up-to-date: /home/zubeyir48/ros2_ME462_ws/install/kalbot_interfaces/share/kalbot_interfaces/cmake/kalbot_interfacesConfig-version.cmake
[1.620s] -- Up-to-date: /home/zubeyir48/ros2_ME462_ws/install/kalbot_interfaces/share/kalbot_interfaces/package.xml
[1.621s] Invoked command in '/home/zubeyir48/ros2_ME462_ws/build/kalbot_interfaces' returned '0': CMAKE_PREFIX_PATH=${CMAKE_PREFIX_PATH}:/home/zubeyir48/ros2_ME462_ws/install/kalbot_controller:/home/zubeyir48/ros2_ME462_ws/install/tutorial_robot_controller:/home/zubeyir48/ros2_ME462_ws/install/robot_controller:/opt/ros/humble /usr/bin/cmake --install /home/zubeyir48/ros2_ME462_ws/build/kalbot_interfaces
