[0.007s] Invoking command in '/home/zubeyir48/ros2_ME462_ws/build/kalbot_interfaces': CMAKE_PREFIX_PATH=/home/zubeyir48/ros2_ME462_ws/install/tutorial_robot_controller:/home/zubeyir48/ros2_ME462_ws/install/robot_controller:/opt/ros/humble /usr/bin/cmake /home/zubeyir48/ros2_ME462_ws/src/kalbot_interfaces -DCMAKE_INSTALL_PREFIX=/home/zubeyir48/ros2_ME462_ws/install/kalbot_interfaces
[0.034s] -- The C compiler identification is GNU 11.3.0
[0.064s] -- The CXX compiler identification is GNU 11.3.0
[0.068s] -- Detecting C compiler ABI info
[0.110s] -- Detecting C compiler ABI info - done
[0.114s] -- Check for working C compiler: /usr/bin/cc - skipped
[0.114s] -- Detecting C compile features
[0.114s] -- Detecting C compile features - done
[0.116s] -- Detecting CXX compiler ABI info
[0.156s] -- Detecting CXX compiler ABI info - done
[0.160s] -- Check for working CXX compiler: /usr/bin/c++ - skipped
[0.160s] -- Detecting CXX compile features
[0.161s] -- Detecting CXX compile features - done
[0.164s] -- Found ament_cmake: 1.3.4 (/opt/ros/humble/share/ament_cmake/cmake)
[0.262s] -- Found Python3: /usr/bin/python3.10 (found version "3.10.6") found components: Interpreter 
[0.319s] -- Found rosidl_default_generators: 1.2.0 (/opt/ros/humble/share/rosidl_default_generators/cmake)
[0.321s] -- Using all available rosidl_typesupport_c: rosidl_typesupport_fastrtps_c;rosidl_typesupport_introspection_c
[0.325s] -- Found rosidl_adapter: 3.1.4 (/opt/ros/humble/share/rosidl_adapter/cmake)
[0.350s] -- Using all available rosidl_typesupport_cpp: rosidl_typesupport_fastrtps_cpp;rosidl_typesupport_introspection_cpp
[0.465s] [31mCMake Error at /opt/ros/humble/share/rosidl_adapter/cmake/rosidl_adapt_interfaces.cmake:59 (message):
[0.465s]   execute_process(/usr/bin/python3.10 -m rosidl_adapter --package-name
[0.465s]   kalbot_interfaces --arguments-file
[0.465s]   /home/zubeyir48/ros2_ME462_ws/build/kalbot_interfaces/rosidl_adapter__arguments__kalbot_interfaces.json
[0.465s]   --output-dir
[0.465s]   /home/zubeyir48/ros2_ME462_ws/build/kalbot_interfaces/rosidl_adapter/kalbot_interfaces
[0.465s]   --output-file
[0.465s]   /home/zubeyir48/ros2_ME462_ws/build/kalbot_interfaces/rosidl_adapter/kalbot_interfaces.idls)
[0.465s]   returned error code 1:
[0.465s] 
[0.465s]   Error with: kalbot_interfaces MotorCommand int64
[0.465s] 
[0.465s]   Traceback (most recent call last):
[0.465s] 
[0.465s]     File "/usr/lib/python3.10/runpy.py", line 196, in _run_module_as_main
[0.465s]       return _run_code(code, main_globals, None,
[0.465s]     File "/usr/lib/python3.10/runpy.py", line 86, in _run_code
[0.465s]       exec(code, run_globals)
[0.465s]     File "/opt/ros/humble/local/lib/python3.10/dist-packages/rosidl_adapter/__main__.py", line 19, in <module>
[0.465s]       sys.exit(main())
[0.465s]     File "/opt/ros/humble/local/lib/python3.10/dist-packages/rosidl_adapter/main.py", line 53, in main
[0.465s]       abs_idl_file = convert_to_idl(
[0.465s]     File "/opt/ros/humble/local/lib/python3.10/dist-packages/rosidl_adapter/__init__.py", line 19, in convert_to_idl
[0.465s]       return convert_msg_to_idl(
[0.465s]     File "/opt/ros/humble/local/lib/python3.10/dist-packages/rosidl_adapter/msg/__init__.py", line 28, in convert_msg_to_idl
[0.466s]       msg = parse_message_string(package_name, input_file.stem, content)
[0.466s]     File "/opt/ros/humble/local/lib/python3.10/dist-packages/rosidl_adapter/parser.py", line 510, in parse_message_string
[0.466s]       raise InvalidFieldDefinition(line)
[0.466s] 
[0.466s]   rosidl_adapter.parser.InvalidFieldDefinition: int64
[0.466s] 
[0.466s] Call Stack (most recent call first):
[0.466s]   /opt/ros/humble/share/rosidl_cmake/cmake/rosidl_generate_interfaces.cmake:130 (rosidl_adapt_interfaces)
[0.466s]   CMakeLists.txt:12 (rosidl_generate_interfaces)
[0.466s] 
[0.466s] [0m
[0.466s] -- Configuring incomplete, errors occurred!
[0.466s] See also "/home/zubeyir48/ros2_ME462_ws/build/kalbot_interfaces/CMakeFiles/CMakeOutput.log".
[0.470s] Invoked command in '/home/zubeyir48/ros2_ME462_ws/build/kalbot_interfaces' returned '1': CMAKE_PREFIX_PATH=/home/zubeyir48/ros2_ME462_ws/install/tutorial_robot_controller:/home/zubeyir48/ros2_ME462_ws/install/robot_controller:/opt/ros/humble /usr/bin/cmake /home/zubeyir48/ros2_ME462_ws/src/kalbot_interfaces -DCMAKE_INSTALL_PREFIX=/home/zubeyir48/ros2_ME462_ws/install/kalbot_interfaces
