[4.218s] Invoking command in '/home/alibaba/ros2_repos/src/kalbot_controller': AMENT_PREFIX_PATH=/home/alibaba/ros2_repos/install/kalbot_interfaces:${AMENT_PREFIX_PATH} CMAKE_PREFIX_PATH=/home/alibaba/ros2_repos/install/kalbot_interfaces LD_LIBRARY_PATH=/home/alibaba/ros2_repos/install/kalbot_interfaces/lib:${LD_LIBRARY_PATH} PYTHONPATH=/home/alibaba/ros2_repos/build/kalbot_controller/prefix_override:/home/alibaba/ros2_repos/install/kalbot_controller/lib/python3.6/site-packages:/home/alibaba/ros2_repos/install/kalbot_interfaces/lib/python3.6/site-packages:${PYTHONPATH} /usr/bin/python3 setup.py egg_info --egg-base ../../build/kalbot_controller build --build-base /home/alibaba/ros2_repos/build/kalbot_controller/build install --record /home/alibaba/ros2_repos/build/kalbot_controller/install.log --single-version-externally-managed
[5.320s] running egg_info
[5.324s] writing ../../build/kalbot_controller/kalbot_controller.egg-info/PKG-INFO
[5.325s] writing dependency_links to ../../build/kalbot_controller/kalbot_controller.egg-info/dependency_links.txt
[5.326s] writing entry points to ../../build/kalbot_controller/kalbot_controller.egg-info/entry_points.txt
[5.328s] writing requirements to ../../build/kalbot_controller/kalbot_controller.egg-info/requires.txt
[5.329s] writing top-level names to ../../build/kalbot_controller/kalbot_controller.egg-info/top_level.txt
[5.507s] reading manifest file '../../build/kalbot_controller/kalbot_controller.egg-info/SOURCES.txt'
[5.514s] writing manifest file '../../build/kalbot_controller/kalbot_controller.egg-info/SOURCES.txt'
[5.516s] running build
[5.517s] running build_py
[5.518s] copying kalbot_controller/kalbot_controller.py -> /home/alibaba/ros2_repos/build/kalbot_controller/build/lib/kalbot_controller
[5.520s] running install
[5.521s] running install_lib
[5.523s] copying /home/alibaba/ros2_repos/build/kalbot_controller/build/lib/kalbot_controller/kalbot_controller.py -> /home/alibaba/ros2_repos/install/kalbot_controller/lib/python3.6/site-packages/kalbot_controller
[5.524s] byte-compiling /home/alibaba/ros2_repos/install/kalbot_controller/lib/python3.6/site-packages/kalbot_controller/kalbot_controller.py to kalbot_controller.cpython-36.pyc
[5.526s] running install_data
[5.529s] running install_egg_info
[5.537s] removing '/home/alibaba/ros2_repos/install/kalbot_controller/lib/python3.6/site-packages/kalbot_controller-0.0.0-py3.6.egg-info' (and everything under it)
[5.537s] Copying ../../build/kalbot_controller/kalbot_controller.egg-info to /home/alibaba/ros2_repos/install/kalbot_controller/lib/python3.6/site-packages/kalbot_controller-0.0.0-py3.6.egg-info
[5.541s] running install_scripts
[5.626s] Installing kalbot_controller script to /home/alibaba/ros2_repos/install/kalbot_controller/lib/kalbot_controller
[5.628s] writing list of installed files to '/home/alibaba/ros2_repos/build/kalbot_controller/install.log'
[5.807s] Invoked command in '/home/alibaba/ros2_repos/src/kalbot_controller' returned '0': AMENT_PREFIX_PATH=/home/alibaba/ros2_repos/install/kalbot_interfaces:${AMENT_PREFIX_PATH} CMAKE_PREFIX_PATH=/home/alibaba/ros2_repos/install/kalbot_interfaces LD_LIBRARY_PATH=/home/alibaba/ros2_repos/install/kalbot_interfaces/lib:${LD_LIBRARY_PATH} PYTHONPATH=/home/alibaba/ros2_repos/build/kalbot_controller/prefix_override:/home/alibaba/ros2_repos/install/kalbot_controller/lib/python3.6/site-packages:/home/alibaba/ros2_repos/install/kalbot_interfaces/lib/python3.6/site-packages:${PYTHONPATH} /usr/bin/python3 setup.py egg_info --egg-base ../../build/kalbot_controller build --build-base /home/alibaba/ros2_repos/build/kalbot_controller/build install --record /home/alibaba/ros2_repos/build/kalbot_controller/install.log --single-version-externally-managed
