[0.010s] Invoking command in '/home/zubeyir48/ros2_ME462_ws/build/robot_controller': /usr/bin/cmake /home/zubeyir48/ros2_ME462_ws/src/robot_controller -DCMAKE_INSTALL_PREFIX=/home/zubeyir48/ros2_ME462_ws/install/robot_controller
[0.014s] [33mCMake Warning (dev) in CMakeLists.txt:
[0.014s]   No project() command is present.  The top-level CMakeLists.txt file must
[0.014s]   contain a literal, direct call to the project() command.  Add a line of
[0.014s]   code such as
[0.014s] 
[0.014s]     project(ProjectName)
[0.014s] 
[0.014s]   near the top of the file, but after cmake_minimum_required().
[0.014s] 
[0.014s]   CMake is pretending there is a "project(Project)" command on the first
[0.014s]   line.
[0.014s] This warning is for project developers.  Use -Wno-dev to suppress it.
[0.014s] [0m
[0.017s] -- Found rosidl_default_generators: 1.2.0 (/opt/ros/humble/share/rosidl_default_generators/cmake)
[0.017s] -- Found ament_cmake_core: 1.3.4 (/opt/ros/humble/share/ament_cmake_core/cmake)
[0.061s] [33mCMake Warning (dev) at /usr/share/cmake-3.22/Modules/FindPython/Support.cmake:1831 (list):
[0.061s]   Policy CMP0007 is not set: list command no longer ignores empty elements.
[0.061s]   Run "cmake --help-policy CMP0007" for policy details.  Use the cmake_policy
[0.061s]   command to set the policy and suppress this warning.  List has value =
[0.061s]   [Python;3;10;6;64;;cpython-310-x86_64-linux-gnu;/usr/lib/python3.10;/usr/lib/python3.10;/usr/lib/python3/dist-packages;/usr/lib/python3/dist-packages].
[0.061s] Call Stack (most recent call first):
[0.061s]   /usr/share/cmake-3.22/Modules/FindPython3.cmake:490 (include)
[0.061s]   /opt/ros/humble/share/ament_cmake_core/cmake/core/python.cmake:21 (find_package)
[0.061s]   /opt/ros/humble/share/ament_cmake_core/cmake/core/all.cmake:54 (include)
[0.061s]   /opt/ros/humble/share/ament_cmake_core/cmake/ament_cmake_core-extras.cmake:17 (include)
[0.061s]   /opt/ros/humble/share/ament_cmake_core/cmake/ament_cmake_coreConfig.cmake:41 (include)
[0.061s]   /opt/ros/humble/share/rosidl_default_generators/cmake/rosidl_default_generators-extras.cmake:4 (find_package)
[0.061s]   /opt/ros/humble/share/rosidl_default_generators/cmake/rosidl_default_generatorsConfig.cmake:41 (include)
[0.061s]   CMakeLists.txt:1 (find_package)
[0.061s] This warning is for project developers.  Use -Wno-dev to suppress it.
[0.061s] [0m
[0.061s] [33mCMake Warning (dev) at /usr/share/cmake-3.22/Modules/FindPython/Support.cmake:1833 (list):
[0.061s]   Policy CMP0007 is not set: list command no longer ignores empty elements.
[0.061s]   Run "cmake --help-policy CMP0007" for policy details.  Use the cmake_policy
[0.061s]   command to set the policy and suppress this warning.  List has value =
[0.061s]   [Python;3;10;6;64;;cpython-310-x86_64-linux-gnu;/usr/lib/python3.10;/usr/lib/python3.10;/usr/lib/python3/dist-packages;/usr/lib/python3/dist-packages].
[0.061s] Call Stack (most recent call first):
[0.061s]   /usr/share/cmake-3.22/Modules/FindPython3.cmake:490 (include)
[0.061s]   /opt/ros/humble/share/ament_cmake_core/cmake/core/python.cmake:21 (find_package)
[0.061s]   /opt/ros/humble/share/ament_cmake_core/cmake/core/all.cmake:54 (include)
[0.061s]   /opt/ros/humble/share/ament_cmake_core/cmake/ament_cmake_core-extras.cmake:17 (include)
[0.061s]   /opt/ros/humble/share/ament_cmake_core/cmake/ament_cmake_coreConfig.cmake:41 (include)
[0.061s]   /opt/ros/humble/share/rosidl_default_generators/cmake/rosidl_default_generators-extras.cmake:4 (find_package)
[0.061s]   /opt/ros/humble/share/rosidl_default_generators/cmake/rosidl_default_generatorsConfig.cmake:41 (include)
[0.061s]   CMakeLists.txt:1 (find_package)
[0.062s] This warning is for project developers.  Use -Wno-dev to suppress it.
[0.062s] [0m
[0.062s] [33mCMake Warning (dev) at /usr/share/cmake-3.22/Modules/FindPython/Support.cmake:1834 (list):
[0.062s]   Policy CMP0007 is not set: list command no longer ignores empty elements.
[0.062s]   Run "cmake --help-policy CMP0007" for policy details.  Use the cmake_policy
[0.062s]   command to set the policy and suppress this warning.  List has value =
[0.062s]   [Python;3;10;6;64;;cpython-310-x86_64-linux-gnu;/usr/lib/python3.10;/usr/lib/python3.10;/usr/lib/python3/dist-packages;/usr/lib/python3/dist-packages].
[0.062s] Call Stack (most recent call first):
[0.062s]   /usr/share/cmake-3.22/Modules/FindPython3.cmake:490 (include)
[0.062s]   /opt/ros/humble/share/ament_cmake_core/cmake/core/python.cmake:21 (find_package)
[0.062s]   /opt/ros/humble/share/ament_cmake_core/cmake/core/all.cmake:54 (include)
[0.062s]   /opt/ros/humble/share/ament_cmake_core/cmake/ament_cmake_core-extras.cmake:17 (include)
[0.062s]   /opt/ros/humble/share/ament_cmake_core/cmake/ament_cmake_coreConfig.cmake:41 (include)
[0.062s]   /opt/ros/humble/share/rosidl_default_generators/cmake/rosidl_default_generators-extras.cmake:4 (find_package)
[0.062s]   /opt/ros/humble/share/rosidl_default_generators/cmake/rosidl_default_generatorsConfig.cmake:41 (include)
[0.062s]   CMakeLists.txt:1 (find_package)
[0.062s] This warning is for project developers.  Use -Wno-dev to suppress it.
[0.062s] [0m
[0.062s] [33mCMake Warning (dev) at /usr/share/cmake-3.22/Modules/FindPython/Support.cmake:1835 (list):
[0.062s]   Policy CMP0007 is not set: list command no longer ignores empty elements.
[0.062s]   Run "cmake --help-policy CMP0007" for policy details.  Use the cmake_policy
[0.062s]   command to set the policy and suppress this warning.  List has value =
[0.062s]   [Python;3;10;6;64;;cpython-310-x86_64-linux-gnu;/usr/lib/python3.10;/usr/lib/python3.10;/usr/lib/python3/dist-packages;/usr/lib/python3/dist-packages].
[0.062s] Call Stack (most recent call first):
[0.062s]   /usr/share/cmake-3.22/Modules/FindPython3.cmake:490 (include)
[0.062s]   /opt/ros/humble/share/ament_cmake_core/cmake/core/python.cmake:21 (find_package)
[0.062s]   /opt/ros/humble/share/ament_cmake_core/cmake/core/all.cmake:54 (include)
[0.062s]   /opt/ros/humble/share/ament_cmake_core/cmake/ament_cmake_core-extras.cmake:17 (include)
[0.062s]   /opt/ros/humble/share/ament_cmake_core/cmake/ament_cmake_coreConfig.cmake:41 (include)
[0.062s]   /opt/ros/humble/share/rosidl_default_generators/cmake/rosidl_default_generators-extras.cmake:4 (find_package)
[0.062s]   /opt/ros/humble/share/rosidl_default_generators/cmake/rosidl_default_generatorsConfig.cmake:41 (include)
[0.062s]   CMakeLists.txt:1 (find_package)
[0.062s] This warning is for project developers.  Use -Wno-dev to suppress it.
[0.062s] [0m
[0.062s] [33mCMake Warning (dev) at /usr/share/cmake-3.22/Modules/FindPython/Support.cmake:1837 (list):
[0.062s]   Policy CMP0007 is not set: list command no longer ignores empty elements.
[0.062s]   Run "cmake --help-policy CMP0007" for policy details.  Use the cmake_policy
[0.062s]   command to set the policy and suppress this warning.  List has value =
[0.062s]   [Python;3;10;6;64;;cpython-310-x86_64-linux-gnu;/usr/lib/python3.10;/usr/lib/python3.10;/usr/lib/python3/dist-packages;/usr/lib/python3/dist-packages].
[0.062s] Call Stack (most recent call first):
[0.062s]   /usr/share/cmake-3.22/Modules/FindPython3.cmake:490 (include)
[0.062s]   /opt/ros/humble/share/ament_cmake_core/cmake/core/python.cmake:21 (find_package)
[0.062s]   /opt/ros/humble/share/ament_cmake_core/cmake/core/all.cmake:54 (include)
[0.062s]   /opt/ros/humble/share/ament_cmake_core/cmake/ament_cmake_core-extras.cmake:17 (include)
[0.062s]   /opt/ros/humble/share/ament_cmake_core/cmake/ament_cmake_coreConfig.cmake:41 (include)
[0.062s]   /opt/ros/humble/share/rosidl_default_generators/cmake/rosidl_default_generators-extras.cmake:4 (find_package)
[0.062s]   /opt/ros/humble/share/rosidl_default_generators/cmake/rosidl_default_generatorsConfig.cmake:41 (include)
[0.062s]   CMakeLists.txt:1 (find_package)
[0.062s] This warning is for project developers.  Use -Wno-dev to suppress it.
[0.062s] [0m
[0.063s] [33mCMake Warning (dev) at /usr/share/cmake-3.22/Modules/FindPython/Support.cmake:1840 (list):
[0.063s]   Policy CMP0007 is not set: list command no longer ignores empty elements.
[0.063s]   Run "cmake --help-policy CMP0007" for policy details.  Use the cmake_policy
[0.063s]   command to set the policy and suppress this warning.  List has value =
[0.063s]   [Python;3;10;6;64;;cpython-310-x86_64-linux-gnu;/usr/lib/python3.10;/usr/lib/python3.10;/usr/lib/python3/dist-packages;/usr/lib/python3/dist-packages].
[0.063s] Call Stack (most recent call first):
[0.063s]   /usr/share/cmake-3.22/Modules/FindPython3.cmake:490 (include)
[0.063s]   /opt/ros/humble/share/ament_cmake_core/cmake/core/python.cmake:21 (find_package)
[0.063s]   /opt/ros/humble/share/ament_cmake_core/cmake/core/all.cmake:54 (include)
[0.063s]   /opt/ros/humble/share/ament_cmake_core/cmake/ament_cmake_core-extras.cmake:17 (include)
[0.063s]   /opt/ros/humble/share/ament_cmake_core/cmake/ament_cmake_coreConfig.cmake:41 (include)
[0.063s]   /opt/ros/humble/share/rosidl_default_generators/cmake/rosidl_default_generators-extras.cmake:4 (find_package)
[0.063s]   /opt/ros/humble/share/rosidl_default_generators/cmake/rosidl_default_generatorsConfig.cmake:41 (include)
[0.063s]   CMakeLists.txt:1 (find_package)
[0.063s] This warning is for project developers.  Use -Wno-dev to suppress it.
[0.063s] [0m
[0.063s] [33mCMake Warning (dev) at /usr/share/cmake-3.22/Modules/FindPython/Support.cmake:1841 (list):
[0.063s]   Policy CMP0007 is not set: list command no longer ignores empty elements.
[0.063s]   Run "cmake --help-policy CMP0007" for policy details.  Use the cmake_policy
[0.063s]   command to set the policy and suppress this warning.  List has value =
[0.063s]   [Python;3;10;6;64;;cpython-310-x86_64-linux-gnu;/usr/lib/python3.10;/usr/lib/python3.10;/usr/lib/python3/dist-packages;/usr/lib/python3/dist-packages].
[0.063s] Call Stack (most recent call first):
[0.063s]   /usr/share/cmake-3.22/Modules/FindPython3.cmake:490 (include)
[0.063s]   /opt/ros/humble/share/ament_cmake_core/cmake/core/python.cmake:21 (find_package)
[0.063s]   /opt/ros/humble/share/ament_cmake_core/cmake/core/all.cmake:54 (include)
[0.063s]   /opt/ros/humble/share/ament_cmake_core/cmake/ament_cmake_core-extras.cmake:17 (include)
[0.063s]   /opt/ros/humble/share/ament_cmake_core/cmake/ament_cmake_coreConfig.cmake:41 (include)
[0.063s]   /opt/ros/humble/share/rosidl_default_generators/cmake/rosidl_default_generators-extras.cmake:4 (find_package)
[0.063s]   /opt/ros/humble/share/rosidl_default_generators/cmake/rosidl_default_generatorsConfig.cmake:41 (include)
[0.063s]   CMakeLists.txt:1 (find_package)
[0.063s] This warning is for project developers.  Use -Wno-dev to suppress it.
[0.063s] [0m
[0.063s] [33mCMake Warning (dev) at /usr/share/cmake-3.22/Modules/FindPython/Support.cmake:1843 (list):
[0.063s]   Policy CMP0007 is not set: list command no longer ignores empty elements.
[0.063s]   Run "cmake --help-policy CMP0007" for policy details.  Use the cmake_policy
[0.063s]   command to set the policy and suppress this warning.  List has value =
[0.063s]   [Python;3;10;6;64;;cpython-310-x86_64-linux-gnu;/usr/lib/python3.10;/usr/lib/python3.10;/usr/lib/python3/dist-packages;/usr/lib/python3/dist-packages].
[0.063s] Call Stack (most recent call first):
[0.063s]   /usr/share/cmake-3.22/Modules/FindPython3.cmake:490 (include)
[0.063s]   /opt/ros/humble/share/ament_cmake_core/cmake/core/python.cmake:21 (find_package)
[0.063s]   /opt/ros/humble/share/ament_cmake_core/cmake/core/all.cmake:54 (include)
[0.063s]   /opt/ros/humble/share/ament_cmake_core/cmake/ament_cmake_core-extras.cmake:17 (include)
[0.063s]   /opt/ros/humble/share/ament_cmake_core/cmake/ament_cmake_coreConfig.cmake:41 (include)
[0.063s]   /opt/ros/humble/share/rosidl_default_generators/cmake/rosidl_default_generators-extras.cmake:4 (find_package)
[0.063s]   /opt/ros/humble/share/rosidl_default_generators/cmake/rosidl_default_generatorsConfig.cmake:41 (include)
[0.064s]   CMakeLists.txt:1 (find_package)
[0.064s] This warning is for project developers.  Use -Wno-dev to suppress it.
[0.064s] [0m
[0.064s] [33mCMake Warning (dev) at /usr/share/cmake-3.22/Modules/FindPython/Support.cmake:1844 (list):
[0.064s]   Policy CMP0007 is not set: list command no longer ignores empty elements.
[0.064s]   Run "cmake --help-policy CMP0007" for policy details.  Use the cmake_policy
[0.064s]   command to set the policy and suppress this warning.  List has value =
[0.064s]   [Python;3;10;6;64;;cpython-310-x86_64-linux-gnu;/usr/lib/python3.10;/usr/lib/python3.10;/usr/lib/python3/dist-packages;/usr/lib/python3/dist-packages].
[0.064s] Call Stack (most recent call first):
[0.064s]   /usr/share/cmake-3.22/Modules/FindPython3.cmake:490 (include)
[0.064s]   /opt/ros/humble/share/ament_cmake_core/cmake/core/python.cmake:21 (find_package)
[0.064s]   /opt/ros/humble/share/ament_cmake_core/cmake/core/all.cmake:54 (include)
[0.064s]   /opt/ros/humble/share/ament_cmake_core/cmake/ament_cmake_core-extras.cmake:17 (include)
[0.064s]   /opt/ros/humble/share/ament_cmake_core/cmake/ament_cmake_coreConfig.cmake:41 (include)
[0.064s]   /opt/ros/humble/share/rosidl_default_generators/cmake/rosidl_default_generators-extras.cmake:4 (find_package)
[0.064s]   /opt/ros/humble/share/rosidl_default_generators/cmake/rosidl_default_generatorsConfig.cmake:41 (include)
[0.064s]   CMakeLists.txt:1 (find_package)
[0.064s] This warning is for project developers.  Use -Wno-dev to suppress it.
[0.064s] [0m
[0.064s] [33mCMake Warning (dev) at /usr/share/cmake-3.22/Modules/FindPython/Support.cmake:1845 (list):
[0.064s]   Policy CMP0007 is not set: list command no longer ignores empty elements.
[0.064s]   Run "cmake --help-policy CMP0007" for policy details.  Use the cmake_policy
[0.064s]   command to set the policy and suppress this warning.  List has value =
[0.064s]   [Python;3;10;6;64;;cpython-310-x86_64-linux-gnu;/usr/lib/python3.10;/usr/lib/python3.10;/usr/lib/python3/dist-packages;/usr/lib/python3/dist-packages].
[0.064s] Call Stack (most recent call first):
[0.064s]   /usr/share/cmake-3.22/Modules/FindPython3.cmake:490 (include)
[0.064s]   /opt/ros/humble/share/ament_cmake_core/cmake/core/python.cmake:21 (find_package)
[0.064s]   /opt/ros/humble/share/ament_cmake_core/cmake/core/all.cmake:54 (include)
[0.064s]   /opt/ros/humble/share/ament_cmake_core/cmake/ament_cmake_core-extras.cmake:17 (include)
[0.064s]   /opt/ros/humble/share/ament_cmake_core/cmake/ament_cmake_coreConfig.cmake:41 (include)
[0.064s]   /opt/ros/humble/share/rosidl_default_generators/cmake/rosidl_default_generators-extras.cmake:4 (find_package)
[0.064s]   /opt/ros/humble/share/rosidl_default_generators/cmake/rosidl_default_generatorsConfig.cmake:41 (include)
[0.064s]   CMakeLists.txt:1 (find_package)
[0.064s] This warning is for project developers.  Use -Wno-dev to suppress it.
[0.064s] [0m
[0.064s] [33mCMake Warning (dev) at /usr/share/cmake-3.22/Modules/FindPython/Support.cmake:1846 (list):
[0.064s]   Policy CMP0007 is not set: list command no longer ignores empty elements.
[0.064s]   Run "cmake --help-policy CMP0007" for policy details.  Use the cmake_policy
[0.064s]   command to set the policy and suppress this warning.  List has value =
[0.064s]   [Python;3;10;6;64;;cpython-310-x86_64-linux-gnu;/usr/lib/python3.10;/usr/lib/python3.10;/usr/lib/python3/dist-packages;/usr/lib/python3/dist-packages].
[0.064s] Call Stack (most recent call first):
[0.064s]   /usr/share/cmake-3.22/Modules/FindPython3.cmake:490 (include)
[0.064s]   /opt/ros/humble/share/ament_cmake_core/cmake/core/python.cmake:21 (find_package)
[0.064s]   /opt/ros/humble/share/ament_cmake_core/cmake/core/all.cmake:54 (include)
[0.064s]   /opt/ros/humble/share/ament_cmake_core/cmake/ament_cmake_core-extras.cmake:17 (include)
[0.064s]   /opt/ros/humble/share/ament_cmake_core/cmake/ament_cmake_coreConfig.cmake:41 (include)
[0.064s]   /opt/ros/humble/share/rosidl_default_generators/cmake/rosidl_default_generators-extras.cmake:4 (find_package)
[0.064s]   /opt/ros/humble/share/rosidl_default_generators/cmake/rosidl_default_generatorsConfig.cmake:41 (include)
[0.064s]   CMakeLists.txt:1 (find_package)
[0.065s] This warning is for project developers.  Use -Wno-dev to suppress it.
[0.065s] [0m
[0.065s] [31mCMake Error at /usr/share/cmake-3.22/Modules/FindPython/Support.cmake:1846 (list):
[0.065s]   list index: 10 out of range (-10, 9)
[0.065s] Call Stack (most recent call first):
[0.065s]   /usr/share/cmake-3.22/Modules/FindPython3.cmake:490 (include)
[0.065s]   /opt/ros/humble/share/ament_cmake_core/cmake/core/python.cmake:21 (find_package)
[0.065s]   /opt/ros/humble/share/ament_cmake_core/cmake/core/all.cmake:54 (include)
[0.065s]   /opt/ros/humble/share/ament_cmake_core/cmake/ament_cmake_core-extras.cmake:17 (include)
[0.065s]   /opt/ros/humble/share/ament_cmake_core/cmake/ament_cmake_coreConfig.cmake:41 (include)
[0.065s]   /opt/ros/humble/share/rosidl_default_generators/cmake/rosidl_default_generators-extras.cmake:4 (find_package)
[0.065s]   /opt/ros/humble/share/rosidl_default_generators/cmake/rosidl_default_generatorsConfig.cmake:41 (include)
[0.065s]   CMakeLists.txt:1 (find_package)
[0.065s] 
[0.065s] [0m
[0.096s] [33mCMake Warning (dev) at /opt/ros/humble/share/ament_cmake_core/cmake/core/list_append_unique.cmake:30 (if):
[0.096s]   Policy CMP0057 is not set: Support new IN_LIST if() operator.  Run "cmake
[0.096s]   --help-policy CMP0057" for policy details.  Use the cmake_policy command to
[0.096s]   set the policy and suppress this warning.
[0.096s] 
[0.096s]   IN_LIST will be interpreted as an operator when the policy is set to NEW.
[0.096s]   Since the policy is not set the OLD behavior will be used.
[0.096s] Call Stack (most recent call first):
[0.096s]   /opt/ros/humble/share/ament_cmake_core/cmake/index/ament_index_get_resources.cmake:51 (list_append_unique)
[0.096s]   /opt/ros/humble/share/rosidl_default_generators/cmake/rosidl_default_generators-extras.cmake:5 (ament_index_get_resources)
[0.096s]   /opt/ros/humble/share/rosidl_default_generators/cmake/rosidl_default_generatorsConfig.cmake:41 (include)
[0.096s]   CMakeLists.txt:1 (find_package)
[0.096s] This warning is for project developers.  Use -Wno-dev to suppress it.
[0.096s] [0m
[0.096s] [31mCMake Error at /opt/ros/humble/share/ament_cmake_core/cmake/core/list_append_unique.cmake:30 (if):
[0.096s]   if given arguments:
[0.096s] 
[0.096s]     "NOT" "element" "IN_LIST" "paths_to_search"
[0.096s] 
[0.096s]   Unknown arguments specified
[0.096s] Call Stack (most recent call first):
[0.096s]   /opt/ros/humble/share/ament_cmake_core/cmake/index/ament_index_get_resources.cmake:51 (list_append_unique)
[0.096s]   /opt/ros/humble/share/rosidl_default_generators/cmake/rosidl_default_generators-extras.cmake:5 (ament_index_get_resources)
[0.096s]   /opt/ros/humble/share/rosidl_default_generators/cmake/rosidl_default_generatorsConfig.cmake:41 (include)
[0.096s]   CMakeLists.txt:1 (find_package)
[0.096s] 
[0.096s] [0m
[0.096s] [33mCMake Warning (dev) in CMakeLists.txt:
[0.096s]   No cmake_minimum_required command is present.  A line of code such as
[0.096s] 
[0.096s]     cmake_minimum_required(VERSION 3.22)
[0.097s] 
[0.097s]   should be added at the top of the file.  The version specified may be lower
[0.097s]   if you wish to support older CMake versions for this project.  For more
[0.097s]   information run "cmake --help-policy CMP0000".
[0.097s] This warning is for project developers.  Use -Wno-dev to suppress it.
[0.097s] [0m
[0.097s] -- Configuring incomplete, errors occurred!
[0.097s] See also "/home/zubeyir48/ros2_ME462_ws/build/robot_controller/CMakeFiles/CMakeOutput.log".
[0.148s] Invoked command in '/home/zubeyir48/ros2_ME462_ws/build/robot_controller' returned '1': /usr/bin/cmake /home/zubeyir48/ros2_ME462_ws/src/robot_controller -DCMAKE_INSTALL_PREFIX=/home/zubeyir48/ros2_ME462_ws/install/robot_controller
