[0.011s] Invoking command in '/home/zubeyir48/ros2_ME462_ws/build/kalbot_brignup': CMAKE_PREFIX_PATH=${CMAKE_PREFIX_PATH}:/home/zubeyir48/ros2_ME462_ws/install/kalbot_controller:/home/zubeyir48/ros2_ME462_ws/install/tutorial_robot_controller:/home/zubeyir48/ros2_ME462_ws/install/robot_controller:/opt/ros/humble /usr/bin/cmake --build /home/zubeyir48/ros2_ME462_ws/build/kalbot_brignup -- -j20 -l20
[0.157s] Invoked command in '/home/zubeyir48/ros2_ME462_ws/build/kalbot_brignup' returned '0': CMAKE_PREFIX_PATH=${CMAKE_PREFIX_PATH}:/home/zubeyir48/ros2_ME462_ws/install/kalbot_controller:/home/zubeyir48/ros2_ME462_ws/install/tutorial_robot_controller:/home/zubeyir48/ros2_ME462_ws/install/robot_controller:/opt/ros/humble /usr/bin/cmake --build /home/zubeyir48/ros2_ME462_ws/build/kalbot_brignup -- -j20 -l20
[0.171s] Invoking command in '/home/zubeyir48/ros2_ME462_ws/build/kalbot_brignup': CMAKE_PREFIX_PATH=${CMAKE_PREFIX_PATH}:/home/zubeyir48/ros2_ME462_ws/install/kalbot_controller:/home/zubeyir48/ros2_ME462_ws/install/tutorial_robot_controller:/home/zubeyir48/ros2_ME462_ws/install/robot_controller:/opt/ros/humble /usr/bin/cmake --install /home/zubeyir48/ros2_ME462_ws/build/kalbot_brignup
[0.174s] -- Install configuration: ""
[0.174s] -- Up-to-date: /home/zubeyir48/ros2_ME462_ws/install/kalbot_brignup/share/kalbot_brignup/launch
[0.174s] -- Installing: /home/zubeyir48/ros2_ME462_ws/install/kalbot_brignup/share/kalbot_brignup/launch/demo.launch.py
[0.174s] -- Up-to-date: /home/zubeyir48/ros2_ME462_ws/install/kalbot_brignup/share/ament_index/resource_index/package_run_dependencies/kalbot_brignup
[0.174s] -- Up-to-date: /home/zubeyir48/ros2_ME462_ws/install/kalbot_brignup/share/ament_index/resource_index/parent_prefix_path/kalbot_brignup
[0.174s] -- Up-to-date: /home/zubeyir48/ros2_ME462_ws/install/kalbot_brignup/share/kalbot_brignup/environment/ament_prefix_path.sh
[0.174s] -- Up-to-date: /home/zubeyir48/ros2_ME462_ws/install/kalbot_brignup/share/kalbot_brignup/environment/ament_prefix_path.dsv
[0.174s] -- Up-to-date: /home/zubeyir48/ros2_ME462_ws/install/kalbot_brignup/share/kalbot_brignup/environment/path.sh
[0.174s] -- Up-to-date: /home/zubeyir48/ros2_ME462_ws/install/kalbot_brignup/share/kalbot_brignup/environment/path.dsv
[0.174s] -- Up-to-date: /home/zubeyir48/ros2_ME462_ws/install/kalbot_brignup/share/kalbot_brignup/local_setup.bash
[0.174s] -- Up-to-date: /home/zubeyir48/ros2_ME462_ws/install/kalbot_brignup/share/kalbot_brignup/local_setup.sh
[0.174s] -- Up-to-date: /home/zubeyir48/ros2_ME462_ws/install/kalbot_brignup/share/kalbot_brignup/local_setup.zsh
[0.174s] -- Up-to-date: /home/zubeyir48/ros2_ME462_ws/install/kalbot_brignup/share/kalbot_brignup/local_setup.dsv
[0.174s] -- Installing: /home/zubeyir48/ros2_ME462_ws/install/kalbot_brignup/share/kalbot_brignup/package.dsv
[0.174s] -- Up-to-date: /home/zubeyir48/ros2_ME462_ws/install/kalbot_brignup/share/ament_index/resource_index/packages/kalbot_brignup
[0.174s] -- Up-to-date: /home/zubeyir48/ros2_ME462_ws/install/kalbot_brignup/share/kalbot_brignup/cmake/kalbot_brignupConfig.cmake
[0.175s] -- Up-to-date: /home/zubeyir48/ros2_ME462_ws/install/kalbot_brignup/share/kalbot_brignup/cmake/kalbot_brignupConfig-version.cmake
[0.175s] -- Up-to-date: /home/zubeyir48/ros2_ME462_ws/install/kalbot_brignup/share/kalbot_brignup/package.xml
[0.176s] Invoked command in '/home/zubeyir48/ros2_ME462_ws/build/kalbot_brignup' returned '0': CMAKE_PREFIX_PATH=${CMAKE_PREFIX_PATH}:/home/zubeyir48/ros2_ME462_ws/install/kalbot_controller:/home/zubeyir48/ros2_ME462_ws/install/tutorial_robot_controller:/home/zubeyir48/ros2_ME462_ws/install/robot_controller:/opt/ros/humble /usr/bin/cmake --install /home/zubeyir48/ros2_ME462_ws/build/kalbot_brignup
