[0.471s] Invoking command in '/home/zubeyir48/ros2_ME462_ws/src/robot_controller': PYTHONPATH=/home/zubeyir48/ros2_ME462_ws/build/robot_controller/prefix_override:/home/zubeyir48/ros2_ME462_ws/install/robot_controller/lib/python3.10/site-packages:${PYTHONPATH} /usr/bin/python3 setup.py egg_info --egg-base ../../build/robot_controller build --build-base /home/zubeyir48/ros2_ME462_ws/build/robot_controller/build install --record /home/zubeyir48/ros2_ME462_ws/build/robot_controller/install.log --single-version-externally-managed
[0.593s] running egg_info
[0.594s] writing ../../build/robot_controller/robot_controller.egg-info/PKG-INFO
[0.594s] writing dependency_links to ../../build/robot_controller/robot_controller.egg-info/dependency_links.txt
[0.594s] writing entry points to ../../build/robot_controller/robot_controller.egg-info/entry_points.txt
[0.594s] writing requirements to ../../build/robot_controller/robot_controller.egg-info/requires.txt
[0.594s] writing top-level names to ../../build/robot_controller/robot_controller.egg-info/top_level.txt
[0.595s] reading manifest file '../../build/robot_controller/robot_controller.egg-info/SOURCES.txt'
[0.595s] writing manifest file '../../build/robot_controller/robot_controller.egg-info/SOURCES.txt'
[0.595s] running build
[0.595s] running build_py
[0.596s] copying robot_controller/motor_controller.py -> /home/zubeyir48/ros2_ME462_ws/build/robot_controller/build/lib/robot_controller
[0.596s] copying robot_controller/__init__.py -> /home/zubeyir48/ros2_ME462_ws/build/robot_controller/build/lib/robot_controller
[0.596s] running install
[0.596s] running install_lib
[0.596s] copying /home/zubeyir48/ros2_ME462_ws/build/robot_controller/build/lib/robot_controller/motor_controller.py -> /home/zubeyir48/ros2_ME462_ws/install/robot_controller/lib/python3.10/site-packages/robot_controller
[0.596s] copying /home/zubeyir48/ros2_ME462_ws/build/robot_controller/build/lib/robot_controller/__init__.py -> /home/zubeyir48/ros2_ME462_ws/install/robot_controller/lib/python3.10/site-packages/robot_controller
[0.596s] byte-compiling /home/zubeyir48/ros2_ME462_ws/install/robot_controller/lib/python3.10/site-packages/robot_controller/motor_controller.py to motor_controller.cpython-310.pyc
[0.596s] byte-compiling /home/zubeyir48/ros2_ME462_ws/install/robot_controller/lib/python3.10/site-packages/robot_controller/__init__.py to __init__.cpython-310.pyc
[0.596s] running install_data
[0.597s] copying resource/robot_controller -> /home/zubeyir48/ros2_ME462_ws/install/robot_controller/share/ament_index/resource_index/packages
[0.597s] copying package.xml -> /home/zubeyir48/ros2_ME462_ws/install/robot_controller/share/robot_controller
[0.597s] running install_egg_info
[0.597s] removing '/home/zubeyir48/ros2_ME462_ws/install/robot_controller/lib/python3.10/site-packages/robot_controller-0.0.0-py3.10.egg-info' (and everything under it)
[0.598s] Copying ../../build/robot_controller/robot_controller.egg-info to /home/zubeyir48/ros2_ME462_ws/install/robot_controller/lib/python3.10/site-packages/robot_controller-0.0.0-py3.10.egg-info
[0.598s] running install_scripts
[0.608s] writing list of installed files to '/home/zubeyir48/ros2_ME462_ws/build/robot_controller/install.log'
[0.621s] Invoked command in '/home/zubeyir48/ros2_ME462_ws/src/robot_controller' returned '0': PYTHONPATH=/home/zubeyir48/ros2_ME462_ws/build/robot_controller/prefix_override:/home/zubeyir48/ros2_ME462_ws/install/robot_controller/lib/python3.10/site-packages:${PYTHONPATH} /usr/bin/python3 setup.py egg_info --egg-base ../../build/robot_controller build --build-base /home/zubeyir48/ros2_ME462_ws/build/robot_controller/build install --record /home/zubeyir48/ros2_ME462_ws/build/robot_controller/install.log --single-version-externally-managed
