[9.098s] Invoking command in '/home/alibaba/ros2_repos/src/kalbot_controller': PYTHONPATH=/home/alibaba/ros2_repos/build/kalbot_controller/prefix_override:/home/alibaba/ros2_repos/install/kalbot_controller/lib/python3.6/site-packages:${PYTHONPATH} /usr/bin/python3 setup.py egg_info --egg-base ../../build/kalbot_controller build --build-base /home/alibaba/ros2_repos/build/kalbot_controller/build install --record /home/alibaba/ros2_repos/build/kalbot_controller/install.log --install-scripts $base/lib/kalbot_controller --single-version-externally-managed
[11.809s] running egg_info
[11.820s] writing ../../build/kalbot_controller/kalbot_controller.egg-info/PKG-INFO
[11.825s] writing dependency_links to ../../build/kalbot_controller/kalbot_controller.egg-info/dependency_links.txt
[11.829s] writing entry points to ../../build/kalbot_controller/kalbot_controller.egg-info/entry_points.txt
[11.831s] writing requirements to ../../build/kalbot_controller/kalbot_controller.egg-info/requires.txt
[11.833s] writing top-level names to ../../build/kalbot_controller/kalbot_controller.egg-info/top_level.txt
[12.232s] reading manifest file '../../build/kalbot_controller/kalbot_controller.egg-info/SOURCES.txt'
[12.247s] writing manifest file '../../build/kalbot_controller/kalbot_controller.egg-info/SOURCES.txt'
[12.250s] running build
[12.253s] running build_py
[12.255s] copying kalbot_controller/kalbot_controller.py -> /home/alibaba/ros2_repos/build/kalbot_controller/build/lib/kalbot_controller
[12.256s] running install
[12.259s] running install_lib
[12.267s] copying /home/alibaba/ros2_repos/build/kalbot_controller/build/lib/kalbot_controller/kalbot_controller.py -> /home/alibaba/ros2_repos/install/kalbot_controller/lib/python3.6/site-packages/kalbot_controller
[12.271s] byte-compiling /home/alibaba/ros2_repos/install/kalbot_controller/lib/python3.6/site-packages/kalbot_controller/kalbot_controller.py to kalbot_controller.cpython-36.pyc
[12.274s]   File "/home/alibaba/ros2_repos/install/kalbot_controller/lib/python3.6/site-packages/kalbot_controller/kalbot_controller.py", line 2
[12.276s]     import rclpy.node import Node
[12.277s]                            ^
[12.281s] SyntaxError: invalid syntax
[12.282s] 
[12.284s] running install_data
[12.286s] running install_egg_info
[12.299s] removing '/home/alibaba/ros2_repos/install/kalbot_controller/lib/python3.6/site-packages/kalbot_controller-0.0.0-py3.6.egg-info' (and everything under it)
[12.303s] Copying ../../build/kalbot_controller/kalbot_controller.egg-info to /home/alibaba/ros2_repos/install/kalbot_controller/lib/python3.6/site-packages/kalbot_controller-0.0.0-py3.6.egg-info
[12.311s] running install_scripts
[12.497s] writing list of installed files to '/home/alibaba/ros2_repos/build/kalbot_controller/install.log'
