[0.478s] Invoking command in '/home/zubeyir48/ros2_ME462_ws/src/robot_controller': PYTHONPATH=/home/zubeyir48/ros2_ME462_ws/build/robot_controller/prefix_override:/home/zubeyir48/ros2_ME462_ws/install/robot_controller/lib/python3.10/site-packages:${PYTHONPATH} /usr/bin/python3 setup.py egg_info --egg-base ../../build/robot_controller build --build-base /home/zubeyir48/ros2_ME462_ws/build/robot_controller/build install --record /home/zubeyir48/ros2_ME462_ws/build/robot_controller/install.log --single-version-externally-managed
[0.604s] running egg_info
[0.604s] writing ../../build/robot_controller/robot_controller.egg-info/PKG-INFO
[0.604s] writing dependency_links to ../../build/robot_controller/robot_controller.egg-info/dependency_links.txt
[0.604s] writing entry points to ../../build/robot_controller/robot_controller.egg-info/entry_points.txt
[0.604s] writing requirements to ../../build/robot_controller/robot_controller.egg-info/requires.txt
[0.604s] writing top-level names to ../../build/robot_controller/robot_controller.egg-info/top_level.txt
[0.605s] reading manifest file '../../build/robot_controller/robot_controller.egg-info/SOURCES.txt'
[0.606s] writing manifest file '../../build/robot_controller/robot_controller.egg-info/SOURCES.txt'
[0.606s] running build
[0.606s] running build_py
[0.606s] running install
[0.606s] running install_lib
[0.606s] running install_data
[0.607s] running install_egg_info
[0.607s] removing '/home/zubeyir48/ros2_ME462_ws/install/robot_controller/lib/python3.10/site-packages/robot_controller-0.0.0-py3.10.egg-info' (and everything under it)
[0.608s] Copying ../../build/robot_controller/robot_controller.egg-info to /home/zubeyir48/ros2_ME462_ws/install/robot_controller/lib/python3.10/site-packages/robot_controller-0.0.0-py3.10.egg-info
[0.608s] running install_scripts
[0.618s] writing list of installed files to '/home/zubeyir48/ros2_ME462_ws/build/robot_controller/install.log'
[0.632s] Invoked command in '/home/zubeyir48/ros2_ME462_ws/src/robot_controller' returned '0': PYTHONPATH=/home/zubeyir48/ros2_ME462_ws/build/robot_controller/prefix_override:/home/zubeyir48/ros2_ME462_ws/install/robot_controller/lib/python3.10/site-packages:${PYTHONPATH} /usr/bin/python3 setup.py egg_info --egg-base ../../build/robot_controller build --build-base /home/zubeyir48/ros2_ME462_ws/build/robot_controller/build install --record /home/zubeyir48/ros2_ME462_ws/build/robot_controller/install.log --single-version-externally-managed
