[0.484s] Invoking command in '/home/zubeyir48/ros2_ME462_ws/src/keyboard_controller': CMAKE_PREFIX_PATH=/home/zubeyir48/ros2_ME462_ws/install/kalbot_interfaces:/home/zubeyir48/ros2_ME462_ws/install/kalbot_brignup PYTHONPATH=/home/zubeyir48/ros2_ME462_ws/build/keyboard_controller/prefix_override:/home/zubeyir48/ros2_ME462_ws/install/keyboard_controller/lib/python3.10/site-packages:${PYTHONPATH} /usr/bin/python3 setup.py egg_info --egg-base ../../build/keyboard_controller build --build-base /home/zubeyir48/ros2_ME462_ws/build/keyboard_controller/build install --record /home/zubeyir48/ros2_ME462_ws/build/keyboard_controller/install.log --single-version-externally-managed
[0.616s] running egg_info
[0.616s] writing ../../build/keyboard_controller/keyboard_controller.egg-info/PKG-INFO
[0.616s] writing dependency_links to ../../build/keyboard_controller/keyboard_controller.egg-info/dependency_links.txt
[0.616s] writing entry points to ../../build/keyboard_controller/keyboard_controller.egg-info/entry_points.txt
[0.616s] writing requirements to ../../build/keyboard_controller/keyboard_controller.egg-info/requires.txt
[0.616s] writing top-level names to ../../build/keyboard_controller/keyboard_controller.egg-info/top_level.txt
[0.617s] reading manifest file '../../build/keyboard_controller/keyboard_controller.egg-info/SOURCES.txt'
[0.618s] writing manifest file '../../build/keyboard_controller/keyboard_controller.egg-info/SOURCES.txt'
[0.618s] running build
[0.618s] running build_py
[0.618s] running install
[0.618s] running install_lib
[0.618s] running install_data
[0.619s] running install_egg_info
[0.619s] removing '/home/zubeyir48/ros2_ME462_ws/install/keyboard_controller/lib/python3.10/site-packages/keyboard_controller-0.0.0-py3.10.egg-info' (and everything under it)
[0.619s] Copying ../../build/keyboard_controller/keyboard_controller.egg-info to /home/zubeyir48/ros2_ME462_ws/install/keyboard_controller/lib/python3.10/site-packages/keyboard_controller-0.0.0-py3.10.egg-info
[0.620s] running install_scripts
[0.631s] Installing keyboard_controller script to /home/zubeyir48/ros2_ME462_ws/install/keyboard_controller/lib/keyboard_controller
[0.631s] writing list of installed files to '/home/zubeyir48/ros2_ME462_ws/build/keyboard_controller/install.log'
[0.647s] Invoked command in '/home/zubeyir48/ros2_ME462_ws/src/keyboard_controller' returned '0': CMAKE_PREFIX_PATH=/home/zubeyir48/ros2_ME462_ws/install/kalbot_interfaces:/home/zubeyir48/ros2_ME462_ws/install/kalbot_brignup PYTHONPATH=/home/zubeyir48/ros2_ME462_ws/build/keyboard_controller/prefix_override:/home/zubeyir48/ros2_ME462_ws/install/keyboard_controller/lib/python3.10/site-packages:${PYTHONPATH} /usr/bin/python3 setup.py egg_info --egg-base ../../build/keyboard_controller build --build-base /home/zubeyir48/ros2_ME462_ws/build/keyboard_controller/build install --record /home/zubeyir48/ros2_ME462_ws/build/keyboard_controller/install.log --single-version-externally-managed
