[0.318s] Invoking command in '/home/zubeyir48/ros2_ME462_ws/build/robot_controller': PYTHONPATH=/home/zubeyir48/ros2_ME462_ws/build/robot_controller/prefix_override:/home/zubeyir48/ros2_ME462_ws/install/robot_controller/lib/python3.10/site-packages:${PYTHONPATH} /usr/bin/python3 setup.py develop --uninstall --editable --build-directory /home/zubeyir48/ros2_ME462_ws/build/robot_controller/build
[0.452s] running develop
[0.539s] Invoked command in '/home/zubeyir48/ros2_ME462_ws/build/robot_controller' returned '0': PYTHONPATH=/home/zubeyir48/ros2_ME462_ws/build/robot_controller/prefix_override:/home/zubeyir48/ros2_ME462_ws/install/robot_controller/lib/python3.10/site-packages:${PYTHONPATH} /usr/bin/python3 setup.py develop --uninstall --editable --build-directory /home/zubeyir48/ros2_ME462_ws/build/robot_controller/build
[0.541s] Invoking command in '/home/zubeyir48/ros2_ME462_ws/src/robot_controller': PYTHONPATH=/home/zubeyir48/ros2_ME462_ws/build/robot_controller/prefix_override:/home/zubeyir48/ros2_ME462_ws/install/robot_controller/lib/python3.10/site-packages:${PYTHONPATH} /usr/bin/python3 setup.py egg_info --egg-base ../../build/robot_controller build --build-base /home/zubeyir48/ros2_ME462_ws/build/robot_controller/build install --record /home/zubeyir48/ros2_ME462_ws/build/robot_controller/install.log --single-version-externally-managed
[0.663s] running egg_info
[0.663s] writing ../../build/robot_controller/robot_controller.egg-info/PKG-INFO
[0.663s] writing dependency_links to ../../build/robot_controller/robot_controller.egg-info/dependency_links.txt
[0.663s] writing entry points to ../../build/robot_controller/robot_controller.egg-info/entry_points.txt
[0.663s] writing requirements to ../../build/robot_controller/robot_controller.egg-info/requires.txt
[0.663s] writing top-level names to ../../build/robot_controller/robot_controller.egg-info/top_level.txt
[0.664s] reading manifest file '../../build/robot_controller/robot_controller.egg-info/SOURCES.txt'
[0.664s] writing manifest file '../../build/robot_controller/robot_controller.egg-info/SOURCES.txt'
[0.665s] running build
[0.665s] running build_py
[0.665s] copying robot_controller/motor_controller.py -> /home/zubeyir48/ros2_ME462_ws/build/robot_controller/build/lib/robot_controller
[0.665s] running install
[0.665s] running install_lib
[0.665s] copying /home/zubeyir48/ros2_ME462_ws/build/robot_controller/build/lib/robot_controller/motor_controller.py -> /home/zubeyir48/ros2_ME462_ws/install/robot_controller/lib/python3.10/site-packages/robot_controller
[0.665s] byte-compiling /home/zubeyir48/ros2_ME462_ws/install/robot_controller/lib/python3.10/site-packages/robot_controller/motor_controller.py to motor_controller.cpython-310.pyc
[0.665s]   File "/home/zubeyir48/ros2_ME462_ws/install/robot_controller/lib/python3.10/site-packages/robot_controller/motor_controller.py", line 5
[0.665s]     from robot_controller.msg import
[0.665s]                                     ^
[0.665s] SyntaxError: invalid syntax
[0.665s] 
[0.665s] running install_data
[0.665s] running install_egg_info
[0.666s] removing '/home/zubeyir48/ros2_ME462_ws/install/robot_controller/lib/python3.10/site-packages/robot_controller-0.0.0-py3.10.egg-info' (and everything under it)
[0.666s] Copying ../../build/robot_controller/robot_controller.egg-info to /home/zubeyir48/ros2_ME462_ws/install/robot_controller/lib/python3.10/site-packages/robot_controller-0.0.0-py3.10.egg-info
[0.666s] running install_scripts
[0.677s] Installing motor_controller script to /home/zubeyir48/ros2_ME462_ws/install/robot_controller/lib/robot_controller
[0.677s] writing list of installed files to '/home/zubeyir48/ros2_ME462_ws/build/robot_controller/install.log'
[0.690s] Invoked command in '/home/zubeyir48/ros2_ME462_ws/src/robot_controller' returned '0': PYTHONPATH=/home/zubeyir48/ros2_ME462_ws/build/robot_controller/prefix_override:/home/zubeyir48/ros2_ME462_ws/install/robot_controller/lib/python3.10/site-packages:${PYTHONPATH} /usr/bin/python3 setup.py egg_info --egg-base ../../build/robot_controller build --build-base /home/zubeyir48/ros2_ME462_ws/build/robot_controller/build install --record /home/zubeyir48/ros2_ME462_ws/build/robot_controller/install.log --single-version-externally-managed
