[0.091s] Invoking command in '/home/alibaba/ros2_repos/build/kalbot_interfaces': CMAKE_PREFIX_PATH=/opt/ros/eloquent /usr/bin/cmake --build /home/alibaba/ros2_repos/build/kalbot_interfaces -- -j4 -l4
[0.329s] [ 10%] Built target kalbot_interfaces__cpp
[0.330s] [ 13%] Built target kalbot_interfaces__rosidl_generator_c
[0.472s] [ 24%] Built target kalbot_interfaces__rosidl_typesupport_introspection_c
[0.489s] [ 35%] Built target kalbot_interfaces__rosidl_typesupport_introspection_cpp
[0.513s] [ 45%] Built target kalbot_interfaces__rosidl_typesupport_fastrtps_cpp
[0.631s] [ 56%] Built target kalbot_interfaces__rosidl_typesupport_fastrtps_c
[0.638s] [ 67%] Built target kalbot_interfaces__rosidl_typesupport_cpp
[0.740s] [ 78%] Built target kalbot_interfaces__rosidl_typesupport_c
[0.815s] [ 78%] Built target kalbot_interfaces
[0.893s] [ 81%] Built target kalbot_interfaces__py
[1.008s] [ 89%] Built target kalbot_interfaces__python
[1.114s] [100%] Built target kalbot_interfaces__rosidl_typesupport_fastrtps_c__pyext
[1.115s] [100%] Built target kalbot_interfaces__rosidl_typesupport_c__pyext
[1.156s] Invoked command in '/home/alibaba/ros2_repos/build/kalbot_interfaces' returned '0': CMAKE_PREFIX_PATH=/opt/ros/eloquent /usr/bin/cmake --build /home/alibaba/ros2_repos/build/kalbot_interfaces -- -j4 -l4
[1.385s] Invoking command in '/home/alibaba/ros2_repos/build/kalbot_interfaces': CMAKE_PREFIX_PATH=/opt/ros/eloquent /usr/bin/cmake --build /home/alibaba/ros2_repos/build/kalbot_interfaces --target install -- -j4 -l4
[1.581s] [  2%] Built target kalbot_interfaces__cpp
[1.582s] [ 13%] Built target kalbot_interfaces__rosidl_generator_c
[1.667s] [ 35%] Built target kalbot_interfaces__rosidl_typesupport_introspection_cpp
[1.668s] [ 35%] Built target kalbot_interfaces__rosidl_typesupport_introspection_c
[1.690s] [ 45%] Built target kalbot_interfaces__rosidl_typesupport_fastrtps_cpp
[1.796s] [ 64%] Built target kalbot_interfaces__rosidl_typesupport_fastrtps_c
[1.797s] [ 67%] Built target kalbot_interfaces__rosidl_typesupport_cpp
[1.898s] [ 78%] Built target kalbot_interfaces__rosidl_typesupport_c
[1.971s] [ 78%] Built target kalbot_interfaces
[2.045s] [ 81%] Built target kalbot_interfaces__py
[2.152s] [ 89%] Built target kalbot_interfaces__python
[2.262s] [100%] Built target kalbot_interfaces__rosidl_typesupport_fastrtps_c__pyext
[2.263s] [100%] Built target kalbot_interfaces__rosidl_typesupport_c__pyext
[2.333s] [36mInstall the project...[0m
[2.366s] -- Install configuration: ""
[2.367s] -- Up-to-date: /home/alibaba/ros2_repos/install/kalbot_interfaces/share/ament_index/resource_index/rosidl_interfaces/kalbot_interfaces
[2.367s] -- Up-to-date: /home/alibaba/ros2_repos/install/kalbot_interfaces/lib/libkalbot_interfaces__rosidl_typesupport_c.so
[2.368s] -- Up-to-date: /home/alibaba/ros2_repos/install/kalbot_interfaces/share/kalbot_interfaces/environment/library_path.sh
[2.369s] -- Up-to-date: /home/alibaba/ros2_repos/install/kalbot_interfaces/share/kalbot_interfaces/environment/library_path.dsv
[2.369s] -- Up-to-date: /home/alibaba/ros2_repos/install/kalbot_interfaces/lib/libkalbot_interfaces__rosidl_typesupport_cpp.so
[2.370s] -- Up-to-date: /home/alibaba/ros2_repos/install/kalbot_interfaces/include/kalbot_interfaces
[2.370s] -- Up-to-date: /home/alibaba/ros2_repos/install/kalbot_interfaces/include/kalbot_interfaces/srv
[2.371s] -- Up-to-date: /home/alibaba/ros2_repos/install/kalbot_interfaces/include/kalbot_interfaces/srv/set_motor_speed__rosidl_typesupport_fastrtps_c.h
[2.371s] -- Up-to-date: /home/alibaba/ros2_repos/install/kalbot_interfaces/include/kalbot_interfaces/msg
[2.372s] -- Up-to-date: /home/alibaba/ros2_repos/install/kalbot_interfaces/include/kalbot_interfaces/msg/rosidl_typesupport_fastrtps_c__visibility_control.h
[2.373s] -- Up-to-date: /home/alibaba/ros2_repos/install/kalbot_interfaces/include/kalbot_interfaces/msg/motor_command__rosidl_typesupport_fastrtps_c.h
[2.373s] -- Up-to-date: /home/alibaba/ros2_repos/install/kalbot_interfaces/lib/libkalbot_interfaces__rosidl_typesupport_fastrtps_c.so
[2.374s] -- Up-to-date: /home/alibaba/ros2_repos/install/kalbot_interfaces/include/kalbot_interfaces
[2.375s] -- Up-to-date: /home/alibaba/ros2_repos/install/kalbot_interfaces/include/kalbot_interfaces/srv
[2.375s] -- Up-to-date: /home/alibaba/ros2_repos/install/kalbot_interfaces/include/kalbot_interfaces/srv/set_motor_speed__type_support.h
[2.376s] -- Up-to-date: /home/alibaba/ros2_repos/install/kalbot_interfaces/include/kalbot_interfaces/srv/set_motor_speed.h
[2.377s] -- Up-to-date: /home/alibaba/ros2_repos/install/kalbot_interfaces/include/kalbot_interfaces/srv/set_motor_speed__functions.c
[2.377s] -- Up-to-date: /home/alibaba/ros2_repos/install/kalbot_interfaces/include/kalbot_interfaces/srv/set_motor_speed__functions.h
[2.378s] -- Up-to-date: /home/alibaba/ros2_repos/install/kalbot_interfaces/include/kalbot_interfaces/srv/set_motor_speed__struct.h
[2.379s] -- Up-to-date: /home/alibaba/ros2_repos/install/kalbot_interfaces/include/kalbot_interfaces/msg
[2.379s] -- Up-to-date: /home/alibaba/ros2_repos/install/kalbot_interfaces/include/kalbot_interfaces/msg/motor_command__type_support.h
[2.380s] -- Up-to-date: /home/alibaba/ros2_repos/install/kalbot_interfaces/include/kalbot_interfaces/msg/motor_command__functions.c
[2.380s] -- Up-to-date: /home/alibaba/ros2_repos/install/kalbot_interfaces/include/kalbot_interfaces/msg/motor_command__functions.h
[2.381s] -- Up-to-date: /home/alibaba/ros2_repos/install/kalbot_interfaces/include/kalbot_interfaces/msg/motor_command.h
[2.382s] -- Up-to-date: /home/alibaba/ros2_repos/install/kalbot_interfaces/include/kalbot_interfaces/msg/motor_command__struct.h
[2.382s] -- Up-to-date: /home/alibaba/ros2_repos/install/kalbot_interfaces/include/kalbot_interfaces/msg/rosidl_generator_c__visibility_control.h
[2.383s] -- Up-to-date: /home/alibaba/ros2_repos/install/kalbot_interfaces/lib/libkalbot_interfaces__rosidl_generator_c.so
[2.383s] -- Up-to-date: /home/alibaba/ros2_repos/install/kalbot_interfaces/include/kalbot_interfaces
[2.384s] -- Up-to-date: /home/alibaba/ros2_repos/install/kalbot_interfaces/include/kalbot_interfaces/srv
[2.384s] -- Up-to-date: /home/alibaba/ros2_repos/install/kalbot_interfaces/include/kalbot_interfaces/srv/set_motor_speed__rosidl_typesupport_fastrtps_cpp.hpp
[2.385s] -- Up-to-date: /home/alibaba/ros2_repos/install/kalbot_interfaces/include/kalbot_interfaces/srv/dds_fastrtps
[2.386s] -- Up-to-date: /home/alibaba/ros2_repos/install/kalbot_interfaces/include/kalbot_interfaces/msg
[2.386s] -- Up-to-date: /home/alibaba/ros2_repos/install/kalbot_interfaces/include/kalbot_interfaces/msg/rosidl_typesupport_fastrtps_cpp__visibility_control.h
[2.387s] -- Up-to-date: /home/alibaba/ros2_repos/install/kalbot_interfaces/include/kalbot_interfaces/msg/motor_command__rosidl_typesupport_fastrtps_cpp.hpp
[2.387s] -- Up-to-date: /home/alibaba/ros2_repos/install/kalbot_interfaces/include/kalbot_interfaces/msg/dds_fastrtps
[2.388s] -- Up-to-date: /home/alibaba/ros2_repos/install/kalbot_interfaces/lib/libkalbot_interfaces__rosidl_typesupport_fastrtps_cpp.so
[2.388s] -- Up-to-date: /home/alibaba/ros2_repos/install/kalbot_interfaces/include/kalbot_interfaces
[2.389s] -- Up-to-date: /home/alibaba/ros2_repos/install/kalbot_interfaces/include/kalbot_interfaces/srv
[2.389s] -- Up-to-date: /home/alibaba/ros2_repos/install/kalbot_interfaces/include/kalbot_interfaces/srv/set_motor_speed.hpp
[2.390s] -- Up-to-date: /home/alibaba/ros2_repos/install/kalbot_interfaces/include/kalbot_interfaces/srv/set_motor_speed__traits.hpp
[2.390s] -- Up-to-date: /home/alibaba/ros2_repos/install/kalbot_interfaces/include/kalbot_interfaces/srv/set_motor_speed__struct.hpp
[2.391s] -- Up-to-date: /home/alibaba/ros2_repos/install/kalbot_interfaces/include/kalbot_interfaces/msg
[2.391s] -- Up-to-date: /home/alibaba/ros2_repos/install/kalbot_interfaces/include/kalbot_interfaces/msg/motor_command__traits.hpp
[2.392s] -- Up-to-date: /home/alibaba/ros2_repos/install/kalbot_interfaces/include/kalbot_interfaces/msg/motor_command.hpp
[2.392s] -- Up-to-date: /home/alibaba/ros2_repos/install/kalbot_interfaces/include/kalbot_interfaces/msg/motor_command__struct.hpp
[2.393s] -- Up-to-date: /home/alibaba/ros2_repos/install/kalbot_interfaces/include/kalbot_interfaces
[2.393s] -- Up-to-date: /home/alibaba/ros2_repos/install/kalbot_interfaces/include/kalbot_interfaces/srv
[2.394s] -- Up-to-date: /home/alibaba/ros2_repos/install/kalbot_interfaces/include/kalbot_interfaces/srv/set_motor_speed__rosidl_typesupport_introspection_c.h
[2.394s] -- Up-to-date: /home/alibaba/ros2_repos/install/kalbot_interfaces/include/kalbot_interfaces/srv/set_motor_speed__type_support.c
[2.395s] -- Up-to-date: /home/alibaba/ros2_repos/install/kalbot_interfaces/include/kalbot_interfaces/msg
[2.395s] -- Up-to-date: /home/alibaba/ros2_repos/install/kalbot_interfaces/include/kalbot_interfaces/msg/motor_command__type_support.c
[2.396s] -- Up-to-date: /home/alibaba/ros2_repos/install/kalbot_interfaces/include/kalbot_interfaces/msg/rosidl_typesupport_introspection_c__visibility_control.h
[2.396s] -- Up-to-date: /home/alibaba/ros2_repos/install/kalbot_interfaces/include/kalbot_interfaces/msg/motor_command__rosidl_typesupport_introspection_c.h
[2.397s] -- Up-to-date: /home/alibaba/ros2_repos/install/kalbot_interfaces/lib/libkalbot_interfaces__rosidl_typesupport_introspection_c.so
[2.397s] -- Up-to-date: /home/alibaba/ros2_repos/install/kalbot_interfaces/include/kalbot_interfaces
[2.398s] -- Up-to-date: /home/alibaba/ros2_repos/install/kalbot_interfaces/include/kalbot_interfaces/srv
[2.398s] -- Up-to-date: /home/alibaba/ros2_repos/install/kalbot_interfaces/include/kalbot_interfaces/srv/set_motor_speed__type_support.cpp
[2.399s] -- Up-to-date: /home/alibaba/ros2_repos/install/kalbot_interfaces/include/kalbot_interfaces/srv/set_motor_speed__rosidl_typesupport_introspection_cpp.hpp
[2.399s] -- Up-to-date: /home/alibaba/ros2_repos/install/kalbot_interfaces/include/kalbot_interfaces/msg
[2.399s] -- Up-to-date: /home/alibaba/ros2_repos/install/kalbot_interfaces/include/kalbot_interfaces/msg/motor_command__rosidl_typesupport_introspection_cpp.hpp
[2.400s] -- Up-to-date: /home/alibaba/ros2_repos/install/kalbot_interfaces/include/kalbot_interfaces/msg/motor_command__type_support.cpp
[2.400s] -- Up-to-date: /home/alibaba/ros2_repos/install/kalbot_interfaces/lib/libkalbot_interfaces__rosidl_typesupport_introspection_cpp.so
[2.401s] -- Up-to-date: /home/alibaba/ros2_repos/install/kalbot_interfaces/share/kalbot_interfaces/environment/pythonpath.sh
[2.402s] -- Up-to-date: /home/alibaba/ros2_repos/install/kalbot_interfaces/share/kalbot_interfaces/environment/pythonpath.dsv
[2.402s] -- Up-to-date: /home/alibaba/ros2_repos/install/kalbot_interfaces/lib/python3.6/site-packages/kalbot_interfaces/__init__.py
[2.540s] -- Up-to-date: /home/alibaba/ros2_repos/install/kalbot_interfaces/lib/python3.6/site-packages/kalbot_interfaces/msg
[2.541s] -- Up-to-date: /home/alibaba/ros2_repos/install/kalbot_interfaces/lib/python3.6/site-packages/kalbot_interfaces/msg/__init__.py
[2.542s] -- Up-to-date: /home/alibaba/ros2_repos/install/kalbot_interfaces/lib/python3.6/site-packages/kalbot_interfaces/msg/_motor_command_s.c
[2.542s] -- Up-to-date: /home/alibaba/ros2_repos/install/kalbot_interfaces/lib/python3.6/site-packages/kalbot_interfaces/msg/_motor_command.py
[2.543s] -- Up-to-date: /home/alibaba/ros2_repos/install/kalbot_interfaces/lib/python3.6/site-packages/kalbot_interfaces/srv
[2.543s] -- Up-to-date: /home/alibaba/ros2_repos/install/kalbot_interfaces/lib/python3.6/site-packages/kalbot_interfaces/srv/__init__.py
[2.544s] -- Up-to-date: /home/alibaba/ros2_repos/install/kalbot_interfaces/lib/python3.6/site-packages/kalbot_interfaces/srv/_set_motor_speed.py
[2.544s] -- Up-to-date: /home/alibaba/ros2_repos/install/kalbot_interfaces/lib/python3.6/site-packages/kalbot_interfaces/srv/_set_motor_speed_s.c
[2.545s] -- Up-to-date: /home/alibaba/ros2_repos/install/kalbot_interfaces/lib/python3.6/site-packages/kalbot_interfaces/kalbot_interfaces_s__rosidl_typesupport_c.cpython-36m-aarch64-linux-gnu.so
[2.545s] -- Up-to-date: /home/alibaba/ros2_repos/install/kalbot_interfaces/lib/python3.6/site-packages/kalbot_interfaces/kalbot_interfaces_s__rosidl_typesupport_fastrtps_c.cpython-36m-aarch64-linux-gnu.so
[2.546s] -- Up-to-date: /home/alibaba/ros2_repos/install/kalbot_interfaces/lib/libkalbot_interfaces__python.so
[2.547s] -- Up-to-date: /home/alibaba/ros2_repos/install/kalbot_interfaces/share/kalbot_interfaces/msg/MotorCommand.idl
[2.547s] -- Up-to-date: /home/alibaba/ros2_repos/install/kalbot_interfaces/share/kalbot_interfaces/srv/SetMotorSpeed.idl
[2.548s] -- Up-to-date: /home/alibaba/ros2_repos/install/kalbot_interfaces/share/kalbot_interfaces/msg/MotorCommand.msg
[2.549s] -- Up-to-date: /home/alibaba/ros2_repos/install/kalbot_interfaces/share/kalbot_interfaces/srv/SetMotorSpeed.srv
[2.549s] -- Up-to-date: /home/alibaba/ros2_repos/install/kalbot_interfaces/share/kalbot_interfaces/srv/SetMotorSpeed_Request.msg
[2.550s] -- Up-to-date: /home/alibaba/ros2_repos/install/kalbot_interfaces/share/kalbot_interfaces/srv/SetMotorSpeed_Response.msg
[2.550s] -- Up-to-date: /home/alibaba/ros2_repos/install/kalbot_interfaces/share/ament_index/resource_index/package_run_dependencies/kalbot_interfaces
[2.551s] -- Up-to-date: /home/alibaba/ros2_repos/install/kalbot_interfaces/share/ament_index/resource_index/parent_prefix_path/kalbot_interfaces
[2.552s] -- Up-to-date: /home/alibaba/ros2_repos/install/kalbot_interfaces/share/kalbot_interfaces/environment/ament_prefix_path.sh
[2.552s] -- Up-to-date: /home/alibaba/ros2_repos/install/kalbot_interfaces/share/kalbot_interfaces/environment/ament_prefix_path.dsv
[2.553s] -- Up-to-date: /home/alibaba/ros2_repos/install/kalbot_interfaces/share/kalbot_interfaces/environment/path.sh
[2.553s] -- Up-to-date: /home/alibaba/ros2_repos/install/kalbot_interfaces/share/kalbot_interfaces/environment/path.dsv
[2.555s] -- Up-to-date: /home/alibaba/ros2_repos/install/kalbot_interfaces/share/kalbot_interfaces/local_setup.bash
[2.556s] -- Up-to-date: /home/alibaba/ros2_repos/install/kalbot_interfaces/share/kalbot_interfaces/local_setup.sh
[2.556s] -- Up-to-date: /home/alibaba/ros2_repos/install/kalbot_interfaces/share/kalbot_interfaces/local_setup.zsh
[2.557s] -- Up-to-date: /home/alibaba/ros2_repos/install/kalbot_interfaces/share/kalbot_interfaces/local_setup.dsv
[2.557s] -- Installing: /home/alibaba/ros2_repos/install/kalbot_interfaces/share/kalbot_interfaces/package.dsv
[2.558s] -- Up-to-date: /home/alibaba/ros2_repos/install/kalbot_interfaces/share/ament_index/resource_index/packages/kalbot_interfaces
[2.558s] -- Up-to-date: /home/alibaba/ros2_repos/install/kalbot_interfaces/share/kalbot_interfaces/cmake/rosidl_cmake-extras.cmake
[2.559s] -- Up-to-date: /home/alibaba/ros2_repos/install/kalbot_interfaces/share/kalbot_interfaces/cmake/ament_cmake_export_libraries-extras.cmake
[2.559s] -- Up-to-date: /home/alibaba/ros2_repos/install/kalbot_interfaces/share/kalbot_interfaces/cmake/ament_cmake_export_include_directories-extras.cmake
[2.560s] -- Up-to-date: /home/alibaba/ros2_repos/install/kalbot_interfaces/share/kalbot_interfaces/cmake/ament_cmake_export_dependencies-extras.cmake
[2.561s] -- Up-to-date: /home/alibaba/ros2_repos/install/kalbot_interfaces/share/kalbot_interfaces/cmake/kalbot_interfacesConfig.cmake
[2.561s] -- Up-to-date: /home/alibaba/ros2_repos/install/kalbot_interfaces/share/kalbot_interfaces/cmake/kalbot_interfacesConfig-version.cmake
[2.562s] -- Up-to-date: /home/alibaba/ros2_repos/install/kalbot_interfaces/share/kalbot_interfaces/package.xml
[2.575s] Invoked command in '/home/alibaba/ros2_repos/build/kalbot_interfaces' returned '0': CMAKE_PREFIX_PATH=/opt/ros/eloquent /usr/bin/cmake --build /home/alibaba/ros2_repos/build/kalbot_interfaces --target install -- -j4 -l4
