running egg_info
creating ../../build/keyboard_controller/keyboard_controller.egg-info
writing ../../build/keyboard_controller/keyboard_controller.egg-info/PKG-INFO
writing dependency_links to ../../build/keyboard_controller/keyboard_controller.egg-info/dependency_links.txt
writing entry points to ../../build/keyboard_controller/keyboard_controller.egg-info/entry_points.txt
writing requirements to ../../build/keyboard_controller/keyboard_controller.egg-info/requires.txt
writing top-level names to ../../build/keyboard_controller/keyboard_controller.egg-info/top_level.txt
writing manifest file '../../build/keyboard_controller/keyboard_controller.egg-info/SOURCES.txt'
reading manifest file '../../build/keyboard_controller/keyboard_controller.egg-info/SOURCES.txt'
writing manifest file '../../build/keyboard_controller/keyboard_controller.egg-info/SOURCES.txt'
running build
running build_py
creating /home/alibaba/ros2_repos/build/keyboard_controller/build
creating /home/alibaba/ros2_repos/build/keyboard_controller/build/lib
creating /home/alibaba/ros2_repos/build/keyboard_controller/build/lib/keyboard_controller
copying keyboard_controller/keyboard_controller.py -> /home/alibaba/ros2_repos/build/keyboard_controller/build/lib/keyboard_controller
copying keyboard_controller/__init__.py -> /home/alibaba/ros2_repos/build/keyboard_controller/build/lib/keyboard_controller
running install
running install_lib
creating /home/alibaba/ros2_repos/install/keyboard_controller/lib/python3.6/site-packages/keyboard_controller
copying /home/alibaba/ros2_repos/build/keyboard_controller/build/lib/keyboard_controller/keyboard_controller.py -> /home/alibaba/ros2_repos/install/keyboard_controller/lib/python3.6/site-packages/keyboard_controller
copying /home/alibaba/ros2_repos/build/keyboard_controller/build/lib/keyboard_controller/__init__.py -> /home/alibaba/ros2_repos/install/keyboard_controller/lib/python3.6/site-packages/keyboard_controller
byte-compiling /home/alibaba/ros2_repos/install/keyboard_controller/lib/python3.6/site-packages/keyboard_controller/keyboard_controller.py to keyboard_controller.cpython-36.pyc
byte-compiling /home/alibaba/ros2_repos/install/keyboard_controller/lib/python3.6/site-packages/keyboard_controller/__init__.py to __init__.cpython-36.pyc
running install_data
creating /home/alibaba/ros2_repos/install/keyboard_controller/share/ament_index
creating /home/alibaba/ros2_repos/install/keyboard_controller/share/ament_index/resource_index
creating /home/alibaba/ros2_repos/install/keyboard_controller/share/ament_index/resource_index/packages
copying resource/keyboard_controller -> /home/alibaba/ros2_repos/install/keyboard_controller/share/ament_index/resource_index/packages
copying package.xml -> /home/alibaba/ros2_repos/install/keyboard_controller/share/keyboard_controller
running install_egg_info
Copying ../../build/keyboard_controller/keyboard_controller.egg-info to /home/alibaba/ros2_repos/install/keyboard_controller/lib/python3.6/site-packages/keyboard_controller-0.0.0-py3.6.egg-info
running install_scripts
Installing keyboard_controller script to /home/alibaba/ros2_repos/install/keyboard_controller/lib/keyboard_controller
writing list of installed files to '/home/alibaba/ros2_repos/build/keyboard_controller/install.log'
