[4.306s] Invoking command in '/home/alibaba/ros2_repos/src/kalbot_controller': AMENT_PREFIX_PATH=/home/alibaba/ros2_repos/install/kalbot_interfaces:${AMENT_PREFIX_PATH} CMAKE_PREFIX_PATH=/home/alibaba/ros2_repos/install/kalbot_interfaces LD_LIBRARY_PATH=/home/alibaba/ros2_repos/install/kalbot_interfaces/lib:${LD_LIBRARY_PATH} PYTHONPATH=/home/alibaba/ros2_repos/build/kalbot_controller/prefix_override:/home/alibaba/ros2_repos/install/kalbot_controller/lib/python3.6/site-packages:/home/alibaba/ros2_repos/install/kalbot_interfaces/lib/python3.6/site-packages:${PYTHONPATH} /usr/bin/python3 setup.py egg_info --egg-base ../../build/kalbot_controller build --build-base /home/alibaba/ros2_repos/build/kalbot_controller/build install --record /home/alibaba/ros2_repos/build/kalbot_controller/install.log --single-version-externally-managed
[5.433s] running egg_info
[5.437s] writing ../../build/kalbot_controller/kalbot_controller.egg-info/PKG-INFO
[5.439s] writing dependency_links to ../../build/kalbot_controller/kalbot_controller.egg-info/dependency_links.txt
[5.440s] writing entry points to ../../build/kalbot_controller/kalbot_controller.egg-info/entry_points.txt
[5.440s] writing requirements to ../../build/kalbot_controller/kalbot_controller.egg-info/requires.txt
[5.441s] writing top-level names to ../../build/kalbot_controller/kalbot_controller.egg-info/top_level.txt
[5.622s] reading manifest file '../../build/kalbot_controller/kalbot_controller.egg-info/SOURCES.txt'
[5.629s] writing manifest file '../../build/kalbot_controller/kalbot_controller.egg-info/SOURCES.txt'
[5.630s] running build
[5.630s] running build_py
[5.631s] running install
[5.633s] running install_lib
[5.638s] running install_data
[5.640s] running install_egg_info
[5.648s] removing '/home/alibaba/ros2_repos/install/kalbot_controller/lib/python3.6/site-packages/kalbot_controller-0.0.0-py3.6.egg-info' (and everything under it)
[5.650s] Copying ../../build/kalbot_controller/kalbot_controller.egg-info to /home/alibaba/ros2_repos/install/kalbot_controller/lib/python3.6/site-packages/kalbot_controller-0.0.0-py3.6.egg-info
[5.653s] running install_scripts
[5.739s] Installing kalbot_controller script to /home/alibaba/ros2_repos/install/kalbot_controller/lib/kalbot_controller
[5.740s] writing list of installed files to '/home/alibaba/ros2_repos/build/kalbot_controller/install.log'
[5.854s] Invoked command in '/home/alibaba/ros2_repos/src/kalbot_controller' returned '0': AMENT_PREFIX_PATH=/home/alibaba/ros2_repos/install/kalbot_interfaces:${AMENT_PREFIX_PATH} CMAKE_PREFIX_PATH=/home/alibaba/ros2_repos/install/kalbot_interfaces LD_LIBRARY_PATH=/home/alibaba/ros2_repos/install/kalbot_interfaces/lib:${LD_LIBRARY_PATH} PYTHONPATH=/home/alibaba/ros2_repos/build/kalbot_controller/prefix_override:/home/alibaba/ros2_repos/install/kalbot_controller/lib/python3.6/site-packages:/home/alibaba/ros2_repos/install/kalbot_interfaces/lib/python3.6/site-packages:${PYTHONPATH} /usr/bin/python3 setup.py egg_info --egg-base ../../build/kalbot_controller build --build-base /home/alibaba/ros2_repos/build/kalbot_controller/build install --record /home/alibaba/ros2_repos/build/kalbot_controller/install.log --single-version-externally-managed
