[0.093s] Invoking command in '/home/alibaba/ros2_repos/build/kalbot_interfaces': CMAKE_PREFIX_PATH=/opt/ros/eloquent /usr/bin/cmake --build /home/alibaba/ros2_repos/build/kalbot_interfaces -- -j4 -l4
[0.365s] [  2%] Built target kalbot_interfaces__cpp
[0.389s] [ 13%] Built target kalbot_interfaces__rosidl_generator_c
[0.509s] [ 24%] Built target kalbot_interfaces__rosidl_typesupport_introspection_cpp
[0.522s] [ 35%] Built target kalbot_interfaces__rosidl_typesupport_introspection_c
[0.550s] [ 45%] Built target kalbot_interfaces__rosidl_typesupport_fastrtps_cpp
[0.674s] [ 56%] Built target kalbot_interfaces__rosidl_typesupport_fastrtps_c
[0.699s] [ 67%] Built target kalbot_interfaces__rosidl_typesupport_cpp
[0.806s] [ 78%] Built target kalbot_interfaces__rosidl_typesupport_c
[0.891s] [ 78%] Built target kalbot_interfaces
[0.975s] [ 81%] Built target kalbot_interfaces__py
[1.091s] [ 89%] Built target kalbot_interfaces__python
[1.198s] [100%] Built target kalbot_interfaces__rosidl_typesupport_fastrtps_c__pyext
[1.199s] [100%] Built target kalbot_interfaces__rosidl_typesupport_c__pyext
[1.240s] Invoked command in '/home/alibaba/ros2_repos/build/kalbot_interfaces' returned '0': CMAKE_PREFIX_PATH=/opt/ros/eloquent /usr/bin/cmake --build /home/alibaba/ros2_repos/build/kalbot_interfaces -- -j4 -l4
[1.463s] Invoking command in '/home/alibaba/ros2_repos/build/kalbot_interfaces': CMAKE_PREFIX_PATH=/opt/ros/eloquent /usr/bin/cmake --build /home/alibaba/ros2_repos/build/kalbot_interfaces --target install -- -j4 -l4
[1.652s] [  2%] Built target kalbot_interfaces__cpp
[1.653s] [ 13%] Built target kalbot_interfaces__rosidl_generator_c
[1.739s] [ 35%] Built target kalbot_interfaces__rosidl_typesupport_introspection_cpp
[1.739s] [ 35%] Built target kalbot_interfaces__rosidl_typesupport_introspection_c
[1.762s] [ 45%] Built target kalbot_interfaces__rosidl_typesupport_fastrtps_cpp
[1.870s] [ 64%] Built target kalbot_interfaces__rosidl_typesupport_fastrtps_c
[1.870s] [ 67%] Built target kalbot_interfaces__rosidl_typesupport_cpp
[1.971s] [ 78%] Built target kalbot_interfaces__rosidl_typesupport_c
[2.044s] [ 78%] Built target kalbot_interfaces
[2.119s] [ 81%] Built target kalbot_interfaces__py
[2.228s] [ 89%] Built target kalbot_interfaces__python
[2.334s] [100%] Built target kalbot_interfaces__rosidl_typesupport_c__pyext
[2.334s] [100%] Built target kalbot_interfaces__rosidl_typesupport_fastrtps_c__pyext
[2.403s] [36mInstall the project...[0m
[2.437s] -- Install configuration: ""
[2.438s] -- Up-to-date: /home/alibaba/ros2_repos/install/kalbot_interfaces/share/ament_index/resource_index/rosidl_interfaces/kalbot_interfaces
[2.438s] -- Up-to-date: /home/alibaba/ros2_repos/install/kalbot_interfaces/lib/libkalbot_interfaces__rosidl_typesupport_c.so
[2.439s] -- Up-to-date: /home/alibaba/ros2_repos/install/kalbot_interfaces/share/kalbot_interfaces/environment/library_path.sh
[2.440s] -- Up-to-date: /home/alibaba/ros2_repos/install/kalbot_interfaces/share/kalbot_interfaces/environment/library_path.dsv
[2.440s] -- Up-to-date: /home/alibaba/ros2_repos/install/kalbot_interfaces/lib/libkalbot_interfaces__rosidl_typesupport_cpp.so
[2.441s] -- Up-to-date: /home/alibaba/ros2_repos/install/kalbot_interfaces/include/kalbot_interfaces
[2.442s] -- Up-to-date: /home/alibaba/ros2_repos/install/kalbot_interfaces/include/kalbot_interfaces/srv
[2.442s] -- Up-to-date: /home/alibaba/ros2_repos/install/kalbot_interfaces/include/kalbot_interfaces/srv/set_motor_speed__rosidl_typesupport_fastrtps_c.h
[2.443s] -- Up-to-date: /home/alibaba/ros2_repos/install/kalbot_interfaces/include/kalbot_interfaces/msg
[2.443s] -- Up-to-date: /home/alibaba/ros2_repos/install/kalbot_interfaces/include/kalbot_interfaces/msg/rosidl_typesupport_fastrtps_c__visibility_control.h
[2.444s] -- Up-to-date: /home/alibaba/ros2_repos/install/kalbot_interfaces/include/kalbot_interfaces/msg/motor_command__rosidl_typesupport_fastrtps_c.h
[2.445s] -- Up-to-date: /home/alibaba/ros2_repos/install/kalbot_interfaces/lib/libkalbot_interfaces__rosidl_typesupport_fastrtps_c.so
[2.445s] -- Up-to-date: /home/alibaba/ros2_repos/install/kalbot_interfaces/include/kalbot_interfaces
[2.446s] -- Up-to-date: /home/alibaba/ros2_repos/install/kalbot_interfaces/include/kalbot_interfaces/srv
[2.446s] -- Up-to-date: /home/alibaba/ros2_repos/install/kalbot_interfaces/include/kalbot_interfaces/srv/set_motor_speed__type_support.h
[2.447s] -- Up-to-date: /home/alibaba/ros2_repos/install/kalbot_interfaces/include/kalbot_interfaces/srv/set_motor_speed.h
[2.448s] -- Up-to-date: /home/alibaba/ros2_repos/install/kalbot_interfaces/include/kalbot_interfaces/srv/set_motor_speed__functions.c
[2.448s] -- Up-to-date: /home/alibaba/ros2_repos/install/kalbot_interfaces/include/kalbot_interfaces/srv/set_motor_speed__functions.h
[2.449s] -- Up-to-date: /home/alibaba/ros2_repos/install/kalbot_interfaces/include/kalbot_interfaces/srv/set_motor_speed__struct.h
[2.449s] -- Up-to-date: /home/alibaba/ros2_repos/install/kalbot_interfaces/include/kalbot_interfaces/msg
[2.450s] -- Up-to-date: /home/alibaba/ros2_repos/install/kalbot_interfaces/include/kalbot_interfaces/msg/motor_command__type_support.h
[2.451s] -- Up-to-date: /home/alibaba/ros2_repos/install/kalbot_interfaces/include/kalbot_interfaces/msg/motor_command__functions.c
[2.451s] -- Up-to-date: /home/alibaba/ros2_repos/install/kalbot_interfaces/include/kalbot_interfaces/msg/motor_command__functions.h
[2.452s] -- Up-to-date: /home/alibaba/ros2_repos/install/kalbot_interfaces/include/kalbot_interfaces/msg/motor_command.h
[2.453s] -- Up-to-date: /home/alibaba/ros2_repos/install/kalbot_interfaces/include/kalbot_interfaces/msg/motor_command__struct.h
[2.453s] -- Up-to-date: /home/alibaba/ros2_repos/install/kalbot_interfaces/include/kalbot_interfaces/msg/rosidl_generator_c__visibility_control.h
[2.454s] -- Up-to-date: /home/alibaba/ros2_repos/install/kalbot_interfaces/lib/libkalbot_interfaces__rosidl_generator_c.so
[2.455s] -- Up-to-date: /home/alibaba/ros2_repos/install/kalbot_interfaces/include/kalbot_interfaces
[2.455s] -- Up-to-date: /home/alibaba/ros2_repos/install/kalbot_interfaces/include/kalbot_interfaces/srv
[2.455s] -- Up-to-date: /home/alibaba/ros2_repos/install/kalbot_interfaces/include/kalbot_interfaces/srv/set_motor_speed__rosidl_typesupport_fastrtps_cpp.hpp
[2.456s] -- Up-to-date: /home/alibaba/ros2_repos/install/kalbot_interfaces/include/kalbot_interfaces/srv/dds_fastrtps
[2.457s] -- Up-to-date: /home/alibaba/ros2_repos/install/kalbot_interfaces/include/kalbot_interfaces/msg
[2.457s] -- Up-to-date: /home/alibaba/ros2_repos/install/kalbot_interfaces/include/kalbot_interfaces/msg/rosidl_typesupport_fastrtps_cpp__visibility_control.h
[2.458s] -- Up-to-date: /home/alibaba/ros2_repos/install/kalbot_interfaces/include/kalbot_interfaces/msg/motor_command__rosidl_typesupport_fastrtps_cpp.hpp
[2.458s] -- Up-to-date: /home/alibaba/ros2_repos/install/kalbot_interfaces/include/kalbot_interfaces/msg/dds_fastrtps
[2.459s] -- Up-to-date: /home/alibaba/ros2_repos/install/kalbot_interfaces/lib/libkalbot_interfaces__rosidl_typesupport_fastrtps_cpp.so
[2.459s] -- Up-to-date: /home/alibaba/ros2_repos/install/kalbot_interfaces/include/kalbot_interfaces
[2.460s] -- Up-to-date: /home/alibaba/ros2_repos/install/kalbot_interfaces/include/kalbot_interfaces/srv
[2.460s] -- Up-to-date: /home/alibaba/ros2_repos/install/kalbot_interfaces/include/kalbot_interfaces/srv/set_motor_speed.hpp
[2.461s] -- Up-to-date: /home/alibaba/ros2_repos/install/kalbot_interfaces/include/kalbot_interfaces/srv/set_motor_speed__traits.hpp
[2.461s] -- Up-to-date: /home/alibaba/ros2_repos/install/kalbot_interfaces/include/kalbot_interfaces/srv/set_motor_speed__struct.hpp
[2.462s] -- Up-to-date: /home/alibaba/ros2_repos/install/kalbot_interfaces/include/kalbot_interfaces/msg
[2.462s] -- Up-to-date: /home/alibaba/ros2_repos/install/kalbot_interfaces/include/kalbot_interfaces/msg/motor_command__traits.hpp
[2.463s] -- Up-to-date: /home/alibaba/ros2_repos/install/kalbot_interfaces/include/kalbot_interfaces/msg/motor_command.hpp
[2.463s] -- Up-to-date: /home/alibaba/ros2_repos/install/kalbot_interfaces/include/kalbot_interfaces/msg/motor_command__struct.hpp
[2.464s] -- Up-to-date: /home/alibaba/ros2_repos/install/kalbot_interfaces/include/kalbot_interfaces
[2.464s] -- Up-to-date: /home/alibaba/ros2_repos/install/kalbot_interfaces/include/kalbot_interfaces/srv
[2.465s] -- Up-to-date: /home/alibaba/ros2_repos/install/kalbot_interfaces/include/kalbot_interfaces/srv/set_motor_speed__rosidl_typesupport_introspection_c.h
[2.465s] -- Up-to-date: /home/alibaba/ros2_repos/install/kalbot_interfaces/include/kalbot_interfaces/srv/set_motor_speed__type_support.c
[2.466s] -- Up-to-date: /home/alibaba/ros2_repos/install/kalbot_interfaces/include/kalbot_interfaces/msg
[2.466s] -- Up-to-date: /home/alibaba/ros2_repos/install/kalbot_interfaces/include/kalbot_interfaces/msg/motor_command__type_support.c
[2.467s] -- Up-to-date: /home/alibaba/ros2_repos/install/kalbot_interfaces/include/kalbot_interfaces/msg/rosidl_typesupport_introspection_c__visibility_control.h
[2.467s] -- Up-to-date: /home/alibaba/ros2_repos/install/kalbot_interfaces/include/kalbot_interfaces/msg/motor_command__rosidl_typesupport_introspection_c.h
[2.468s] -- Up-to-date: /home/alibaba/ros2_repos/install/kalbot_interfaces/lib/libkalbot_interfaces__rosidl_typesupport_introspection_c.so
[2.468s] -- Up-to-date: /home/alibaba/ros2_repos/install/kalbot_interfaces/include/kalbot_interfaces
[2.469s] -- Up-to-date: /home/alibaba/ros2_repos/install/kalbot_interfaces/include/kalbot_interfaces/srv
[2.469s] -- Up-to-date: /home/alibaba/ros2_repos/install/kalbot_interfaces/include/kalbot_interfaces/srv/set_motor_speed__type_support.cpp
[2.470s] -- Up-to-date: /home/alibaba/ros2_repos/install/kalbot_interfaces/include/kalbot_interfaces/srv/set_motor_speed__rosidl_typesupport_introspection_cpp.hpp
[2.470s] -- Up-to-date: /home/alibaba/ros2_repos/install/kalbot_interfaces/include/kalbot_interfaces/msg
[2.471s] -- Up-to-date: /home/alibaba/ros2_repos/install/kalbot_interfaces/include/kalbot_interfaces/msg/motor_command__rosidl_typesupport_introspection_cpp.hpp
[2.471s] -- Up-to-date: /home/alibaba/ros2_repos/install/kalbot_interfaces/include/kalbot_interfaces/msg/motor_command__type_support.cpp
[2.472s] -- Up-to-date: /home/alibaba/ros2_repos/install/kalbot_interfaces/lib/libkalbot_interfaces__rosidl_typesupport_introspection_cpp.so
[2.472s] -- Up-to-date: /home/alibaba/ros2_repos/install/kalbot_interfaces/share/kalbot_interfaces/environment/pythonpath.sh
[2.473s] -- Up-to-date: /home/alibaba/ros2_repos/install/kalbot_interfaces/share/kalbot_interfaces/environment/pythonpath.dsv
[2.473s] -- Up-to-date: /home/alibaba/ros2_repos/install/kalbot_interfaces/lib/python3.6/site-packages/kalbot_interfaces/__init__.py
[2.611s] -- Up-to-date: /home/alibaba/ros2_repos/install/kalbot_interfaces/lib/python3.6/site-packages/kalbot_interfaces/msg
[2.612s] -- Up-to-date: /home/alibaba/ros2_repos/install/kalbot_interfaces/lib/python3.6/site-packages/kalbot_interfaces/msg/__init__.py
[2.613s] -- Up-to-date: /home/alibaba/ros2_repos/install/kalbot_interfaces/lib/python3.6/site-packages/kalbot_interfaces/msg/_motor_command_s.c
[2.613s] -- Up-to-date: /home/alibaba/ros2_repos/install/kalbot_interfaces/lib/python3.6/site-packages/kalbot_interfaces/msg/_motor_command.py
[2.614s] -- Up-to-date: /home/alibaba/ros2_repos/install/kalbot_interfaces/lib/python3.6/site-packages/kalbot_interfaces/srv
[2.614s] -- Up-to-date: /home/alibaba/ros2_repos/install/kalbot_interfaces/lib/python3.6/site-packages/kalbot_interfaces/srv/__init__.py
[2.615s] -- Up-to-date: /home/alibaba/ros2_repos/install/kalbot_interfaces/lib/python3.6/site-packages/kalbot_interfaces/srv/_set_motor_speed.py
[2.615s] -- Up-to-date: /home/alibaba/ros2_repos/install/kalbot_interfaces/lib/python3.6/site-packages/kalbot_interfaces/srv/_set_motor_speed_s.c
[2.616s] -- Up-to-date: /home/alibaba/ros2_repos/install/kalbot_interfaces/lib/python3.6/site-packages/kalbot_interfaces/kalbot_interfaces_s__rosidl_typesupport_c.cpython-36m-aarch64-linux-gnu.so
[2.616s] -- Up-to-date: /home/alibaba/ros2_repos/install/kalbot_interfaces/lib/python3.6/site-packages/kalbot_interfaces/kalbot_interfaces_s__rosidl_typesupport_fastrtps_c.cpython-36m-aarch64-linux-gnu.so
[2.617s] -- Up-to-date: /home/alibaba/ros2_repos/install/kalbot_interfaces/lib/libkalbot_interfaces__python.so
[2.618s] -- Up-to-date: /home/alibaba/ros2_repos/install/kalbot_interfaces/share/kalbot_interfaces/msg/MotorCommand.idl
[2.618s] -- Up-to-date: /home/alibaba/ros2_repos/install/kalbot_interfaces/share/kalbot_interfaces/srv/SetMotorSpeed.idl
[2.619s] -- Up-to-date: /home/alibaba/ros2_repos/install/kalbot_interfaces/share/kalbot_interfaces/msg/MotorCommand.msg
[2.620s] -- Up-to-date: /home/alibaba/ros2_repos/install/kalbot_interfaces/share/kalbot_interfaces/srv/SetMotorSpeed.srv
[2.620s] -- Up-to-date: /home/alibaba/ros2_repos/install/kalbot_interfaces/share/kalbot_interfaces/srv/SetMotorSpeed_Request.msg
[2.621s] -- Up-to-date: /home/alibaba/ros2_repos/install/kalbot_interfaces/share/kalbot_interfaces/srv/SetMotorSpeed_Response.msg
[2.622s] -- Up-to-date: /home/alibaba/ros2_repos/install/kalbot_interfaces/share/ament_index/resource_index/package_run_dependencies/kalbot_interfaces
[2.622s] -- Up-to-date: /home/alibaba/ros2_repos/install/kalbot_interfaces/share/ament_index/resource_index/parent_prefix_path/kalbot_interfaces
[2.623s] -- Up-to-date: /home/alibaba/ros2_repos/install/kalbot_interfaces/share/kalbot_interfaces/environment/ament_prefix_path.sh
[2.623s] -- Up-to-date: /home/alibaba/ros2_repos/install/kalbot_interfaces/share/kalbot_interfaces/environment/ament_prefix_path.dsv
[2.624s] -- Up-to-date: /home/alibaba/ros2_repos/install/kalbot_interfaces/share/kalbot_interfaces/environment/path.sh
[2.625s] -- Up-to-date: /home/alibaba/ros2_repos/install/kalbot_interfaces/share/kalbot_interfaces/environment/path.dsv
[2.625s] -- Up-to-date: /home/alibaba/ros2_repos/install/kalbot_interfaces/share/kalbot_interfaces/local_setup.bash
[2.626s] -- Up-to-date: /home/alibaba/ros2_repos/install/kalbot_interfaces/share/kalbot_interfaces/local_setup.sh
[2.626s] -- Up-to-date: /home/alibaba/ros2_repos/install/kalbot_interfaces/share/kalbot_interfaces/local_setup.zsh
[2.627s] -- Up-to-date: /home/alibaba/ros2_repos/install/kalbot_interfaces/share/kalbot_interfaces/local_setup.dsv
[2.627s] -- Installing: /home/alibaba/ros2_repos/install/kalbot_interfaces/share/kalbot_interfaces/package.dsv
[2.628s] -- Up-to-date: /home/alibaba/ros2_repos/install/kalbot_interfaces/share/ament_index/resource_index/packages/kalbot_interfaces
[2.629s] -- Up-to-date: /home/alibaba/ros2_repos/install/kalbot_interfaces/share/kalbot_interfaces/cmake/rosidl_cmake-extras.cmake
[2.629s] -- Up-to-date: /home/alibaba/ros2_repos/install/kalbot_interfaces/share/kalbot_interfaces/cmake/ament_cmake_export_libraries-extras.cmake
[2.630s] -- Up-to-date: /home/alibaba/ros2_repos/install/kalbot_interfaces/share/kalbot_interfaces/cmake/ament_cmake_export_include_directories-extras.cmake
[2.630s] -- Up-to-date: /home/alibaba/ros2_repos/install/kalbot_interfaces/share/kalbot_interfaces/cmake/ament_cmake_export_dependencies-extras.cmake
[2.631s] -- Up-to-date: /home/alibaba/ros2_repos/install/kalbot_interfaces/share/kalbot_interfaces/cmake/kalbot_interfacesConfig.cmake
[2.631s] -- Up-to-date: /home/alibaba/ros2_repos/install/kalbot_interfaces/share/kalbot_interfaces/cmake/kalbot_interfacesConfig-version.cmake
[2.632s] -- Up-to-date: /home/alibaba/ros2_repos/install/kalbot_interfaces/share/kalbot_interfaces/package.xml
[2.646s] Invoked command in '/home/alibaba/ros2_repos/build/kalbot_interfaces' returned '0': CMAKE_PREFIX_PATH=/opt/ros/eloquent /usr/bin/cmake --build /home/alibaba/ros2_repos/build/kalbot_interfaces --target install -- -j4 -l4
