[0.011s] Invoking command in '/home/zubeyir48/ros2_ME462_ws/build/kalbot_interfaces': CMAKE_PREFIX_PATH=${CMAKE_PREFIX_PATH}:/home/zubeyir48/ros2_ME462_ws/install/tutorial_robot_controller:/home/zubeyir48/ros2_ME462_ws/install/robot_controller:/opt/ros/humble /usr/bin/cmake --build /home/zubeyir48/ros2_ME462_ws/build/kalbot_interfaces -- -j20 -l20
[0.029s] [35m[1mConsolidate compiler generated dependencies of target kalbot_interfaces__rosidl_generator_c[0m
[0.034s] [  3%] Built target kalbot_interfaces__cpp
[0.034s] [ 12%] Built target kalbot_interfaces__rosidl_generator_c
[0.037s] [ 12%] Built target ament_cmake_python_copy_kalbot_interfaces
[0.038s] [35m[1mConsolidate compiler generated dependencies of target kalbot_interfaces__rosidl_typesupport_cpp[0m
[0.038s] [35m[1mConsolidate compiler generated dependencies of target kalbot_interfaces__rosidl_typesupport_introspection_cpp[0m
[0.039s] [35m[1mConsolidate compiler generated dependencies of target kalbot_interfaces__rosidl_typesupport_fastrtps_cpp[0m
[0.042s] [35m[1mConsolidate compiler generated dependencies of target kalbot_interfaces__rosidl_typesupport_c[0m
[0.042s] [35m[1mConsolidate compiler generated dependencies of target kalbot_interfaces__rosidl_typesupport_introspection_c[0m
[0.042s] [35m[1mConsolidate compiler generated dependencies of target kalbot_interfaces__rosidl_typesupport_fastrtps_c[0m
[0.045s] [ 22%] Built target kalbot_interfaces__rosidl_typesupport_cpp
[0.046s] [ 32%] Built target kalbot_interfaces__rosidl_typesupport_fastrtps_cpp
[0.046s] [ 41%] Built target kalbot_interfaces__rosidl_typesupport_introspection_cpp
[0.047s] [ 54%] Built target kalbot_interfaces__rosidl_typesupport_introspection_c
[0.047s] [ 61%] Built target kalbot_interfaces__rosidl_typesupport_c
[0.048s] [ 70%] Built target kalbot_interfaces__rosidl_typesupport_fastrtps_c
[0.057s] [ 70%] Built target kalbot_interfaces
[0.066s] [ 74%] Built target kalbot_interfaces__py
[0.071s] [35m[1mConsolidate compiler generated dependencies of target kalbot_interfaces__rosidl_generator_py[0m
[0.076s] [ 80%] Built target kalbot_interfaces__rosidl_generator_py
[0.081s] [35m[1mConsolidate compiler generated dependencies of target kalbot_interfaces__rosidl_typesupport_fastrtps_c__pyext[0m
[0.081s] [35m[1mConsolidate compiler generated dependencies of target kalbot_interfaces__rosidl_typesupport_introspection_c__pyext[0m
[0.081s] [35m[1mConsolidate compiler generated dependencies of target kalbot_interfaces__rosidl_typesupport_c__pyext[0m
[0.087s] [100%] Built target kalbot_interfaces__rosidl_typesupport_c__pyext
[0.087s] [100%] Built target kalbot_interfaces__rosidl_typesupport_fastrtps_c__pyext
[0.087s] [100%] Built target kalbot_interfaces__rosidl_typesupport_introspection_c__pyext
[0.169s] running egg_info
[0.170s] writing kalbot_interfaces.egg-info/PKG-INFO
[0.170s] writing dependency_links to kalbot_interfaces.egg-info/dependency_links.txt
[0.170s] writing top-level names to kalbot_interfaces.egg-info/top_level.txt
[0.171s] reading manifest file 'kalbot_interfaces.egg-info/SOURCES.txt'
[0.171s] writing manifest file 'kalbot_interfaces.egg-info/SOURCES.txt'
[0.184s] [100%] Built target ament_cmake_python_build_kalbot_interfaces_egg
[0.190s] Invoked command in '/home/zubeyir48/ros2_ME462_ws/build/kalbot_interfaces' returned '0': CMAKE_PREFIX_PATH=${CMAKE_PREFIX_PATH}:/home/zubeyir48/ros2_ME462_ws/install/tutorial_robot_controller:/home/zubeyir48/ros2_ME462_ws/install/robot_controller:/opt/ros/humble /usr/bin/cmake --build /home/zubeyir48/ros2_ME462_ws/build/kalbot_interfaces -- -j20 -l20
[0.220s] Invoking command in '/home/zubeyir48/ros2_ME462_ws/build/kalbot_interfaces': CMAKE_PREFIX_PATH=${CMAKE_PREFIX_PATH}:/home/zubeyir48/ros2_ME462_ws/install/tutorial_robot_controller:/home/zubeyir48/ros2_ME462_ws/install/robot_controller:/opt/ros/humble /usr/bin/cmake --install /home/zubeyir48/ros2_ME462_ws/build/kalbot_interfaces
[0.223s] -- Install configuration: ""
[0.223s] -- Up-to-date: /home/zubeyir48/ros2_ME462_ws/install/kalbot_interfaces/share/ament_index/resource_index/rosidl_interfaces/kalbot_interfaces
[0.223s] -- Up-to-date: /home/zubeyir48/ros2_ME462_ws/install/kalbot_interfaces/include/kalbot_interfaces/kalbot_interfaces
[0.223s] -- Up-to-date: /home/zubeyir48/ros2_ME462_ws/install/kalbot_interfaces/include/kalbot_interfaces/kalbot_interfaces/msg
[0.223s] -- Up-to-date: /home/zubeyir48/ros2_ME462_ws/install/kalbot_interfaces/include/kalbot_interfaces/kalbot_interfaces/msg/detail
[0.223s] -- Up-to-date: /home/zubeyir48/ros2_ME462_ws/install/kalbot_interfaces/include/kalbot_interfaces/kalbot_interfaces/msg/detail/motor_command__functions.h
[0.223s] -- Up-to-date: /home/zubeyir48/ros2_ME462_ws/install/kalbot_interfaces/include/kalbot_interfaces/kalbot_interfaces/msg/detail/motor_command__type_support.h
[0.223s] -- Up-to-date: /home/zubeyir48/ros2_ME462_ws/install/kalbot_interfaces/include/kalbot_interfaces/kalbot_interfaces/msg/detail/motor_command__struct.h
[0.223s] -- Up-to-date: /home/zubeyir48/ros2_ME462_ws/install/kalbot_interfaces/include/kalbot_interfaces/kalbot_interfaces/msg/detail/motor_command__functions.c
[0.223s] -- Up-to-date: /home/zubeyir48/ros2_ME462_ws/install/kalbot_interfaces/include/kalbot_interfaces/kalbot_interfaces/msg/motor_command.h
[0.224s] -- Up-to-date: /home/zubeyir48/ros2_ME462_ws/install/kalbot_interfaces/include/kalbot_interfaces/kalbot_interfaces/msg/rosidl_generator_c__visibility_control.h
[0.224s] -- Up-to-date: /home/zubeyir48/ros2_ME462_ws/install/kalbot_interfaces/share/kalbot_interfaces/environment/library_path.sh
[0.224s] -- Up-to-date: /home/zubeyir48/ros2_ME462_ws/install/kalbot_interfaces/share/kalbot_interfaces/environment/library_path.dsv
[0.224s] -- Up-to-date: /home/zubeyir48/ros2_ME462_ws/install/kalbot_interfaces/lib/libkalbot_interfaces__rosidl_generator_c.so
[0.224s] -- Up-to-date: /home/zubeyir48/ros2_ME462_ws/install/kalbot_interfaces/include/kalbot_interfaces/kalbot_interfaces
[0.224s] -- Up-to-date: /home/zubeyir48/ros2_ME462_ws/install/kalbot_interfaces/include/kalbot_interfaces/kalbot_interfaces/msg
[0.224s] -- Up-to-date: /home/zubeyir48/ros2_ME462_ws/install/kalbot_interfaces/include/kalbot_interfaces/kalbot_interfaces/msg/detail
[0.224s] -- Up-to-date: /home/zubeyir48/ros2_ME462_ws/install/kalbot_interfaces/include/kalbot_interfaces/kalbot_interfaces/msg/detail/motor_command__rosidl_typesupport_fastrtps_c.h
[0.224s] -- Up-to-date: /home/zubeyir48/ros2_ME462_ws/install/kalbot_interfaces/include/kalbot_interfaces/kalbot_interfaces/msg/rosidl_typesupport_fastrtps_c__visibility_control.h
[0.224s] -- Up-to-date: /home/zubeyir48/ros2_ME462_ws/install/kalbot_interfaces/lib/libkalbot_interfaces__rosidl_typesupport_fastrtps_c.so
[0.224s] -- Up-to-date: /home/zubeyir48/ros2_ME462_ws/install/kalbot_interfaces/include/kalbot_interfaces/kalbot_interfaces
[0.224s] -- Up-to-date: /home/zubeyir48/ros2_ME462_ws/install/kalbot_interfaces/include/kalbot_interfaces/kalbot_interfaces/msg
[0.224s] -- Up-to-date: /home/zubeyir48/ros2_ME462_ws/install/kalbot_interfaces/include/kalbot_interfaces/kalbot_interfaces/msg/detail
[0.224s] -- Up-to-date: /home/zubeyir48/ros2_ME462_ws/install/kalbot_interfaces/include/kalbot_interfaces/kalbot_interfaces/msg/detail/motor_command__type_support.c
[0.224s] -- Up-to-date: /home/zubeyir48/ros2_ME462_ws/install/kalbot_interfaces/include/kalbot_interfaces/kalbot_interfaces/msg/detail/motor_command__rosidl_typesupport_introspection_c.h
[0.224s] -- Up-to-date: /home/zubeyir48/ros2_ME462_ws/install/kalbot_interfaces/include/kalbot_interfaces/kalbot_interfaces/msg/rosidl_typesupport_introspection_c__visibility_control.h
[0.224s] -- Up-to-date: /home/zubeyir48/ros2_ME462_ws/install/kalbot_interfaces/lib/libkalbot_interfaces__rosidl_typesupport_introspection_c.so
[0.224s] -- Up-to-date: /home/zubeyir48/ros2_ME462_ws/install/kalbot_interfaces/lib/libkalbot_interfaces__rosidl_typesupport_c.so
[0.224s] -- Up-to-date: /home/zubeyir48/ros2_ME462_ws/install/kalbot_interfaces/include/kalbot_interfaces/kalbot_interfaces
[0.224s] -- Up-to-date: /home/zubeyir48/ros2_ME462_ws/install/kalbot_interfaces/include/kalbot_interfaces/kalbot_interfaces/msg
[0.224s] -- Up-to-date: /home/zubeyir48/ros2_ME462_ws/install/kalbot_interfaces/include/kalbot_interfaces/kalbot_interfaces/msg/detail
[0.224s] -- Up-to-date: /home/zubeyir48/ros2_ME462_ws/install/kalbot_interfaces/include/kalbot_interfaces/kalbot_interfaces/msg/detail/motor_command__struct.hpp
[0.224s] -- Up-to-date: /home/zubeyir48/ros2_ME462_ws/install/kalbot_interfaces/include/kalbot_interfaces/kalbot_interfaces/msg/detail/motor_command__builder.hpp
[0.224s] -- Up-to-date: /home/zubeyir48/ros2_ME462_ws/install/kalbot_interfaces/include/kalbot_interfaces/kalbot_interfaces/msg/detail/motor_command__traits.hpp
[0.224s] -- Up-to-date: /home/zubeyir48/ros2_ME462_ws/install/kalbot_interfaces/include/kalbot_interfaces/kalbot_interfaces/msg/motor_command.hpp
[0.224s] -- Up-to-date: /home/zubeyir48/ros2_ME462_ws/install/kalbot_interfaces/include/kalbot_interfaces/kalbot_interfaces
[0.224s] -- Up-to-date: /home/zubeyir48/ros2_ME462_ws/install/kalbot_interfaces/include/kalbot_interfaces/kalbot_interfaces/msg
[0.224s] -- Up-to-date: /home/zubeyir48/ros2_ME462_ws/install/kalbot_interfaces/include/kalbot_interfaces/kalbot_interfaces/msg/rosidl_typesupport_fastrtps_cpp__visibility_control.h
[0.224s] -- Up-to-date: /home/zubeyir48/ros2_ME462_ws/install/kalbot_interfaces/include/kalbot_interfaces/kalbot_interfaces/msg/detail
[0.224s] -- Up-to-date: /home/zubeyir48/ros2_ME462_ws/install/kalbot_interfaces/include/kalbot_interfaces/kalbot_interfaces/msg/detail/dds_fastrtps
[0.224s] -- Up-to-date: /home/zubeyir48/ros2_ME462_ws/install/kalbot_interfaces/include/kalbot_interfaces/kalbot_interfaces/msg/detail/motor_command__rosidl_typesupport_fastrtps_cpp.hpp
[0.224s] -- Up-to-date: /home/zubeyir48/ros2_ME462_ws/install/kalbot_interfaces/lib/libkalbot_interfaces__rosidl_typesupport_fastrtps_cpp.so
[0.224s] -- Up-to-date: /home/zubeyir48/ros2_ME462_ws/install/kalbot_interfaces/include/kalbot_interfaces/kalbot_interfaces
[0.224s] -- Up-to-date: /home/zubeyir48/ros2_ME462_ws/install/kalbot_interfaces/include/kalbot_interfaces/kalbot_interfaces/msg
[0.224s] -- Up-to-date: /home/zubeyir48/ros2_ME462_ws/install/kalbot_interfaces/include/kalbot_interfaces/kalbot_interfaces/msg/detail
[0.225s] -- Up-to-date: /home/zubeyir48/ros2_ME462_ws/install/kalbot_interfaces/include/kalbot_interfaces/kalbot_interfaces/msg/detail/motor_command__type_support.cpp
[0.225s] -- Up-to-date: /home/zubeyir48/ros2_ME462_ws/install/kalbot_interfaces/include/kalbot_interfaces/kalbot_interfaces/msg/detail/motor_command__rosidl_typesupport_introspection_cpp.hpp
[0.225s] -- Up-to-date: /home/zubeyir48/ros2_ME462_ws/install/kalbot_interfaces/lib/libkalbot_interfaces__rosidl_typesupport_introspection_cpp.so
[0.225s] -- Up-to-date: /home/zubeyir48/ros2_ME462_ws/install/kalbot_interfaces/lib/libkalbot_interfaces__rosidl_typesupport_cpp.so
[0.225s] -- Up-to-date: /home/zubeyir48/ros2_ME462_ws/install/kalbot_interfaces/share/kalbot_interfaces/environment/pythonpath.sh
[0.225s] -- Up-to-date: /home/zubeyir48/ros2_ME462_ws/install/kalbot_interfaces/share/kalbot_interfaces/environment/pythonpath.dsv
[0.225s] -- Up-to-date: /home/zubeyir48/ros2_ME462_ws/install/kalbot_interfaces/local/lib/python3.10/dist-packages/kalbot_interfaces-0.0.0-py3.10.egg-info
[0.225s] -- Installing: /home/zubeyir48/ros2_ME462_ws/install/kalbot_interfaces/local/lib/python3.10/dist-packages/kalbot_interfaces-0.0.0-py3.10.egg-info/PKG-INFO
[0.225s] -- Installing: /home/zubeyir48/ros2_ME462_ws/install/kalbot_interfaces/local/lib/python3.10/dist-packages/kalbot_interfaces-0.0.0-py3.10.egg-info/top_level.txt
[0.225s] -- Installing: /home/zubeyir48/ros2_ME462_ws/install/kalbot_interfaces/local/lib/python3.10/dist-packages/kalbot_interfaces-0.0.0-py3.10.egg-info/SOURCES.txt
[0.225s] -- Installing: /home/zubeyir48/ros2_ME462_ws/install/kalbot_interfaces/local/lib/python3.10/dist-packages/kalbot_interfaces-0.0.0-py3.10.egg-info/dependency_links.txt
[0.225s] -- Up-to-date: /home/zubeyir48/ros2_ME462_ws/install/kalbot_interfaces/local/lib/python3.10/dist-packages/kalbot_interfaces
[0.225s] -- Up-to-date: /home/zubeyir48/ros2_ME462_ws/install/kalbot_interfaces/local/lib/python3.10/dist-packages/kalbot_interfaces/_kalbot_interfaces_s.ep.rosidl_typesupport_introspection_c.c
[0.225s] -- Up-to-date: /home/zubeyir48/ros2_ME462_ws/install/kalbot_interfaces/local/lib/python3.10/dist-packages/kalbot_interfaces/_kalbot_interfaces_s.ep.rosidl_typesupport_c.c
[0.225s] -- Up-to-date: /home/zubeyir48/ros2_ME462_ws/install/kalbot_interfaces/local/lib/python3.10/dist-packages/kalbot_interfaces/_kalbot_interfaces_s.ep.rosidl_typesupport_fastrtps_c.c
[0.225s] -- Up-to-date: /home/zubeyir48/ros2_ME462_ws/install/kalbot_interfaces/local/lib/python3.10/dist-packages/kalbot_interfaces/__init__.py
[0.225s] -- Up-to-date: /home/zubeyir48/ros2_ME462_ws/install/kalbot_interfaces/local/lib/python3.10/dist-packages/kalbot_interfaces/kalbot_interfaces_s__rosidl_typesupport_fastrtps_c.cpython-310-x86_64-linux-gnu.so
[0.225s] -- Up-to-date: /home/zubeyir48/ros2_ME462_ws/install/kalbot_interfaces/local/lib/python3.10/dist-packages/kalbot_interfaces/msg
[0.225s] -- Up-to-date: /home/zubeyir48/ros2_ME462_ws/install/kalbot_interfaces/local/lib/python3.10/dist-packages/kalbot_interfaces/msg/_motor_command.py
[0.225s] -- Up-to-date: /home/zubeyir48/ros2_ME462_ws/install/kalbot_interfaces/local/lib/python3.10/dist-packages/kalbot_interfaces/msg/__init__.py
[0.225s] -- Up-to-date: /home/zubeyir48/ros2_ME462_ws/install/kalbot_interfaces/local/lib/python3.10/dist-packages/kalbot_interfaces/msg/_motor_command_s.c
[0.225s] -- Up-to-date: /home/zubeyir48/ros2_ME462_ws/install/kalbot_interfaces/local/lib/python3.10/dist-packages/kalbot_interfaces/kalbot_interfaces_s__rosidl_typesupport_introspection_c.cpython-310-x86_64-linux-gnu.so
[0.225s] -- Up-to-date: /home/zubeyir48/ros2_ME462_ws/install/kalbot_interfaces/local/lib/python3.10/dist-packages/kalbot_interfaces/libkalbot_interfaces__rosidl_generator_py.so
[0.225s] -- Up-to-date: /home/zubeyir48/ros2_ME462_ws/install/kalbot_interfaces/local/lib/python3.10/dist-packages/kalbot_interfaces/kalbot_interfaces_s__rosidl_typesupport_c.cpython-310-x86_64-linux-gnu.so
[0.242s] Listing '/home/zubeyir48/ros2_ME462_ws/install/kalbot_interfaces/local/lib/python3.10/dist-packages/kalbot_interfaces'...
[0.242s] Listing '/home/zubeyir48/ros2_ME462_ws/install/kalbot_interfaces/local/lib/python3.10/dist-packages/kalbot_interfaces/msg'...
[0.244s] -- Up-to-date: /home/zubeyir48/ros2_ME462_ws/install/kalbot_interfaces/local/lib/python3.10/dist-packages/kalbot_interfaces/kalbot_interfaces_s__rosidl_typesupport_fastrtps_c.cpython-310-x86_64-linux-gnu.so
[0.244s] -- Up-to-date: /home/zubeyir48/ros2_ME462_ws/install/kalbot_interfaces/local/lib/python3.10/dist-packages/kalbot_interfaces/kalbot_interfaces_s__rosidl_typesupport_introspection_c.cpython-310-x86_64-linux-gnu.so
[0.244s] -- Up-to-date: /home/zubeyir48/ros2_ME462_ws/install/kalbot_interfaces/local/lib/python3.10/dist-packages/kalbot_interfaces/kalbot_interfaces_s__rosidl_typesupport_c.cpython-310-x86_64-linux-gnu.so
[0.244s] -- Up-to-date: /home/zubeyir48/ros2_ME462_ws/install/kalbot_interfaces/lib/libkalbot_interfaces__rosidl_generator_py.so
[0.245s] -- Up-to-date: /home/zubeyir48/ros2_ME462_ws/install/kalbot_interfaces/share/kalbot_interfaces/msg/MotorCommand.idl
[0.245s] -- Up-to-date: /home/zubeyir48/ros2_ME462_ws/install/kalbot_interfaces/share/kalbot_interfaces/msg/MotorCommand.msg
[0.245s] -- Up-to-date: /home/zubeyir48/ros2_ME462_ws/install/kalbot_interfaces/share/ament_index/resource_index/package_run_dependencies/kalbot_interfaces
[0.245s] -- Up-to-date: /home/zubeyir48/ros2_ME462_ws/install/kalbot_interfaces/share/ament_index/resource_index/parent_prefix_path/kalbot_interfaces
[0.245s] -- Up-to-date: /home/zubeyir48/ros2_ME462_ws/install/kalbot_interfaces/share/kalbot_interfaces/environment/ament_prefix_path.sh
[0.245s] -- Up-to-date: /home/zubeyir48/ros2_ME462_ws/install/kalbot_interfaces/share/kalbot_interfaces/environment/ament_prefix_path.dsv
[0.245s] -- Up-to-date: /home/zubeyir48/ros2_ME462_ws/install/kalbot_interfaces/share/kalbot_interfaces/environment/path.sh
[0.245s] -- Up-to-date: /home/zubeyir48/ros2_ME462_ws/install/kalbot_interfaces/share/kalbot_interfaces/environment/path.dsv
[0.245s] -- Up-to-date: /home/zubeyir48/ros2_ME462_ws/install/kalbot_interfaces/share/kalbot_interfaces/local_setup.bash
[0.245s] -- Up-to-date: /home/zubeyir48/ros2_ME462_ws/install/kalbot_interfaces/share/kalbot_interfaces/local_setup.sh
[0.245s] -- Up-to-date: /home/zubeyir48/ros2_ME462_ws/install/kalbot_interfaces/share/kalbot_interfaces/local_setup.zsh
[0.245s] -- Up-to-date: /home/zubeyir48/ros2_ME462_ws/install/kalbot_interfaces/share/kalbot_interfaces/local_setup.dsv
[0.245s] -- Installing: /home/zubeyir48/ros2_ME462_ws/install/kalbot_interfaces/share/kalbot_interfaces/package.dsv
[0.245s] -- Up-to-date: /home/zubeyir48/ros2_ME462_ws/install/kalbot_interfaces/share/ament_index/resource_index/packages/kalbot_interfaces
[0.245s] -- Up-to-date: /home/zubeyir48/ros2_ME462_ws/install/kalbot_interfaces/share/kalbot_interfaces/cmake/export_kalbot_interfaces__rosidl_generator_cExport.cmake
[0.245s] -- Up-to-date: /home/zubeyir48/ros2_ME462_ws/install/kalbot_interfaces/share/kalbot_interfaces/cmake/export_kalbot_interfaces__rosidl_generator_cExport-noconfig.cmake
[0.245s] -- Up-to-date: /home/zubeyir48/ros2_ME462_ws/install/kalbot_interfaces/share/kalbot_interfaces/cmake/export_kalbot_interfaces__rosidl_typesupport_fastrtps_cExport.cmake
[0.245s] -- Up-to-date: /home/zubeyir48/ros2_ME462_ws/install/kalbot_interfaces/share/kalbot_interfaces/cmake/export_kalbot_interfaces__rosidl_typesupport_fastrtps_cExport-noconfig.cmake
[0.245s] -- Up-to-date: /home/zubeyir48/ros2_ME462_ws/install/kalbot_interfaces/share/kalbot_interfaces/cmake/kalbot_interfaces__rosidl_typesupport_introspection_cExport.cmake
[0.245s] -- Up-to-date: /home/zubeyir48/ros2_ME462_ws/install/kalbot_interfaces/share/kalbot_interfaces/cmake/kalbot_interfaces__rosidl_typesupport_introspection_cExport-noconfig.cmake
[0.245s] -- Up-to-date: /home/zubeyir48/ros2_ME462_ws/install/kalbot_interfaces/share/kalbot_interfaces/cmake/kalbot_interfaces__rosidl_typesupport_cExport.cmake
[0.245s] -- Up-to-date: /home/zubeyir48/ros2_ME462_ws/install/kalbot_interfaces/share/kalbot_interfaces/cmake/kalbot_interfaces__rosidl_typesupport_cExport-noconfig.cmake
[0.245s] -- Up-to-date: /home/zubeyir48/ros2_ME462_ws/install/kalbot_interfaces/share/kalbot_interfaces/cmake/export_kalbot_interfaces__rosidl_generator_cppExport.cmake
[0.245s] -- Up-to-date: /home/zubeyir48/ros2_ME462_ws/install/kalbot_interfaces/share/kalbot_interfaces/cmake/export_kalbot_interfaces__rosidl_typesupport_fastrtps_cppExport.cmake
[0.245s] -- Up-to-date: /home/zubeyir48/ros2_ME462_ws/install/kalbot_interfaces/share/kalbot_interfaces/cmake/export_kalbot_interfaces__rosidl_typesupport_fastrtps_cppExport-noconfig.cmake
[0.245s] -- Up-to-date: /home/zubeyir48/ros2_ME462_ws/install/kalbot_interfaces/share/kalbot_interfaces/cmake/kalbot_interfaces__rosidl_typesupport_introspection_cppExport.cmake
[0.245s] -- Up-to-date: /home/zubeyir48/ros2_ME462_ws/install/kalbot_interfaces/share/kalbot_interfaces/cmake/kalbot_interfaces__rosidl_typesupport_introspection_cppExport-noconfig.cmake
[0.245s] -- Up-to-date: /home/zubeyir48/ros2_ME462_ws/install/kalbot_interfaces/share/kalbot_interfaces/cmake/kalbot_interfaces__rosidl_typesupport_cppExport.cmake
[0.245s] -- Up-to-date: /home/zubeyir48/ros2_ME462_ws/install/kalbot_interfaces/share/kalbot_interfaces/cmake/kalbot_interfaces__rosidl_typesupport_cppExport-noconfig.cmake
[0.245s] -- Up-to-date: /home/zubeyir48/ros2_ME462_ws/install/kalbot_interfaces/share/kalbot_interfaces/cmake/export_kalbot_interfaces__rosidl_generator_pyExport.cmake
[0.245s] -- Up-to-date: /home/zubeyir48/ros2_ME462_ws/install/kalbot_interfaces/share/kalbot_interfaces/cmake/export_kalbot_interfaces__rosidl_generator_pyExport-noconfig.cmake
[0.246s] -- Up-to-date: /home/zubeyir48/ros2_ME462_ws/install/kalbot_interfaces/share/kalbot_interfaces/cmake/rosidl_cmake-extras.cmake
[0.246s] -- Up-to-date: /home/zubeyir48/ros2_ME462_ws/install/kalbot_interfaces/share/kalbot_interfaces/cmake/ament_cmake_export_include_directories-extras.cmake
[0.246s] -- Up-to-date: /home/zubeyir48/ros2_ME462_ws/install/kalbot_interfaces/share/kalbot_interfaces/cmake/ament_cmake_export_libraries-extras.cmake
[0.246s] -- Up-to-date: /home/zubeyir48/ros2_ME462_ws/install/kalbot_interfaces/share/kalbot_interfaces/cmake/ament_cmake_export_targets-extras.cmake
[0.246s] -- Up-to-date: /home/zubeyir48/ros2_ME462_ws/install/kalbot_interfaces/share/kalbot_interfaces/cmake/rosidl_cmake_export_typesupport_targets-extras.cmake
[0.246s] -- Up-to-date: /home/zubeyir48/ros2_ME462_ws/install/kalbot_interfaces/share/kalbot_interfaces/cmake/ament_cmake_export_dependencies-extras.cmake
[0.246s] -- Up-to-date: /home/zubeyir48/ros2_ME462_ws/install/kalbot_interfaces/share/kalbot_interfaces/cmake/rosidl_cmake_export_typesupport_libraries-extras.cmake
[0.246s] -- Up-to-date: /home/zubeyir48/ros2_ME462_ws/install/kalbot_interfaces/share/kalbot_interfaces/cmake/kalbot_interfacesConfig.cmake
[0.246s] -- Up-to-date: /home/zubeyir48/ros2_ME462_ws/install/kalbot_interfaces/share/kalbot_interfaces/cmake/kalbot_interfacesConfig-version.cmake
[0.246s] -- Up-to-date: /home/zubeyir48/ros2_ME462_ws/install/kalbot_interfaces/share/kalbot_interfaces/package.xml
[0.247s] Invoked command in '/home/zubeyir48/ros2_ME462_ws/build/kalbot_interfaces' returned '0': CMAKE_PREFIX_PATH=${CMAKE_PREFIX_PATH}:/home/zubeyir48/ros2_ME462_ws/install/tutorial_robot_controller:/home/zubeyir48/ros2_ME462_ws/install/robot_controller:/opt/ros/humble /usr/bin/cmake --install /home/zubeyir48/ros2_ME462_ws/build/kalbot_interfaces
