[0.167s] DEBUG:colcon:Command line arguments: ['/usr/bin/colcon', 'build']
[0.167s] DEBUG:colcon:Parsed command line arguments: Namespace(log_base=None, log_level=None, verb_name='build', build_base='build', install_base='install', merge_install=False, symlink_install=False, test_result_base=None, continue_on_error=False, executor='parallel', parallel_workers=20, event_handlers=None, ignore_user_meta=False, metas=['./colcon.meta'], base_paths=['.'], packages_ignore=None, packages_ignore_regex=None, paths=None, packages_up_to=None, packages_up_to_regex=None, packages_above=None, packages_above_and_dependencies=None, packages_above_depth=None, packages_select_by_dep=None, packages_skip_by_dep=None, packages_skip_up_to=None, packages_select_build_failed=False, packages_skip_build_finished=False, packages_select_test_failures=False, packages_skip_test_passed=False, packages_select=None, packages_skip=None, packages_select_regex=None, packages_skip_regex=None, packages_start=None, packages_end=None, allow_overriding=[], cmake_args=None, cmake_target=None, cmake_target_skip_unavailable=False, cmake_clean_cache=False, cmake_clean_first=False, cmake_force_configure=False, ament_cmake_args=None, catkin_cmake_args=None, catkin_skip_building_tests=False, verb_parser=<colcon_defaults.argument_parser.defaults.DefaultArgumentsDecorator object at 0x7f771fcfdae0>, verb_extension=<colcon_core.verb.build.BuildVerb object at 0x7f771fcfd570>, main=<bound method BuildVerb.main of <colcon_core.verb.build.BuildVerb object at 0x7f771fcfd570>>)
[0.179s] Level 1:colcon.colcon_core.package_discovery:discover_packages(colcon_meta) check parameters
[0.179s] Level 1:colcon.colcon_core.package_discovery:discover_packages(recursive) check parameters
[0.179s] Level 1:colcon.colcon_core.package_discovery:discover_packages(ignore) check parameters
[0.179s] Level 1:colcon.colcon_core.package_discovery:discover_packages(path) check parameters
[0.179s] Level 1:colcon.colcon_core.package_discovery:discover_packages(colcon_meta) discover
[0.179s] Level 1:colcon.colcon_core.package_discovery:discover_packages(recursive) discover
[0.179s] INFO:colcon.colcon_core.package_discovery:Crawling recursively for packages in '/home/zubeyir48/ros2_ME462_ws'
[0.179s] Level 1:colcon.colcon_core.package_identification:_identify(.) by extensions ['ignore', 'ignore_ament_install']
[0.179s] Level 1:colcon.colcon_core.package_identification:_identify(.) by extension 'ignore'
[0.179s] Level 1:colcon.colcon_core.package_identification:_identify(.) by extension 'ignore_ament_install'
[0.179s] Level 1:colcon.colcon_core.package_identification:_identify(.) by extensions ['colcon_pkg']
[0.179s] Level 1:colcon.colcon_core.package_identification:_identify(.) by extension 'colcon_pkg'
[0.179s] Level 1:colcon.colcon_core.package_identification:_identify(.) by extensions ['colcon_meta']
[0.179s] Level 1:colcon.colcon_core.package_identification:_identify(.) by extension 'colcon_meta'
[0.179s] Level 1:colcon.colcon_core.package_identification:_identify(.) by extensions ['ros']
[0.179s] Level 1:colcon.colcon_core.package_identification:_identify(.) by extension 'ros'
[0.185s] Level 1:colcon.colcon_core.package_identification:_identify(.) by extensions ['cmake', 'python']
[0.185s] Level 1:colcon.colcon_core.package_identification:_identify(.) by extension 'cmake'
[0.185s] Level 1:colcon.colcon_core.package_identification:_identify(.) by extension 'python'
[0.185s] Level 1:colcon.colcon_core.package_identification:_identify(.) by extensions ['python_setup_py']
[0.185s] Level 1:colcon.colcon_core.package_identification:_identify(.) by extension 'python_setup_py'
[0.185s] Level 1:colcon.colcon_core.package_identification:_identify(build) by extensions ['ignore', 'ignore_ament_install']
[0.185s] Level 1:colcon.colcon_core.package_identification:_identify(build) by extension 'ignore'
[0.185s] Level 1:colcon.colcon_core.package_identification:_identify(build) ignored
[0.185s] Level 1:colcon.colcon_core.package_identification:_identify(install) by extensions ['ignore', 'ignore_ament_install']
[0.185s] Level 1:colcon.colcon_core.package_identification:_identify(install) by extension 'ignore'
[0.185s] Level 1:colcon.colcon_core.package_identification:_identify(install) ignored
[0.185s] Level 1:colcon.colcon_core.package_identification:_identify(log) by extensions ['ignore', 'ignore_ament_install']
[0.185s] Level 1:colcon.colcon_core.package_identification:_identify(log) by extension 'ignore'
[0.185s] Level 1:colcon.colcon_core.package_identification:_identify(log) ignored
[0.185s] Level 1:colcon.colcon_core.package_identification:_identify(src) by extensions ['ignore', 'ignore_ament_install']
[0.185s] Level 1:colcon.colcon_core.package_identification:_identify(src) by extension 'ignore'
[0.185s] Level 1:colcon.colcon_core.package_identification:_identify(src) by extension 'ignore_ament_install'
[0.185s] Level 1:colcon.colcon_core.package_identification:_identify(src) by extensions ['colcon_pkg']
[0.185s] Level 1:colcon.colcon_core.package_identification:_identify(src) by extension 'colcon_pkg'
[0.185s] Level 1:colcon.colcon_core.package_identification:_identify(src) by extensions ['colcon_meta']
[0.185s] Level 1:colcon.colcon_core.package_identification:_identify(src) by extension 'colcon_meta'
[0.185s] Level 1:colcon.colcon_core.package_identification:_identify(src) by extensions ['ros']
[0.185s] Level 1:colcon.colcon_core.package_identification:_identify(src) by extension 'ros'
[0.185s] Level 1:colcon.colcon_core.package_identification:_identify(src) by extensions ['cmake', 'python']
[0.185s] Level 1:colcon.colcon_core.package_identification:_identify(src) by extension 'cmake'
[0.185s] Level 1:colcon.colcon_core.package_identification:_identify(src) by extension 'python'
[0.185s] Level 1:colcon.colcon_core.package_identification:_identify(src) by extensions ['python_setup_py']
[0.185s] Level 1:colcon.colcon_core.package_identification:_identify(src) by extension 'python_setup_py'
[0.185s] Level 1:colcon.colcon_core.package_identification:_identify(src/build) by extensions ['ignore', 'ignore_ament_install']
[0.185s] Level 1:colcon.colcon_core.package_identification:_identify(src/build) by extension 'ignore'
[0.185s] Level 1:colcon.colcon_core.package_identification:_identify(src/build) ignored
[0.185s] Level 1:colcon.colcon_core.package_identification:_identify(src/install) by extensions ['ignore', 'ignore_ament_install']
[0.186s] Level 1:colcon.colcon_core.package_identification:_identify(src/install) by extension 'ignore'
[0.186s] Level 1:colcon.colcon_core.package_identification:_identify(src/install) ignored
[0.186s] Level 1:colcon.colcon_core.package_identification:_identify(src/kalbot_brignup) by extensions ['ignore', 'ignore_ament_install']
[0.186s] Level 1:colcon.colcon_core.package_identification:_identify(src/kalbot_brignup) by extension 'ignore'
[0.186s] Level 1:colcon.colcon_core.package_identification:_identify(src/kalbot_brignup) by extension 'ignore_ament_install'
[0.186s] Level 1:colcon.colcon_core.package_identification:_identify(src/kalbot_brignup) by extensions ['colcon_pkg']
[0.186s] Level 1:colcon.colcon_core.package_identification:_identify(src/kalbot_brignup) by extension 'colcon_pkg'
[0.186s] Level 1:colcon.colcon_core.package_identification:_identify(src/kalbot_brignup) by extensions ['colcon_meta']
[0.186s] Level 1:colcon.colcon_core.package_identification:_identify(src/kalbot_brignup) by extension 'colcon_meta'
[0.186s] Level 1:colcon.colcon_core.package_identification:_identify(src/kalbot_brignup) by extensions ['ros']
[0.186s] Level 1:colcon.colcon_core.package_identification:_identify(src/kalbot_brignup) by extension 'ros'
[0.187s] DEBUG:colcon.colcon_core.package_identification:Package 'src/kalbot_brignup' with type 'ros.ament_cmake' and name 'kalbot_brignup'
[0.187s] Level 1:colcon.colcon_core.package_identification:_identify(src/kalbot_controller) by extensions ['ignore', 'ignore_ament_install']
[0.187s] Level 1:colcon.colcon_core.package_identification:_identify(src/kalbot_controller) by extension 'ignore'
[0.187s] Level 1:colcon.colcon_core.package_identification:_identify(src/kalbot_controller) by extension 'ignore_ament_install'
[0.187s] Level 1:colcon.colcon_core.package_identification:_identify(src/kalbot_controller) by extensions ['colcon_pkg']
[0.187s] Level 1:colcon.colcon_core.package_identification:_identify(src/kalbot_controller) by extension 'colcon_pkg'
[0.187s] Level 1:colcon.colcon_core.package_identification:_identify(src/kalbot_controller) by extensions ['colcon_meta']
[0.187s] Level 1:colcon.colcon_core.package_identification:_identify(src/kalbot_controller) by extension 'colcon_meta'
[0.187s] Level 1:colcon.colcon_core.package_identification:_identify(src/kalbot_controller) by extensions ['ros']
[0.187s] Level 1:colcon.colcon_core.package_identification:_identify(src/kalbot_controller) by extension 'ros'
[0.188s] DEBUG:colcon.colcon_core.package_identification:Package 'src/kalbot_controller' with type 'ros.ament_python' and name 'kalbot_controller'
[0.188s] Level 1:colcon.colcon_core.package_identification:_identify(src/kalbot_interfaces) by extensions ['ignore', 'ignore_ament_install']
[0.188s] Level 1:colcon.colcon_core.package_identification:_identify(src/kalbot_interfaces) by extension 'ignore'
[0.188s] Level 1:colcon.colcon_core.package_identification:_identify(src/kalbot_interfaces) by extension 'ignore_ament_install'
[0.188s] Level 1:colcon.colcon_core.package_identification:_identify(src/kalbot_interfaces) by extensions ['colcon_pkg']
[0.188s] Level 1:colcon.colcon_core.package_identification:_identify(src/kalbot_interfaces) by extension 'colcon_pkg'
[0.188s] Level 1:colcon.colcon_core.package_identification:_identify(src/kalbot_interfaces) by extensions ['colcon_meta']
[0.188s] Level 1:colcon.colcon_core.package_identification:_identify(src/kalbot_interfaces) by extension 'colcon_meta'
[0.188s] Level 1:colcon.colcon_core.package_identification:_identify(src/kalbot_interfaces) by extensions ['ros']
[0.188s] Level 1:colcon.colcon_core.package_identification:_identify(src/kalbot_interfaces) by extension 'ros'
[0.188s] DEBUG:colcon.colcon_core.package_identification:Package 'src/kalbot_interfaces' with type 'ros.ament_cmake' and name 'kalbot_interfaces'
[0.188s] Level 1:colcon.colcon_core.package_identification:_identify(src/keyboard_controller) by extensions ['ignore', 'ignore_ament_install']
[0.188s] Level 1:colcon.colcon_core.package_identification:_identify(src/keyboard_controller) by extension 'ignore'
[0.188s] Level 1:colcon.colcon_core.package_identification:_identify(src/keyboard_controller) by extension 'ignore_ament_install'
[0.188s] Level 1:colcon.colcon_core.package_identification:_identify(src/keyboard_controller) by extensions ['colcon_pkg']
[0.188s] Level 1:colcon.colcon_core.package_identification:_identify(src/keyboard_controller) by extension 'colcon_pkg'
[0.188s] Level 1:colcon.colcon_core.package_identification:_identify(src/keyboard_controller) by extensions ['colcon_meta']
[0.188s] Level 1:colcon.colcon_core.package_identification:_identify(src/keyboard_controller) by extension 'colcon_meta'
[0.188s] Level 1:colcon.colcon_core.package_identification:_identify(src/keyboard_controller) by extensions ['ros']
[0.188s] Level 1:colcon.colcon_core.package_identification:_identify(src/keyboard_controller) by extension 'ros'
[0.189s] DEBUG:colcon.colcon_core.package_identification:Package 'src/keyboard_controller' with type 'ros.ament_python' and name 'keyboard_controller'
[0.189s] Level 1:colcon.colcon_core.package_identification:_identify(src/log) by extensions ['ignore', 'ignore_ament_install']
[0.189s] Level 1:colcon.colcon_core.package_identification:_identify(src/log) by extension 'ignore'
[0.189s] Level 1:colcon.colcon_core.package_identification:_identify(src/log) ignored
[0.189s] Level 1:colcon.colcon_core.package_identification:_identify(src/tutorial_robot_controller) by extensions ['ignore', 'ignore_ament_install']
[0.189s] Level 1:colcon.colcon_core.package_identification:_identify(src/tutorial_robot_controller) by extension 'ignore'
[0.189s] Level 1:colcon.colcon_core.package_identification:_identify(src/tutorial_robot_controller) by extension 'ignore_ament_install'
[0.189s] Level 1:colcon.colcon_core.package_identification:_identify(src/tutorial_robot_controller) by extensions ['colcon_pkg']
[0.189s] Level 1:colcon.colcon_core.package_identification:_identify(src/tutorial_robot_controller) by extension 'colcon_pkg'
[0.189s] Level 1:colcon.colcon_core.package_identification:_identify(src/tutorial_robot_controller) by extensions ['colcon_meta']
[0.189s] Level 1:colcon.colcon_core.package_identification:_identify(src/tutorial_robot_controller) by extension 'colcon_meta'
[0.189s] Level 1:colcon.colcon_core.package_identification:_identify(src/tutorial_robot_controller) by extensions ['ros']
[0.189s] Level 1:colcon.colcon_core.package_identification:_identify(src/tutorial_robot_controller) by extension 'ros'
[0.189s] DEBUG:colcon.colcon_core.package_identification:Package 'src/tutorial_robot_controller' with type 'ros.ament_python' and name 'tutorial_robot_controller'
[0.189s] Level 1:colcon.colcon_core.package_discovery:discover_packages(recursive) using defaults
[0.189s] Level 1:colcon.colcon_core.package_discovery:discover_packages(ignore) discover
[0.189s] Level 1:colcon.colcon_core.package_discovery:discover_packages(ignore) using defaults
[0.189s] Level 1:colcon.colcon_core.package_discovery:discover_packages(path) discover
[0.189s] Level 1:colcon.colcon_core.package_discovery:discover_packages(path) using defaults
[0.201s] Level 1:colcon.colcon_core.package_discovery:discover_packages(prefix_path) check parameters
[0.201s] Level 1:colcon.colcon_core.package_discovery:discover_packages(prefix_path) discover
[0.202s] DEBUG:colcon.colcon_installed_package_information.package_discovery:Found 6 installed packages in /home/zubeyir48/ros2_ME462_ws/install
[0.203s] DEBUG:colcon.colcon_installed_package_information.package_discovery:Found 270 installed packages in /opt/ros/humble
[0.203s] Level 1:colcon.colcon_core.package_discovery:discover_packages(prefix_path) using defaults
[0.230s] Level 5:colcon.colcon_core.verb:set package 'kalbot_brignup' build argument 'cmake_args' from command line to 'None'
[0.230s] Level 5:colcon.colcon_core.verb:set package 'kalbot_brignup' build argument 'cmake_target' from command line to 'None'
[0.230s] Level 5:colcon.colcon_core.verb:set package 'kalbot_brignup' build argument 'cmake_target_skip_unavailable' from command line to 'False'
[0.230s] Level 5:colcon.colcon_core.verb:set package 'kalbot_brignup' build argument 'cmake_clean_cache' from command line to 'False'
[0.230s] Level 5:colcon.colcon_core.verb:set package 'kalbot_brignup' build argument 'cmake_clean_first' from command line to 'False'
[0.230s] Level 5:colcon.colcon_core.verb:set package 'kalbot_brignup' build argument 'cmake_force_configure' from command line to 'False'
[0.230s] Level 5:colcon.colcon_core.verb:set package 'kalbot_brignup' build argument 'ament_cmake_args' from command line to 'None'
[0.230s] Level 5:colcon.colcon_core.verb:set package 'kalbot_brignup' build argument 'catkin_cmake_args' from command line to 'None'
[0.230s] Level 5:colcon.colcon_core.verb:set package 'kalbot_brignup' build argument 'catkin_skip_building_tests' from command line to 'False'
[0.230s] DEBUG:colcon.colcon_core.verb:Building package 'kalbot_brignup' with the following arguments: {'ament_cmake_args': None, 'build_base': '/home/zubeyir48/ros2_ME462_ws/build/kalbot_brignup', 'catkin_cmake_args': None, 'catkin_skip_building_tests': False, 'cmake_args': None, 'cmake_clean_cache': False, 'cmake_clean_first': False, 'cmake_force_configure': False, 'cmake_target': None, 'cmake_target_skip_unavailable': False, 'install_base': '/home/zubeyir48/ros2_ME462_ws/install/kalbot_brignup', 'merge_install': False, 'path': '/home/zubeyir48/ros2_ME462_ws/src/kalbot_brignup', 'symlink_install': False, 'test_result_base': None}
[0.230s] Level 5:colcon.colcon_core.verb:set package 'kalbot_interfaces' build argument 'cmake_args' from command line to 'None'
[0.230s] Level 5:colcon.colcon_core.verb:set package 'kalbot_interfaces' build argument 'cmake_target' from command line to 'None'
[0.230s] Level 5:colcon.colcon_core.verb:set package 'kalbot_interfaces' build argument 'cmake_target_skip_unavailable' from command line to 'False'
[0.230s] Level 5:colcon.colcon_core.verb:set package 'kalbot_interfaces' build argument 'cmake_clean_cache' from command line to 'False'
[0.230s] Level 5:colcon.colcon_core.verb:set package 'kalbot_interfaces' build argument 'cmake_clean_first' from command line to 'False'
[0.230s] Level 5:colcon.colcon_core.verb:set package 'kalbot_interfaces' build argument 'cmake_force_configure' from command line to 'False'
[0.230s] Level 5:colcon.colcon_core.verb:set package 'kalbot_interfaces' build argument 'ament_cmake_args' from command line to 'None'
[0.230s] Level 5:colcon.colcon_core.verb:set package 'kalbot_interfaces' build argument 'catkin_cmake_args' from command line to 'None'
[0.230s] Level 5:colcon.colcon_core.verb:set package 'kalbot_interfaces' build argument 'catkin_skip_building_tests' from command line to 'False'
[0.230s] DEBUG:colcon.colcon_core.verb:Building package 'kalbot_interfaces' with the following arguments: {'ament_cmake_args': None, 'build_base': '/home/zubeyir48/ros2_ME462_ws/build/kalbot_interfaces', 'catkin_cmake_args': None, 'catkin_skip_building_tests': False, 'cmake_args': None, 'cmake_clean_cache': False, 'cmake_clean_first': False, 'cmake_force_configure': False, 'cmake_target': None, 'cmake_target_skip_unavailable': False, 'install_base': '/home/zubeyir48/ros2_ME462_ws/install/kalbot_interfaces', 'merge_install': False, 'path': '/home/zubeyir48/ros2_ME462_ws/src/kalbot_interfaces', 'symlink_install': False, 'test_result_base': None}
[0.231s] Level 5:colcon.colcon_core.verb:set package 'tutorial_robot_controller' build argument 'cmake_args' from command line to 'None'
[0.231s] Level 5:colcon.colcon_core.verb:set package 'tutorial_robot_controller' build argument 'cmake_target' from command line to 'None'
[0.231s] Level 5:colcon.colcon_core.verb:set package 'tutorial_robot_controller' build argument 'cmake_target_skip_unavailable' from command line to 'False'
[0.231s] Level 5:colcon.colcon_core.verb:set package 'tutorial_robot_controller' build argument 'cmake_clean_cache' from command line to 'False'
[0.231s] Level 5:colcon.colcon_core.verb:set package 'tutorial_robot_controller' build argument 'cmake_clean_first' from command line to 'False'
[0.231s] Level 5:colcon.colcon_core.verb:set package 'tutorial_robot_controller' build argument 'cmake_force_configure' from command line to 'False'
[0.231s] Level 5:colcon.colcon_core.verb:set package 'tutorial_robot_controller' build argument 'ament_cmake_args' from command line to 'None'
[0.231s] Level 5:colcon.colcon_core.verb:set package 'tutorial_robot_controller' build argument 'catkin_cmake_args' from command line to 'None'
[0.231s] Level 5:colcon.colcon_core.verb:set package 'tutorial_robot_controller' build argument 'catkin_skip_building_tests' from command line to 'False'
[0.231s] DEBUG:colcon.colcon_core.verb:Building package 'tutorial_robot_controller' with the following arguments: {'ament_cmake_args': None, 'build_base': '/home/zubeyir48/ros2_ME462_ws/build/tutorial_robot_controller', 'catkin_cmake_args': None, 'catkin_skip_building_tests': False, 'cmake_args': None, 'cmake_clean_cache': False, 'cmake_clean_first': False, 'cmake_force_configure': False, 'cmake_target': None, 'cmake_target_skip_unavailable': False, 'install_base': '/home/zubeyir48/ros2_ME462_ws/install/tutorial_robot_controller', 'merge_install': False, 'path': '/home/zubeyir48/ros2_ME462_ws/src/tutorial_robot_controller', 'symlink_install': False, 'test_result_base': None}
[0.231s] Level 5:colcon.colcon_core.verb:set package 'kalbot_controller' build argument 'cmake_args' from command line to 'None'
[0.231s] Level 5:colcon.colcon_core.verb:set package 'kalbot_controller' build argument 'cmake_target' from command line to 'None'
[0.231s] Level 5:colcon.colcon_core.verb:set package 'kalbot_controller' build argument 'cmake_target_skip_unavailable' from command line to 'False'
[0.231s] Level 5:colcon.colcon_core.verb:set package 'kalbot_controller' build argument 'cmake_clean_cache' from command line to 'False'
[0.231s] Level 5:colcon.colcon_core.verb:set package 'kalbot_controller' build argument 'cmake_clean_first' from command line to 'False'
[0.231s] Level 5:colcon.colcon_core.verb:set package 'kalbot_controller' build argument 'cmake_force_configure' from command line to 'False'
[0.231s] Level 5:colcon.colcon_core.verb:set package 'kalbot_controller' build argument 'ament_cmake_args' from command line to 'None'
[0.231s] Level 5:colcon.colcon_core.verb:set package 'kalbot_controller' build argument 'catkin_cmake_args' from command line to 'None'
[0.232s] Level 5:colcon.colcon_core.verb:set package 'kalbot_controller' build argument 'catkin_skip_building_tests' from command line to 'False'
[0.232s] DEBUG:colcon.colcon_core.verb:Building package 'kalbot_controller' with the following arguments: {'ament_cmake_args': None, 'build_base': '/home/zubeyir48/ros2_ME462_ws/build/kalbot_controller', 'catkin_cmake_args': None, 'catkin_skip_building_tests': False, 'cmake_args': None, 'cmake_clean_cache': False, 'cmake_clean_first': False, 'cmake_force_configure': False, 'cmake_target': None, 'cmake_target_skip_unavailable': False, 'install_base': '/home/zubeyir48/ros2_ME462_ws/install/kalbot_controller', 'merge_install': False, 'path': '/home/zubeyir48/ros2_ME462_ws/src/kalbot_controller', 'symlink_install': False, 'test_result_base': None}
[0.232s] Level 5:colcon.colcon_core.verb:set package 'keyboard_controller' build argument 'cmake_args' from command line to 'None'
[0.232s] Level 5:colcon.colcon_core.verb:set package 'keyboard_controller' build argument 'cmake_target' from command line to 'None'
[0.232s] Level 5:colcon.colcon_core.verb:set package 'keyboard_controller' build argument 'cmake_target_skip_unavailable' from command line to 'False'
[0.232s] Level 5:colcon.colcon_core.verb:set package 'keyboard_controller' build argument 'cmake_clean_cache' from command line to 'False'
[0.232s] Level 5:colcon.colcon_core.verb:set package 'keyboard_controller' build argument 'cmake_clean_first' from command line to 'False'
[0.232s] Level 5:colcon.colcon_core.verb:set package 'keyboard_controller' build argument 'cmake_force_configure' from command line to 'False'
[0.232s] Level 5:colcon.colcon_core.verb:set package 'keyboard_controller' build argument 'ament_cmake_args' from command line to 'None'
[0.232s] Level 5:colcon.colcon_core.verb:set package 'keyboard_controller' build argument 'catkin_cmake_args' from command line to 'None'
[0.232s] Level 5:colcon.colcon_core.verb:set package 'keyboard_controller' build argument 'catkin_skip_building_tests' from command line to 'False'
[0.232s] DEBUG:colcon.colcon_core.verb:Building package 'keyboard_controller' with the following arguments: {'ament_cmake_args': None, 'build_base': '/home/zubeyir48/ros2_ME462_ws/build/keyboard_controller', 'catkin_cmake_args': None, 'catkin_skip_building_tests': False, 'cmake_args': None, 'cmake_clean_cache': False, 'cmake_clean_first': False, 'cmake_force_configure': False, 'cmake_target': None, 'cmake_target_skip_unavailable': False, 'install_base': '/home/zubeyir48/ros2_ME462_ws/install/keyboard_controller', 'merge_install': False, 'path': '/home/zubeyir48/ros2_ME462_ws/src/keyboard_controller', 'symlink_install': False, 'test_result_base': None}
[0.232s] INFO:colcon.colcon_core.executor:Executing jobs using 'parallel' executor
[0.234s] DEBUG:colcon.colcon_parallel_executor.executor.parallel:run_until_complete
[0.234s] INFO:colcon.colcon_ros.task.ament_cmake.build:Building ROS package in '/home/zubeyir48/ros2_ME462_ws/src/kalbot_interfaces' with build type 'ament_cmake'
[0.234s] INFO:colcon.colcon_cmake.task.cmake.build:Building CMake package in '/home/zubeyir48/ros2_ME462_ws/src/kalbot_interfaces'
[0.236s] INFO:colcon.colcon_core.plugin_system:Skipping extension 'colcon_core.shell.bat': Not used on non-Windows systems
[0.237s] INFO:colcon.colcon_core.shell:Skip shell extension 'powershell' for command environment: Not usable outside of PowerShell
[0.237s] DEBUG:colcon.colcon_core.shell:Skip shell extension 'dsv' for command environment
[0.239s] INFO:colcon.colcon_ros.task.ament_cmake.build:Building ROS package in '/home/zubeyir48/ros2_ME462_ws/src/kalbot_brignup' with build type 'ament_cmake'
[0.239s] INFO:colcon.colcon_cmake.task.cmake.build:Building CMake package in '/home/zubeyir48/ros2_ME462_ws/src/kalbot_brignup'
[0.240s] INFO:colcon.colcon_core.shell:Skip shell extension 'powershell' for command environment: Not usable outside of PowerShell
[0.240s] DEBUG:colcon.colcon_core.shell:Skip shell extension 'dsv' for command environment
[0.242s] INFO:colcon.colcon_ros.task.ament_python.build:Building ROS package in '/home/zubeyir48/ros2_ME462_ws/src/tutorial_robot_controller' with build type 'ament_python'
[0.242s] Level 1:colcon.colcon_core.shell:create_environment_hook('tutorial_robot_controller', 'ament_prefix_path')
[0.243s] INFO:colcon.colcon_core.shell:Creating environment hook '/home/zubeyir48/ros2_ME462_ws/install/tutorial_robot_controller/share/tutorial_robot_controller/hook/ament_prefix_path.ps1'
[0.243s] INFO:colcon.colcon_core.shell:Creating environment descriptor '/home/zubeyir48/ros2_ME462_ws/install/tutorial_robot_controller/share/tutorial_robot_controller/hook/ament_prefix_path.dsv'
[0.243s] INFO:colcon.colcon_core.shell:Creating environment hook '/home/zubeyir48/ros2_ME462_ws/install/tutorial_robot_controller/share/tutorial_robot_controller/hook/ament_prefix_path.sh'
[0.244s] INFO:colcon.colcon_core.shell:Skip shell extension 'powershell' for command environment: Not usable outside of PowerShell
[0.244s] DEBUG:colcon.colcon_core.shell:Skip shell extension 'dsv' for command environment
[0.249s] DEBUG:colcon.colcon_core.event_handler.log_command:Invoking command in '/home/zubeyir48/ros2_ME462_ws/build/kalbot_interfaces': CMAKE_PREFIX_PATH=${CMAKE_PREFIX_PATH}:/home/zubeyir48/ros2_ME462_ws/install/keyboard_controller:/home/zubeyir48/ros2_ME462_ws/install/kalbot_controller:/home/zubeyir48/ros2_ME462_ws/install/tutorial_robot_controller:/home/zubeyir48/ros2_ME462_ws/install/robot_controller:/opt/ros/humble /usr/bin/cmake --build /home/zubeyir48/ros2_ME462_ws/build/kalbot_interfaces -- -j20 -l20
[0.252s] DEBUG:colcon.colcon_core.event_handler.log_command:Invoking command in '/home/zubeyir48/ros2_ME462_ws/build/kalbot_brignup': CMAKE_PREFIX_PATH=${CMAKE_PREFIX_PATH}:/home/zubeyir48/ros2_ME462_ws/install/keyboard_controller:/home/zubeyir48/ros2_ME462_ws/install/kalbot_controller:/home/zubeyir48/ros2_ME462_ws/install/tutorial_robot_controller:/home/zubeyir48/ros2_ME462_ws/install/robot_controller:/opt/ros/humble /usr/bin/cmake --build /home/zubeyir48/ros2_ME462_ws/build/kalbot_brignup -- -j20 -l20
[0.392s] INFO:colcon.colcon_core.task.python.build:Building Python package in '/home/zubeyir48/ros2_ME462_ws/src/tutorial_robot_controller'
[0.392s] INFO:colcon.colcon_core.shell:Skip shell extension 'powershell' for command environment: Not usable outside of PowerShell
[0.393s] DEBUG:colcon.colcon_core.shell:Skip shell extension 'dsv' for command environment
[0.397s] DEBUG:colcon.colcon_core.event_handler.log_command:Invoked command in '/home/zubeyir48/ros2_ME462_ws/build/kalbot_brignup' returned '0': CMAKE_PREFIX_PATH=${CMAKE_PREFIX_PATH}:/home/zubeyir48/ros2_ME462_ws/install/keyboard_controller:/home/zubeyir48/ros2_ME462_ws/install/kalbot_controller:/home/zubeyir48/ros2_ME462_ws/install/tutorial_robot_controller:/home/zubeyir48/ros2_ME462_ws/install/robot_controller:/opt/ros/humble /usr/bin/cmake --build /home/zubeyir48/ros2_ME462_ws/build/kalbot_brignup -- -j20 -l20
[0.411s] DEBUG:colcon.colcon_core.event_handler.log_command:Invoking command in '/home/zubeyir48/ros2_ME462_ws/build/kalbot_brignup': CMAKE_PREFIX_PATH=${CMAKE_PREFIX_PATH}:/home/zubeyir48/ros2_ME462_ws/install/keyboard_controller:/home/zubeyir48/ros2_ME462_ws/install/kalbot_controller:/home/zubeyir48/ros2_ME462_ws/install/tutorial_robot_controller:/home/zubeyir48/ros2_ME462_ws/install/robot_controller:/opt/ros/humble /usr/bin/cmake --install /home/zubeyir48/ros2_ME462_ws/build/kalbot_brignup
[0.415s] Level 1:colcon.colcon_core.environment:create_environment_scripts_only(kalbot_brignup)
[0.415s] DEBUG:colcon.colcon_core.event_handler.log_command:Invoked command in '/home/zubeyir48/ros2_ME462_ws/build/kalbot_brignup' returned '0': CMAKE_PREFIX_PATH=${CMAKE_PREFIX_PATH}:/home/zubeyir48/ros2_ME462_ws/install/keyboard_controller:/home/zubeyir48/ros2_ME462_ws/install/kalbot_controller:/home/zubeyir48/ros2_ME462_ws/install/tutorial_robot_controller:/home/zubeyir48/ros2_ME462_ws/install/robot_controller:/opt/ros/humble /usr/bin/cmake --install /home/zubeyir48/ros2_ME462_ws/build/kalbot_brignup
[0.417s] Level 1:colcon.colcon_core.environment:checking '/home/zubeyir48/ros2_ME462_ws/install/kalbot_brignup' for CMake module files
[0.417s] Level 1:colcon.colcon_core.environment:checking '/home/zubeyir48/ros2_ME462_ws/install/kalbot_brignup' for CMake config files
[0.417s] Level 1:colcon.colcon_core.shell:create_environment_hook('kalbot_brignup', 'cmake_prefix_path')
[0.418s] INFO:colcon.colcon_core.shell:Creating environment hook '/home/zubeyir48/ros2_ME462_ws/install/kalbot_brignup/share/kalbot_brignup/hook/cmake_prefix_path.ps1'
[0.418s] INFO:colcon.colcon_core.shell:Creating environment descriptor '/home/zubeyir48/ros2_ME462_ws/install/kalbot_brignup/share/kalbot_brignup/hook/cmake_prefix_path.dsv'
[0.418s] INFO:colcon.colcon_core.shell:Creating environment hook '/home/zubeyir48/ros2_ME462_ws/install/kalbot_brignup/share/kalbot_brignup/hook/cmake_prefix_path.sh'
[0.419s] Level 1:colcon.colcon_core.environment:checking '/home/zubeyir48/ros2_ME462_ws/install/kalbot_brignup/bin'
[0.419s] Level 1:colcon.colcon_core.environment:checking '/home/zubeyir48/ros2_ME462_ws/install/kalbot_brignup/lib/pkgconfig/kalbot_brignup.pc'
[0.419s] Level 1:colcon.colcon_core.environment:checking '/home/zubeyir48/ros2_ME462_ws/install/kalbot_brignup/lib/python3.10/site-packages'
[0.419s] Level 1:colcon.colcon_core.environment:checking '/home/zubeyir48/ros2_ME462_ws/install/kalbot_brignup/bin'
[0.420s] INFO:colcon.colcon_core.shell:Creating package script '/home/zubeyir48/ros2_ME462_ws/install/kalbot_brignup/share/kalbot_brignup/package.ps1'
[0.420s] INFO:colcon.colcon_core.shell:Creating package descriptor '/home/zubeyir48/ros2_ME462_ws/install/kalbot_brignup/share/kalbot_brignup/package.dsv'
[0.420s] INFO:colcon.colcon_core.shell:Creating package script '/home/zubeyir48/ros2_ME462_ws/install/kalbot_brignup/share/kalbot_brignup/package.sh'
[0.420s] INFO:colcon.colcon_core.shell:Creating package script '/home/zubeyir48/ros2_ME462_ws/install/kalbot_brignup/share/kalbot_brignup/package.bash'
[0.421s] INFO:colcon.colcon_core.shell:Creating package script '/home/zubeyir48/ros2_ME462_ws/install/kalbot_brignup/share/kalbot_brignup/package.zsh'
[0.421s] Level 1:colcon.colcon_core.environment:create_file_with_runtime_dependencies(/home/zubeyir48/ros2_ME462_ws/install/kalbot_brignup/share/colcon-core/packages/kalbot_brignup)
[0.430s] DEBUG:colcon.colcon_core.event_handler.log_command:Invoked command in '/home/zubeyir48/ros2_ME462_ws/build/kalbot_interfaces' returned '0': CMAKE_PREFIX_PATH=${CMAKE_PREFIX_PATH}:/home/zubeyir48/ros2_ME462_ws/install/keyboard_controller:/home/zubeyir48/ros2_ME462_ws/install/kalbot_controller:/home/zubeyir48/ros2_ME462_ws/install/tutorial_robot_controller:/home/zubeyir48/ros2_ME462_ws/install/robot_controller:/opt/ros/humble /usr/bin/cmake --build /home/zubeyir48/ros2_ME462_ws/build/kalbot_interfaces -- -j20 -l20
[0.431s] Level 1:colcon.colcon_core.environment:create_environment_scripts_only(kalbot_brignup)
[0.432s] Level 1:colcon.colcon_core.environment:checking '/home/zubeyir48/ros2_ME462_ws/install/kalbot_brignup' for CMake module files
[0.433s] Level 1:colcon.colcon_core.environment:checking '/home/zubeyir48/ros2_ME462_ws/install/kalbot_brignup' for CMake config files
[0.433s] Level 1:colcon.colcon_core.shell:create_environment_hook('kalbot_brignup', 'cmake_prefix_path')
[0.433s] INFO:colcon.colcon_core.shell:Creating environment hook '/home/zubeyir48/ros2_ME462_ws/install/kalbot_brignup/share/kalbot_brignup/hook/cmake_prefix_path.ps1'
[0.434s] INFO:colcon.colcon_core.shell:Creating environment descriptor '/home/zubeyir48/ros2_ME462_ws/install/kalbot_brignup/share/kalbot_brignup/hook/cmake_prefix_path.dsv'
[0.434s] INFO:colcon.colcon_core.shell:Creating environment hook '/home/zubeyir48/ros2_ME462_ws/install/kalbot_brignup/share/kalbot_brignup/hook/cmake_prefix_path.sh'
[0.434s] Level 1:colcon.colcon_core.environment:checking '/home/zubeyir48/ros2_ME462_ws/install/kalbot_brignup/bin'
[0.434s] Level 1:colcon.colcon_core.environment:checking '/home/zubeyir48/ros2_ME462_ws/install/kalbot_brignup/lib/pkgconfig/kalbot_brignup.pc'
[0.434s] Level 1:colcon.colcon_core.environment:checking '/home/zubeyir48/ros2_ME462_ws/install/kalbot_brignup/lib/python3.10/site-packages'
[0.434s] Level 1:colcon.colcon_core.environment:checking '/home/zubeyir48/ros2_ME462_ws/install/kalbot_brignup/bin'
[0.435s] INFO:colcon.colcon_core.shell:Creating package script '/home/zubeyir48/ros2_ME462_ws/install/kalbot_brignup/share/kalbot_brignup/package.ps1'
[0.435s] INFO:colcon.colcon_core.shell:Creating package descriptor '/home/zubeyir48/ros2_ME462_ws/install/kalbot_brignup/share/kalbot_brignup/package.dsv'
[0.435s] INFO:colcon.colcon_core.shell:Creating package script '/home/zubeyir48/ros2_ME462_ws/install/kalbot_brignup/share/kalbot_brignup/package.sh'
[0.436s] INFO:colcon.colcon_core.shell:Creating package script '/home/zubeyir48/ros2_ME462_ws/install/kalbot_brignup/share/kalbot_brignup/package.bash'
[0.436s] INFO:colcon.colcon_core.shell:Creating package script '/home/zubeyir48/ros2_ME462_ws/install/kalbot_brignup/share/kalbot_brignup/package.zsh'
[0.436s] Level 1:colcon.colcon_core.environment:create_file_with_runtime_dependencies(/home/zubeyir48/ros2_ME462_ws/install/kalbot_brignup/share/colcon-core/packages/kalbot_brignup)
[0.460s] DEBUG:colcon.colcon_core.event_handler.log_command:Invoking command in '/home/zubeyir48/ros2_ME462_ws/build/kalbot_interfaces': CMAKE_PREFIX_PATH=${CMAKE_PREFIX_PATH}:/home/zubeyir48/ros2_ME462_ws/install/keyboard_controller:/home/zubeyir48/ros2_ME462_ws/install/kalbot_controller:/home/zubeyir48/ros2_ME462_ws/install/tutorial_robot_controller:/home/zubeyir48/ros2_ME462_ws/install/robot_controller:/opt/ros/humble /usr/bin/cmake --install /home/zubeyir48/ros2_ME462_ws/build/kalbot_interfaces
[0.490s] Level 1:colcon.colcon_core.environment:create_environment_scripts_only(kalbot_interfaces)
[0.491s] Level 1:colcon.colcon_core.environment:checking '/home/zubeyir48/ros2_ME462_ws/install/kalbot_interfaces' for CMake module files
[0.492s] DEBUG:colcon.colcon_core.event_handler.log_command:Invoked command in '/home/zubeyir48/ros2_ME462_ws/build/kalbot_interfaces' returned '0': CMAKE_PREFIX_PATH=${CMAKE_PREFIX_PATH}:/home/zubeyir48/ros2_ME462_ws/install/keyboard_controller:/home/zubeyir48/ros2_ME462_ws/install/kalbot_controller:/home/zubeyir48/ros2_ME462_ws/install/tutorial_robot_controller:/home/zubeyir48/ros2_ME462_ws/install/robot_controller:/opt/ros/humble /usr/bin/cmake --install /home/zubeyir48/ros2_ME462_ws/build/kalbot_interfaces
[0.492s] Level 1:colcon.colcon_core.environment:checking '/home/zubeyir48/ros2_ME462_ws/install/kalbot_interfaces' for CMake config files
[0.492s] Level 1:colcon.colcon_core.shell:create_environment_hook('kalbot_interfaces', 'cmake_prefix_path')
[0.493s] INFO:colcon.colcon_core.shell:Creating environment hook '/home/zubeyir48/ros2_ME462_ws/install/kalbot_interfaces/share/kalbot_interfaces/hook/cmake_prefix_path.ps1'
[0.493s] INFO:colcon.colcon_core.shell:Creating environment descriptor '/home/zubeyir48/ros2_ME462_ws/install/kalbot_interfaces/share/kalbot_interfaces/hook/cmake_prefix_path.dsv'
[0.493s] INFO:colcon.colcon_core.shell:Creating environment hook '/home/zubeyir48/ros2_ME462_ws/install/kalbot_interfaces/share/kalbot_interfaces/hook/cmake_prefix_path.sh'
[0.494s] Level 1:colcon.colcon_core.environment:checking '/home/zubeyir48/ros2_ME462_ws/install/kalbot_interfaces/lib'
[0.494s] Level 1:colcon.colcon_core.shell:create_environment_hook('kalbot_interfaces', 'ld_library_path_lib')
[0.494s] INFO:colcon.colcon_core.shell:Creating environment hook '/home/zubeyir48/ros2_ME462_ws/install/kalbot_interfaces/share/kalbot_interfaces/hook/ld_library_path_lib.ps1'
[0.494s] INFO:colcon.colcon_core.shell:Creating environment descriptor '/home/zubeyir48/ros2_ME462_ws/install/kalbot_interfaces/share/kalbot_interfaces/hook/ld_library_path_lib.dsv'
[0.495s] INFO:colcon.colcon_core.shell:Creating environment hook '/home/zubeyir48/ros2_ME462_ws/install/kalbot_interfaces/share/kalbot_interfaces/hook/ld_library_path_lib.sh'
[0.495s] Level 1:colcon.colcon_core.environment:checking '/home/zubeyir48/ros2_ME462_ws/install/kalbot_interfaces/bin'
[0.495s] Level 1:colcon.colcon_core.environment:checking '/home/zubeyir48/ros2_ME462_ws/install/kalbot_interfaces/lib/pkgconfig/kalbot_interfaces.pc'
[0.495s] Level 1:colcon.colcon_core.environment:checking '/home/zubeyir48/ros2_ME462_ws/install/kalbot_interfaces/lib/python3.10/site-packages'
[0.495s] Level 1:colcon.colcon_core.environment:checking '/home/zubeyir48/ros2_ME462_ws/install/kalbot_interfaces/bin'
[0.496s] INFO:colcon.colcon_core.shell:Creating package script '/home/zubeyir48/ros2_ME462_ws/install/kalbot_interfaces/share/kalbot_interfaces/package.ps1'
[0.496s] INFO:colcon.colcon_core.shell:Creating package descriptor '/home/zubeyir48/ros2_ME462_ws/install/kalbot_interfaces/share/kalbot_interfaces/package.dsv'
[0.496s] INFO:colcon.colcon_core.shell:Creating package script '/home/zubeyir48/ros2_ME462_ws/install/kalbot_interfaces/share/kalbot_interfaces/package.sh'
[0.496s] INFO:colcon.colcon_core.shell:Creating package script '/home/zubeyir48/ros2_ME462_ws/install/kalbot_interfaces/share/kalbot_interfaces/package.bash'
[0.496s] INFO:colcon.colcon_core.shell:Creating package script '/home/zubeyir48/ros2_ME462_ws/install/kalbot_interfaces/share/kalbot_interfaces/package.zsh'
[0.496s] Level 1:colcon.colcon_core.environment:create_file_with_runtime_dependencies(/home/zubeyir48/ros2_ME462_ws/install/kalbot_interfaces/share/colcon-core/packages/kalbot_interfaces)
[0.527s] Level 1:colcon.colcon_core.environment:create_environment_scripts_only(kalbot_interfaces)
[0.528s] Level 1:colcon.colcon_core.environment:checking '/home/zubeyir48/ros2_ME462_ws/install/kalbot_interfaces' for CMake module files
[0.528s] Level 1:colcon.colcon_core.environment:checking '/home/zubeyir48/ros2_ME462_ws/install/kalbot_interfaces' for CMake config files
[0.528s] Level 1:colcon.colcon_core.shell:create_environment_hook('kalbot_interfaces', 'cmake_prefix_path')
[0.529s] INFO:colcon.colcon_core.shell:Creating environment hook '/home/zubeyir48/ros2_ME462_ws/install/kalbot_interfaces/share/kalbot_interfaces/hook/cmake_prefix_path.ps1'
[0.529s] INFO:colcon.colcon_core.shell:Creating environment descriptor '/home/zubeyir48/ros2_ME462_ws/install/kalbot_interfaces/share/kalbot_interfaces/hook/cmake_prefix_path.dsv'
[0.529s] INFO:colcon.colcon_core.shell:Creating environment hook '/home/zubeyir48/ros2_ME462_ws/install/kalbot_interfaces/share/kalbot_interfaces/hook/cmake_prefix_path.sh'
[0.529s] Level 1:colcon.colcon_core.environment:checking '/home/zubeyir48/ros2_ME462_ws/install/kalbot_interfaces/lib'
[0.529s] Level 1:colcon.colcon_core.shell:create_environment_hook('kalbot_interfaces', 'ld_library_path_lib')
[0.530s] INFO:colcon.colcon_core.shell:Creating environment hook '/home/zubeyir48/ros2_ME462_ws/install/kalbot_interfaces/share/kalbot_interfaces/hook/ld_library_path_lib.ps1'
[0.530s] INFO:colcon.colcon_core.shell:Creating environment descriptor '/home/zubeyir48/ros2_ME462_ws/install/kalbot_interfaces/share/kalbot_interfaces/hook/ld_library_path_lib.dsv'
[0.530s] INFO:colcon.colcon_core.shell:Creating environment hook '/home/zubeyir48/ros2_ME462_ws/install/kalbot_interfaces/share/kalbot_interfaces/hook/ld_library_path_lib.sh'
[0.530s] Level 1:colcon.colcon_core.environment:checking '/home/zubeyir48/ros2_ME462_ws/install/kalbot_interfaces/bin'
[0.530s] Level 1:colcon.colcon_core.environment:checking '/home/zubeyir48/ros2_ME462_ws/install/kalbot_interfaces/lib/pkgconfig/kalbot_interfaces.pc'
[0.530s] Level 1:colcon.colcon_core.environment:checking '/home/zubeyir48/ros2_ME462_ws/install/kalbot_interfaces/lib/python3.10/site-packages'
[0.531s] Level 1:colcon.colcon_core.environment:checking '/home/zubeyir48/ros2_ME462_ws/install/kalbot_interfaces/bin'
[0.531s] INFO:colcon.colcon_core.shell:Creating package script '/home/zubeyir48/ros2_ME462_ws/install/kalbot_interfaces/share/kalbot_interfaces/package.ps1'
[0.531s] INFO:colcon.colcon_core.shell:Creating package descriptor '/home/zubeyir48/ros2_ME462_ws/install/kalbot_interfaces/share/kalbot_interfaces/package.dsv'
[0.532s] INFO:colcon.colcon_core.shell:Creating package script '/home/zubeyir48/ros2_ME462_ws/install/kalbot_interfaces/share/kalbot_interfaces/package.sh'
[0.532s] INFO:colcon.colcon_core.shell:Creating package script '/home/zubeyir48/ros2_ME462_ws/install/kalbot_interfaces/share/kalbot_interfaces/package.bash'
[0.532s] INFO:colcon.colcon_core.shell:Creating package script '/home/zubeyir48/ros2_ME462_ws/install/kalbot_interfaces/share/kalbot_interfaces/package.zsh'
[0.532s] Level 1:colcon.colcon_core.environment:create_file_with_runtime_dependencies(/home/zubeyir48/ros2_ME462_ws/install/kalbot_interfaces/share/colcon-core/packages/kalbot_interfaces)
[0.532s] INFO:colcon.colcon_ros.task.ament_python.build:Building ROS package in '/home/zubeyir48/ros2_ME462_ws/src/kalbot_controller' with build type 'ament_python'
[0.532s] Level 1:colcon.colcon_core.shell:create_environment_hook('kalbot_controller', 'ament_prefix_path')
[0.533s] INFO:colcon.colcon_core.shell:Creating environment hook '/home/zubeyir48/ros2_ME462_ws/install/kalbot_controller/share/kalbot_controller/hook/ament_prefix_path.ps1'
[0.533s] INFO:colcon.colcon_core.shell:Creating environment descriptor '/home/zubeyir48/ros2_ME462_ws/install/kalbot_controller/share/kalbot_controller/hook/ament_prefix_path.dsv'
[0.533s] INFO:colcon.colcon_core.shell:Creating environment hook '/home/zubeyir48/ros2_ME462_ws/install/kalbot_controller/share/kalbot_controller/hook/ament_prefix_path.sh'
[0.534s] INFO:colcon.colcon_core.shell:Skip shell extension 'powershell' for command environment: Not usable outside of PowerShell
[0.534s] DEBUG:colcon.colcon_core.shell:Skip shell extension 'dsv' for command environment
[0.536s] INFO:colcon.colcon_ros.task.ament_python.build:Building ROS package in '/home/zubeyir48/ros2_ME462_ws/src/keyboard_controller' with build type 'ament_python'
[0.537s] Level 1:colcon.colcon_core.shell:create_environment_hook('keyboard_controller', 'ament_prefix_path')
[0.537s] INFO:colcon.colcon_core.shell:Creating environment hook '/home/zubeyir48/ros2_ME462_ws/install/keyboard_controller/share/keyboard_controller/hook/ament_prefix_path.ps1'
[0.537s] INFO:colcon.colcon_core.shell:Creating environment descriptor '/home/zubeyir48/ros2_ME462_ws/install/keyboard_controller/share/keyboard_controller/hook/ament_prefix_path.dsv'
[0.538s] INFO:colcon.colcon_core.shell:Creating environment hook '/home/zubeyir48/ros2_ME462_ws/install/keyboard_controller/share/keyboard_controller/hook/ament_prefix_path.sh'
[0.538s] INFO:colcon.colcon_core.shell:Skip shell extension 'powershell' for command environment: Not usable outside of PowerShell
[0.538s] DEBUG:colcon.colcon_core.shell:Skip shell extension 'dsv' for command environment
[0.677s] INFO:colcon.colcon_core.task.python.build:Building Python package in '/home/zubeyir48/ros2_ME462_ws/src/kalbot_controller'
[0.678s] INFO:colcon.colcon_core.shell:Skip shell extension 'powershell' for command environment: Not usable outside of PowerShell
[0.678s] DEBUG:colcon.colcon_core.shell:Skip shell extension 'dsv' for command environment
[0.816s] INFO:colcon.colcon_core.task.python.build:Building Python package in '/home/zubeyir48/ros2_ME462_ws/src/keyboard_controller'
[0.816s] INFO:colcon.colcon_core.shell:Skip shell extension 'powershell' for command environment: Not usable outside of PowerShell
[0.816s] DEBUG:colcon.colcon_core.shell:Skip shell extension 'dsv' for command environment
[0.820s] DEBUG:colcon.colcon_core.event_handler.log_command:Invoking command in '/home/zubeyir48/ros2_ME462_ws/build/tutorial_robot_controller': PYTHONPATH=/home/zubeyir48/ros2_ME462_ws/build/tutorial_robot_controller/prefix_override:/home/zubeyir48/ros2_ME462_ws/install/tutorial_robot_controller/lib/python3.10/site-packages:${PYTHONPATH} /usr/bin/python3 setup.py develop --uninstall --editable --build-directory /home/zubeyir48/ros2_ME462_ws/build/tutorial_robot_controller/build
[1.011s] DEBUG:colcon.colcon_core.event_handler.log_command:Invoking command in '/home/zubeyir48/ros2_ME462_ws/src/keyboard_controller': CMAKE_PREFIX_PATH=/home/zubeyir48/ros2_ME462_ws/install/kalbot_interfaces:/home/zubeyir48/ros2_ME462_ws/install/kalbot_brignup PYTHONPATH=/home/zubeyir48/ros2_ME462_ws/build/keyboard_controller/prefix_override:/home/zubeyir48/ros2_ME462_ws/install/keyboard_controller/lib/python3.10/site-packages:${PYTHONPATH} /usr/bin/python3 setup.py egg_info --egg-base ../../build/keyboard_controller build --build-base /home/zubeyir48/ros2_ME462_ws/build/keyboard_controller/build install --record /home/zubeyir48/ros2_ME462_ws/build/keyboard_controller/install.log --single-version-externally-managed
[1.011s] DEBUG:colcon.colcon_core.event_handler.log_command:Invoking command in '/home/zubeyir48/ros2_ME462_ws/src/kalbot_controller': CMAKE_PREFIX_PATH=/home/zubeyir48/ros2_ME462_ws/install/kalbot_interfaces:/home/zubeyir48/ros2_ME462_ws/install/kalbot_brignup PYTHONPATH=/home/zubeyir48/ros2_ME462_ws/build/kalbot_controller/prefix_override:/home/zubeyir48/ros2_ME462_ws/install/kalbot_controller/lib/python3.10/site-packages:${PYTHONPATH} /usr/bin/python3 setup.py egg_info --egg-base ../../build/kalbot_controller build --build-base /home/zubeyir48/ros2_ME462_ws/build/kalbot_controller/build install --record /home/zubeyir48/ros2_ME462_ws/build/kalbot_controller/install.log --single-version-externally-managed
[1.054s] DEBUG:colcon.colcon_core.event_handler.log_command:Invoked command in '/home/zubeyir48/ros2_ME462_ws/build/tutorial_robot_controller' returned '0': PYTHONPATH=/home/zubeyir48/ros2_ME462_ws/build/tutorial_robot_controller/prefix_override:/home/zubeyir48/ros2_ME462_ws/install/tutorial_robot_controller/lib/python3.10/site-packages:${PYTHONPATH} /usr/bin/python3 setup.py develop --uninstall --editable --build-directory /home/zubeyir48/ros2_ME462_ws/build/tutorial_robot_controller/build
[1.054s] DEBUG:colcon.colcon_core.event_handler.log_command:Invoking command in '/home/zubeyir48/ros2_ME462_ws/src/tutorial_robot_controller': PYTHONPATH=/home/zubeyir48/ros2_ME462_ws/build/tutorial_robot_controller/prefix_override:/home/zubeyir48/ros2_ME462_ws/install/tutorial_robot_controller/lib/python3.10/site-packages:${PYTHONPATH} /usr/bin/python3 setup.py egg_info --egg-base ../../build/tutorial_robot_controller build --build-base /home/zubeyir48/ros2_ME462_ws/build/tutorial_robot_controller/build install --record /home/zubeyir48/ros2_ME462_ws/build/tutorial_robot_controller/install.log --single-version-externally-managed
[1.170s] Level 1:colcon.colcon_core.environment:checking '/home/zubeyir48/ros2_ME462_ws/install/keyboard_controller' for CMake module files
[1.170s] Level 1:colcon.colcon_core.environment:checking '/home/zubeyir48/ros2_ME462_ws/install/keyboard_controller' for CMake config files
[1.170s] DEBUG:colcon.colcon_core.event_handler.log_command:Invoked command in '/home/zubeyir48/ros2_ME462_ws/src/keyboard_controller' returned '0': CMAKE_PREFIX_PATH=/home/zubeyir48/ros2_ME462_ws/install/kalbot_interfaces:/home/zubeyir48/ros2_ME462_ws/install/kalbot_brignup PYTHONPATH=/home/zubeyir48/ros2_ME462_ws/build/keyboard_controller/prefix_override:/home/zubeyir48/ros2_ME462_ws/install/keyboard_controller/lib/python3.10/site-packages:${PYTHONPATH} /usr/bin/python3 setup.py egg_info --egg-base ../../build/keyboard_controller build --build-base /home/zubeyir48/ros2_ME462_ws/build/keyboard_controller/build install --record /home/zubeyir48/ros2_ME462_ws/build/keyboard_controller/install.log --single-version-externally-managed
[1.171s] Level 1:colcon.colcon_core.environment:checking '/home/zubeyir48/ros2_ME462_ws/install/keyboard_controller/lib'
[1.171s] Level 1:colcon.colcon_core.environment:checking '/home/zubeyir48/ros2_ME462_ws/install/keyboard_controller/bin'
[1.171s] Level 1:colcon.colcon_core.environment:checking '/home/zubeyir48/ros2_ME462_ws/install/keyboard_controller/lib/pkgconfig/keyboard_controller.pc'
[1.171s] Level 1:colcon.colcon_core.environment:checking '/home/zubeyir48/ros2_ME462_ws/install/keyboard_controller/lib/python3.10/site-packages'
[1.171s] Level 1:colcon.colcon_core.shell:create_environment_hook('keyboard_controller', 'pythonpath')
[1.171s] INFO:colcon.colcon_core.shell:Creating environment hook '/home/zubeyir48/ros2_ME462_ws/install/keyboard_controller/share/keyboard_controller/hook/pythonpath.ps1'
[1.172s] INFO:colcon.colcon_core.shell:Creating environment descriptor '/home/zubeyir48/ros2_ME462_ws/install/keyboard_controller/share/keyboard_controller/hook/pythonpath.dsv'
[1.172s] INFO:colcon.colcon_core.shell:Creating environment hook '/home/zubeyir48/ros2_ME462_ws/install/keyboard_controller/share/keyboard_controller/hook/pythonpath.sh'
[1.172s] Level 1:colcon.colcon_core.environment:checking '/home/zubeyir48/ros2_ME462_ws/install/keyboard_controller/bin'
[1.172s] Level 1:colcon.colcon_core.environment:create_environment_scripts_only(keyboard_controller)
[1.173s] INFO:colcon.colcon_core.shell:Creating package script '/home/zubeyir48/ros2_ME462_ws/install/keyboard_controller/share/keyboard_controller/package.ps1'
[1.173s] INFO:colcon.colcon_core.shell:Creating package descriptor '/home/zubeyir48/ros2_ME462_ws/install/keyboard_controller/share/keyboard_controller/package.dsv'
[1.173s] INFO:colcon.colcon_core.shell:Creating package script '/home/zubeyir48/ros2_ME462_ws/install/keyboard_controller/share/keyboard_controller/package.sh'
[1.173s] INFO:colcon.colcon_core.shell:Creating package script '/home/zubeyir48/ros2_ME462_ws/install/keyboard_controller/share/keyboard_controller/package.bash'
[1.173s] INFO:colcon.colcon_core.shell:Creating package script '/home/zubeyir48/ros2_ME462_ws/install/keyboard_controller/share/keyboard_controller/package.zsh'
[1.174s] Level 1:colcon.colcon_core.environment:create_file_with_runtime_dependencies(/home/zubeyir48/ros2_ME462_ws/install/keyboard_controller/share/colcon-core/packages/keyboard_controller)
[1.175s] Level 1:colcon.colcon_core.environment:checking '/home/zubeyir48/ros2_ME462_ws/install/kalbot_controller' for CMake module files
[1.175s] Level 1:colcon.colcon_core.environment:checking '/home/zubeyir48/ros2_ME462_ws/install/kalbot_controller' for CMake config files
[1.175s] DEBUG:colcon.colcon_core.event_handler.log_command:Invoked command in '/home/zubeyir48/ros2_ME462_ws/src/kalbot_controller' returned '0': CMAKE_PREFIX_PATH=/home/zubeyir48/ros2_ME462_ws/install/kalbot_interfaces:/home/zubeyir48/ros2_ME462_ws/install/kalbot_brignup PYTHONPATH=/home/zubeyir48/ros2_ME462_ws/build/kalbot_controller/prefix_override:/home/zubeyir48/ros2_ME462_ws/install/kalbot_controller/lib/python3.10/site-packages:${PYTHONPATH} /usr/bin/python3 setup.py egg_info --egg-base ../../build/kalbot_controller build --build-base /home/zubeyir48/ros2_ME462_ws/build/kalbot_controller/build install --record /home/zubeyir48/ros2_ME462_ws/build/kalbot_controller/install.log --single-version-externally-managed
[1.176s] Level 1:colcon.colcon_core.environment:checking '/home/zubeyir48/ros2_ME462_ws/install/kalbot_controller/lib'
[1.176s] Level 1:colcon.colcon_core.environment:checking '/home/zubeyir48/ros2_ME462_ws/install/kalbot_controller/bin'
[1.176s] Level 1:colcon.colcon_core.environment:checking '/home/zubeyir48/ros2_ME462_ws/install/kalbot_controller/lib/pkgconfig/kalbot_controller.pc'
[1.176s] Level 1:colcon.colcon_core.environment:checking '/home/zubeyir48/ros2_ME462_ws/install/kalbot_controller/lib/python3.10/site-packages'
[1.176s] Level 1:colcon.colcon_core.shell:create_environment_hook('kalbot_controller', 'pythonpath')
[1.176s] INFO:colcon.colcon_core.shell:Creating environment hook '/home/zubeyir48/ros2_ME462_ws/install/kalbot_controller/share/kalbot_controller/hook/pythonpath.ps1'
[1.177s] INFO:colcon.colcon_core.shell:Creating environment descriptor '/home/zubeyir48/ros2_ME462_ws/install/kalbot_controller/share/kalbot_controller/hook/pythonpath.dsv'
[1.177s] INFO:colcon.colcon_core.shell:Creating environment hook '/home/zubeyir48/ros2_ME462_ws/install/kalbot_controller/share/kalbot_controller/hook/pythonpath.sh'
[1.177s] Level 1:colcon.colcon_core.environment:checking '/home/zubeyir48/ros2_ME462_ws/install/kalbot_controller/bin'
[1.177s] Level 1:colcon.colcon_core.environment:create_environment_scripts_only(kalbot_controller)
[1.178s] INFO:colcon.colcon_core.shell:Creating package script '/home/zubeyir48/ros2_ME462_ws/install/kalbot_controller/share/kalbot_controller/package.ps1'
[1.178s] INFO:colcon.colcon_core.shell:Creating package descriptor '/home/zubeyir48/ros2_ME462_ws/install/kalbot_controller/share/kalbot_controller/package.dsv'
[1.178s] INFO:colcon.colcon_core.shell:Creating package script '/home/zubeyir48/ros2_ME462_ws/install/kalbot_controller/share/kalbot_controller/package.sh'
[1.178s] INFO:colcon.colcon_core.shell:Creating package script '/home/zubeyir48/ros2_ME462_ws/install/kalbot_controller/share/kalbot_controller/package.bash'
[1.178s] INFO:colcon.colcon_core.shell:Creating package script '/home/zubeyir48/ros2_ME462_ws/install/kalbot_controller/share/kalbot_controller/package.zsh'
[1.178s] Level 1:colcon.colcon_core.environment:create_file_with_runtime_dependencies(/home/zubeyir48/ros2_ME462_ws/install/kalbot_controller/share/colcon-core/packages/kalbot_controller)
[1.216s] Level 1:colcon.colcon_core.environment:checking '/home/zubeyir48/ros2_ME462_ws/install/tutorial_robot_controller' for CMake module files
[1.216s] DEBUG:colcon.colcon_core.event_handler.log_command:Invoked command in '/home/zubeyir48/ros2_ME462_ws/src/tutorial_robot_controller' returned '0': PYTHONPATH=/home/zubeyir48/ros2_ME462_ws/build/tutorial_robot_controller/prefix_override:/home/zubeyir48/ros2_ME462_ws/install/tutorial_robot_controller/lib/python3.10/site-packages:${PYTHONPATH} /usr/bin/python3 setup.py egg_info --egg-base ../../build/tutorial_robot_controller build --build-base /home/zubeyir48/ros2_ME462_ws/build/tutorial_robot_controller/build install --record /home/zubeyir48/ros2_ME462_ws/build/tutorial_robot_controller/install.log --single-version-externally-managed
[1.217s] Level 1:colcon.colcon_core.environment:checking '/home/zubeyir48/ros2_ME462_ws/install/tutorial_robot_controller' for CMake config files
[1.217s] Level 1:colcon.colcon_core.environment:checking '/home/zubeyir48/ros2_ME462_ws/install/tutorial_robot_controller/lib'
[1.217s] Level 1:colcon.colcon_core.environment:checking '/home/zubeyir48/ros2_ME462_ws/install/tutorial_robot_controller/bin'
[1.217s] Level 1:colcon.colcon_core.environment:checking '/home/zubeyir48/ros2_ME462_ws/install/tutorial_robot_controller/lib/pkgconfig/tutorial_robot_controller.pc'
[1.217s] Level 1:colcon.colcon_core.environment:checking '/home/zubeyir48/ros2_ME462_ws/install/tutorial_robot_controller/lib/python3.10/site-packages'
[1.217s] Level 1:colcon.colcon_core.shell:create_environment_hook('tutorial_robot_controller', 'pythonpath')
[1.218s] INFO:colcon.colcon_core.shell:Creating environment hook '/home/zubeyir48/ros2_ME462_ws/install/tutorial_robot_controller/share/tutorial_robot_controller/hook/pythonpath.ps1'
[1.218s] INFO:colcon.colcon_core.shell:Creating environment descriptor '/home/zubeyir48/ros2_ME462_ws/install/tutorial_robot_controller/share/tutorial_robot_controller/hook/pythonpath.dsv'
[1.218s] INFO:colcon.colcon_core.shell:Creating environment hook '/home/zubeyir48/ros2_ME462_ws/install/tutorial_robot_controller/share/tutorial_robot_controller/hook/pythonpath.sh'
[1.218s] Level 1:colcon.colcon_core.environment:checking '/home/zubeyir48/ros2_ME462_ws/install/tutorial_robot_controller/bin'
[1.218s] Level 1:colcon.colcon_core.environment:create_environment_scripts_only(tutorial_robot_controller)
[1.219s] INFO:colcon.colcon_core.shell:Creating package script '/home/zubeyir48/ros2_ME462_ws/install/tutorial_robot_controller/share/tutorial_robot_controller/package.ps1'
[1.219s] INFO:colcon.colcon_core.shell:Creating package descriptor '/home/zubeyir48/ros2_ME462_ws/install/tutorial_robot_controller/share/tutorial_robot_controller/package.dsv'
[1.219s] INFO:colcon.colcon_core.shell:Creating package script '/home/zubeyir48/ros2_ME462_ws/install/tutorial_robot_controller/share/tutorial_robot_controller/package.sh'
[1.219s] INFO:colcon.colcon_core.shell:Creating package script '/home/zubeyir48/ros2_ME462_ws/install/tutorial_robot_controller/share/tutorial_robot_controller/package.bash'
[1.220s] INFO:colcon.colcon_core.shell:Creating package script '/home/zubeyir48/ros2_ME462_ws/install/tutorial_robot_controller/share/tutorial_robot_controller/package.zsh'
[1.220s] Level 1:colcon.colcon_core.environment:create_file_with_runtime_dependencies(/home/zubeyir48/ros2_ME462_ws/install/tutorial_robot_controller/share/colcon-core/packages/tutorial_robot_controller)
[1.220s] DEBUG:colcon.colcon_parallel_executor.executor.parallel:closing loop
[1.220s] DEBUG:colcon.colcon_parallel_executor.executor.parallel:loop closed
[1.220s] DEBUG:colcon.colcon_parallel_executor.executor.parallel:run_until_complete finished with '0'
[1.220s] DEBUG:colcon.colcon_core.event_reactor:joining thread
[1.225s] INFO:colcon.colcon_core.plugin_system:Skipping extension 'colcon_notification.desktop_notification.terminal_notifier': Not used on non-Darwin systems
[1.225s] INFO:colcon.colcon_core.plugin_system:Skipping extension 'colcon_notification.desktop_notification.win32': Not used on non-Windows systems
[1.225s] INFO:colcon.colcon_notification.desktop_notification:Sending desktop notification using 'notify2'
[1.233s] DEBUG:colcon.colcon_core.event_reactor:joined thread
[1.234s] INFO:colcon.colcon_core.shell:Creating prefix script '/home/zubeyir48/ros2_ME462_ws/install/local_setup.ps1'
[1.235s] INFO:colcon.colcon_core.shell:Creating prefix util module '/home/zubeyir48/ros2_ME462_ws/install/_local_setup_util_ps1.py'
[1.236s] INFO:colcon.colcon_core.shell:Creating prefix chain script '/home/zubeyir48/ros2_ME462_ws/install/setup.ps1'
[1.236s] INFO:colcon.colcon_core.shell:Creating prefix script '/home/zubeyir48/ros2_ME462_ws/install/local_setup.sh'
[1.237s] INFO:colcon.colcon_core.shell:Creating prefix util module '/home/zubeyir48/ros2_ME462_ws/install/_local_setup_util_sh.py'
[1.237s] INFO:colcon.colcon_core.shell:Creating prefix chain script '/home/zubeyir48/ros2_ME462_ws/install/setup.sh'
[1.237s] INFO:colcon.colcon_core.shell:Creating prefix script '/home/zubeyir48/ros2_ME462_ws/install/local_setup.bash'
[1.238s] INFO:colcon.colcon_core.shell:Creating prefix chain script '/home/zubeyir48/ros2_ME462_ws/install/setup.bash'
[1.238s] INFO:colcon.colcon_core.shell:Creating prefix script '/home/zubeyir48/ros2_ME462_ws/install/local_setup.zsh'
[1.238s] INFO:colcon.colcon_core.shell:Creating prefix chain script '/home/zubeyir48/ros2_ME462_ws/install/setup.zsh'
