[0.011s] Invoking command in '/home/zubeyir48/ros2_ME462_ws/build/kalbot_brignup': CMAKE_PREFIX_PATH=${CMAKE_PREFIX_PATH}:/home/zubeyir48/ros2_ME462_ws/install/kalbot_controller:/home/zubeyir48/ros2_ME462_ws/install/tutorial_robot_controller:/home/zubeyir48/ros2_ME462_ws/install/robot_controller:/opt/ros/humble /usr/bin/cmake /home/zubeyir48/ros2_ME462_ws/src/kalbot_brignup -DCMAKE_INSTALL_PREFIX=/home/zubeyir48/ros2_ME462_ws/install/kalbot_brignup
[0.037s] -- The C compiler identification is GNU 11.3.0
[0.068s] -- The CXX compiler identification is GNU 11.3.0
[0.072s] -- Detecting C compiler ABI info
[0.104s] -- Detecting C compiler ABI info - done
[0.108s] -- Check for working C compiler: /usr/bin/cc - skipped
[0.108s] -- Detecting C compile features
[0.108s] -- Detecting C compile features - done
[0.110s] -- Detecting CXX compiler ABI info
[0.150s] -- Detecting CXX compiler ABI info - done
[0.157s] -- Check for working CXX compiler: /usr/bin/c++ - skipped
[0.157s] -- Detecting CXX compile features
[0.157s] -- Detecting CXX compile features - done
[0.158s] -- Found ament_cmake: 1.3.4 (/opt/ros/humble/share/ament_cmake/cmake)
[0.258s] -- Found Python3: /usr/bin/python3.10 (found version "3.10.6") found components: Interpreter 
[0.339s] -- Configuring done
[0.340s] -- Generating done
[0.340s] -- Build files have been written to: /home/zubeyir48/ros2_ME462_ws/build/kalbot_brignup
[0.452s] Invoked command in '/home/zubeyir48/ros2_ME462_ws/build/kalbot_brignup' returned '0': CMAKE_PREFIX_PATH=${CMAKE_PREFIX_PATH}:/home/zubeyir48/ros2_ME462_ws/install/kalbot_controller:/home/zubeyir48/ros2_ME462_ws/install/tutorial_robot_controller:/home/zubeyir48/ros2_ME462_ws/install/robot_controller:/opt/ros/humble /usr/bin/cmake /home/zubeyir48/ros2_ME462_ws/src/kalbot_brignup -DCMAKE_INSTALL_PREFIX=/home/zubeyir48/ros2_ME462_ws/install/kalbot_brignup
[0.453s] Invoking command in '/home/zubeyir48/ros2_ME462_ws/build/kalbot_brignup': CMAKE_PREFIX_PATH=${CMAKE_PREFIX_PATH}:/home/zubeyir48/ros2_ME462_ws/install/kalbot_controller:/home/zubeyir48/ros2_ME462_ws/install/tutorial_robot_controller:/home/zubeyir48/ros2_ME462_ws/install/robot_controller:/opt/ros/humble /usr/bin/cmake --build /home/zubeyir48/ros2_ME462_ws/build/kalbot_brignup -- -j20 -l20
[0.471s] Invoked command in '/home/zubeyir48/ros2_ME462_ws/build/kalbot_brignup' returned '0': CMAKE_PREFIX_PATH=${CMAKE_PREFIX_PATH}:/home/zubeyir48/ros2_ME462_ws/install/kalbot_controller:/home/zubeyir48/ros2_ME462_ws/install/tutorial_robot_controller:/home/zubeyir48/ros2_ME462_ws/install/robot_controller:/opt/ros/humble /usr/bin/cmake --build /home/zubeyir48/ros2_ME462_ws/build/kalbot_brignup -- -j20 -l20
[0.481s] Invoking command in '/home/zubeyir48/ros2_ME462_ws/build/kalbot_brignup': CMAKE_PREFIX_PATH=${CMAKE_PREFIX_PATH}:/home/zubeyir48/ros2_ME462_ws/install/kalbot_controller:/home/zubeyir48/ros2_ME462_ws/install/tutorial_robot_controller:/home/zubeyir48/ros2_ME462_ws/install/robot_controller:/opt/ros/humble /usr/bin/cmake --install /home/zubeyir48/ros2_ME462_ws/build/kalbot_brignup
[0.485s] [31mCMake Error at cmake_install.cmake:46 (file):
[0.485s]   file INSTALL cannot find
[0.485s]   "/home/zubeyir48/ros2_ME462_ws/src/kalbot_brignup/launch": No such file or
[0.485s]   directory.
[0.485s] 
[0.485s] [0m
[0.485s] -- Install configuration: ""
[0.486s] Invoked command in '/home/zubeyir48/ros2_ME462_ws/build/kalbot_brignup' returned '1': CMAKE_PREFIX_PATH=${CMAKE_PREFIX_PATH}:/home/zubeyir48/ros2_ME462_ws/install/kalbot_controller:/home/zubeyir48/ros2_ME462_ws/install/tutorial_robot_controller:/home/zubeyir48/ros2_ME462_ws/install/robot_controller:/opt/ros/humble /usr/bin/cmake --install /home/zubeyir48/ros2_ME462_ws/build/kalbot_brignup
