[4.298s] Invoking command in '/home/alibaba/ros2_repos/src/keyboard_controller': AMENT_PREFIX_PATH=/home/alibaba/ros2_repos/install/kalbot_interfaces:${AMENT_PREFIX_PATH} CMAKE_PREFIX_PATH=/home/alibaba/ros2_repos/install/kalbot_interfaces LD_LIBRARY_PATH=/home/alibaba/ros2_repos/install/kalbot_interfaces/lib:${LD_LIBRARY_PATH} PYTHONPATH=/home/alibaba/ros2_repos/build/keyboard_controller/prefix_override:/home/alibaba/ros2_repos/install/keyboard_controller/lib/python3.6/site-packages:/home/alibaba/ros2_repos/install/kalbot_interfaces/lib/python3.6/site-packages:${PYTHONPATH} /usr/bin/python3 setup.py egg_info --egg-base ../../build/keyboard_controller build --build-base /home/alibaba/ros2_repos/build/keyboard_controller/build install --record /home/alibaba/ros2_repos/build/keyboard_controller/install.log --single-version-externally-managed
[5.415s] running egg_info
[5.419s] writing ../../build/keyboard_controller/keyboard_controller.egg-info/PKG-INFO
[5.424s] writing dependency_links to ../../build/keyboard_controller/keyboard_controller.egg-info/dependency_links.txt
[5.425s] writing entry points to ../../build/keyboard_controller/keyboard_controller.egg-info/entry_points.txt
[5.426s] writing requirements to ../../build/keyboard_controller/keyboard_controller.egg-info/requires.txt
[5.427s] writing top-level names to ../../build/keyboard_controller/keyboard_controller.egg-info/top_level.txt
[5.612s] reading manifest file '../../build/keyboard_controller/keyboard_controller.egg-info/SOURCES.txt'
[5.622s] writing manifest file '../../build/keyboard_controller/keyboard_controller.egg-info/SOURCES.txt'
[5.623s] running build
[5.623s] running build_py
[5.625s] running install
[5.626s] running install_lib
[5.628s] running install_data
[5.631s] running install_egg_info
[5.638s] removing '/home/alibaba/ros2_repos/install/keyboard_controller/lib/python3.6/site-packages/keyboard_controller-0.0.0-py3.6.egg-info' (and everything under it)
[5.639s] Copying ../../build/keyboard_controller/keyboard_controller.egg-info to /home/alibaba/ros2_repos/install/keyboard_controller/lib/python3.6/site-packages/keyboard_controller-0.0.0-py3.6.egg-info
[5.647s] running install_scripts
[5.731s] Installing keyboard_controller script to /home/alibaba/ros2_repos/install/keyboard_controller/lib/keyboard_controller
[5.733s] writing list of installed files to '/home/alibaba/ros2_repos/build/keyboard_controller/install.log'
[5.855s] Invoked command in '/home/alibaba/ros2_repos/src/keyboard_controller' returned '0': AMENT_PREFIX_PATH=/home/alibaba/ros2_repos/install/kalbot_interfaces:${AMENT_PREFIX_PATH} CMAKE_PREFIX_PATH=/home/alibaba/ros2_repos/install/kalbot_interfaces LD_LIBRARY_PATH=/home/alibaba/ros2_repos/install/kalbot_interfaces/lib:${LD_LIBRARY_PATH} PYTHONPATH=/home/alibaba/ros2_repos/build/keyboard_controller/prefix_override:/home/alibaba/ros2_repos/install/keyboard_controller/lib/python3.6/site-packages:/home/alibaba/ros2_repos/install/kalbot_interfaces/lib/python3.6/site-packages:${PYTHONPATH} /usr/bin/python3 setup.py egg_info --egg-base ../../build/keyboard_controller build --build-base /home/alibaba/ros2_repos/build/keyboard_controller/build install --record /home/alibaba/ros2_repos/build/keyboard_controller/install.log --single-version-externally-managed
