[  2%] Built target kalbot_interfaces__cpp
[ 13%] Built target kalbot_interfaces__rosidl_generator_c
[ 35%] Built target kalbot_interfaces__rosidl_typesupport_introspection_c
[ 35%] Built target kalbot_interfaces__rosidl_typesupport_introspection_cpp
[ 45%] Built target kalbot_interfaces__rosidl_typesupport_fastrtps_cpp
[ 67%] Built target kalbot_interfaces__rosidl_typesupport_cpp
[ 67%] Built target kalbot_interfaces__rosidl_typesupport_fastrtps_c
[ 78%] Built target kalbot_interfaces__rosidl_typesupport_c
[ 78%] Built target kalbot_interfaces
[ 81%] Built target kalbot_interfaces__py
[ 89%] Built target kalbot_interfaces__python
[100%] Built target kalbot_interfaces__rosidl_typesupport_c__pyext
[100%] Built target kalbot_interfaces__rosidl_typesupport_fastrtps_c__pyext
[  2%] Built target kalbot_interfaces__cpp
[ 13%] Built target kalbot_interfaces__rosidl_generator_c
[ 35%] Built target kalbot_interfaces__rosidl_typesupport_introspection_c
[ 35%] Built target kalbot_interfaces__rosidl_typesupport_introspection_cpp
[ 45%] Built target kalbot_interfaces__rosidl_typesupport_fastrtps_cpp
[ 67%] Built target kalbot_interfaces__rosidl_typesupport_cpp
[ 67%] Built target kalbot_interfaces__rosidl_typesupport_fastrtps_c
[ 78%] Built target kalbot_interfaces__rosidl_typesupport_c
[ 78%] Built target kalbot_interfaces
[ 81%] Built target kalbot_interfaces__py
[ 89%] Built target kalbot_interfaces__python
[100%] Built target kalbot_interfaces__rosidl_typesupport_fastrtps_c__pyext
[100%] Built target kalbot_interfaces__rosidl_typesupport_c__pyext
[36mInstall the project...[0m
-- Install configuration: ""
-- Up-to-date: /home/alibaba/ros2_repos/install/kalbot_interfaces/share/ament_index/resource_index/rosidl_interfaces/kalbot_interfaces
-- Up-to-date: /home/alibaba/ros2_repos/install/kalbot_interfaces/lib/libkalbot_interfaces__rosidl_typesupport_c.so
-- Up-to-date: /home/alibaba/ros2_repos/install/kalbot_interfaces/share/kalbot_interfaces/environment/library_path.sh
-- Up-to-date: /home/alibaba/ros2_repos/install/kalbot_interfaces/share/kalbot_interfaces/environment/library_path.dsv
-- Up-to-date: /home/alibaba/ros2_repos/install/kalbot_interfaces/lib/libkalbot_interfaces__rosidl_typesupport_cpp.so
-- Up-to-date: /home/alibaba/ros2_repos/install/kalbot_interfaces/include/kalbot_interfaces
-- Up-to-date: /home/alibaba/ros2_repos/install/kalbot_interfaces/include/kalbot_interfaces/srv
-- Up-to-date: /home/alibaba/ros2_repos/install/kalbot_interfaces/include/kalbot_interfaces/srv/set_motor_speed__rosidl_typesupport_fastrtps_c.h
-- Up-to-date: /home/alibaba/ros2_repos/install/kalbot_interfaces/include/kalbot_interfaces/msg
-- Up-to-date: /home/alibaba/ros2_repos/install/kalbot_interfaces/include/kalbot_interfaces/msg/rosidl_typesupport_fastrtps_c__visibility_control.h
-- Up-to-date: /home/alibaba/ros2_repos/install/kalbot_interfaces/include/kalbot_interfaces/msg/motor_command__rosidl_typesupport_fastrtps_c.h
-- Up-to-date: /home/alibaba/ros2_repos/install/kalbot_interfaces/lib/libkalbot_interfaces__rosidl_typesupport_fastrtps_c.so
-- Up-to-date: /home/alibaba/ros2_repos/install/kalbot_interfaces/include/kalbot_interfaces
-- Up-to-date: /home/alibaba/ros2_repos/install/kalbot_interfaces/include/kalbot_interfaces/srv
-- Up-to-date: /home/alibaba/ros2_repos/install/kalbot_interfaces/include/kalbot_interfaces/srv/set_motor_speed__type_support.h
-- Up-to-date: /home/alibaba/ros2_repos/install/kalbot_interfaces/include/kalbot_interfaces/srv/set_motor_speed.h
-- Up-to-date: /home/alibaba/ros2_repos/install/kalbot_interfaces/include/kalbot_interfaces/srv/set_motor_speed__functions.c
-- Up-to-date: /home/alibaba/ros2_repos/install/kalbot_interfaces/include/kalbot_interfaces/srv/set_motor_speed__functions.h
-- Up-to-date: /home/alibaba/ros2_repos/install/kalbot_interfaces/include/kalbot_interfaces/srv/set_motor_speed__struct.h
-- Up-to-date: /home/alibaba/ros2_repos/install/kalbot_interfaces/include/kalbot_interfaces/msg
-- Up-to-date: /home/alibaba/ros2_repos/install/kalbot_interfaces/include/kalbot_interfaces/msg/motor_command__type_support.h
-- Up-to-date: /home/alibaba/ros2_repos/install/kalbot_interfaces/include/kalbot_interfaces/msg/motor_command__functions.c
-- Up-to-date: /home/alibaba/ros2_repos/install/kalbot_interfaces/include/kalbot_interfaces/msg/motor_command__functions.h
-- Up-to-date: /home/alibaba/ros2_repos/install/kalbot_interfaces/include/kalbot_interfaces/msg/motor_command.h
-- Up-to-date: /home/alibaba/ros2_repos/install/kalbot_interfaces/include/kalbot_interfaces/msg/motor_command__struct.h
-- Up-to-date: /home/alibaba/ros2_repos/install/kalbot_interfaces/include/kalbot_interfaces/msg/rosidl_generator_c__visibility_control.h
-- Up-to-date: /home/alibaba/ros2_repos/install/kalbot_interfaces/lib/libkalbot_interfaces__rosidl_generator_c.so
-- Up-to-date: /home/alibaba/ros2_repos/install/kalbot_interfaces/include/kalbot_interfaces
-- Up-to-date: /home/alibaba/ros2_repos/install/kalbot_interfaces/include/kalbot_interfaces/srv
-- Up-to-date: /home/alibaba/ros2_repos/install/kalbot_interfaces/include/kalbot_interfaces/srv/set_motor_speed__rosidl_typesupport_fastrtps_cpp.hpp
-- Up-to-date: /home/alibaba/ros2_repos/install/kalbot_interfaces/include/kalbot_interfaces/srv/dds_fastrtps
-- Up-to-date: /home/alibaba/ros2_repos/install/kalbot_interfaces/include/kalbot_interfaces/msg
-- Up-to-date: /home/alibaba/ros2_repos/install/kalbot_interfaces/include/kalbot_interfaces/msg/rosidl_typesupport_fastrtps_cpp__visibility_control.h
-- Up-to-date: /home/alibaba/ros2_repos/install/kalbot_interfaces/include/kalbot_interfaces/msg/motor_command__rosidl_typesupport_fastrtps_cpp.hpp
-- Up-to-date: /home/alibaba/ros2_repos/install/kalbot_interfaces/include/kalbot_interfaces/msg/dds_fastrtps
-- Up-to-date: /home/alibaba/ros2_repos/install/kalbot_interfaces/lib/libkalbot_interfaces__rosidl_typesupport_fastrtps_cpp.so
-- Up-to-date: /home/alibaba/ros2_repos/install/kalbot_interfaces/include/kalbot_interfaces
-- Up-to-date: /home/alibaba/ros2_repos/install/kalbot_interfaces/include/kalbot_interfaces/srv
-- Up-to-date: /home/alibaba/ros2_repos/install/kalbot_interfaces/include/kalbot_interfaces/srv/set_motor_speed.hpp
-- Up-to-date: /home/alibaba/ros2_repos/install/kalbot_interfaces/include/kalbot_interfaces/srv/set_motor_speed__traits.hpp
-- Up-to-date: /home/alibaba/ros2_repos/install/kalbot_interfaces/include/kalbot_interfaces/srv/set_motor_speed__struct.hpp
-- Up-to-date: /home/alibaba/ros2_repos/install/kalbot_interfaces/include/kalbot_interfaces/msg
-- Up-to-date: /home/alibaba/ros2_repos/install/kalbot_interfaces/include/kalbot_interfaces/msg/motor_command__traits.hpp
-- Up-to-date: /home/alibaba/ros2_repos/install/kalbot_interfaces/include/kalbot_interfaces/msg/motor_command.hpp
-- Up-to-date: /home/alibaba/ros2_repos/install/kalbot_interfaces/include/kalbot_interfaces/msg/motor_command__struct.hpp
-- Up-to-date: /home/alibaba/ros2_repos/install/kalbot_interfaces/include/kalbot_interfaces
-- Up-to-date: /home/alibaba/ros2_repos/install/kalbot_interfaces/include/kalbot_interfaces/srv
-- Up-to-date: /home/alibaba/ros2_repos/install/kalbot_interfaces/include/kalbot_interfaces/srv/set_motor_speed__rosidl_typesupport_introspection_c.h
-- Up-to-date: /home/alibaba/ros2_repos/install/kalbot_interfaces/include/kalbot_interfaces/srv/set_motor_speed__type_support.c
-- Up-to-date: /home/alibaba/ros2_repos/install/kalbot_interfaces/include/kalbot_interfaces/msg
-- Up-to-date: /home/alibaba/ros2_repos/install/kalbot_interfaces/include/kalbot_interfaces/msg/motor_command__type_support.c
-- Up-to-date: /home/alibaba/ros2_repos/install/kalbot_interfaces/include/kalbot_interfaces/msg/rosidl_typesupport_introspection_c__visibility_control.h
-- Up-to-date: /home/alibaba/ros2_repos/install/kalbot_interfaces/include/kalbot_interfaces/msg/motor_command__rosidl_typesupport_introspection_c.h
-- Up-to-date: /home/alibaba/ros2_repos/install/kalbot_interfaces/lib/libkalbot_interfaces__rosidl_typesupport_introspection_c.so
-- Up-to-date: /home/alibaba/ros2_repos/install/kalbot_interfaces/include/kalbot_interfaces
-- Up-to-date: /home/alibaba/ros2_repos/install/kalbot_interfaces/include/kalbot_interfaces/srv
-- Up-to-date: /home/alibaba/ros2_repos/install/kalbot_interfaces/include/kalbot_interfaces/srv/set_motor_speed__type_support.cpp
-- Up-to-date: /home/alibaba/ros2_repos/install/kalbot_interfaces/include/kalbot_interfaces/srv/set_motor_speed__rosidl_typesupport_introspection_cpp.hpp
-- Up-to-date: /home/alibaba/ros2_repos/install/kalbot_interfaces/include/kalbot_interfaces/msg
-- Up-to-date: /home/alibaba/ros2_repos/install/kalbot_interfaces/include/kalbot_interfaces/msg/motor_command__rosidl_typesupport_introspection_cpp.hpp
-- Up-to-date: /home/alibaba/ros2_repos/install/kalbot_interfaces/include/kalbot_interfaces/msg/motor_command__type_support.cpp
-- Up-to-date: /home/alibaba/ros2_repos/install/kalbot_interfaces/lib/libkalbot_interfaces__rosidl_typesupport_introspection_cpp.so
-- Up-to-date: /home/alibaba/ros2_repos/install/kalbot_interfaces/share/kalbot_interfaces/environment/pythonpath.sh
-- Up-to-date: /home/alibaba/ros2_repos/install/kalbot_interfaces/share/kalbot_interfaces/environment/pythonpath.dsv
-- Up-to-date: /home/alibaba/ros2_repos/install/kalbot_interfaces/lib/python3.6/site-packages/kalbot_interfaces/__init__.py
-- Up-to-date: /home/alibaba/ros2_repos/install/kalbot_interfaces/lib/python3.6/site-packages/kalbot_interfaces/msg
-- Up-to-date: /home/alibaba/ros2_repos/install/kalbot_interfaces/lib/python3.6/site-packages/kalbot_interfaces/msg/__init__.py
-- Up-to-date: /home/alibaba/ros2_repos/install/kalbot_interfaces/lib/python3.6/site-packages/kalbot_interfaces/msg/_motor_command_s.c
-- Up-to-date: /home/alibaba/ros2_repos/install/kalbot_interfaces/lib/python3.6/site-packages/kalbot_interfaces/msg/_motor_command.py
-- Up-to-date: /home/alibaba/ros2_repos/install/kalbot_interfaces/lib/python3.6/site-packages/kalbot_interfaces/srv
-- Up-to-date: /home/alibaba/ros2_repos/install/kalbot_interfaces/lib/python3.6/site-packages/kalbot_interfaces/srv/__init__.py
-- Up-to-date: /home/alibaba/ros2_repos/install/kalbot_interfaces/lib/python3.6/site-packages/kalbot_interfaces/srv/_set_motor_speed.py
-- Up-to-date: /home/alibaba/ros2_repos/install/kalbot_interfaces/lib/python3.6/site-packages/kalbot_interfaces/srv/_set_motor_speed_s.c
-- Up-to-date: /home/alibaba/ros2_repos/install/kalbot_interfaces/lib/python3.6/site-packages/kalbot_interfaces/kalbot_interfaces_s__rosidl_typesupport_c.cpython-36m-aarch64-linux-gnu.so
-- Up-to-date: /home/alibaba/ros2_repos/install/kalbot_interfaces/lib/python3.6/site-packages/kalbot_interfaces/kalbot_interfaces_s__rosidl_typesupport_fastrtps_c.cpython-36m-aarch64-linux-gnu.so
-- Up-to-date: /home/alibaba/ros2_repos/install/kalbot_interfaces/lib/libkalbot_interfaces__python.so
-- Up-to-date: /home/alibaba/ros2_repos/install/kalbot_interfaces/share/kalbot_interfaces/msg/MotorCommand.idl
-- Up-to-date: /home/alibaba/ros2_repos/install/kalbot_interfaces/share/kalbot_interfaces/srv/SetMotorSpeed.idl
-- Up-to-date: /home/alibaba/ros2_repos/install/kalbot_interfaces/share/kalbot_interfaces/msg/MotorCommand.msg
-- Up-to-date: /home/alibaba/ros2_repos/install/kalbot_interfaces/share/kalbot_interfaces/srv/SetMotorSpeed.srv
-- Up-to-date: /home/alibaba/ros2_repos/install/kalbot_interfaces/share/kalbot_interfaces/srv/SetMotorSpeed_Request.msg
-- Up-to-date: /home/alibaba/ros2_repos/install/kalbot_interfaces/share/kalbot_interfaces/srv/SetMotorSpeed_Response.msg
-- Up-to-date: /home/alibaba/ros2_repos/install/kalbot_interfaces/share/ament_index/resource_index/package_run_dependencies/kalbot_interfaces
-- Up-to-date: /home/alibaba/ros2_repos/install/kalbot_interfaces/share/ament_index/resource_index/parent_prefix_path/kalbot_interfaces
-- Up-to-date: /home/alibaba/ros2_repos/install/kalbot_interfaces/share/kalbot_interfaces/environment/ament_prefix_path.sh
-- Up-to-date: /home/alibaba/ros2_repos/install/kalbot_interfaces/share/kalbot_interfaces/environment/ament_prefix_path.dsv
-- Up-to-date: /home/alibaba/ros2_repos/install/kalbot_interfaces/share/kalbot_interfaces/environment/path.sh
-- Up-to-date: /home/alibaba/ros2_repos/install/kalbot_interfaces/share/kalbot_interfaces/environment/path.dsv
-- Up-to-date: /home/alibaba/ros2_repos/install/kalbot_interfaces/share/kalbot_interfaces/local_setup.bash
-- Up-to-date: /home/alibaba/ros2_repos/install/kalbot_interfaces/share/kalbot_interfaces/local_setup.sh
-- Up-to-date: /home/alibaba/ros2_repos/install/kalbot_interfaces/share/kalbot_interfaces/local_setup.zsh
-- Up-to-date: /home/alibaba/ros2_repos/install/kalbot_interfaces/share/kalbot_interfaces/local_setup.dsv
-- Installing: /home/alibaba/ros2_repos/install/kalbot_interfaces/share/kalbot_interfaces/package.dsv
-- Up-to-date: /home/alibaba/ros2_repos/install/kalbot_interfaces/share/ament_index/resource_index/packages/kalbot_interfaces
-- Up-to-date: /home/alibaba/ros2_repos/install/kalbot_interfaces/share/kalbot_interfaces/cmake/rosidl_cmake-extras.cmake
-- Up-to-date: /home/alibaba/ros2_repos/install/kalbot_interfaces/share/kalbot_interfaces/cmake/ament_cmake_export_libraries-extras.cmake
-- Up-to-date: /home/alibaba/ros2_repos/install/kalbot_interfaces/share/kalbot_interfaces/cmake/ament_cmake_export_include_directories-extras.cmake
-- Up-to-date: /home/alibaba/ros2_repos/install/kalbot_interfaces/share/kalbot_interfaces/cmake/ament_cmake_export_dependencies-extras.cmake
-- Up-to-date: /home/alibaba/ros2_repos/install/kalbot_interfaces/share/kalbot_interfaces/cmake/kalbot_interfacesConfig.cmake
-- Up-to-date: /home/alibaba/ros2_repos/install/kalbot_interfaces/share/kalbot_interfaces/cmake/kalbot_interfacesConfig-version.cmake
-- Up-to-date: /home/alibaba/ros2_repos/install/kalbot_interfaces/share/kalbot_interfaces/package.xml
