[0.924s] DEBUG:colcon:Command line arguments: ['/usr/bin/colcon', 'build']
[0.925s] DEBUG:colcon:Parsed command line arguments: Namespace(allow_overriding=[], ament_cmake_args=None, base_paths=['.'], build_base='build', catkin_cmake_args=None, catkin_skip_building_tests=False, cmake_args=None, cmake_clean_cache=False, cmake_clean_first=False, cmake_force_configure=False, cmake_target=None, cmake_target_skip_unavailable=False, continue_on_error=False, event_handlers=None, executor='parallel', ignore_user_meta=False, install_base='install', log_base=None, log_level=None, main=<bound method BuildVerb.main of <colcon_core.verb.build.BuildVerb object at 0x7f9d247a20>>, merge_install=False, metas=['./colcon.meta'], packages_above=None, packages_above_and_dependencies=None, packages_above_depth=None, packages_end=None, packages_ignore=None, packages_ignore_regex=None, packages_select=None, packages_select_build_failed=False, packages_select_by_dep=None, packages_select_regex=None, packages_select_test_failures=False, packages_skip=None, packages_skip_build_finished=False, packages_skip_by_dep=None, packages_skip_regex=None, packages_skip_test_passed=False, packages_skip_up_to=None, packages_start=None, packages_up_to=None, packages_up_to_regex=None, parallel_workers=4, paths=None, symlink_install=False, test_result_base=None, verb_extension=<colcon_core.verb.build.BuildVerb object at 0x7f9d247a20>, verb_name='build', verb_parser=<colcon_defaults.argument_parser.defaults.DefaultArgumentsDecorator object at 0x7f9d247d68>)
[1.095s] Level 1:colcon.colcon_core.package_discovery:discover_packages(colcon_meta) check parameters
[1.095s] Level 1:colcon.colcon_core.package_discovery:discover_packages(recursive) check parameters
[1.096s] Level 1:colcon.colcon_core.package_discovery:discover_packages(ignore) check parameters
[1.096s] Level 1:colcon.colcon_core.package_discovery:discover_packages(path) check parameters
[1.096s] Level 1:colcon.colcon_core.package_discovery:discover_packages(colcon_meta) discover
[1.097s] Level 1:colcon.colcon_core.package_discovery:discover_packages(recursive) discover
[1.098s] INFO:colcon.colcon_core.package_discovery:Crawling recursively for packages in '/home/alibaba/ros2_repos'
[1.098s] Level 1:colcon.colcon_core.package_identification:_identify(.) by extensions ['ignore', 'ignore_ament_install']
[1.098s] Level 1:colcon.colcon_core.package_identification:_identify(.) by extension 'ignore'
[1.099s] Level 1:colcon.colcon_core.package_identification:_identify(.) by extension 'ignore_ament_install'
[1.099s] Level 1:colcon.colcon_core.package_identification:_identify(.) by extensions ['colcon_pkg']
[1.099s] Level 1:colcon.colcon_core.package_identification:_identify(.) by extension 'colcon_pkg'
[1.100s] Level 1:colcon.colcon_core.package_identification:_identify(.) by extensions ['colcon_meta']
[1.100s] Level 1:colcon.colcon_core.package_identification:_identify(.) by extension 'colcon_meta'
[1.100s] Level 1:colcon.colcon_core.package_identification:_identify(.) by extensions ['ros']
[1.100s] Level 1:colcon.colcon_core.package_identification:_identify(.) by extension 'ros'
[1.157s] Level 1:colcon.colcon_core.package_identification:_identify(.) by extensions ['cmake', 'python']
[1.158s] Level 1:colcon.colcon_core.package_identification:_identify(.) by extension 'cmake'
[1.163s] Level 1:colcon.colcon_core.package_identification:_identify(.) by extension 'python'
[1.164s] Level 1:colcon.colcon_core.package_identification:_identify(.) by extensions ['python_setup_py']
[1.164s] Level 1:colcon.colcon_core.package_identification:_identify(.) by extension 'python_setup_py'
[1.165s] Level 1:colcon.colcon_core.package_identification:_identify(build) by extensions ['ignore', 'ignore_ament_install']
[1.165s] Level 1:colcon.colcon_core.package_identification:_identify(build) by extension 'ignore'
[1.165s] Level 1:colcon.colcon_core.package_identification:_identify(build) ignored
[1.167s] Level 1:colcon.colcon_core.package_identification:_identify(install) by extensions ['ignore', 'ignore_ament_install']
[1.168s] Level 1:colcon.colcon_core.package_identification:_identify(install) by extension 'ignore'
[1.168s] Level 1:colcon.colcon_core.package_identification:_identify(install) ignored
[1.168s] Level 1:colcon.colcon_core.package_identification:_identify(log) by extensions ['ignore', 'ignore_ament_install']
[1.169s] Level 1:colcon.colcon_core.package_identification:_identify(log) by extension 'ignore'
[1.169s] Level 1:colcon.colcon_core.package_identification:_identify(log) ignored
[1.169s] Level 1:colcon.colcon_core.package_identification:_identify(src) by extensions ['ignore', 'ignore_ament_install']
[1.170s] Level 1:colcon.colcon_core.package_identification:_identify(src) by extension 'ignore'
[1.170s] Level 1:colcon.colcon_core.package_identification:_identify(src) by extension 'ignore_ament_install'
[1.170s] Level 1:colcon.colcon_core.package_identification:_identify(src) by extensions ['colcon_pkg']
[1.171s] Level 1:colcon.colcon_core.package_identification:_identify(src) by extension 'colcon_pkg'
[1.171s] Level 1:colcon.colcon_core.package_identification:_identify(src) by extensions ['colcon_meta']
[1.171s] Level 1:colcon.colcon_core.package_identification:_identify(src) by extension 'colcon_meta'
[1.171s] Level 1:colcon.colcon_core.package_identification:_identify(src) by extensions ['ros']
[1.172s] Level 1:colcon.colcon_core.package_identification:_identify(src) by extension 'ros'
[1.172s] Level 1:colcon.colcon_core.package_identification:_identify(src) by extensions ['cmake', 'python']
[1.172s] Level 1:colcon.colcon_core.package_identification:_identify(src) by extension 'cmake'
[1.172s] Level 1:colcon.colcon_core.package_identification:_identify(src) by extension 'python'
[1.173s] Level 1:colcon.colcon_core.package_identification:_identify(src) by extensions ['python_setup_py']
[1.173s] Level 1:colcon.colcon_core.package_identification:_identify(src) by extension 'python_setup_py'
[1.173s] Level 1:colcon.colcon_core.package_identification:_identify(src/kalbot_brignup) by extensions ['ignore', 'ignore_ament_install']
[1.174s] Level 1:colcon.colcon_core.package_identification:_identify(src/kalbot_brignup) by extension 'ignore'
[1.174s] Level 1:colcon.colcon_core.package_identification:_identify(src/kalbot_brignup) by extension 'ignore_ament_install'
[1.174s] Level 1:colcon.colcon_core.package_identification:_identify(src/kalbot_brignup) by extensions ['colcon_pkg']
[1.175s] Level 1:colcon.colcon_core.package_identification:_identify(src/kalbot_brignup) by extension 'colcon_pkg'
[1.175s] Level 1:colcon.colcon_core.package_identification:_identify(src/kalbot_brignup) by extensions ['colcon_meta']
[1.175s] Level 1:colcon.colcon_core.package_identification:_identify(src/kalbot_brignup) by extension 'colcon_meta'
[1.175s] Level 1:colcon.colcon_core.package_identification:_identify(src/kalbot_brignup) by extensions ['ros']
[1.176s] Level 1:colcon.colcon_core.package_identification:_identify(src/kalbot_brignup) by extension 'ros'
[1.188s] DEBUG:colcon.colcon_core.package_identification:Package 'src/kalbot_brignup' with type 'ros.ament_cmake' and name 'kalbot_brignup'
[1.188s] Level 1:colcon.colcon_core.package_identification:_identify(src/kalbot_controller) by extensions ['ignore', 'ignore_ament_install']
[1.189s] Level 1:colcon.colcon_core.package_identification:_identify(src/kalbot_controller) by extension 'ignore'
[1.189s] Level 1:colcon.colcon_core.package_identification:_identify(src/kalbot_controller) by extension 'ignore_ament_install'
[1.189s] Level 1:colcon.colcon_core.package_identification:_identify(src/kalbot_controller) by extensions ['colcon_pkg']
[1.190s] Level 1:colcon.colcon_core.package_identification:_identify(src/kalbot_controller) by extension 'colcon_pkg'
[1.190s] Level 1:colcon.colcon_core.package_identification:_identify(src/kalbot_controller) by extensions ['colcon_meta']
[1.190s] Level 1:colcon.colcon_core.package_identification:_identify(src/kalbot_controller) by extension 'colcon_meta'
[1.190s] Level 1:colcon.colcon_core.package_identification:_identify(src/kalbot_controller) by extensions ['ros']
[1.191s] Level 1:colcon.colcon_core.package_identification:_identify(src/kalbot_controller) by extension 'ros'
[1.195s] DEBUG:colcon.colcon_core.package_identification:Package 'src/kalbot_controller' with type 'ros.ament_python' and name 'kalbot_controller'
[1.195s] Level 1:colcon.colcon_core.package_identification:_identify(src/kalbot_interfaces) by extensions ['ignore', 'ignore_ament_install']
[1.196s] Level 1:colcon.colcon_core.package_identification:_identify(src/kalbot_interfaces) by extension 'ignore'
[1.196s] Level 1:colcon.colcon_core.package_identification:_identify(src/kalbot_interfaces) by extension 'ignore_ament_install'
[1.196s] Level 1:colcon.colcon_core.package_identification:_identify(src/kalbot_interfaces) by extensions ['colcon_pkg']
[1.196s] Level 1:colcon.colcon_core.package_identification:_identify(src/kalbot_interfaces) by extension 'colcon_pkg'
[1.197s] Level 1:colcon.colcon_core.package_identification:_identify(src/kalbot_interfaces) by extensions ['colcon_meta']
[1.197s] Level 1:colcon.colcon_core.package_identification:_identify(src/kalbot_interfaces) by extension 'colcon_meta'
[1.197s] Level 1:colcon.colcon_core.package_identification:_identify(src/kalbot_interfaces) by extensions ['ros']
[1.197s] Level 1:colcon.colcon_core.package_identification:_identify(src/kalbot_interfaces) by extension 'ros'
[1.200s] DEBUG:colcon.colcon_core.package_identification:Package 'src/kalbot_interfaces' with type 'ros.ament_cmake' and name 'kalbot_interfaces'
[1.200s] Level 1:colcon.colcon_core.package_identification:_identify(src/keyboard_controller) by extensions ['ignore', 'ignore_ament_install']
[1.201s] Level 1:colcon.colcon_core.package_identification:_identify(src/keyboard_controller) by extension 'ignore'
[1.201s] Level 1:colcon.colcon_core.package_identification:_identify(src/keyboard_controller) by extension 'ignore_ament_install'
[1.201s] Level 1:colcon.colcon_core.package_identification:_identify(src/keyboard_controller) by extensions ['colcon_pkg']
[1.201s] Level 1:colcon.colcon_core.package_identification:_identify(src/keyboard_controller) by extension 'colcon_pkg'
[1.202s] Level 1:colcon.colcon_core.package_identification:_identify(src/keyboard_controller) by extensions ['colcon_meta']
[1.202s] Level 1:colcon.colcon_core.package_identification:_identify(src/keyboard_controller) by extension 'colcon_meta'
[1.202s] Level 1:colcon.colcon_core.package_identification:_identify(src/keyboard_controller) by extensions ['ros']
[1.202s] Level 1:colcon.colcon_core.package_identification:_identify(src/keyboard_controller) by extension 'ros'
[1.207s] DEBUG:colcon.colcon_core.package_identification:Package 'src/keyboard_controller' with type 'ros.ament_python' and name 'keyboard_controller'
[1.207s] Level 1:colcon.colcon_core.package_discovery:discover_packages(recursive) using defaults
[1.208s] Level 1:colcon.colcon_core.package_discovery:discover_packages(ignore) discover
[1.208s] Level 1:colcon.colcon_core.package_discovery:discover_packages(ignore) using defaults
[1.208s] Level 1:colcon.colcon_core.package_discovery:discover_packages(path) discover
[1.209s] Level 1:colcon.colcon_core.package_discovery:discover_packages(path) using defaults
[1.309s] Level 1:colcon.colcon_core.package_discovery:discover_packages(prefix_path) check parameters
[1.309s] Level 1:colcon.colcon_core.package_discovery:discover_packages(prefix_path) discover
[1.328s] DEBUG:colcon.colcon_installed_package_information.package_discovery:Found 232 installed packages in /opt/ros/eloquent
[1.339s] Level 1:colcon.colcon_core.package_discovery:discover_packages(prefix_path) using defaults
[1.746s] Level 5:colcon.colcon_core.verb:set package 'kalbot_brignup' build argument 'cmake_args' from command line to 'None'
[1.746s] Level 5:colcon.colcon_core.verb:set package 'kalbot_brignup' build argument 'cmake_target' from command line to 'None'
[1.747s] Level 5:colcon.colcon_core.verb:set package 'kalbot_brignup' build argument 'cmake_target_skip_unavailable' from command line to 'False'
[1.747s] Level 5:colcon.colcon_core.verb:set package 'kalbot_brignup' build argument 'cmake_clean_cache' from command line to 'False'
[1.747s] Level 5:colcon.colcon_core.verb:set package 'kalbot_brignup' build argument 'cmake_clean_first' from command line to 'False'
[1.747s] Level 5:colcon.colcon_core.verb:set package 'kalbot_brignup' build argument 'cmake_force_configure' from command line to 'False'
[1.748s] Level 5:colcon.colcon_core.verb:set package 'kalbot_brignup' build argument 'ament_cmake_args' from command line to 'None'
[1.748s] Level 5:colcon.colcon_core.verb:set package 'kalbot_brignup' build argument 'catkin_cmake_args' from command line to 'None'
[1.748s] Level 5:colcon.colcon_core.verb:set package 'kalbot_brignup' build argument 'catkin_skip_building_tests' from command line to 'False'
[1.748s] DEBUG:colcon.colcon_core.verb:Building package 'kalbot_brignup' with the following arguments: {'ament_cmake_args': None, 'build_base': '/home/alibaba/ros2_repos/build/kalbot_brignup', 'catkin_cmake_args': None, 'catkin_skip_building_tests': False, 'cmake_args': None, 'cmake_clean_cache': False, 'cmake_clean_first': False, 'cmake_force_configure': False, 'cmake_target': None, 'cmake_target_skip_unavailable': False, 'install_base': '/home/alibaba/ros2_repos/install/kalbot_brignup', 'merge_install': False, 'path': '/home/alibaba/ros2_repos/src/kalbot_brignup', 'symlink_install': False, 'test_result_base': None}
[1.755s] Level 5:colcon.colcon_core.verb:set package 'kalbot_interfaces' build argument 'cmake_args' from command line to 'None'
[1.756s] Level 5:colcon.colcon_core.verb:set package 'kalbot_interfaces' build argument 'cmake_target' from command line to 'None'
[1.756s] Level 5:colcon.colcon_core.verb:set package 'kalbot_interfaces' build argument 'cmake_target_skip_unavailable' from command line to 'False'
[1.756s] Level 5:colcon.colcon_core.verb:set package 'kalbot_interfaces' build argument 'cmake_clean_cache' from command line to 'False'
[1.756s] Level 5:colcon.colcon_core.verb:set package 'kalbot_interfaces' build argument 'cmake_clean_first' from command line to 'False'
[1.757s] Level 5:colcon.colcon_core.verb:set package 'kalbot_interfaces' build argument 'cmake_force_configure' from command line to 'False'
[1.757s] Level 5:colcon.colcon_core.verb:set package 'kalbot_interfaces' build argument 'ament_cmake_args' from command line to 'None'
[1.757s] Level 5:colcon.colcon_core.verb:set package 'kalbot_interfaces' build argument 'catkin_cmake_args' from command line to 'None'
[1.757s] Level 5:colcon.colcon_core.verb:set package 'kalbot_interfaces' build argument 'catkin_skip_building_tests' from command line to 'False'
[1.757s] DEBUG:colcon.colcon_core.verb:Building package 'kalbot_interfaces' with the following arguments: {'ament_cmake_args': None, 'build_base': '/home/alibaba/ros2_repos/build/kalbot_interfaces', 'catkin_cmake_args': None, 'catkin_skip_building_tests': False, 'cmake_args': None, 'cmake_clean_cache': False, 'cmake_clean_first': False, 'cmake_force_configure': False, 'cmake_target': None, 'cmake_target_skip_unavailable': False, 'install_base': '/home/alibaba/ros2_repos/install/kalbot_interfaces', 'merge_install': False, 'path': '/home/alibaba/ros2_repos/src/kalbot_interfaces', 'symlink_install': False, 'test_result_base': None}
[1.768s] Level 5:colcon.colcon_core.verb:set package 'kalbot_controller' build argument 'cmake_args' from command line to 'None'
[1.768s] Level 5:colcon.colcon_core.verb:set package 'kalbot_controller' build argument 'cmake_target' from command line to 'None'
[1.768s] Level 5:colcon.colcon_core.verb:set package 'kalbot_controller' build argument 'cmake_target_skip_unavailable' from command line to 'False'
[1.769s] Level 5:colcon.colcon_core.verb:set package 'kalbot_controller' build argument 'cmake_clean_cache' from command line to 'False'
[1.769s] Level 5:colcon.colcon_core.verb:set package 'kalbot_controller' build argument 'cmake_clean_first' from command line to 'False'
[1.769s] Level 5:colcon.colcon_core.verb:set package 'kalbot_controller' build argument 'cmake_force_configure' from command line to 'False'
[1.769s] Level 5:colcon.colcon_core.verb:set package 'kalbot_controller' build argument 'ament_cmake_args' from command line to 'None'
[1.769s] Level 5:colcon.colcon_core.verb:set package 'kalbot_controller' build argument 'catkin_cmake_args' from command line to 'None'
[1.770s] Level 5:colcon.colcon_core.verb:set package 'kalbot_controller' build argument 'catkin_skip_building_tests' from command line to 'False'
[1.770s] DEBUG:colcon.colcon_core.verb:Building package 'kalbot_controller' with the following arguments: {'ament_cmake_args': None, 'build_base': '/home/alibaba/ros2_repos/build/kalbot_controller', 'catkin_cmake_args': None, 'catkin_skip_building_tests': False, 'cmake_args': None, 'cmake_clean_cache': False, 'cmake_clean_first': False, 'cmake_force_configure': False, 'cmake_target': None, 'cmake_target_skip_unavailable': False, 'install_base': '/home/alibaba/ros2_repos/install/kalbot_controller', 'merge_install': False, 'path': '/home/alibaba/ros2_repos/src/kalbot_controller', 'symlink_install': False, 'test_result_base': None}
[1.777s] Level 5:colcon.colcon_core.verb:set package 'keyboard_controller' build argument 'cmake_args' from command line to 'None'
[1.777s] Level 5:colcon.colcon_core.verb:set package 'keyboard_controller' build argument 'cmake_target' from command line to 'None'
[1.777s] Level 5:colcon.colcon_core.verb:set package 'keyboard_controller' build argument 'cmake_target_skip_unavailable' from command line to 'False'
[1.778s] Level 5:colcon.colcon_core.verb:set package 'keyboard_controller' build argument 'cmake_clean_cache' from command line to 'False'
[1.778s] Level 5:colcon.colcon_core.verb:set package 'keyboard_controller' build argument 'cmake_clean_first' from command line to 'False'
[1.778s] Level 5:colcon.colcon_core.verb:set package 'keyboard_controller' build argument 'cmake_force_configure' from command line to 'False'
[1.778s] Level 5:colcon.colcon_core.verb:set package 'keyboard_controller' build argument 'ament_cmake_args' from command line to 'None'
[1.779s] Level 5:colcon.colcon_core.verb:set package 'keyboard_controller' build argument 'catkin_cmake_args' from command line to 'None'
[1.779s] Level 5:colcon.colcon_core.verb:set package 'keyboard_controller' build argument 'catkin_skip_building_tests' from command line to 'False'
[1.779s] DEBUG:colcon.colcon_core.verb:Building package 'keyboard_controller' with the following arguments: {'ament_cmake_args': None, 'build_base': '/home/alibaba/ros2_repos/build/keyboard_controller', 'catkin_cmake_args': None, 'catkin_skip_building_tests': False, 'cmake_args': None, 'cmake_clean_cache': False, 'cmake_clean_first': False, 'cmake_force_configure': False, 'cmake_target': None, 'cmake_target_skip_unavailable': False, 'install_base': '/home/alibaba/ros2_repos/install/keyboard_controller', 'merge_install': False, 'path': '/home/alibaba/ros2_repos/src/keyboard_controller', 'symlink_install': False, 'test_result_base': None}
[1.783s] INFO:colcon.colcon_core.executor:Executing jobs using 'parallel' executor
[1.806s] DEBUG:colcon.colcon_parallel_executor.executor.parallel:run_until_complete
[1.807s] INFO:colcon.colcon_ros.task.ament_cmake.build:Building ROS package in '/home/alibaba/ros2_repos/src/kalbot_interfaces' with build type 'ament_cmake'
[1.808s] INFO:colcon.colcon_cmake.task.cmake.build:Building CMake package in '/home/alibaba/ros2_repos/src/kalbot_interfaces'
[1.833s] INFO:colcon.colcon_core.plugin_system:Skipping extension 'colcon_core.shell.bat': Not used on non-Windows systems
[1.834s] INFO:colcon.colcon_core.shell:Skip shell extension 'powershell' for command environment: Not usable outside of PowerShell
[1.835s] DEBUG:colcon.colcon_core.shell:Skip shell extension 'dsv' for command environment
[1.859s] INFO:colcon.colcon_ros.task.ament_cmake.build:Building ROS package in '/home/alibaba/ros2_repos/src/kalbot_brignup' with build type 'ament_cmake'
[1.861s] INFO:colcon.colcon_cmake.task.cmake.build:Building CMake package in '/home/alibaba/ros2_repos/src/kalbot_brignup'
[1.870s] INFO:colcon.colcon_core.shell:Skip shell extension 'powershell' for command environment: Not usable outside of PowerShell
[1.871s] DEBUG:colcon.colcon_core.shell:Skip shell extension 'dsv' for command environment
[1.914s] DEBUG:colcon.colcon_core.event_handler.log_command:Invoking command in '/home/alibaba/ros2_repos/build/kalbot_interfaces': CMAKE_PREFIX_PATH=/opt/ros/eloquent /usr/bin/cmake --build /home/alibaba/ros2_repos/build/kalbot_interfaces -- -j4 -l4
[1.947s] DEBUG:colcon.colcon_core.event_handler.log_command:Invoking command in '/home/alibaba/ros2_repos/build/kalbot_brignup': CMAKE_PREFIX_PATH=/opt/ros/eloquent /usr/bin/cmake --build /home/alibaba/ros2_repos/build/kalbot_brignup -- -j4 -l4
[2.099s] DEBUG:colcon.colcon_core.event_handler.log_command:Invoked command in '/home/alibaba/ros2_repos/build/kalbot_brignup' returned '0': CMAKE_PREFIX_PATH=/opt/ros/eloquent /usr/bin/cmake --build /home/alibaba/ros2_repos/build/kalbot_brignup -- -j4 -l4
[2.255s] DEBUG:colcon.colcon_core.event_handler.log_command:Invoking command in '/home/alibaba/ros2_repos/build/kalbot_brignup': CMAKE_PREFIX_PATH=/opt/ros/eloquent /usr/bin/cmake --build /home/alibaba/ros2_repos/build/kalbot_brignup --target install -- -j4 -l4
[2.487s] Level 1:colcon.colcon_core.environment:create_environment_scripts_only(kalbot_brignup)
[2.491s] DEBUG:colcon.colcon_core.event_handler.log_command:Invoked command in '/home/alibaba/ros2_repos/build/kalbot_brignup' returned '0': CMAKE_PREFIX_PATH=/opt/ros/eloquent /usr/bin/cmake --build /home/alibaba/ros2_repos/build/kalbot_brignup --target install -- -j4 -l4
[2.521s] Level 1:colcon.colcon_core.environment:checking '/home/alibaba/ros2_repos/install/kalbot_brignup' for CMake module files
[2.526s] Level 1:colcon.colcon_core.environment:checking '/home/alibaba/ros2_repos/install/kalbot_brignup' for CMake config files
[2.527s] Level 1:colcon.colcon_core.shell:create_environment_hook('kalbot_brignup', 'cmake_prefix_path')
[2.536s] INFO:colcon.colcon_core.shell:Creating environment hook '/home/alibaba/ros2_repos/install/kalbot_brignup/share/kalbot_brignup/hook/cmake_prefix_path.ps1'
[2.540s] INFO:colcon.colcon_core.shell:Creating environment descriptor '/home/alibaba/ros2_repos/install/kalbot_brignup/share/kalbot_brignup/hook/cmake_prefix_path.dsv'
[2.543s] INFO:colcon.colcon_core.shell:Creating environment hook '/home/alibaba/ros2_repos/install/kalbot_brignup/share/kalbot_brignup/hook/cmake_prefix_path.sh'
[2.551s] Level 1:colcon.colcon_core.environment:checking '/home/alibaba/ros2_repos/install/kalbot_brignup/bin'
[2.551s] Level 1:colcon.colcon_core.environment:checking '/home/alibaba/ros2_repos/install/kalbot_brignup/lib/pkgconfig/kalbot_brignup.pc'
[2.552s] Level 1:colcon.colcon_core.environment:checking '/home/alibaba/ros2_repos/install/kalbot_brignup/lib/python3.6/site-packages'
[2.553s] Level 1:colcon.colcon_core.environment:checking '/home/alibaba/ros2_repos/install/kalbot_brignup/bin'
[2.561s] INFO:colcon.colcon_core.shell:Creating package script '/home/alibaba/ros2_repos/install/kalbot_brignup/share/kalbot_brignup/package.ps1'
[2.567s] INFO:colcon.colcon_core.shell:Creating package descriptor '/home/alibaba/ros2_repos/install/kalbot_brignup/share/kalbot_brignup/package.dsv'
[2.571s] INFO:colcon.colcon_core.shell:Creating package script '/home/alibaba/ros2_repos/install/kalbot_brignup/share/kalbot_brignup/package.sh'
[2.576s] INFO:colcon.colcon_core.shell:Creating package script '/home/alibaba/ros2_repos/install/kalbot_brignup/share/kalbot_brignup/package.bash'
[2.581s] INFO:colcon.colcon_core.shell:Creating package script '/home/alibaba/ros2_repos/install/kalbot_brignup/share/kalbot_brignup/package.zsh'
[2.585s] Level 1:colcon.colcon_core.environment:create_file_with_runtime_dependencies(/home/alibaba/ros2_repos/install/kalbot_brignup/share/colcon-core/packages/kalbot_brignup)
[2.672s] Level 1:colcon.colcon_core.environment:create_environment_scripts_only(kalbot_brignup)
[2.685s] Level 1:colcon.colcon_core.environment:checking '/home/alibaba/ros2_repos/install/kalbot_brignup' for CMake module files
[2.689s] Level 1:colcon.colcon_core.environment:checking '/home/alibaba/ros2_repos/install/kalbot_brignup' for CMake config files
[2.690s] Level 1:colcon.colcon_core.shell:create_environment_hook('kalbot_brignup', 'cmake_prefix_path')
[2.698s] INFO:colcon.colcon_core.shell:Creating environment hook '/home/alibaba/ros2_repos/install/kalbot_brignup/share/kalbot_brignup/hook/cmake_prefix_path.ps1'
[2.700s] INFO:colcon.colcon_core.shell:Creating environment descriptor '/home/alibaba/ros2_repos/install/kalbot_brignup/share/kalbot_brignup/hook/cmake_prefix_path.dsv'
[2.702s] INFO:colcon.colcon_core.shell:Creating environment hook '/home/alibaba/ros2_repos/install/kalbot_brignup/share/kalbot_brignup/hook/cmake_prefix_path.sh'
[2.705s] Level 1:colcon.colcon_core.environment:checking '/home/alibaba/ros2_repos/install/kalbot_brignup/bin'
[2.706s] Level 1:colcon.colcon_core.environment:checking '/home/alibaba/ros2_repos/install/kalbot_brignup/lib/pkgconfig/kalbot_brignup.pc'
[2.707s] Level 1:colcon.colcon_core.environment:checking '/home/alibaba/ros2_repos/install/kalbot_brignup/lib/python3.6/site-packages'
[2.708s] Level 1:colcon.colcon_core.environment:checking '/home/alibaba/ros2_repos/install/kalbot_brignup/bin'
[2.717s] INFO:colcon.colcon_core.shell:Creating package script '/home/alibaba/ros2_repos/install/kalbot_brignup/share/kalbot_brignup/package.ps1'
[2.721s] INFO:colcon.colcon_core.shell:Creating package descriptor '/home/alibaba/ros2_repos/install/kalbot_brignup/share/kalbot_brignup/package.dsv'
[2.724s] INFO:colcon.colcon_core.shell:Creating package script '/home/alibaba/ros2_repos/install/kalbot_brignup/share/kalbot_brignup/package.sh'
[2.727s] INFO:colcon.colcon_core.shell:Creating package script '/home/alibaba/ros2_repos/install/kalbot_brignup/share/kalbot_brignup/package.bash'
[2.729s] INFO:colcon.colcon_core.shell:Creating package script '/home/alibaba/ros2_repos/install/kalbot_brignup/share/kalbot_brignup/package.zsh'
[2.730s] Level 1:colcon.colcon_core.environment:create_file_with_runtime_dependencies(/home/alibaba/ros2_repos/install/kalbot_brignup/share/colcon-core/packages/kalbot_brignup)
[2.910s] DEBUG:colcon.colcon_core.event_handler.log_command:Invoked command in '/home/alibaba/ros2_repos/build/kalbot_interfaces' returned '0': CMAKE_PREFIX_PATH=/opt/ros/eloquent /usr/bin/cmake --build /home/alibaba/ros2_repos/build/kalbot_interfaces -- -j4 -l4
[3.134s] DEBUG:colcon.colcon_core.event_handler.log_command:Invoking command in '/home/alibaba/ros2_repos/build/kalbot_interfaces': CMAKE_PREFIX_PATH=/opt/ros/eloquent /usr/bin/cmake --build /home/alibaba/ros2_repos/build/kalbot_interfaces --target install -- -j4 -l4
[4.342s] Level 1:colcon.colcon_core.environment:create_environment_scripts_only(kalbot_interfaces)
[4.356s] Level 1:colcon.colcon_core.environment:checking '/home/alibaba/ros2_repos/install/kalbot_interfaces' for CMake module files
[4.358s] DEBUG:colcon.colcon_core.event_handler.log_command:Invoked command in '/home/alibaba/ros2_repos/build/kalbot_interfaces' returned '0': CMAKE_PREFIX_PATH=/opt/ros/eloquent /usr/bin/cmake --build /home/alibaba/ros2_repos/build/kalbot_interfaces --target install -- -j4 -l4
[4.360s] Level 1:colcon.colcon_core.environment:checking '/home/alibaba/ros2_repos/install/kalbot_interfaces' for CMake config files
[4.364s] Level 1:colcon.colcon_core.shell:create_environment_hook('kalbot_interfaces', 'cmake_prefix_path')
[4.372s] INFO:colcon.colcon_core.shell:Creating environment hook '/home/alibaba/ros2_repos/install/kalbot_interfaces/share/kalbot_interfaces/hook/cmake_prefix_path.ps1'
[4.374s] INFO:colcon.colcon_core.shell:Creating environment descriptor '/home/alibaba/ros2_repos/install/kalbot_interfaces/share/kalbot_interfaces/hook/cmake_prefix_path.dsv'
[4.375s] INFO:colcon.colcon_core.shell:Creating environment hook '/home/alibaba/ros2_repos/install/kalbot_interfaces/share/kalbot_interfaces/hook/cmake_prefix_path.sh'
[4.378s] Level 1:colcon.colcon_core.environment:checking '/home/alibaba/ros2_repos/install/kalbot_interfaces/lib'
[4.380s] Level 1:colcon.colcon_core.shell:create_environment_hook('kalbot_interfaces', 'ld_library_path_lib')
[4.387s] INFO:colcon.colcon_core.shell:Creating environment hook '/home/alibaba/ros2_repos/install/kalbot_interfaces/share/kalbot_interfaces/hook/ld_library_path_lib.ps1'
[4.389s] INFO:colcon.colcon_core.shell:Creating environment descriptor '/home/alibaba/ros2_repos/install/kalbot_interfaces/share/kalbot_interfaces/hook/ld_library_path_lib.dsv'
[4.390s] INFO:colcon.colcon_core.shell:Creating environment hook '/home/alibaba/ros2_repos/install/kalbot_interfaces/share/kalbot_interfaces/hook/ld_library_path_lib.sh'
[4.392s] Level 1:colcon.colcon_core.environment:checking '/home/alibaba/ros2_repos/install/kalbot_interfaces/bin'
[4.392s] Level 1:colcon.colcon_core.environment:checking '/home/alibaba/ros2_repos/install/kalbot_interfaces/lib/pkgconfig/kalbot_interfaces.pc'
[4.393s] Level 1:colcon.colcon_core.environment:checking '/home/alibaba/ros2_repos/install/kalbot_interfaces/lib/python3.6/site-packages'
[4.393s] Level 1:colcon.colcon_core.shell:create_environment_hook('kalbot_interfaces', 'pythonpath')
[4.401s] INFO:colcon.colcon_core.shell:Creating environment hook '/home/alibaba/ros2_repos/install/kalbot_interfaces/share/kalbot_interfaces/hook/pythonpath.ps1'
[4.403s] INFO:colcon.colcon_core.shell:Creating environment descriptor '/home/alibaba/ros2_repos/install/kalbot_interfaces/share/kalbot_interfaces/hook/pythonpath.dsv'
[4.404s] INFO:colcon.colcon_core.shell:Creating environment hook '/home/alibaba/ros2_repos/install/kalbot_interfaces/share/kalbot_interfaces/hook/pythonpath.sh'
[4.406s] Level 1:colcon.colcon_core.environment:checking '/home/alibaba/ros2_repos/install/kalbot_interfaces/bin'
[4.414s] INFO:colcon.colcon_core.shell:Creating package script '/home/alibaba/ros2_repos/install/kalbot_interfaces/share/kalbot_interfaces/package.ps1'
[4.417s] INFO:colcon.colcon_core.shell:Creating package descriptor '/home/alibaba/ros2_repos/install/kalbot_interfaces/share/kalbot_interfaces/package.dsv'
[4.419s] INFO:colcon.colcon_core.shell:Creating package script '/home/alibaba/ros2_repos/install/kalbot_interfaces/share/kalbot_interfaces/package.sh'
[4.421s] INFO:colcon.colcon_core.shell:Creating package script '/home/alibaba/ros2_repos/install/kalbot_interfaces/share/kalbot_interfaces/package.bash'
[4.423s] INFO:colcon.colcon_core.shell:Creating package script '/home/alibaba/ros2_repos/install/kalbot_interfaces/share/kalbot_interfaces/package.zsh'
[4.424s] Level 1:colcon.colcon_core.environment:create_file_with_runtime_dependencies(/home/alibaba/ros2_repos/install/kalbot_interfaces/share/colcon-core/packages/kalbot_interfaces)
[4.647s] Level 1:colcon.colcon_core.environment:create_environment_scripts_only(kalbot_interfaces)
[4.658s] Level 1:colcon.colcon_core.environment:checking '/home/alibaba/ros2_repos/install/kalbot_interfaces' for CMake module files
[4.662s] Level 1:colcon.colcon_core.environment:checking '/home/alibaba/ros2_repos/install/kalbot_interfaces' for CMake config files
[4.665s] Level 1:colcon.colcon_core.shell:create_environment_hook('kalbot_interfaces', 'cmake_prefix_path')
[4.672s] INFO:colcon.colcon_core.shell:Creating environment hook '/home/alibaba/ros2_repos/install/kalbot_interfaces/share/kalbot_interfaces/hook/cmake_prefix_path.ps1'
[4.676s] INFO:colcon.colcon_core.shell:Creating environment descriptor '/home/alibaba/ros2_repos/install/kalbot_interfaces/share/kalbot_interfaces/hook/cmake_prefix_path.dsv'
[4.677s] INFO:colcon.colcon_core.shell:Creating environment hook '/home/alibaba/ros2_repos/install/kalbot_interfaces/share/kalbot_interfaces/hook/cmake_prefix_path.sh'
[4.681s] Level 1:colcon.colcon_core.environment:checking '/home/alibaba/ros2_repos/install/kalbot_interfaces/lib'
[4.681s] Level 1:colcon.colcon_core.shell:create_environment_hook('kalbot_interfaces', 'ld_library_path_lib')
[4.688s] INFO:colcon.colcon_core.shell:Creating environment hook '/home/alibaba/ros2_repos/install/kalbot_interfaces/share/kalbot_interfaces/hook/ld_library_path_lib.ps1'
[4.690s] INFO:colcon.colcon_core.shell:Creating environment descriptor '/home/alibaba/ros2_repos/install/kalbot_interfaces/share/kalbot_interfaces/hook/ld_library_path_lib.dsv'
[4.692s] INFO:colcon.colcon_core.shell:Creating environment hook '/home/alibaba/ros2_repos/install/kalbot_interfaces/share/kalbot_interfaces/hook/ld_library_path_lib.sh'
[4.693s] Level 1:colcon.colcon_core.environment:checking '/home/alibaba/ros2_repos/install/kalbot_interfaces/bin'
[4.693s] Level 1:colcon.colcon_core.environment:checking '/home/alibaba/ros2_repos/install/kalbot_interfaces/lib/pkgconfig/kalbot_interfaces.pc'
[4.694s] Level 1:colcon.colcon_core.environment:checking '/home/alibaba/ros2_repos/install/kalbot_interfaces/lib/python3.6/site-packages'
[4.695s] Level 1:colcon.colcon_core.shell:create_environment_hook('kalbot_interfaces', 'pythonpath')
[4.702s] INFO:colcon.colcon_core.shell:Creating environment hook '/home/alibaba/ros2_repos/install/kalbot_interfaces/share/kalbot_interfaces/hook/pythonpath.ps1'
[4.704s] INFO:colcon.colcon_core.shell:Creating environment descriptor '/home/alibaba/ros2_repos/install/kalbot_interfaces/share/kalbot_interfaces/hook/pythonpath.dsv'
[4.705s] INFO:colcon.colcon_core.shell:Creating environment hook '/home/alibaba/ros2_repos/install/kalbot_interfaces/share/kalbot_interfaces/hook/pythonpath.sh'
[4.707s] Level 1:colcon.colcon_core.environment:checking '/home/alibaba/ros2_repos/install/kalbot_interfaces/bin'
[4.716s] INFO:colcon.colcon_core.shell:Creating package script '/home/alibaba/ros2_repos/install/kalbot_interfaces/share/kalbot_interfaces/package.ps1'
[4.718s] INFO:colcon.colcon_core.shell:Creating package descriptor '/home/alibaba/ros2_repos/install/kalbot_interfaces/share/kalbot_interfaces/package.dsv'
[4.722s] INFO:colcon.colcon_core.shell:Creating package script '/home/alibaba/ros2_repos/install/kalbot_interfaces/share/kalbot_interfaces/package.sh'
[4.725s] INFO:colcon.colcon_core.shell:Creating package script '/home/alibaba/ros2_repos/install/kalbot_interfaces/share/kalbot_interfaces/package.bash'
[4.727s] INFO:colcon.colcon_core.shell:Creating package script '/home/alibaba/ros2_repos/install/kalbot_interfaces/share/kalbot_interfaces/package.zsh'
[4.729s] Level 1:colcon.colcon_core.environment:create_file_with_runtime_dependencies(/home/alibaba/ros2_repos/install/kalbot_interfaces/share/colcon-core/packages/kalbot_interfaces)
[4.731s] INFO:colcon.colcon_ros.task.ament_python.build:Building ROS package in '/home/alibaba/ros2_repos/src/kalbot_controller' with build type 'ament_python'
[4.732s] Level 1:colcon.colcon_core.shell:create_environment_hook('kalbot_controller', 'ament_prefix_path')
[4.740s] INFO:colcon.colcon_core.shell:Creating environment hook '/home/alibaba/ros2_repos/install/kalbot_controller/share/kalbot_controller/hook/ament_prefix_path.ps1'
[4.743s] INFO:colcon.colcon_core.shell:Creating environment descriptor '/home/alibaba/ros2_repos/install/kalbot_controller/share/kalbot_controller/hook/ament_prefix_path.dsv'
[4.745s] INFO:colcon.colcon_core.shell:Creating environment hook '/home/alibaba/ros2_repos/install/kalbot_controller/share/kalbot_controller/hook/ament_prefix_path.sh'
[4.754s] INFO:colcon.colcon_core.shell:Skip shell extension 'powershell' for command environment: Not usable outside of PowerShell
[4.755s] DEBUG:colcon.colcon_core.shell:Skip shell extension 'dsv' for command environment
[4.779s] INFO:colcon.colcon_ros.task.ament_python.build:Building ROS package in '/home/alibaba/ros2_repos/src/keyboard_controller' with build type 'ament_python'
[4.781s] Level 1:colcon.colcon_core.shell:create_environment_hook('keyboard_controller', 'ament_prefix_path')
[4.790s] INFO:colcon.colcon_core.shell:Creating environment hook '/home/alibaba/ros2_repos/install/keyboard_controller/share/keyboard_controller/hook/ament_prefix_path.ps1'
[4.792s] INFO:colcon.colcon_core.shell:Creating environment descriptor '/home/alibaba/ros2_repos/install/keyboard_controller/share/keyboard_controller/hook/ament_prefix_path.dsv'
[4.794s] INFO:colcon.colcon_core.shell:Creating environment hook '/home/alibaba/ros2_repos/install/keyboard_controller/share/keyboard_controller/hook/ament_prefix_path.sh'
[4.803s] INFO:colcon.colcon_core.shell:Skip shell extension 'powershell' for command environment: Not usable outside of PowerShell
[4.803s] DEBUG:colcon.colcon_core.shell:Skip shell extension 'dsv' for command environment
[5.979s] INFO:colcon.colcon_core.task.python.build:Building Python package in '/home/alibaba/ros2_repos/src/kalbot_controller'
[5.988s] INFO:colcon.colcon_core.shell:Skip shell extension 'powershell' for command environment: Not usable outside of PowerShell
[5.988s] DEBUG:colcon.colcon_core.shell:Skip shell extension 'dsv' for command environment
[7.171s] INFO:colcon.colcon_core.task.python.build:Building Python package in '/home/alibaba/ros2_repos/src/keyboard_controller'
[7.180s] INFO:colcon.colcon_core.shell:Skip shell extension 'powershell' for command environment: Not usable outside of PowerShell
[7.180s] DEBUG:colcon.colcon_core.shell:Skip shell extension 'dsv' for command environment
[9.042s] DEBUG:colcon.colcon_core.event_handler.log_command:Invoking command in '/home/alibaba/ros2_repos/src/kalbot_controller': AMENT_PREFIX_PATH=/home/alibaba/ros2_repos/install/kalbot_interfaces:${AMENT_PREFIX_PATH} CMAKE_PREFIX_PATH=/home/alibaba/ros2_repos/install/kalbot_interfaces LD_LIBRARY_PATH=/home/alibaba/ros2_repos/install/kalbot_interfaces/lib:${LD_LIBRARY_PATH} PYTHONPATH=/home/alibaba/ros2_repos/build/kalbot_controller/prefix_override:/home/alibaba/ros2_repos/install/kalbot_controller/lib/python3.6/site-packages:/home/alibaba/ros2_repos/install/kalbot_interfaces/lib/python3.6/site-packages:${PYTHONPATH} /usr/bin/python3 setup.py egg_info --egg-base ../../build/kalbot_controller build --build-base /home/alibaba/ros2_repos/build/kalbot_controller/build install --record /home/alibaba/ros2_repos/build/kalbot_controller/install.log --single-version-externally-managed
[9.081s] DEBUG:colcon.colcon_core.event_handler.log_command:Invoking command in '/home/alibaba/ros2_repos/src/keyboard_controller': AMENT_PREFIX_PATH=/home/alibaba/ros2_repos/install/kalbot_interfaces:${AMENT_PREFIX_PATH} CMAKE_PREFIX_PATH=/home/alibaba/ros2_repos/install/kalbot_interfaces LD_LIBRARY_PATH=/home/alibaba/ros2_repos/install/kalbot_interfaces/lib:${LD_LIBRARY_PATH} PYTHONPATH=/home/alibaba/ros2_repos/build/keyboard_controller/prefix_override:/home/alibaba/ros2_repos/install/keyboard_controller/lib/python3.6/site-packages:/home/alibaba/ros2_repos/install/kalbot_interfaces/lib/python3.6/site-packages:${PYTHONPATH} /usr/bin/python3 setup.py egg_info --egg-base ../../build/keyboard_controller build --build-base /home/alibaba/ros2_repos/build/keyboard_controller/build install --record /home/alibaba/ros2_repos/build/keyboard_controller/install.log --single-version-externally-managed
[10.611s] Level 1:colcon.colcon_core.environment:checking '/home/alibaba/ros2_repos/install/keyboard_controller' for CMake module files
[10.614s] DEBUG:colcon.colcon_core.event_handler.log_command:Invoked command in '/home/alibaba/ros2_repos/src/keyboard_controller' returned '0': AMENT_PREFIX_PATH=/home/alibaba/ros2_repos/install/kalbot_interfaces:${AMENT_PREFIX_PATH} CMAKE_PREFIX_PATH=/home/alibaba/ros2_repos/install/kalbot_interfaces LD_LIBRARY_PATH=/home/alibaba/ros2_repos/install/kalbot_interfaces/lib:${LD_LIBRARY_PATH} PYTHONPATH=/home/alibaba/ros2_repos/build/keyboard_controller/prefix_override:/home/alibaba/ros2_repos/install/keyboard_controller/lib/python3.6/site-packages:/home/alibaba/ros2_repos/install/kalbot_interfaces/lib/python3.6/site-packages:${PYTHONPATH} /usr/bin/python3 setup.py egg_info --egg-base ../../build/keyboard_controller build --build-base /home/alibaba/ros2_repos/build/keyboard_controller/build install --record /home/alibaba/ros2_repos/build/keyboard_controller/install.log --single-version-externally-managed
[10.615s] Level 1:colcon.colcon_core.environment:checking '/home/alibaba/ros2_repos/install/keyboard_controller' for CMake config files
[10.619s] Level 1:colcon.colcon_core.environment:checking '/home/alibaba/ros2_repos/install/keyboard_controller/lib'
[10.619s] Level 1:colcon.colcon_core.environment:checking '/home/alibaba/ros2_repos/install/keyboard_controller/bin'
[10.620s] Level 1:colcon.colcon_core.environment:checking '/home/alibaba/ros2_repos/install/keyboard_controller/lib/pkgconfig/keyboard_controller.pc'
[10.621s] Level 1:colcon.colcon_core.environment:checking '/home/alibaba/ros2_repos/install/keyboard_controller/lib/python3.6/site-packages'
[10.621s] Level 1:colcon.colcon_core.shell:create_environment_hook('keyboard_controller', 'pythonpath')
[10.629s] INFO:colcon.colcon_core.shell:Creating environment hook '/home/alibaba/ros2_repos/install/keyboard_controller/share/keyboard_controller/hook/pythonpath.ps1'
[10.631s] INFO:colcon.colcon_core.shell:Creating environment descriptor '/home/alibaba/ros2_repos/install/keyboard_controller/share/keyboard_controller/hook/pythonpath.dsv'
[10.632s] INFO:colcon.colcon_core.shell:Creating environment hook '/home/alibaba/ros2_repos/install/keyboard_controller/share/keyboard_controller/hook/pythonpath.sh'
[10.634s] Level 1:colcon.colcon_core.environment:checking '/home/alibaba/ros2_repos/install/keyboard_controller/bin'
[10.634s] Level 1:colcon.colcon_core.environment:create_environment_scripts_only(keyboard_controller)
[10.642s] INFO:colcon.colcon_core.shell:Creating package script '/home/alibaba/ros2_repos/install/keyboard_controller/share/keyboard_controller/package.ps1'
[10.645s] INFO:colcon.colcon_core.shell:Creating package descriptor '/home/alibaba/ros2_repos/install/keyboard_controller/share/keyboard_controller/package.dsv'
[10.647s] INFO:colcon.colcon_core.shell:Creating package script '/home/alibaba/ros2_repos/install/keyboard_controller/share/keyboard_controller/package.sh'
[10.649s] INFO:colcon.colcon_core.shell:Creating package script '/home/alibaba/ros2_repos/install/keyboard_controller/share/keyboard_controller/package.bash'
[10.650s] INFO:colcon.colcon_core.shell:Creating package script '/home/alibaba/ros2_repos/install/keyboard_controller/share/keyboard_controller/package.zsh'
[10.652s] Level 1:colcon.colcon_core.environment:create_file_with_runtime_dependencies(/home/alibaba/ros2_repos/install/keyboard_controller/share/colcon-core/packages/keyboard_controller)
[10.669s] Level 1:colcon.colcon_core.environment:checking '/home/alibaba/ros2_repos/install/kalbot_controller' for CMake module files
[10.671s] DEBUG:colcon.colcon_core.event_handler.log_command:Invoked command in '/home/alibaba/ros2_repos/src/kalbot_controller' returned '0': AMENT_PREFIX_PATH=/home/alibaba/ros2_repos/install/kalbot_interfaces:${AMENT_PREFIX_PATH} CMAKE_PREFIX_PATH=/home/alibaba/ros2_repos/install/kalbot_interfaces LD_LIBRARY_PATH=/home/alibaba/ros2_repos/install/kalbot_interfaces/lib:${LD_LIBRARY_PATH} PYTHONPATH=/home/alibaba/ros2_repos/build/kalbot_controller/prefix_override:/home/alibaba/ros2_repos/install/kalbot_controller/lib/python3.6/site-packages:/home/alibaba/ros2_repos/install/kalbot_interfaces/lib/python3.6/site-packages:${PYTHONPATH} /usr/bin/python3 setup.py egg_info --egg-base ../../build/kalbot_controller build --build-base /home/alibaba/ros2_repos/build/kalbot_controller/build install --record /home/alibaba/ros2_repos/build/kalbot_controller/install.log --single-version-externally-managed
[10.673s] Level 1:colcon.colcon_core.environment:checking '/home/alibaba/ros2_repos/install/kalbot_controller' for CMake config files
[10.677s] Level 1:colcon.colcon_core.environment:checking '/home/alibaba/ros2_repos/install/kalbot_controller/lib'
[10.677s] Level 1:colcon.colcon_core.environment:checking '/home/alibaba/ros2_repos/install/kalbot_controller/bin'
[10.677s] Level 1:colcon.colcon_core.environment:checking '/home/alibaba/ros2_repos/install/kalbot_controller/lib/pkgconfig/kalbot_controller.pc'
[10.678s] Level 1:colcon.colcon_core.environment:checking '/home/alibaba/ros2_repos/install/kalbot_controller/lib/python3.6/site-packages'
[10.679s] Level 1:colcon.colcon_core.shell:create_environment_hook('kalbot_controller', 'pythonpath')
[10.686s] INFO:colcon.colcon_core.shell:Creating environment hook '/home/alibaba/ros2_repos/install/kalbot_controller/share/kalbot_controller/hook/pythonpath.ps1'
[10.688s] INFO:colcon.colcon_core.shell:Creating environment descriptor '/home/alibaba/ros2_repos/install/kalbot_controller/share/kalbot_controller/hook/pythonpath.dsv'
[10.689s] INFO:colcon.colcon_core.shell:Creating environment hook '/home/alibaba/ros2_repos/install/kalbot_controller/share/kalbot_controller/hook/pythonpath.sh'
[10.691s] Level 1:colcon.colcon_core.environment:checking '/home/alibaba/ros2_repos/install/kalbot_controller/bin'
[10.692s] Level 1:colcon.colcon_core.environment:create_environment_scripts_only(kalbot_controller)
[10.700s] INFO:colcon.colcon_core.shell:Creating package script '/home/alibaba/ros2_repos/install/kalbot_controller/share/kalbot_controller/package.ps1'
[10.703s] INFO:colcon.colcon_core.shell:Creating package descriptor '/home/alibaba/ros2_repos/install/kalbot_controller/share/kalbot_controller/package.dsv'
[10.705s] INFO:colcon.colcon_core.shell:Creating package script '/home/alibaba/ros2_repos/install/kalbot_controller/share/kalbot_controller/package.sh'
[10.707s] INFO:colcon.colcon_core.shell:Creating package script '/home/alibaba/ros2_repos/install/kalbot_controller/share/kalbot_controller/package.bash'
[10.708s] INFO:colcon.colcon_core.shell:Creating package script '/home/alibaba/ros2_repos/install/kalbot_controller/share/kalbot_controller/package.zsh'
[10.710s] Level 1:colcon.colcon_core.environment:create_file_with_runtime_dependencies(/home/alibaba/ros2_repos/install/kalbot_controller/share/colcon-core/packages/kalbot_controller)
[10.711s] DEBUG:colcon.colcon_parallel_executor.executor.parallel:closing loop
[10.714s] DEBUG:colcon.colcon_parallel_executor.executor.parallel:loop closed
[10.715s] DEBUG:colcon.colcon_parallel_executor.executor.parallel:run_until_complete finished with '0'
[10.715s] DEBUG:colcon.colcon_core.event_reactor:joining thread
[10.738s] INFO:colcon.colcon_core.plugin_system:Skipping extension 'colcon_notification.desktop_notification.terminal_notifier': Not used on non-Darwin systems
[10.739s] INFO:colcon.colcon_core.plugin_system:Skipping extension 'colcon_notification.desktop_notification.win32': Not used on non-Windows systems
[10.739s] INFO:colcon.colcon_notification.desktop_notification:Sending desktop notification using 'notify2'
[10.779s] DEBUG:colcon.colcon_core.event_reactor:joined thread
[10.786s] INFO:colcon.colcon_core.shell:Creating prefix script '/home/alibaba/ros2_repos/install/local_setup.ps1'
[10.792s] INFO:colcon.colcon_core.shell:Creating prefix util module '/home/alibaba/ros2_repos/install/_local_setup_util_ps1.py'
[10.801s] INFO:colcon.colcon_core.shell:Creating prefix chain script '/home/alibaba/ros2_repos/install/setup.ps1'
[10.809s] INFO:colcon.colcon_core.shell:Creating prefix script '/home/alibaba/ros2_repos/install/local_setup.sh'
[10.812s] INFO:colcon.colcon_core.shell:Creating prefix util module '/home/alibaba/ros2_repos/install/_local_setup_util_sh.py'
[10.814s] INFO:colcon.colcon_core.shell:Creating prefix chain script '/home/alibaba/ros2_repos/install/setup.sh'
[10.821s] INFO:colcon.colcon_core.shell:Creating prefix script '/home/alibaba/ros2_repos/install/local_setup.bash'
[10.824s] INFO:colcon.colcon_core.shell:Creating prefix chain script '/home/alibaba/ros2_repos/install/setup.bash'
[10.830s] INFO:colcon.colcon_core.shell:Creating prefix script '/home/alibaba/ros2_repos/install/local_setup.zsh'
[10.833s] INFO:colcon.colcon_core.shell:Creating prefix chain script '/home/alibaba/ros2_repos/install/setup.zsh'
