[0.446s] Invoking command in '/home/zubeyir48/ros2_ME462_ws/src/tutorial_robot_controller': PYTHONPATH=/home/zubeyir48/ros2_ME462_ws/src/build/tutorial_robot_controller/prefix_override:/home/zubeyir48/ros2_ME462_ws/src/install/tutorial_robot_controller/lib/python3.10/site-packages:${PYTHONPATH} /usr/bin/python3 setup.py egg_info --egg-base ../build/tutorial_robot_controller build --build-base /home/zubeyir48/ros2_ME462_ws/src/build/tutorial_robot_controller/build install --record /home/zubeyir48/ros2_ME462_ws/src/build/tutorial_robot_controller/install.log --single-version-externally-managed
[0.571s] running egg_info
[0.571s] creating ../build/tutorial_robot_controller/tutorial_robot_controller.egg-info
[0.572s] writing ../build/tutorial_robot_controller/tutorial_robot_controller.egg-info/PKG-INFO
[0.572s] writing dependency_links to ../build/tutorial_robot_controller/tutorial_robot_controller.egg-info/dependency_links.txt
[0.572s] writing entry points to ../build/tutorial_robot_controller/tutorial_robot_controller.egg-info/entry_points.txt
[0.572s] writing requirements to ../build/tutorial_robot_controller/tutorial_robot_controller.egg-info/requires.txt
[0.572s] writing top-level names to ../build/tutorial_robot_controller/tutorial_robot_controller.egg-info/top_level.txt
[0.572s] writing manifest file '../build/tutorial_robot_controller/tutorial_robot_controller.egg-info/SOURCES.txt'
[0.572s] reading manifest file '../build/tutorial_robot_controller/tutorial_robot_controller.egg-info/SOURCES.txt'
[0.573s] writing manifest file '../build/tutorial_robot_controller/tutorial_robot_controller.egg-info/SOURCES.txt'
[0.573s] running build
[0.573s] running build_py
[0.573s] creating /home/zubeyir48/ros2_ME462_ws/src/build/tutorial_robot_controller/build
[0.573s] creating /home/zubeyir48/ros2_ME462_ws/src/build/tutorial_robot_controller/build/lib
[0.573s] creating /home/zubeyir48/ros2_ME462_ws/src/build/tutorial_robot_controller/build/lib/tutorial_robot_controller
[0.573s] copying tutorial_robot_controller/pose_subscriber.py -> /home/zubeyir48/ros2_ME462_ws/src/build/tutorial_robot_controller/build/lib/tutorial_robot_controller
[0.573s] copying tutorial_robot_controller/__init__.py -> /home/zubeyir48/ros2_ME462_ws/src/build/tutorial_robot_controller/build/lib/tutorial_robot_controller
[0.573s] copying tutorial_robot_controller/turtle_controller.py -> /home/zubeyir48/ros2_ME462_ws/src/build/tutorial_robot_controller/build/lib/tutorial_robot_controller
[0.573s] copying tutorial_robot_controller/first_node.py -> /home/zubeyir48/ros2_ME462_ws/src/build/tutorial_robot_controller/build/lib/tutorial_robot_controller
[0.573s] copying tutorial_robot_controller/draw_circle.py -> /home/zubeyir48/ros2_ME462_ws/src/build/tutorial_robot_controller/build/lib/tutorial_robot_controller
[0.573s] running install
[0.573s] running install_lib
[0.574s] creating /home/zubeyir48/ros2_ME462_ws/src/install/tutorial_robot_controller/lib/python3.10/site-packages/tutorial_robot_controller
[0.574s] copying /home/zubeyir48/ros2_ME462_ws/src/build/tutorial_robot_controller/build/lib/tutorial_robot_controller/pose_subscriber.py -> /home/zubeyir48/ros2_ME462_ws/src/install/tutorial_robot_controller/lib/python3.10/site-packages/tutorial_robot_controller
[0.574s] copying /home/zubeyir48/ros2_ME462_ws/src/build/tutorial_robot_controller/build/lib/tutorial_robot_controller/__init__.py -> /home/zubeyir48/ros2_ME462_ws/src/install/tutorial_robot_controller/lib/python3.10/site-packages/tutorial_robot_controller
[0.574s] copying /home/zubeyir48/ros2_ME462_ws/src/build/tutorial_robot_controller/build/lib/tutorial_robot_controller/turtle_controller.py -> /home/zubeyir48/ros2_ME462_ws/src/install/tutorial_robot_controller/lib/python3.10/site-packages/tutorial_robot_controller
[0.574s] copying /home/zubeyir48/ros2_ME462_ws/src/build/tutorial_robot_controller/build/lib/tutorial_robot_controller/first_node.py -> /home/zubeyir48/ros2_ME462_ws/src/install/tutorial_robot_controller/lib/python3.10/site-packages/tutorial_robot_controller
[0.574s] copying /home/zubeyir48/ros2_ME462_ws/src/build/tutorial_robot_controller/build/lib/tutorial_robot_controller/draw_circle.py -> /home/zubeyir48/ros2_ME462_ws/src/install/tutorial_robot_controller/lib/python3.10/site-packages/tutorial_robot_controller
[0.574s] byte-compiling /home/zubeyir48/ros2_ME462_ws/src/install/tutorial_robot_controller/lib/python3.10/site-packages/tutorial_robot_controller/pose_subscriber.py to pose_subscriber.cpython-310.pyc
[0.574s] byte-compiling /home/zubeyir48/ros2_ME462_ws/src/install/tutorial_robot_controller/lib/python3.10/site-packages/tutorial_robot_controller/__init__.py to __init__.cpython-310.pyc
[0.574s] byte-compiling /home/zubeyir48/ros2_ME462_ws/src/install/tutorial_robot_controller/lib/python3.10/site-packages/tutorial_robot_controller/turtle_controller.py to turtle_controller.cpython-310.pyc
[0.575s] byte-compiling /home/zubeyir48/ros2_ME462_ws/src/install/tutorial_robot_controller/lib/python3.10/site-packages/tutorial_robot_controller/first_node.py to first_node.cpython-310.pyc
[0.575s] byte-compiling /home/zubeyir48/ros2_ME462_ws/src/install/tutorial_robot_controller/lib/python3.10/site-packages/tutorial_robot_controller/draw_circle.py to draw_circle.cpython-310.pyc
[0.575s] running install_data
[0.575s] creating /home/zubeyir48/ros2_ME462_ws/src/install/tutorial_robot_controller/share/ament_index
[0.575s] creating /home/zubeyir48/ros2_ME462_ws/src/install/tutorial_robot_controller/share/ament_index/resource_index
[0.575s] creating /home/zubeyir48/ros2_ME462_ws/src/install/tutorial_robot_controller/share/ament_index/resource_index/packages
[0.575s] copying resource/tutorial_robot_controller -> /home/zubeyir48/ros2_ME462_ws/src/install/tutorial_robot_controller/share/ament_index/resource_index/packages
[0.575s] copying package.xml -> /home/zubeyir48/ros2_ME462_ws/src/install/tutorial_robot_controller/share/tutorial_robot_controller
[0.575s] running install_egg_info
[0.576s] Copying ../build/tutorial_robot_controller/tutorial_robot_controller.egg-info to /home/zubeyir48/ros2_ME462_ws/src/install/tutorial_robot_controller/lib/python3.10/site-packages/tutorial_robot_controller-0.0.0-py3.10.egg-info
[0.576s] running install_scripts
[0.586s] Installing draw_circle script to /home/zubeyir48/ros2_ME462_ws/src/install/tutorial_robot_controller/lib/tutorial_robot_controller
[0.586s] Installing pose_subscriber script to /home/zubeyir48/ros2_ME462_ws/src/install/tutorial_robot_controller/lib/tutorial_robot_controller
[0.586s] Installing test_node script to /home/zubeyir48/ros2_ME462_ws/src/install/tutorial_robot_controller/lib/tutorial_robot_controller
[0.586s] Installing turtle_controller script to /home/zubeyir48/ros2_ME462_ws/src/install/tutorial_robot_controller/lib/tutorial_robot_controller
[0.586s] writing list of installed files to '/home/zubeyir48/ros2_ME462_ws/src/build/tutorial_robot_controller/install.log'
[0.606s] Invoked command in '/home/zubeyir48/ros2_ME462_ws/src/tutorial_robot_controller' returned '0': PYTHONPATH=/home/zubeyir48/ros2_ME462_ws/src/build/tutorial_robot_controller/prefix_override:/home/zubeyir48/ros2_ME462_ws/src/install/tutorial_robot_controller/lib/python3.10/site-packages:${PYTHONPATH} /usr/bin/python3 setup.py egg_info --egg-base ../build/tutorial_robot_controller build --build-base /home/zubeyir48/ros2_ME462_ws/src/build/tutorial_robot_controller/build install --record /home/zubeyir48/ros2_ME462_ws/src/build/tutorial_robot_controller/install.log --single-version-externally-managed
