running egg_info
writing ../../build/kalbot_controller/kalbot_controller.egg-info/PKG-INFO
writing dependency_links to ../../build/kalbot_controller/kalbot_controller.egg-info/dependency_links.txt
writing entry points to ../../build/kalbot_controller/kalbot_controller.egg-info/entry_points.txt
writing requirements to ../../build/kalbot_controller/kalbot_controller.egg-info/requires.txt
writing top-level names to ../../build/kalbot_controller/kalbot_controller.egg-info/top_level.txt
reading manifest file '../../build/kalbot_controller/kalbot_controller.egg-info/SOURCES.txt'
writing manifest file '../../build/kalbot_controller/kalbot_controller.egg-info/SOURCES.txt'
running build
running build_py
copying kalbot_controller/kalbot_controller.py -> /home/zubeyir48/ros2_ME462_ws/build/kalbot_controller/build/lib/kalbot_controller
running install
running install_lib
copying /home/zubeyir48/ros2_ME462_ws/build/kalbot_controller/build/lib/kalbot_controller/kalbot_controller.py -> /home/zubeyir48/ros2_ME462_ws/install/kalbot_controller/lib/python3.10/site-packages/kalbot_controller
byte-compiling /home/zubeyir48/ros2_ME462_ws/install/kalbot_controller/lib/python3.10/site-packages/kalbot_controller/kalbot_controller.py to kalbot_controller.cpython-310.pyc
running install_data
Sorry: IndentationError: unexpected indent (kalbot_controller.py, line 29)
running install_egg_info
removing '/home/zubeyir48/ros2_ME462_ws/install/kalbot_controller/lib/python3.10/site-packages/kalbot_controller-0.0.0-py3.10.egg-info' (and everything under it)
Copying ../../build/kalbot_controller/kalbot_controller.egg-info to /home/zubeyir48/ros2_ME462_ws/install/kalbot_controller/lib/python3.10/site-packages/kalbot_controller-0.0.0-py3.10.egg-info
running install_scripts
Installing kalbot_controller script to /home/zubeyir48/ros2_ME462_ws/install/kalbot_controller/lib/kalbot_controller
writing list of installed files to '/home/zubeyir48/ros2_ME462_ws/build/kalbot_controller/install.log'
