[0.006s] Invoking command in '/home/zubeyir48/ros2_ME462_ws/build/kalbot_interfaces': CMAKE_PREFIX_PATH=/home/zubeyir48/ros2_ME462_ws/install/tutorial_robot_controller:/home/zubeyir48/ros2_ME462_ws/install/robot_controller:/opt/ros/humble /usr/bin/cmake /home/zubeyir48/ros2_ME462_ws/src/kalbot_interfaces -DCMAKE_INSTALL_PREFIX=/home/zubeyir48/ros2_ME462_ws/install/kalbot_interfaces
[0.012s] -- Found ament_cmake: 1.3.4 (/opt/ros/humble/share/ament_cmake/cmake)
[0.099s] -- Found rosidl_default_generators: 1.2.0 (/opt/ros/humble/share/rosidl_default_generators/cmake)
[0.100s] -- Using all available rosidl_typesupport_c: rosidl_typesupport_fastrtps_c;rosidl_typesupport_introspection_c
[0.101s] -- Found rosidl_adapter: 3.1.4 (/opt/ros/humble/share/rosidl_adapter/cmake)
[0.117s] -- Using all available rosidl_typesupport_cpp: rosidl_typesupport_fastrtps_cpp;rosidl_typesupport_introspection_cpp
[0.269s] -- Found ament_cmake_ros: 0.10.0 (/opt/ros/humble/share/ament_cmake_ros/cmake)
[0.381s] -- Using all available rosidl_typesupport_c: rosidl_typesupport_fastrtps_c;rosidl_typesupport_introspection_c
[0.527s] -- Using all available rosidl_typesupport_cpp: rosidl_typesupport_fastrtps_cpp;rosidl_typesupport_introspection_cpp
[0.542s] -- Found PythonInterp: /usr/bin/python3 (found suitable version "3.10.6", minimum required is "3.6") 
[0.543s] -- Found python_cmake_module: 0.10.0 (/opt/ros/humble/share/python_cmake_module/cmake)
[0.559s] -- Found PythonLibs: /usr/lib/x86_64-linux-gnu/libpython3.10.so (found suitable version "3.10.6", minimum required is "3.5") 
[0.559s] -- Using PYTHON_EXECUTABLE: /usr/bin/python3
[0.559s] -- Using PYTHON_INCLUDE_DIRS: /usr/include/python3.10
[0.559s] -- Using PYTHON_LIBRARIES: /usr/lib/x86_64-linux-gnu/libpython3.10.so
[0.571s] -- Found PythonExtra: .so  
[0.595s] -- Configuring done
[0.607s] -- Generating done
[0.608s] -- Build files have been written to: /home/zubeyir48/ros2_ME462_ws/build/kalbot_interfaces
[0.612s] Invoked command in '/home/zubeyir48/ros2_ME462_ws/build/kalbot_interfaces' returned '0': CMAKE_PREFIX_PATH=/home/zubeyir48/ros2_ME462_ws/install/tutorial_robot_controller:/home/zubeyir48/ros2_ME462_ws/install/robot_controller:/opt/ros/humble /usr/bin/cmake /home/zubeyir48/ros2_ME462_ws/src/kalbot_interfaces -DCMAKE_INSTALL_PREFIX=/home/zubeyir48/ros2_ME462_ws/install/kalbot_interfaces
[0.613s] Invoking command in '/home/zubeyir48/ros2_ME462_ws/build/kalbot_interfaces': CMAKE_PREFIX_PATH=/home/zubeyir48/ros2_ME462_ws/install/tutorial_robot_controller:/home/zubeyir48/ros2_ME462_ws/install/robot_controller:/opt/ros/humble /usr/bin/cmake --build /home/zubeyir48/ros2_ME462_ws/build/kalbot_interfaces -- -j20 -l20
[0.631s] [  3%] [34m[1mGenerating C code for ROS interfaces[0m
[0.636s] [  6%] [34m[1mGenerating C++ code for ROS interfaces[0m
[0.640s] [  6%] Built target ament_cmake_python_copy_kalbot_interfaces
[0.754s] [  6%] Built target kalbot_interfaces__cpp
[0.756s] [  9%] [32mBuilding C object CMakeFiles/kalbot_interfaces__rosidl_generator_c.dir/rosidl_generator_c/kalbot_interfaces/msg/detail/motor_command__functions.c.o[0m
[0.758s] [ 12%] [34m[1mGenerating C++ type support dispatch for ROS interfaces[0m
[0.758s] [ 16%] [34m[1mGenerating C++ type support for eProsima Fast-RTPS[0m
[0.758s] [ 19%] [34m[1mGenerating C++ introspection for ROS interfaces[0m
[0.773s] running egg_info
[0.773s] creating kalbot_interfaces.egg-info
[0.773s] writing kalbot_interfaces.egg-info/PKG-INFO
[0.773s] writing dependency_links to kalbot_interfaces.egg-info/dependency_links.txt
[0.773s] writing top-level names to kalbot_interfaces.egg-info/top_level.txt
[0.773s] writing manifest file 'kalbot_interfaces.egg-info/SOURCES.txt'
[0.774s] reading manifest file 'kalbot_interfaces.egg-info/SOURCES.txt'
[0.774s] writing manifest file 'kalbot_interfaces.egg-info/SOURCES.txt'
[0.788s] [ 22%] [32m[1mLinking C shared library libkalbot_interfaces__rosidl_generator_c.so[0m
[0.788s] [ 22%] Built target ament_cmake_python_build_kalbot_interfaces_egg
[0.807s] [ 22%] Built target kalbot_interfaces__rosidl_generator_c
[0.811s] [ 29%] [34m[1mGenerating C type support for eProsima Fast-RTPS[0m
[0.811s] [ 29%] [34m[1mGenerating C introspection for ROS interfaces[0m
[0.811s] [ 32%] [34m[1mGenerating C type support dispatch for ROS interfaces[0m
[0.869s] [ 35%] [32mBuilding CXX object CMakeFiles/kalbot_interfaces__rosidl_typesupport_cpp.dir/rosidl_typesupport_cpp/kalbot_interfaces/msg/motor_command__type_support.cpp.o[0m
[0.876s] [ 38%] [32mBuilding CXX object CMakeFiles/kalbot_interfaces__rosidl_typesupport_introspection_cpp.dir/rosidl_typesupport_introspection_cpp/kalbot_interfaces/msg/detail/motor_command__type_support.cpp.o[0m
[0.878s] [ 41%] [32mBuilding CXX object CMakeFiles/kalbot_interfaces__rosidl_typesupport_fastrtps_cpp.dir/rosidl_typesupport_fastrtps_cpp/kalbot_interfaces/msg/detail/dds_fastrtps/motor_command__type_support.cpp.o[0m
[0.923s] [ 45%] [32mBuilding CXX object CMakeFiles/kalbot_interfaces__rosidl_typesupport_c.dir/rosidl_typesupport_c/kalbot_interfaces/msg/motor_command__type_support.cpp.o[0m
[0.932s] [ 48%] [32mBuilding CXX object CMakeFiles/kalbot_interfaces__rosidl_typesupport_fastrtps_c.dir/rosidl_typesupport_fastrtps_c/kalbot_interfaces/msg/detail/motor_command__type_support_c.cpp.o[0m
[0.933s] [ 51%] [32mBuilding C object CMakeFiles/kalbot_interfaces__rosidl_typesupport_introspection_c.dir/rosidl_typesupport_introspection_c/kalbot_interfaces/msg/detail/motor_command__type_support.c.o[0m
[0.941s] [ 54%] [32m[1mLinking CXX shared library libkalbot_interfaces__rosidl_typesupport_c.so[0m
[0.949s] [ 58%] [32m[1mLinking C shared library libkalbot_interfaces__rosidl_typesupport_introspection_c.so[0m
[0.962s] [ 58%] Built target kalbot_interfaces__rosidl_typesupport_c
[0.963s] [ 58%] Built target kalbot_interfaces__rosidl_typesupport_introspection_c
[1.017s] [ 61%] [32m[1mLinking CXX shared library libkalbot_interfaces__rosidl_typesupport_cpp.so[0m
[1.037s] [ 61%] Built target kalbot_interfaces__rosidl_typesupport_cpp
[1.073s] [ 64%] [32m[1mLinking CXX shared library libkalbot_interfaces__rosidl_typesupport_fastrtps_cpp.so[0m
[1.079s] [ 67%] [32m[1mLinking CXX shared library libkalbot_interfaces__rosidl_typesupport_introspection_cpp.so[0m
[1.087s] [ 70%] [32m[1mLinking CXX shared library libkalbot_interfaces__rosidl_typesupport_fastrtps_c.so[0m
[1.099s] [ 70%] Built target kalbot_interfaces__rosidl_typesupport_introspection_cpp
[1.110s] [ 70%] Built target kalbot_interfaces__rosidl_typesupport_fastrtps_cpp
[1.125s] [ 70%] Built target kalbot_interfaces__rosidl_typesupport_fastrtps_c
[1.134s] [ 70%] Built target kalbot_interfaces
[1.145s] [ 74%] [34m[1mGenerating Python code for ROS interfaces[0m
[1.278s] [ 74%] Built target kalbot_interfaces__py
[1.286s] [ 77%] [32mBuilding C object CMakeFiles/kalbot_interfaces__rosidl_generator_py.dir/rosidl_generator_py/kalbot_interfaces/msg/_motor_command_s.c.o[0m
[1.346s] [ 80%] [32m[1mLinking C shared library rosidl_generator_py/kalbot_interfaces/libkalbot_interfaces__rosidl_generator_py.so[0m
[1.374s] [ 80%] Built target kalbot_interfaces__rosidl_generator_py
[1.393s] [ 83%] [32mBuilding C object CMakeFiles/kalbot_interfaces__rosidl_typesupport_introspection_c__pyext.dir/rosidl_generator_py/kalbot_interfaces/_kalbot_interfaces_s.ep.rosidl_typesupport_introspection_c.c.o[0m
[1.393s] [ 87%] [32mBuilding C object CMakeFiles/kalbot_interfaces__rosidl_typesupport_c__pyext.dir/rosidl_generator_py/kalbot_interfaces/_kalbot_interfaces_s.ep.rosidl_typesupport_c.c.o[0m
[1.393s] [ 90%] [32mBuilding C object CMakeFiles/kalbot_interfaces__rosidl_typesupport_fastrtps_c__pyext.dir/rosidl_generator_py/kalbot_interfaces/_kalbot_interfaces_s.ep.rosidl_typesupport_fastrtps_c.c.o[0m
[1.438s] [100%] [32m[1mLinking C shared library rosidl_generator_py/kalbot_interfaces/kalbot_interfaces_s__rosidl_typesupport_introspection_c.cpython-310-x86_64-linux-gnu.so[0m
[1.438s] [100%] [32m[1mLinking C shared library rosidl_generator_py/kalbot_interfaces/kalbot_interfaces_s__rosidl_typesupport_fastrtps_c.cpython-310-x86_64-linux-gnu.so[0m
[1.438s] [100%] [32m[1mLinking C shared library rosidl_generator_py/kalbot_interfaces/kalbot_interfaces_s__rosidl_typesupport_c.cpython-310-x86_64-linux-gnu.so[0m
[1.454s] [100%] Built target kalbot_interfaces__rosidl_typesupport_fastrtps_c__pyext
[1.454s] [100%] Built target kalbot_interfaces__rosidl_typesupport_c__pyext
[1.454s] [100%] Built target kalbot_interfaces__rosidl_typesupport_introspection_c__pyext
[1.460s] Invoked command in '/home/zubeyir48/ros2_ME462_ws/build/kalbot_interfaces' returned '0': CMAKE_PREFIX_PATH=/home/zubeyir48/ros2_ME462_ws/install/tutorial_robot_controller:/home/zubeyir48/ros2_ME462_ws/install/robot_controller:/opt/ros/humble /usr/bin/cmake --build /home/zubeyir48/ros2_ME462_ws/build/kalbot_interfaces -- -j20 -l20
[1.498s] Invoking command in '/home/zubeyir48/ros2_ME462_ws/build/kalbot_interfaces': CMAKE_PREFIX_PATH=/home/zubeyir48/ros2_ME462_ws/install/tutorial_robot_controller:/home/zubeyir48/ros2_ME462_ws/install/robot_controller:/opt/ros/humble /usr/bin/cmake --install /home/zubeyir48/ros2_ME462_ws/build/kalbot_interfaces
[1.505s] -- Install configuration: ""
[1.505s] -- Installing: /home/zubeyir48/ros2_ME462_ws/install/kalbot_interfaces/share/ament_index/resource_index/rosidl_interfaces/kalbot_interfaces
[1.505s] -- Installing: /home/zubeyir48/ros2_ME462_ws/install/kalbot_interfaces/include/kalbot_interfaces/kalbot_interfaces
[1.505s] -- Installing: /home/zubeyir48/ros2_ME462_ws/install/kalbot_interfaces/include/kalbot_interfaces/kalbot_interfaces/msg
[1.506s] -- Installing: /home/zubeyir48/ros2_ME462_ws/install/kalbot_interfaces/include/kalbot_interfaces/kalbot_interfaces/msg/detail
[1.506s] -- Installing: /home/zubeyir48/ros2_ME462_ws/install/kalbot_interfaces/include/kalbot_interfaces/kalbot_interfaces/msg/detail/motor_command__functions.h
[1.506s] -- Installing: /home/zubeyir48/ros2_ME462_ws/install/kalbot_interfaces/include/kalbot_interfaces/kalbot_interfaces/msg/detail/motor_command__type_support.h
[1.506s] -- Installing: /home/zubeyir48/ros2_ME462_ws/install/kalbot_interfaces/include/kalbot_interfaces/kalbot_interfaces/msg/detail/motor_command__struct.h
[1.506s] -- Installing: /home/zubeyir48/ros2_ME462_ws/install/kalbot_interfaces/include/kalbot_interfaces/kalbot_interfaces/msg/detail/motor_command__functions.c
[1.506s] -- Installing: /home/zubeyir48/ros2_ME462_ws/install/kalbot_interfaces/include/kalbot_interfaces/kalbot_interfaces/msg/motor_command.h
[1.506s] -- Installing: /home/zubeyir48/ros2_ME462_ws/install/kalbot_interfaces/include/kalbot_interfaces/kalbot_interfaces/msg/rosidl_generator_c__visibility_control.h
[1.506s] -- Installing: /home/zubeyir48/ros2_ME462_ws/install/kalbot_interfaces/share/kalbot_interfaces/environment/library_path.sh
[1.506s] -- Installing: /home/zubeyir48/ros2_ME462_ws/install/kalbot_interfaces/share/kalbot_interfaces/environment/library_path.dsv
[1.506s] -- Installing: /home/zubeyir48/ros2_ME462_ws/install/kalbot_interfaces/lib/libkalbot_interfaces__rosidl_generator_c.so
[1.507s] -- Set runtime path of "/home/zubeyir48/ros2_ME462_ws/install/kalbot_interfaces/lib/libkalbot_interfaces__rosidl_generator_c.so" to ""
[1.507s] -- Up-to-date: /home/zubeyir48/ros2_ME462_ws/install/kalbot_interfaces/include/kalbot_interfaces/kalbot_interfaces
[1.507s] -- Up-to-date: /home/zubeyir48/ros2_ME462_ws/install/kalbot_interfaces/include/kalbot_interfaces/kalbot_interfaces/msg
[1.507s] -- Up-to-date: /home/zubeyir48/ros2_ME462_ws/install/kalbot_interfaces/include/kalbot_interfaces/kalbot_interfaces/msg/detail
[1.507s] -- Installing: /home/zubeyir48/ros2_ME462_ws/install/kalbot_interfaces/include/kalbot_interfaces/kalbot_interfaces/msg/detail/motor_command__rosidl_typesupport_fastrtps_c.h
[1.507s] -- Installing: /home/zubeyir48/ros2_ME462_ws/install/kalbot_interfaces/include/kalbot_interfaces/kalbot_interfaces/msg/rosidl_typesupport_fastrtps_c__visibility_control.h
[1.507s] -- Installing: /home/zubeyir48/ros2_ME462_ws/install/kalbot_interfaces/lib/libkalbot_interfaces__rosidl_typesupport_fastrtps_c.so
[1.507s] -- Set runtime path of "/home/zubeyir48/ros2_ME462_ws/install/kalbot_interfaces/lib/libkalbot_interfaces__rosidl_typesupport_fastrtps_c.so" to ""
[1.507s] -- Up-to-date: /home/zubeyir48/ros2_ME462_ws/install/kalbot_interfaces/include/kalbot_interfaces/kalbot_interfaces
[1.507s] -- Up-to-date: /home/zubeyir48/ros2_ME462_ws/install/kalbot_interfaces/include/kalbot_interfaces/kalbot_interfaces/msg
[1.507s] -- Up-to-date: /home/zubeyir48/ros2_ME462_ws/install/kalbot_interfaces/include/kalbot_interfaces/kalbot_interfaces/msg/detail
[1.507s] -- Installing: /home/zubeyir48/ros2_ME462_ws/install/kalbot_interfaces/include/kalbot_interfaces/kalbot_interfaces/msg/detail/motor_command__type_support.c
[1.507s] -- Installing: /home/zubeyir48/ros2_ME462_ws/install/kalbot_interfaces/include/kalbot_interfaces/kalbot_interfaces/msg/detail/motor_command__rosidl_typesupport_introspection_c.h
[1.507s] -- Installing: /home/zubeyir48/ros2_ME462_ws/install/kalbot_interfaces/include/kalbot_interfaces/kalbot_interfaces/msg/rosidl_typesupport_introspection_c__visibility_control.h
[1.508s] -- Installing: /home/zubeyir48/ros2_ME462_ws/install/kalbot_interfaces/lib/libkalbot_interfaces__rosidl_typesupport_introspection_c.so
[1.508s] -- Set runtime path of "/home/zubeyir48/ros2_ME462_ws/install/kalbot_interfaces/lib/libkalbot_interfaces__rosidl_typesupport_introspection_c.so" to ""
[1.508s] -- Installing: /home/zubeyir48/ros2_ME462_ws/install/kalbot_interfaces/lib/libkalbot_interfaces__rosidl_typesupport_c.so
[1.508s] -- Set runtime path of "/home/zubeyir48/ros2_ME462_ws/install/kalbot_interfaces/lib/libkalbot_interfaces__rosidl_typesupport_c.so" to ""
[1.508s] -- Up-to-date: /home/zubeyir48/ros2_ME462_ws/install/kalbot_interfaces/include/kalbot_interfaces/kalbot_interfaces
[1.508s] -- Up-to-date: /home/zubeyir48/ros2_ME462_ws/install/kalbot_interfaces/include/kalbot_interfaces/kalbot_interfaces/msg
[1.508s] -- Up-to-date: /home/zubeyir48/ros2_ME462_ws/install/kalbot_interfaces/include/kalbot_interfaces/kalbot_interfaces/msg/detail
[1.508s] -- Installing: /home/zubeyir48/ros2_ME462_ws/install/kalbot_interfaces/include/kalbot_interfaces/kalbot_interfaces/msg/detail/motor_command__struct.hpp
[1.508s] -- Installing: /home/zubeyir48/ros2_ME462_ws/install/kalbot_interfaces/include/kalbot_interfaces/kalbot_interfaces/msg/detail/motor_command__builder.hpp
[1.508s] -- Installing: /home/zubeyir48/ros2_ME462_ws/install/kalbot_interfaces/include/kalbot_interfaces/kalbot_interfaces/msg/detail/motor_command__traits.hpp
[1.508s] -- Installing: /home/zubeyir48/ros2_ME462_ws/install/kalbot_interfaces/include/kalbot_interfaces/kalbot_interfaces/msg/motor_command.hpp
[1.509s] -- Up-to-date: /home/zubeyir48/ros2_ME462_ws/install/kalbot_interfaces/include/kalbot_interfaces/kalbot_interfaces
[1.509s] -- Up-to-date: /home/zubeyir48/ros2_ME462_ws/install/kalbot_interfaces/include/kalbot_interfaces/kalbot_interfaces/msg
[1.509s] -- Installing: /home/zubeyir48/ros2_ME462_ws/install/kalbot_interfaces/include/kalbot_interfaces/kalbot_interfaces/msg/rosidl_typesupport_fastrtps_cpp__visibility_control.h
[1.509s] -- Up-to-date: /home/zubeyir48/ros2_ME462_ws/install/kalbot_interfaces/include/kalbot_interfaces/kalbot_interfaces/msg/detail
[1.509s] -- Installing: /home/zubeyir48/ros2_ME462_ws/install/kalbot_interfaces/include/kalbot_interfaces/kalbot_interfaces/msg/detail/dds_fastrtps
[1.509s] -- Installing: /home/zubeyir48/ros2_ME462_ws/install/kalbot_interfaces/include/kalbot_interfaces/kalbot_interfaces/msg/detail/motor_command__rosidl_typesupport_fastrtps_cpp.hpp
[1.509s] -- Installing: /home/zubeyir48/ros2_ME462_ws/install/kalbot_interfaces/lib/libkalbot_interfaces__rosidl_typesupport_fastrtps_cpp.so
[1.509s] -- Set runtime path of "/home/zubeyir48/ros2_ME462_ws/install/kalbot_interfaces/lib/libkalbot_interfaces__rosidl_typesupport_fastrtps_cpp.so" to ""
[1.509s] -- Up-to-date: /home/zubeyir48/ros2_ME462_ws/install/kalbot_interfaces/include/kalbot_interfaces/kalbot_interfaces
[1.509s] -- Up-to-date: /home/zubeyir48/ros2_ME462_ws/install/kalbot_interfaces/include/kalbot_interfaces/kalbot_interfaces/msg
[1.509s] -- Up-to-date: /home/zubeyir48/ros2_ME462_ws/install/kalbot_interfaces/include/kalbot_interfaces/kalbot_interfaces/msg/detail
[1.509s] -- Installing: /home/zubeyir48/ros2_ME462_ws/install/kalbot_interfaces/include/kalbot_interfaces/kalbot_interfaces/msg/detail/motor_command__type_support.cpp
[1.509s] -- Installing: /home/zubeyir48/ros2_ME462_ws/install/kalbot_interfaces/include/kalbot_interfaces/kalbot_interfaces/msg/detail/motor_command__rosidl_typesupport_introspection_cpp.hpp
[1.509s] -- Installing: /home/zubeyir48/ros2_ME462_ws/install/kalbot_interfaces/lib/libkalbot_interfaces__rosidl_typesupport_introspection_cpp.so
[1.509s] -- Set runtime path of "/home/zubeyir48/ros2_ME462_ws/install/kalbot_interfaces/lib/libkalbot_interfaces__rosidl_typesupport_introspection_cpp.so" to ""
[1.509s] -- Installing: /home/zubeyir48/ros2_ME462_ws/install/kalbot_interfaces/lib/libkalbot_interfaces__rosidl_typesupport_cpp.so
[1.509s] -- Set runtime path of "/home/zubeyir48/ros2_ME462_ws/install/kalbot_interfaces/lib/libkalbot_interfaces__rosidl_typesupport_cpp.so" to ""
[1.509s] -- Installing: /home/zubeyir48/ros2_ME462_ws/install/kalbot_interfaces/share/kalbot_interfaces/environment/pythonpath.sh
[1.510s] -- Installing: /home/zubeyir48/ros2_ME462_ws/install/kalbot_interfaces/share/kalbot_interfaces/environment/pythonpath.dsv
[1.510s] -- Installing: /home/zubeyir48/ros2_ME462_ws/install/kalbot_interfaces/local/lib/python3.10/dist-packages/kalbot_interfaces-0.0.0-py3.10.egg-info
[1.510s] -- Installing: /home/zubeyir48/ros2_ME462_ws/install/kalbot_interfaces/local/lib/python3.10/dist-packages/kalbot_interfaces-0.0.0-py3.10.egg-info/PKG-INFO
[1.510s] -- Installing: /home/zubeyir48/ros2_ME462_ws/install/kalbot_interfaces/local/lib/python3.10/dist-packages/kalbot_interfaces-0.0.0-py3.10.egg-info/top_level.txt
[1.510s] -- Installing: /home/zubeyir48/ros2_ME462_ws/install/kalbot_interfaces/local/lib/python3.10/dist-packages/kalbot_interfaces-0.0.0-py3.10.egg-info/SOURCES.txt
[1.510s] -- Installing: /home/zubeyir48/ros2_ME462_ws/install/kalbot_interfaces/local/lib/python3.10/dist-packages/kalbot_interfaces-0.0.0-py3.10.egg-info/dependency_links.txt
[1.510s] -- Installing: /home/zubeyir48/ros2_ME462_ws/install/kalbot_interfaces/local/lib/python3.10/dist-packages/kalbot_interfaces
[1.510s] -- Installing: /home/zubeyir48/ros2_ME462_ws/install/kalbot_interfaces/local/lib/python3.10/dist-packages/kalbot_interfaces/_kalbot_interfaces_s.ep.rosidl_typesupport_introspection_c.c
[1.510s] -- Installing: /home/zubeyir48/ros2_ME462_ws/install/kalbot_interfaces/local/lib/python3.10/dist-packages/kalbot_interfaces/_kalbot_interfaces_s.ep.rosidl_typesupport_c.c
[1.510s] -- Installing: /home/zubeyir48/ros2_ME462_ws/install/kalbot_interfaces/local/lib/python3.10/dist-packages/kalbot_interfaces/_kalbot_interfaces_s.ep.rosidl_typesupport_fastrtps_c.c
[1.510s] -- Installing: /home/zubeyir48/ros2_ME462_ws/install/kalbot_interfaces/local/lib/python3.10/dist-packages/kalbot_interfaces/__init__.py
[1.510s] -- Installing: /home/zubeyir48/ros2_ME462_ws/install/kalbot_interfaces/local/lib/python3.10/dist-packages/kalbot_interfaces/kalbot_interfaces_s__rosidl_typesupport_fastrtps_c.cpython-310-x86_64-linux-gnu.so
[1.510s] -- Installing: /home/zubeyir48/ros2_ME462_ws/install/kalbot_interfaces/local/lib/python3.10/dist-packages/kalbot_interfaces/msg
[1.510s] -- Installing: /home/zubeyir48/ros2_ME462_ws/install/kalbot_interfaces/local/lib/python3.10/dist-packages/kalbot_interfaces/msg/_motor_command.py
[1.510s] -- Installing: /home/zubeyir48/ros2_ME462_ws/install/kalbot_interfaces/local/lib/python3.10/dist-packages/kalbot_interfaces/msg/__init__.py
[1.510s] -- Installing: /home/zubeyir48/ros2_ME462_ws/install/kalbot_interfaces/local/lib/python3.10/dist-packages/kalbot_interfaces/msg/_motor_command_s.c
[1.510s] -- Installing: /home/zubeyir48/ros2_ME462_ws/install/kalbot_interfaces/local/lib/python3.10/dist-packages/kalbot_interfaces/kalbot_interfaces_s__rosidl_typesupport_introspection_c.cpython-310-x86_64-linux-gnu.so
[1.510s] -- Installing: /home/zubeyir48/ros2_ME462_ws/install/kalbot_interfaces/local/lib/python3.10/dist-packages/kalbot_interfaces/libkalbot_interfaces__rosidl_generator_py.so
[1.510s] -- Installing: /home/zubeyir48/ros2_ME462_ws/install/kalbot_interfaces/local/lib/python3.10/dist-packages/kalbot_interfaces/kalbot_interfaces_s__rosidl_typesupport_c.cpython-310-x86_64-linux-gnu.so
[1.530s] Listing '/home/zubeyir48/ros2_ME462_ws/install/kalbot_interfaces/local/lib/python3.10/dist-packages/kalbot_interfaces'...
[1.530s] Compiling '/home/zubeyir48/ros2_ME462_ws/install/kalbot_interfaces/local/lib/python3.10/dist-packages/kalbot_interfaces/__init__.py'...
[1.530s] Listing '/home/zubeyir48/ros2_ME462_ws/install/kalbot_interfaces/local/lib/python3.10/dist-packages/kalbot_interfaces/msg'...
[1.530s] Compiling '/home/zubeyir48/ros2_ME462_ws/install/kalbot_interfaces/local/lib/python3.10/dist-packages/kalbot_interfaces/msg/__init__.py'...
[1.530s] Compiling '/home/zubeyir48/ros2_ME462_ws/install/kalbot_interfaces/local/lib/python3.10/dist-packages/kalbot_interfaces/msg/_motor_command.py'...
[1.532s] -- Installing: /home/zubeyir48/ros2_ME462_ws/install/kalbot_interfaces/local/lib/python3.10/dist-packages/kalbot_interfaces/kalbot_interfaces_s__rosidl_typesupport_fastrtps_c.cpython-310-x86_64-linux-gnu.so
[1.533s] -- Set runtime path of "/home/zubeyir48/ros2_ME462_ws/install/kalbot_interfaces/local/lib/python3.10/dist-packages/kalbot_interfaces/kalbot_interfaces_s__rosidl_typesupport_fastrtps_c.cpython-310-x86_64-linux-gnu.so" to ""
[1.533s] -- Installing: /home/zubeyir48/ros2_ME462_ws/install/kalbot_interfaces/local/lib/python3.10/dist-packages/kalbot_interfaces/kalbot_interfaces_s__rosidl_typesupport_introspection_c.cpython-310-x86_64-linux-gnu.so
[1.533s] -- Set runtime path of "/home/zubeyir48/ros2_ME462_ws/install/kalbot_interfaces/local/lib/python3.10/dist-packages/kalbot_interfaces/kalbot_interfaces_s__rosidl_typesupport_introspection_c.cpython-310-x86_64-linux-gnu.so" to ""
[1.533s] -- Installing: /home/zubeyir48/ros2_ME462_ws/install/kalbot_interfaces/local/lib/python3.10/dist-packages/kalbot_interfaces/kalbot_interfaces_s__rosidl_typesupport_c.cpython-310-x86_64-linux-gnu.so
[1.533s] -- Set runtime path of "/home/zubeyir48/ros2_ME462_ws/install/kalbot_interfaces/local/lib/python3.10/dist-packages/kalbot_interfaces/kalbot_interfaces_s__rosidl_typesupport_c.cpython-310-x86_64-linux-gnu.so" to ""
[1.533s] -- Installing: /home/zubeyir48/ros2_ME462_ws/install/kalbot_interfaces/lib/libkalbot_interfaces__rosidl_generator_py.so
[1.533s] -- Set runtime path of "/home/zubeyir48/ros2_ME462_ws/install/kalbot_interfaces/lib/libkalbot_interfaces__rosidl_generator_py.so" to ""
[1.533s] -- Installing: /home/zubeyir48/ros2_ME462_ws/install/kalbot_interfaces/share/kalbot_interfaces/msg/MotorCommand.idl
[1.533s] -- Installing: /home/zubeyir48/ros2_ME462_ws/install/kalbot_interfaces/share/kalbot_interfaces/msg/MotorCommand.msg
[1.533s] -- Installing: /home/zubeyir48/ros2_ME462_ws/install/kalbot_interfaces/share/ament_index/resource_index/package_run_dependencies/kalbot_interfaces
[1.533s] -- Installing: /home/zubeyir48/ros2_ME462_ws/install/kalbot_interfaces/share/ament_index/resource_index/parent_prefix_path/kalbot_interfaces
[1.533s] -- Installing: /home/zubeyir48/ros2_ME462_ws/install/kalbot_interfaces/share/kalbot_interfaces/environment/ament_prefix_path.sh
[1.533s] -- Installing: /home/zubeyir48/ros2_ME462_ws/install/kalbot_interfaces/share/kalbot_interfaces/environment/ament_prefix_path.dsv
[1.533s] -- Installing: /home/zubeyir48/ros2_ME462_ws/install/kalbot_interfaces/share/kalbot_interfaces/environment/path.sh
[1.533s] -- Installing: /home/zubeyir48/ros2_ME462_ws/install/kalbot_interfaces/share/kalbot_interfaces/environment/path.dsv
[1.533s] -- Installing: /home/zubeyir48/ros2_ME462_ws/install/kalbot_interfaces/share/kalbot_interfaces/local_setup.bash
[1.533s] -- Installing: /home/zubeyir48/ros2_ME462_ws/install/kalbot_interfaces/share/kalbot_interfaces/local_setup.sh
[1.533s] -- Installing: /home/zubeyir48/ros2_ME462_ws/install/kalbot_interfaces/share/kalbot_interfaces/local_setup.zsh
[1.533s] -- Installing: /home/zubeyir48/ros2_ME462_ws/install/kalbot_interfaces/share/kalbot_interfaces/local_setup.dsv
[1.533s] -- Installing: /home/zubeyir48/ros2_ME462_ws/install/kalbot_interfaces/share/kalbot_interfaces/package.dsv
[1.534s] -- Installing: /home/zubeyir48/ros2_ME462_ws/install/kalbot_interfaces/share/ament_index/resource_index/packages/kalbot_interfaces
[1.534s] -- Installing: /home/zubeyir48/ros2_ME462_ws/install/kalbot_interfaces/share/kalbot_interfaces/cmake/export_kalbot_interfaces__rosidl_generator_cExport.cmake
[1.534s] -- Installing: /home/zubeyir48/ros2_ME462_ws/install/kalbot_interfaces/share/kalbot_interfaces/cmake/export_kalbot_interfaces__rosidl_generator_cExport-noconfig.cmake
[1.534s] -- Installing: /home/zubeyir48/ros2_ME462_ws/install/kalbot_interfaces/share/kalbot_interfaces/cmake/export_kalbot_interfaces__rosidl_typesupport_fastrtps_cExport.cmake
[1.534s] -- Installing: /home/zubeyir48/ros2_ME462_ws/install/kalbot_interfaces/share/kalbot_interfaces/cmake/export_kalbot_interfaces__rosidl_typesupport_fastrtps_cExport-noconfig.cmake
[1.534s] -- Installing: /home/zubeyir48/ros2_ME462_ws/install/kalbot_interfaces/share/kalbot_interfaces/cmake/kalbot_interfaces__rosidl_typesupport_introspection_cExport.cmake
[1.534s] -- Installing: /home/zubeyir48/ros2_ME462_ws/install/kalbot_interfaces/share/kalbot_interfaces/cmake/kalbot_interfaces__rosidl_typesupport_introspection_cExport-noconfig.cmake
[1.534s] -- Installing: /home/zubeyir48/ros2_ME462_ws/install/kalbot_interfaces/share/kalbot_interfaces/cmake/kalbot_interfaces__rosidl_typesupport_cExport.cmake
[1.534s] -- Installing: /home/zubeyir48/ros2_ME462_ws/install/kalbot_interfaces/share/kalbot_interfaces/cmake/kalbot_interfaces__rosidl_typesupport_cExport-noconfig.cmake
[1.534s] -- Installing: /home/zubeyir48/ros2_ME462_ws/install/kalbot_interfaces/share/kalbot_interfaces/cmake/export_kalbot_interfaces__rosidl_generator_cppExport.cmake
[1.534s] -- Installing: /home/zubeyir48/ros2_ME462_ws/install/kalbot_interfaces/share/kalbot_interfaces/cmake/export_kalbot_interfaces__rosidl_typesupport_fastrtps_cppExport.cmake
[1.534s] -- Installing: /home/zubeyir48/ros2_ME462_ws/install/kalbot_interfaces/share/kalbot_interfaces/cmake/export_kalbot_interfaces__rosidl_typesupport_fastrtps_cppExport-noconfig.cmake
[1.534s] -- Installing: /home/zubeyir48/ros2_ME462_ws/install/kalbot_interfaces/share/kalbot_interfaces/cmake/kalbot_interfaces__rosidl_typesupport_introspection_cppExport.cmake
[1.534s] -- Installing: /home/zubeyir48/ros2_ME462_ws/install/kalbot_interfaces/share/kalbot_interfaces/cmake/kalbot_interfaces__rosidl_typesupport_introspection_cppExport-noconfig.cmake
[1.534s] -- Installing: /home/zubeyir48/ros2_ME462_ws/install/kalbot_interfaces/share/kalbot_interfaces/cmake/kalbot_interfaces__rosidl_typesupport_cppExport.cmake
[1.534s] -- Installing: /home/zubeyir48/ros2_ME462_ws/install/kalbot_interfaces/share/kalbot_interfaces/cmake/kalbot_interfaces__rosidl_typesupport_cppExport-noconfig.cmake
[1.534s] -- Installing: /home/zubeyir48/ros2_ME462_ws/install/kalbot_interfaces/share/kalbot_interfaces/cmake/export_kalbot_interfaces__rosidl_generator_pyExport.cmake
[1.534s] -- Installing: /home/zubeyir48/ros2_ME462_ws/install/kalbot_interfaces/share/kalbot_interfaces/cmake/export_kalbot_interfaces__rosidl_generator_pyExport-noconfig.cmake
[1.534s] -- Installing: /home/zubeyir48/ros2_ME462_ws/install/kalbot_interfaces/share/kalbot_interfaces/cmake/rosidl_cmake-extras.cmake
[1.534s] -- Installing: /home/zubeyir48/ros2_ME462_ws/install/kalbot_interfaces/share/kalbot_interfaces/cmake/ament_cmake_export_include_directories-extras.cmake
[1.534s] -- Installing: /home/zubeyir48/ros2_ME462_ws/install/kalbot_interfaces/share/kalbot_interfaces/cmake/ament_cmake_export_libraries-extras.cmake
[1.534s] -- Installing: /home/zubeyir48/ros2_ME462_ws/install/kalbot_interfaces/share/kalbot_interfaces/cmake/ament_cmake_export_targets-extras.cmake
[1.534s] -- Installing: /home/zubeyir48/ros2_ME462_ws/install/kalbot_interfaces/share/kalbot_interfaces/cmake/rosidl_cmake_export_typesupport_targets-extras.cmake
[1.534s] -- Installing: /home/zubeyir48/ros2_ME462_ws/install/kalbot_interfaces/share/kalbot_interfaces/cmake/ament_cmake_export_dependencies-extras.cmake
[1.534s] -- Installing: /home/zubeyir48/ros2_ME462_ws/install/kalbot_interfaces/share/kalbot_interfaces/cmake/rosidl_cmake_export_typesupport_libraries-extras.cmake
[1.535s] -- Installing: /home/zubeyir48/ros2_ME462_ws/install/kalbot_interfaces/share/kalbot_interfaces/cmake/kalbot_interfacesConfig.cmake
[1.535s] -- Installing: /home/zubeyir48/ros2_ME462_ws/install/kalbot_interfaces/share/kalbot_interfaces/cmake/kalbot_interfacesConfig-version.cmake
[1.535s] -- Installing: /home/zubeyir48/ros2_ME462_ws/install/kalbot_interfaces/share/kalbot_interfaces/package.xml
[1.536s] Invoked command in '/home/zubeyir48/ros2_ME462_ws/build/kalbot_interfaces' returned '0': CMAKE_PREFIX_PATH=/home/zubeyir48/ros2_ME462_ws/install/tutorial_robot_controller:/home/zubeyir48/ros2_ME462_ws/install/robot_controller:/opt/ros/humble /usr/bin/cmake --install /home/zubeyir48/ros2_ME462_ws/build/kalbot_interfaces
