[0.006s] Invoking command in '/home/zubeyir48/ros2_ME462_ws/build/robot_controller': /usr/bin/cmake /home/zubeyir48/ros2_ME462_ws/src/robot_controller -DCMAKE_INSTALL_PREFIX=/home/zubeyir48/ros2_ME462_ws/install/robot_controller
[0.020s] [33mCMake Warning (dev) in CMakeLists.txt:
[0.020s]   No project() command is present.  The top-level CMakeLists.txt file must
[0.020s]   contain a literal, direct call to the project() command.  Add a line of
[0.020s]   code such as
[0.020s] 
[0.020s]     project(ProjectName)
[0.020s] 
[0.020s]   near the top of the file, but after cmake_minimum_required().
[0.020s] 
[0.020s]   CMake is pretending there is a "project(Project)" command on the first
[0.020s]   line.
[0.020s] This warning is for project developers.  Use -Wno-dev to suppress it.
[0.020s] [0m
[0.090s] -- The C compiler identification is GNU 11.3.0
[0.170s] -- The CXX compiler identification is GNU 11.3.0
[0.181s] -- Detecting C compiler ABI info
[0.238s] -- Detecting C compiler ABI info - done
[0.247s] -- Check for working C compiler: /usr/bin/cc - skipped
[0.248s] -- Detecting C compile features
[0.248s] -- Detecting C compile features - done
[0.254s] -- Detecting CXX compiler ABI info
[0.319s] -- Detecting CXX compiler ABI info - done
[0.327s] -- Check for working CXX compiler: /usr/bin/c++ - skipped
[0.328s] -- Detecting CXX compile features
[0.328s] -- Detecting CXX compile features - done
[0.331s] -- Found rosidl_default_generators: 1.2.0 (/opt/ros/humble/share/rosidl_default_generators/cmake)
[0.332s] -- Found ament_cmake_core: 1.3.4 (/opt/ros/humble/share/ament_cmake_core/cmake)
[0.452s] -- Found Python3: /usr/bin/python3.10 (found version "3.10.6") found components: Interpreter 
[0.487s] [33mCMake Warning (dev) at /opt/ros/humble/share/ament_cmake_core/cmake/core/list_append_unique.cmake:30 (if):
[0.487s]   Policy CMP0057 is not set: Support new IN_LIST if() operator.  Run "cmake
[0.487s]   --help-policy CMP0057" for policy details.  Use the cmake_policy command to
[0.487s]   set the policy and suppress this warning.
[0.487s] 
[0.487s]   IN_LIST will be interpreted as an operator when the policy is set to NEW.
[0.488s]   Since the policy is not set the OLD behavior will be used.
[0.488s] Call Stack (most recent call first):
[0.488s]   /opt/ros/humble/share/ament_cmake_core/cmake/index/ament_index_get_resources.cmake:51 (list_append_unique)
[0.488s]   /opt/ros/humble/share/rosidl_default_generators/cmake/rosidl_default_generators-extras.cmake:5 (ament_index_get_resources)
[0.488s]   /opt/ros/humble/share/rosidl_default_generators/cmake/rosidl_default_generatorsConfig.cmake:41 (include)
[0.488s]   CMakeLists.txt:1 (find_package)
[0.488s] This warning is for project developers.  Use -Wno-dev to suppress it.
[0.488s] [0m
[0.488s] [31mCMake Error at /opt/ros/humble/share/ament_cmake_core/cmake/core/list_append_unique.cmake:30 (if):
[0.488s]   if given arguments:
[0.488s] 
[0.488s]     "NOT" "element" "IN_LIST" "paths_to_search"
[0.488s] 
[0.488s]   Unknown arguments specified
[0.488s] Call Stack (most recent call first):
[0.488s]   /opt/ros/humble/share/ament_cmake_core/cmake/index/ament_index_get_resources.cmake:51 (list_append_unique)
[0.488s]   /opt/ros/humble/share/rosidl_default_generators/cmake/rosidl_default_generators-extras.cmake:5 (ament_index_get_resources)
[0.488s]   /opt/ros/humble/share/rosidl_default_generators/cmake/rosidl_default_generatorsConfig.cmake:41 (include)
[0.488s]   CMakeLists.txt:1 (find_package)
[0.489s] 
[0.489s] [0m
[0.489s] [33mCMake Warning (dev) in CMakeLists.txt:
[0.489s]   No cmake_minimum_required command is present.  A line of code such as
[0.489s] 
[0.489s]     cmake_minimum_required(VERSION 3.22)
[0.489s] 
[0.489s]   should be added at the top of the file.  The version specified may be lower
[0.489s]   if you wish to support older CMake versions for this project.  For more
[0.489s]   information run "cmake --help-policy CMP0000".
[0.489s] This warning is for project developers.  Use -Wno-dev to suppress it.
[0.489s] [0m
[0.489s] -- Configuring incomplete, errors occurred!
[0.489s] See also "/home/zubeyir48/ros2_ME462_ws/build/robot_controller/CMakeFiles/CMakeOutput.log".
[0.490s] Invoked command in '/home/zubeyir48/ros2_ME462_ws/build/robot_controller' returned '1': /usr/bin/cmake /home/zubeyir48/ros2_ME462_ws/src/robot_controller -DCMAKE_INSTALL_PREFIX=/home/zubeyir48/ros2_ME462_ws/install/robot_controller
