[1.724s] DEBUG:colcon:Command line arguments: ['/usr/bin/colcon', 'build']
[1.725s] DEBUG:colcon:Parsed command line arguments: Namespace(allow_overriding=[], ament_cmake_args=None, base_paths=['.'], build_base='build', catkin_cmake_args=None, catkin_skip_building_tests=False, cmake_args=None, cmake_clean_cache=False, cmake_clean_first=False, cmake_force_configure=False, cmake_target=None, cmake_target_skip_unavailable=False, continue_on_error=False, event_handlers=None, executor='parallel', ignore_user_meta=False, install_base='install', log_base=None, log_level=None, main=<bound method BuildVerb.main of <colcon_core.verb.build.BuildVerb object at 0x7fae23f6a0>>, merge_install=False, metas=['./colcon.meta'], packages_above=None, packages_above_and_dependencies=None, packages_above_depth=None, packages_end=None, packages_ignore=None, packages_ignore_regex=None, packages_select=None, packages_select_build_failed=False, packages_select_by_dep=None, packages_select_regex=None, packages_select_test_failures=False, packages_skip=None, packages_skip_build_finished=False, packages_skip_by_dep=None, packages_skip_regex=None, packages_skip_test_passed=False, packages_skip_up_to=None, packages_start=None, packages_up_to=None, packages_up_to_regex=None, parallel_workers=4, paths=None, symlink_install=False, test_result_base=None, verb_extension=<colcon_core.verb.build.BuildVerb object at 0x7fae23f6a0>, verb_name='build', verb_parser=<colcon_defaults.argument_parser.defaults.DefaultArgumentsDecorator object at 0x7fae23fa20>)
[1.980s] Level 1:colcon.colcon_core.package_discovery:discover_packages(colcon_meta) check parameters
[1.982s] Level 1:colcon.colcon_core.package_discovery:discover_packages(recursive) check parameters
[1.982s] Level 1:colcon.colcon_core.package_discovery:discover_packages(ignore) check parameters
[1.982s] Level 1:colcon.colcon_core.package_discovery:discover_packages(path) check parameters
[1.982s] Level 1:colcon.colcon_core.package_discovery:discover_packages(colcon_meta) discover
[1.984s] Level 1:colcon.colcon_core.package_discovery:discover_packages(recursive) discover
[1.985s] INFO:colcon.colcon_core.package_discovery:Crawling recursively for packages in '/home/alibaba/ros2_repos'
[1.985s] Level 1:colcon.colcon_core.package_identification:_identify(.) by extensions ['ignore', 'ignore_ament_install']
[1.986s] Level 1:colcon.colcon_core.package_identification:_identify(.) by extension 'ignore'
[1.987s] Level 1:colcon.colcon_core.package_identification:_identify(.) by extension 'ignore_ament_install'
[1.987s] Level 1:colcon.colcon_core.package_identification:_identify(.) by extensions ['colcon_pkg']
[1.987s] Level 1:colcon.colcon_core.package_identification:_identify(.) by extension 'colcon_pkg'
[1.988s] Level 1:colcon.colcon_core.package_identification:_identify(.) by extensions ['colcon_meta']
[1.988s] Level 1:colcon.colcon_core.package_identification:_identify(.) by extension 'colcon_meta'
[1.988s] Level 1:colcon.colcon_core.package_identification:_identify(.) by extensions ['ros']
[1.989s] Level 1:colcon.colcon_core.package_identification:_identify(.) by extension 'ros'
[2.118s] Level 1:colcon.colcon_core.package_identification:_identify(.) by extensions ['cmake', 'python']
[2.119s] Level 1:colcon.colcon_core.package_identification:_identify(.) by extension 'cmake'
[2.120s] Level 1:colcon.colcon_core.package_identification:_identify(.) by extension 'python'
[2.121s] Level 1:colcon.colcon_core.package_identification:_identify(.) by extensions ['python_setup_py']
[2.122s] Level 1:colcon.colcon_core.package_identification:_identify(.) by extension 'python_setup_py'
[2.124s] Level 1:colcon.colcon_core.package_identification:_identify(build) by extensions ['ignore', 'ignore_ament_install']
[2.126s] Level 1:colcon.colcon_core.package_identification:_identify(build) by extension 'ignore'
[2.127s] Level 1:colcon.colcon_core.package_identification:_identify(build) ignored
[2.133s] Level 1:colcon.colcon_core.package_identification:_identify(install) by extensions ['ignore', 'ignore_ament_install']
[2.135s] Level 1:colcon.colcon_core.package_identification:_identify(install) by extension 'ignore'
[2.136s] Level 1:colcon.colcon_core.package_identification:_identify(install) ignored
[2.137s] Level 1:colcon.colcon_core.package_identification:_identify(log) by extensions ['ignore', 'ignore_ament_install']
[2.139s] Level 1:colcon.colcon_core.package_identification:_identify(log) by extension 'ignore'
[2.140s] Level 1:colcon.colcon_core.package_identification:_identify(log) ignored
[2.142s] Level 1:colcon.colcon_core.package_identification:_identify(src) by extensions ['ignore', 'ignore_ament_install']
[2.143s] Level 1:colcon.colcon_core.package_identification:_identify(src) by extension 'ignore'
[2.145s] Level 1:colcon.colcon_core.package_identification:_identify(src) by extension 'ignore_ament_install'
[2.146s] Level 1:colcon.colcon_core.package_identification:_identify(src) by extensions ['colcon_pkg']
[2.147s] Level 1:colcon.colcon_core.package_identification:_identify(src) by extension 'colcon_pkg'
[2.148s] Level 1:colcon.colcon_core.package_identification:_identify(src) by extensions ['colcon_meta']
[2.149s] Level 1:colcon.colcon_core.package_identification:_identify(src) by extension 'colcon_meta'
[2.150s] Level 1:colcon.colcon_core.package_identification:_identify(src) by extensions ['ros']
[2.152s] Level 1:colcon.colcon_core.package_identification:_identify(src) by extension 'ros'
[2.154s] Level 1:colcon.colcon_core.package_identification:_identify(src) by extensions ['cmake', 'python']
[2.155s] Level 1:colcon.colcon_core.package_identification:_identify(src) by extension 'cmake'
[2.156s] Level 1:colcon.colcon_core.package_identification:_identify(src) by extension 'python'
[2.157s] Level 1:colcon.colcon_core.package_identification:_identify(src) by extensions ['python_setup_py']
[2.158s] Level 1:colcon.colcon_core.package_identification:_identify(src) by extension 'python_setup_py'
[2.160s] Level 1:colcon.colcon_core.package_identification:_identify(src/kalbot_brignup) by extensions ['ignore', 'ignore_ament_install']
[2.162s] Level 1:colcon.colcon_core.package_identification:_identify(src/kalbot_brignup) by extension 'ignore'
[2.163s] Level 1:colcon.colcon_core.package_identification:_identify(src/kalbot_brignup) by extension 'ignore_ament_install'
[2.165s] Level 1:colcon.colcon_core.package_identification:_identify(src/kalbot_brignup) by extensions ['colcon_pkg']
[2.165s] Level 1:colcon.colcon_core.package_identification:_identify(src/kalbot_brignup) by extension 'colcon_pkg'
[2.166s] Level 1:colcon.colcon_core.package_identification:_identify(src/kalbot_brignup) by extensions ['colcon_meta']
[2.167s] Level 1:colcon.colcon_core.package_identification:_identify(src/kalbot_brignup) by extension 'colcon_meta'
[2.168s] Level 1:colcon.colcon_core.package_identification:_identify(src/kalbot_brignup) by extensions ['ros']
[2.169s] Level 1:colcon.colcon_core.package_identification:_identify(src/kalbot_brignup) by extension 'ros'
[2.197s] DEBUG:colcon.colcon_core.package_identification:Package 'src/kalbot_brignup' with type 'ros.ament_cmake' and name 'kalbot_brignup'
[2.198s] Level 1:colcon.colcon_core.package_identification:_identify(src/kalbot_controller) by extensions ['ignore', 'ignore_ament_install']
[2.199s] Level 1:colcon.colcon_core.package_identification:_identify(src/kalbot_controller) by extension 'ignore'
[2.200s] Level 1:colcon.colcon_core.package_identification:_identify(src/kalbot_controller) by extension 'ignore_ament_install'
[2.200s] Level 1:colcon.colcon_core.package_identification:_identify(src/kalbot_controller) by extensions ['colcon_pkg']
[2.201s] Level 1:colcon.colcon_core.package_identification:_identify(src/kalbot_controller) by extension 'colcon_pkg'
[2.201s] Level 1:colcon.colcon_core.package_identification:_identify(src/kalbot_controller) by extensions ['colcon_meta']
[2.202s] Level 1:colcon.colcon_core.package_identification:_identify(src/kalbot_controller) by extension 'colcon_meta'
[2.202s] Level 1:colcon.colcon_core.package_identification:_identify(src/kalbot_controller) by extensions ['ros']
[2.202s] Level 1:colcon.colcon_core.package_identification:_identify(src/kalbot_controller) by extension 'ros'
[2.209s] DEBUG:colcon.colcon_core.package_identification:Package 'src/kalbot_controller' with type 'ros.ament_python' and name 'kalbot_controller'
[2.211s] Level 1:colcon.colcon_core.package_identification:_identify(src/kalbot_interfaces) by extensions ['ignore', 'ignore_ament_install']
[2.212s] Level 1:colcon.colcon_core.package_identification:_identify(src/kalbot_interfaces) by extension 'ignore'
[2.213s] Level 1:colcon.colcon_core.package_identification:_identify(src/kalbot_interfaces) by extension 'ignore_ament_install'
[2.213s] Level 1:colcon.colcon_core.package_identification:_identify(src/kalbot_interfaces) by extensions ['colcon_pkg']
[2.213s] Level 1:colcon.colcon_core.package_identification:_identify(src/kalbot_interfaces) by extension 'colcon_pkg'
[2.214s] Level 1:colcon.colcon_core.package_identification:_identify(src/kalbot_interfaces) by extensions ['colcon_meta']
[2.214s] Level 1:colcon.colcon_core.package_identification:_identify(src/kalbot_interfaces) by extension 'colcon_meta'
[2.215s] Level 1:colcon.colcon_core.package_identification:_identify(src/kalbot_interfaces) by extensions ['ros']
[2.215s] Level 1:colcon.colcon_core.package_identification:_identify(src/kalbot_interfaces) by extension 'ros'
[2.219s] DEBUG:colcon.colcon_core.package_identification:Package 'src/kalbot_interfaces' with type 'ros.ament_cmake' and name 'kalbot_interfaces'
[2.220s] Level 1:colcon.colcon_core.package_discovery:discover_packages(recursive) using defaults
[2.222s] Level 1:colcon.colcon_core.package_discovery:discover_packages(ignore) discover
[2.222s] Level 1:colcon.colcon_core.package_discovery:discover_packages(ignore) using defaults
[2.223s] Level 1:colcon.colcon_core.package_discovery:discover_packages(path) discover
[2.223s] Level 1:colcon.colcon_core.package_discovery:discover_packages(path) using defaults
[2.408s] Level 1:colcon.colcon_core.package_discovery:discover_packages(prefix_path) check parameters
[2.408s] Level 1:colcon.colcon_core.package_discovery:discover_packages(prefix_path) discover
[2.433s] DEBUG:colcon.colcon_installed_package_information.package_discovery:Found 2 installed packages in /home/alibaba/ros2_repos/install
[2.451s] DEBUG:colcon.colcon_installed_package_information.package_discovery:Found 232 installed packages in /opt/ros/eloquent
[2.469s] Level 1:colcon.colcon_core.package_discovery:discover_packages(prefix_path) using defaults
[3.025s] Level 5:colcon.colcon_core.verb:set package 'kalbot_brignup' build argument 'cmake_args' from command line to 'None'
[3.026s] Level 5:colcon.colcon_core.verb:set package 'kalbot_brignup' build argument 'cmake_target' from command line to 'None'
[3.026s] Level 5:colcon.colcon_core.verb:set package 'kalbot_brignup' build argument 'cmake_target_skip_unavailable' from command line to 'False'
[3.026s] Level 5:colcon.colcon_core.verb:set package 'kalbot_brignup' build argument 'cmake_clean_cache' from command line to 'False'
[3.026s] Level 5:colcon.colcon_core.verb:set package 'kalbot_brignup' build argument 'cmake_clean_first' from command line to 'False'
[3.027s] Level 5:colcon.colcon_core.verb:set package 'kalbot_brignup' build argument 'cmake_force_configure' from command line to 'False'
[3.027s] Level 5:colcon.colcon_core.verb:set package 'kalbot_brignup' build argument 'ament_cmake_args' from command line to 'None'
[3.027s] Level 5:colcon.colcon_core.verb:set package 'kalbot_brignup' build argument 'catkin_cmake_args' from command line to 'None'
[3.027s] Level 5:colcon.colcon_core.verb:set package 'kalbot_brignup' build argument 'catkin_skip_building_tests' from command line to 'False'
[3.028s] DEBUG:colcon.colcon_core.verb:Building package 'kalbot_brignup' with the following arguments: {'ament_cmake_args': None, 'build_base': '/home/alibaba/ros2_repos/build/kalbot_brignup', 'catkin_cmake_args': None, 'catkin_skip_building_tests': False, 'cmake_args': None, 'cmake_clean_cache': False, 'cmake_clean_first': False, 'cmake_force_configure': False, 'cmake_target': None, 'cmake_target_skip_unavailable': False, 'install_base': '/home/alibaba/ros2_repos/install/kalbot_brignup', 'merge_install': False, 'path': '/home/alibaba/ros2_repos/src/kalbot_brignup', 'symlink_install': False, 'test_result_base': None}
[3.038s] Level 5:colcon.colcon_core.verb:set package 'kalbot_interfaces' build argument 'cmake_args' from command line to 'None'
[3.038s] Level 5:colcon.colcon_core.verb:set package 'kalbot_interfaces' build argument 'cmake_target' from command line to 'None'
[3.038s] Level 5:colcon.colcon_core.verb:set package 'kalbot_interfaces' build argument 'cmake_target_skip_unavailable' from command line to 'False'
[3.038s] Level 5:colcon.colcon_core.verb:set package 'kalbot_interfaces' build argument 'cmake_clean_cache' from command line to 'False'
[3.039s] Level 5:colcon.colcon_core.verb:set package 'kalbot_interfaces' build argument 'cmake_clean_first' from command line to 'False'
[3.039s] Level 5:colcon.colcon_core.verb:set package 'kalbot_interfaces' build argument 'cmake_force_configure' from command line to 'False'
[3.039s] Level 5:colcon.colcon_core.verb:set package 'kalbot_interfaces' build argument 'ament_cmake_args' from command line to 'None'
[3.039s] Level 5:colcon.colcon_core.verb:set package 'kalbot_interfaces' build argument 'catkin_cmake_args' from command line to 'None'
[3.040s] Level 5:colcon.colcon_core.verb:set package 'kalbot_interfaces' build argument 'catkin_skip_building_tests' from command line to 'False'
[3.040s] DEBUG:colcon.colcon_core.verb:Building package 'kalbot_interfaces' with the following arguments: {'ament_cmake_args': None, 'build_base': '/home/alibaba/ros2_repos/build/kalbot_interfaces', 'catkin_cmake_args': None, 'catkin_skip_building_tests': False, 'cmake_args': None, 'cmake_clean_cache': False, 'cmake_clean_first': False, 'cmake_force_configure': False, 'cmake_target': None, 'cmake_target_skip_unavailable': False, 'install_base': '/home/alibaba/ros2_repos/install/kalbot_interfaces', 'merge_install': False, 'path': '/home/alibaba/ros2_repos/src/kalbot_interfaces', 'symlink_install': False, 'test_result_base': None}
[3.049s] Level 5:colcon.colcon_core.verb:set package 'kalbot_controller' build argument 'cmake_args' from command line to 'None'
[3.050s] Level 5:colcon.colcon_core.verb:set package 'kalbot_controller' build argument 'cmake_target' from command line to 'None'
[3.050s] Level 5:colcon.colcon_core.verb:set package 'kalbot_controller' build argument 'cmake_target_skip_unavailable' from command line to 'False'
[3.050s] Level 5:colcon.colcon_core.verb:set package 'kalbot_controller' build argument 'cmake_clean_cache' from command line to 'False'
[3.051s] Level 5:colcon.colcon_core.verb:set package 'kalbot_controller' build argument 'cmake_clean_first' from command line to 'False'
[3.051s] Level 5:colcon.colcon_core.verb:set package 'kalbot_controller' build argument 'cmake_force_configure' from command line to 'False'
[3.051s] Level 5:colcon.colcon_core.verb:set package 'kalbot_controller' build argument 'ament_cmake_args' from command line to 'None'
[3.052s] Level 5:colcon.colcon_core.verb:set package 'kalbot_controller' build argument 'catkin_cmake_args' from command line to 'None'
[3.052s] Level 5:colcon.colcon_core.verb:set package 'kalbot_controller' build argument 'catkin_skip_building_tests' from command line to 'False'
[3.052s] DEBUG:colcon.colcon_core.verb:Building package 'kalbot_controller' with the following arguments: {'ament_cmake_args': None, 'build_base': '/home/alibaba/ros2_repos/build/kalbot_controller', 'catkin_cmake_args': None, 'catkin_skip_building_tests': False, 'cmake_args': None, 'cmake_clean_cache': False, 'cmake_clean_first': False, 'cmake_force_configure': False, 'cmake_target': None, 'cmake_target_skip_unavailable': False, 'install_base': '/home/alibaba/ros2_repos/install/kalbot_controller', 'merge_install': False, 'path': '/home/alibaba/ros2_repos/src/kalbot_controller', 'symlink_install': False, 'test_result_base': None}
[3.060s] INFO:colcon.colcon_core.executor:Executing jobs using 'parallel' executor
[3.111s] DEBUG:colcon.colcon_parallel_executor.executor.parallel:run_until_complete
[3.114s] INFO:colcon.colcon_ros.task.ament_cmake.build:Building ROS package in '/home/alibaba/ros2_repos/src/kalbot_interfaces' with build type 'ament_cmake'
[3.117s] INFO:colcon.colcon_cmake.task.cmake.build:Building CMake package in '/home/alibaba/ros2_repos/src/kalbot_interfaces'
[3.199s] INFO:colcon.colcon_core.plugin_system:Skipping extension 'colcon_core.shell.bat': Not used on non-Windows systems
[3.203s] INFO:colcon.colcon_core.shell:Skip shell extension 'powershell' for command environment: Not usable outside of PowerShell
[3.204s] DEBUG:colcon.colcon_core.shell:Skip shell extension 'dsv' for command environment
[3.324s] INFO:colcon.colcon_ros.task.ament_cmake.build:Building ROS package in '/home/alibaba/ros2_repos/src/kalbot_brignup' with build type 'ament_cmake'
[3.328s] INFO:colcon.colcon_cmake.task.cmake.build:Building CMake package in '/home/alibaba/ros2_repos/src/kalbot_brignup'
[3.354s] INFO:colcon.colcon_core.shell:Skip shell extension 'powershell' for command environment: Not usable outside of PowerShell
[3.355s] DEBUG:colcon.colcon_core.shell:Skip shell extension 'dsv' for command environment
[3.519s] DEBUG:colcon.colcon_core.event_handler.log_command:Invoking command in '/home/alibaba/ros2_repos/build/kalbot_interfaces': CMAKE_PREFIX_PATH=${CMAKE_PREFIX_PATH}:/home/alibaba/ros2_repos/install/kalbot_controller:/opt/ros/eloquent /usr/bin/cmake --build /home/alibaba/ros2_repos/build/kalbot_interfaces -- -j4 -l4
[3.610s] DEBUG:colcon.colcon_core.event_handler.log_command:Invoking command in '/home/alibaba/ros2_repos/build/kalbot_brignup': CMAKE_PREFIX_PATH=${CMAKE_PREFIX_PATH}:/home/alibaba/ros2_repos/install/kalbot_controller:/opt/ros/eloquent /usr/bin/cmake /home/alibaba/ros2_repos/src/kalbot_brignup -DCMAKE_INSTALL_PREFIX=/home/alibaba/ros2_repos/install/kalbot_brignup
[7.169s] DEBUG:colcon.colcon_core.event_handler.log_command:Invoked command in '/home/alibaba/ros2_repos/build/kalbot_interfaces' returned '0': CMAKE_PREFIX_PATH=${CMAKE_PREFIX_PATH}:/home/alibaba/ros2_repos/install/kalbot_controller:/opt/ros/eloquent /usr/bin/cmake --build /home/alibaba/ros2_repos/build/kalbot_interfaces -- -j4 -l4
[8.369s] DEBUG:colcon.colcon_core.event_handler.log_command:Invoking command in '/home/alibaba/ros2_repos/build/kalbot_interfaces': CMAKE_PREFIX_PATH=${CMAKE_PREFIX_PATH}:/home/alibaba/ros2_repos/install/kalbot_controller:/opt/ros/eloquent /usr/bin/cmake --build /home/alibaba/ros2_repos/build/kalbot_interfaces --target install -- -j4 -l4
[12.940s] Level 1:colcon.colcon_core.environment:create_environment_scripts_only(kalbot_interfaces)
[12.980s] DEBUG:colcon.colcon_core.event_handler.log_command:Invoked command in '/home/alibaba/ros2_repos/build/kalbot_interfaces' returned '0': CMAKE_PREFIX_PATH=${CMAKE_PREFIX_PATH}:/home/alibaba/ros2_repos/install/kalbot_controller:/opt/ros/eloquent /usr/bin/cmake --build /home/alibaba/ros2_repos/build/kalbot_interfaces --target install -- -j4 -l4
[13.059s] Level 1:colcon.colcon_core.environment:checking '/home/alibaba/ros2_repos/install/kalbot_interfaces' for CMake module files
[13.070s] Level 1:colcon.colcon_core.environment:checking '/home/alibaba/ros2_repos/install/kalbot_interfaces' for CMake config files
[13.080s] Level 1:colcon.colcon_core.shell:create_environment_hook('kalbot_interfaces', 'cmake_prefix_path')
[13.108s] INFO:colcon.colcon_core.shell:Creating environment hook '/home/alibaba/ros2_repos/install/kalbot_interfaces/share/kalbot_interfaces/hook/cmake_prefix_path.ps1'
[13.120s] INFO:colcon.colcon_core.shell:Creating environment descriptor '/home/alibaba/ros2_repos/install/kalbot_interfaces/share/kalbot_interfaces/hook/cmake_prefix_path.dsv'
[13.127s] INFO:colcon.colcon_core.shell:Creating environment hook '/home/alibaba/ros2_repos/install/kalbot_interfaces/share/kalbot_interfaces/hook/cmake_prefix_path.sh'
[13.149s] Level 1:colcon.colcon_core.environment:checking '/home/alibaba/ros2_repos/install/kalbot_interfaces/lib'
[13.152s] Level 1:colcon.colcon_core.shell:create_environment_hook('kalbot_interfaces', 'ld_library_path_lib')
[13.180s] INFO:colcon.colcon_core.shell:Creating environment hook '/home/alibaba/ros2_repos/install/kalbot_interfaces/share/kalbot_interfaces/hook/ld_library_path_lib.ps1'
[13.186s] INFO:colcon.colcon_core.shell:Creating environment descriptor '/home/alibaba/ros2_repos/install/kalbot_interfaces/share/kalbot_interfaces/hook/ld_library_path_lib.dsv'
[13.192s] INFO:colcon.colcon_core.shell:Creating environment hook '/home/alibaba/ros2_repos/install/kalbot_interfaces/share/kalbot_interfaces/hook/ld_library_path_lib.sh'
[13.197s] Level 1:colcon.colcon_core.environment:checking '/home/alibaba/ros2_repos/install/kalbot_interfaces/bin'
[13.199s] Level 1:colcon.colcon_core.environment:checking '/home/alibaba/ros2_repos/install/kalbot_interfaces/lib/pkgconfig/kalbot_interfaces.pc'
[13.202s] Level 1:colcon.colcon_core.environment:checking '/home/alibaba/ros2_repos/install/kalbot_interfaces/lib/python3.6/site-packages'
[13.203s] Level 1:colcon.colcon_core.shell:create_environment_hook('kalbot_interfaces', 'pythonpath')
[13.234s] INFO:colcon.colcon_core.shell:Creating environment hook '/home/alibaba/ros2_repos/install/kalbot_interfaces/share/kalbot_interfaces/hook/pythonpath.ps1'
[13.241s] INFO:colcon.colcon_core.shell:Creating environment descriptor '/home/alibaba/ros2_repos/install/kalbot_interfaces/share/kalbot_interfaces/hook/pythonpath.dsv'
[13.247s] INFO:colcon.colcon_core.shell:Creating environment hook '/home/alibaba/ros2_repos/install/kalbot_interfaces/share/kalbot_interfaces/hook/pythonpath.sh'
[13.256s] Level 1:colcon.colcon_core.environment:checking '/home/alibaba/ros2_repos/install/kalbot_interfaces/bin'
[13.293s] INFO:colcon.colcon_core.shell:Creating package script '/home/alibaba/ros2_repos/install/kalbot_interfaces/share/kalbot_interfaces/package.ps1'
[13.313s] INFO:colcon.colcon_core.shell:Creating package descriptor '/home/alibaba/ros2_repos/install/kalbot_interfaces/share/kalbot_interfaces/package.dsv'
[13.328s] INFO:colcon.colcon_core.shell:Creating package script '/home/alibaba/ros2_repos/install/kalbot_interfaces/share/kalbot_interfaces/package.sh'
[13.349s] INFO:colcon.colcon_core.shell:Creating package script '/home/alibaba/ros2_repos/install/kalbot_interfaces/share/kalbot_interfaces/package.bash'
[13.367s] INFO:colcon.colcon_core.shell:Creating package script '/home/alibaba/ros2_repos/install/kalbot_interfaces/share/kalbot_interfaces/package.zsh'
[13.383s] Level 1:colcon.colcon_core.environment:create_file_with_runtime_dependencies(/home/alibaba/ros2_repos/install/kalbot_interfaces/share/colcon-core/packages/kalbot_interfaces)
[14.414s] Level 1:colcon.colcon_core.environment:create_environment_scripts_only(kalbot_interfaces)
[14.454s] Level 1:colcon.colcon_core.environment:checking '/home/alibaba/ros2_repos/install/kalbot_interfaces' for CMake module files
[14.468s] Level 1:colcon.colcon_core.environment:checking '/home/alibaba/ros2_repos/install/kalbot_interfaces' for CMake config files
[14.479s] Level 1:colcon.colcon_core.shell:create_environment_hook('kalbot_interfaces', 'cmake_prefix_path')
[14.508s] INFO:colcon.colcon_core.shell:Creating environment hook '/home/alibaba/ros2_repos/install/kalbot_interfaces/share/kalbot_interfaces/hook/cmake_prefix_path.ps1'
[14.515s] INFO:colcon.colcon_core.shell:Creating environment descriptor '/home/alibaba/ros2_repos/install/kalbot_interfaces/share/kalbot_interfaces/hook/cmake_prefix_path.dsv'
[14.521s] INFO:colcon.colcon_core.shell:Creating environment hook '/home/alibaba/ros2_repos/install/kalbot_interfaces/share/kalbot_interfaces/hook/cmake_prefix_path.sh'
[14.535s] Level 1:colcon.colcon_core.environment:checking '/home/alibaba/ros2_repos/install/kalbot_interfaces/lib'
[14.537s] Level 1:colcon.colcon_core.shell:create_environment_hook('kalbot_interfaces', 'ld_library_path_lib')
[14.563s] INFO:colcon.colcon_core.shell:Creating environment hook '/home/alibaba/ros2_repos/install/kalbot_interfaces/share/kalbot_interfaces/hook/ld_library_path_lib.ps1'
[14.571s] INFO:colcon.colcon_core.shell:Creating environment descriptor '/home/alibaba/ros2_repos/install/kalbot_interfaces/share/kalbot_interfaces/hook/ld_library_path_lib.dsv'
[14.577s] INFO:colcon.colcon_core.shell:Creating environment hook '/home/alibaba/ros2_repos/install/kalbot_interfaces/share/kalbot_interfaces/hook/ld_library_path_lib.sh'
[14.583s] Level 1:colcon.colcon_core.environment:checking '/home/alibaba/ros2_repos/install/kalbot_interfaces/bin'
[14.584s] Level 1:colcon.colcon_core.environment:checking '/home/alibaba/ros2_repos/install/kalbot_interfaces/lib/pkgconfig/kalbot_interfaces.pc'
[14.588s] Level 1:colcon.colcon_core.environment:checking '/home/alibaba/ros2_repos/install/kalbot_interfaces/lib/python3.6/site-packages'
[14.589s] Level 1:colcon.colcon_core.shell:create_environment_hook('kalbot_interfaces', 'pythonpath')
[14.620s] INFO:colcon.colcon_core.shell:Creating environment hook '/home/alibaba/ros2_repos/install/kalbot_interfaces/share/kalbot_interfaces/hook/pythonpath.ps1'
[14.631s] INFO:colcon.colcon_core.shell:Creating environment descriptor '/home/alibaba/ros2_repos/install/kalbot_interfaces/share/kalbot_interfaces/hook/pythonpath.dsv'
[14.637s] INFO:colcon.colcon_core.shell:Creating environment hook '/home/alibaba/ros2_repos/install/kalbot_interfaces/share/kalbot_interfaces/hook/pythonpath.sh'
[14.645s] Level 1:colcon.colcon_core.environment:checking '/home/alibaba/ros2_repos/install/kalbot_interfaces/bin'
[14.679s] INFO:colcon.colcon_core.shell:Creating package script '/home/alibaba/ros2_repos/install/kalbot_interfaces/share/kalbot_interfaces/package.ps1'
[14.690s] INFO:colcon.colcon_core.shell:Creating package descriptor '/home/alibaba/ros2_repos/install/kalbot_interfaces/share/kalbot_interfaces/package.dsv'
[14.700s] INFO:colcon.colcon_core.shell:Creating package script '/home/alibaba/ros2_repos/install/kalbot_interfaces/share/kalbot_interfaces/package.sh'
[14.712s] INFO:colcon.colcon_core.shell:Creating package script '/home/alibaba/ros2_repos/install/kalbot_interfaces/share/kalbot_interfaces/package.bash'
[14.719s] INFO:colcon.colcon_core.shell:Creating package script '/home/alibaba/ros2_repos/install/kalbot_interfaces/share/kalbot_interfaces/package.zsh'
[14.726s] Level 1:colcon.colcon_core.environment:create_file_with_runtime_dependencies(/home/alibaba/ros2_repos/install/kalbot_interfaces/share/colcon-core/packages/kalbot_interfaces)
[14.732s] INFO:colcon.colcon_ros.task.ament_python.build:Building ROS package in '/home/alibaba/ros2_repos/src/kalbot_controller' with build type 'ament_python'
[14.735s] Level 1:colcon.colcon_core.shell:create_environment_hook('kalbot_controller', 'ament_prefix_path')
[14.768s] INFO:colcon.colcon_core.shell:Creating environment hook '/home/alibaba/ros2_repos/install/kalbot_controller/share/kalbot_controller/hook/ament_prefix_path.ps1'
[14.776s] INFO:colcon.colcon_core.shell:Creating environment descriptor '/home/alibaba/ros2_repos/install/kalbot_controller/share/kalbot_controller/hook/ament_prefix_path.dsv'
[14.786s] INFO:colcon.colcon_core.shell:Creating environment hook '/home/alibaba/ros2_repos/install/kalbot_controller/share/kalbot_controller/hook/ament_prefix_path.sh'
[14.836s] INFO:colcon.colcon_core.shell:Skip shell extension 'powershell' for command environment: Not usable outside of PowerShell
[14.837s] DEBUG:colcon.colcon_core.shell:Skip shell extension 'dsv' for command environment
[19.121s] INFO:colcon.colcon_core.task.python.build:Building Python package in '/home/alibaba/ros2_repos/src/kalbot_controller'
[19.156s] INFO:colcon.colcon_core.shell:Skip shell extension 'powershell' for command environment: Not usable outside of PowerShell
[19.158s] DEBUG:colcon.colcon_core.shell:Skip shell extension 'dsv' for command environment
[20.712s] DEBUG:colcon.colcon_core.event_handler.log_command:Invoked command in '/home/alibaba/ros2_repos/build/kalbot_brignup' returned '0': CMAKE_PREFIX_PATH=${CMAKE_PREFIX_PATH}:/home/alibaba/ros2_repos/install/kalbot_controller:/opt/ros/eloquent /usr/bin/cmake /home/alibaba/ros2_repos/src/kalbot_brignup -DCMAKE_INSTALL_PREFIX=/home/alibaba/ros2_repos/install/kalbot_brignup
[20.733s] DEBUG:colcon.colcon_core.event_handler.log_command:Invoking command in '/home/alibaba/ros2_repos/build/kalbot_brignup': CMAKE_PREFIX_PATH=${CMAKE_PREFIX_PATH}:/home/alibaba/ros2_repos/install/kalbot_controller:/opt/ros/eloquent /usr/bin/cmake --build /home/alibaba/ros2_repos/build/kalbot_brignup -- -j4 -l4
[21.259s] DEBUG:colcon.colcon_core.event_handler.log_command:Invoked command in '/home/alibaba/ros2_repos/build/kalbot_brignup' returned '0': CMAKE_PREFIX_PATH=${CMAKE_PREFIX_PATH}:/home/alibaba/ros2_repos/install/kalbot_controller:/opt/ros/eloquent /usr/bin/cmake --build /home/alibaba/ros2_repos/build/kalbot_brignup -- -j4 -l4
[21.561s] DEBUG:colcon.colcon_core.event_handler.log_command:Invoking command in '/home/alibaba/ros2_repos/build/kalbot_brignup': CMAKE_PREFIX_PATH=${CMAKE_PREFIX_PATH}:/home/alibaba/ros2_repos/install/kalbot_controller:/opt/ros/eloquent /usr/bin/cmake --build /home/alibaba/ros2_repos/build/kalbot_brignup --target install -- -j4 -l4
[22.370s] Level 1:colcon.colcon_core.environment:create_environment_scripts_only(kalbot_brignup)
[22.389s] DEBUG:colcon.colcon_core.event_handler.log_command:Invoked command in '/home/alibaba/ros2_repos/build/kalbot_brignup' returned '0': CMAKE_PREFIX_PATH=${CMAKE_PREFIX_PATH}:/home/alibaba/ros2_repos/install/kalbot_controller:/opt/ros/eloquent /usr/bin/cmake --build /home/alibaba/ros2_repos/build/kalbot_brignup --target install -- -j4 -l4
[22.428s] Level 1:colcon.colcon_core.environment:checking '/home/alibaba/ros2_repos/install/kalbot_brignup' for CMake module files
[22.437s] Level 1:colcon.colcon_core.environment:checking '/home/alibaba/ros2_repos/install/kalbot_brignup' for CMake config files
[22.440s] Level 1:colcon.colcon_core.shell:create_environment_hook('kalbot_brignup', 'cmake_prefix_path')
[22.467s] INFO:colcon.colcon_core.shell:Creating environment hook '/home/alibaba/ros2_repos/install/kalbot_brignup/share/kalbot_brignup/hook/cmake_prefix_path.ps1'
[22.474s] INFO:colcon.colcon_core.shell:Creating environment descriptor '/home/alibaba/ros2_repos/install/kalbot_brignup/share/kalbot_brignup/hook/cmake_prefix_path.dsv'
[22.479s] INFO:colcon.colcon_core.shell:Creating environment hook '/home/alibaba/ros2_repos/install/kalbot_brignup/share/kalbot_brignup/hook/cmake_prefix_path.sh'
[22.489s] Level 1:colcon.colcon_core.environment:checking '/home/alibaba/ros2_repos/install/kalbot_brignup/bin'
[22.491s] Level 1:colcon.colcon_core.environment:checking '/home/alibaba/ros2_repos/install/kalbot_brignup/lib/pkgconfig/kalbot_brignup.pc'
[22.494s] Level 1:colcon.colcon_core.environment:checking '/home/alibaba/ros2_repos/install/kalbot_brignup/lib/python3.6/site-packages'
[22.498s] Level 1:colcon.colcon_core.environment:checking '/home/alibaba/ros2_repos/install/kalbot_brignup/bin'
[22.527s] INFO:colcon.colcon_core.shell:Creating package script '/home/alibaba/ros2_repos/install/kalbot_brignup/share/kalbot_brignup/package.ps1'
[22.533s] INFO:colcon.colcon_core.shell:Creating package descriptor '/home/alibaba/ros2_repos/install/kalbot_brignup/share/kalbot_brignup/package.dsv'
[22.539s] INFO:colcon.colcon_core.shell:Creating package script '/home/alibaba/ros2_repos/install/kalbot_brignup/share/kalbot_brignup/package.sh'
[22.545s] INFO:colcon.colcon_core.shell:Creating package script '/home/alibaba/ros2_repos/install/kalbot_brignup/share/kalbot_brignup/package.bash'
[22.550s] INFO:colcon.colcon_core.shell:Creating package script '/home/alibaba/ros2_repos/install/kalbot_brignup/share/kalbot_brignup/package.zsh'
[22.554s] Level 1:colcon.colcon_core.environment:create_file_with_runtime_dependencies(/home/alibaba/ros2_repos/install/kalbot_brignup/share/colcon-core/packages/kalbot_brignup)
[22.878s] Level 1:colcon.colcon_core.environment:create_environment_scripts_only(kalbot_brignup)
[22.926s] Level 1:colcon.colcon_core.environment:checking '/home/alibaba/ros2_repos/install/kalbot_brignup' for CMake module files
[22.939s] Level 1:colcon.colcon_core.environment:checking '/home/alibaba/ros2_repos/install/kalbot_brignup' for CMake config files
[22.943s] Level 1:colcon.colcon_core.shell:create_environment_hook('kalbot_brignup', 'cmake_prefix_path')
[22.971s] INFO:colcon.colcon_core.shell:Creating environment hook '/home/alibaba/ros2_repos/install/kalbot_brignup/share/kalbot_brignup/hook/cmake_prefix_path.ps1'
[22.978s] INFO:colcon.colcon_core.shell:Creating environment descriptor '/home/alibaba/ros2_repos/install/kalbot_brignup/share/kalbot_brignup/hook/cmake_prefix_path.dsv'
[22.983s] INFO:colcon.colcon_core.shell:Creating environment hook '/home/alibaba/ros2_repos/install/kalbot_brignup/share/kalbot_brignup/hook/cmake_prefix_path.sh'
[22.998s] Level 1:colcon.colcon_core.environment:checking '/home/alibaba/ros2_repos/install/kalbot_brignup/bin'
[23.000s] Level 1:colcon.colcon_core.environment:checking '/home/alibaba/ros2_repos/install/kalbot_brignup/lib/pkgconfig/kalbot_brignup.pc'
[23.003s] Level 1:colcon.colcon_core.environment:checking '/home/alibaba/ros2_repos/install/kalbot_brignup/lib/python3.6/site-packages'
[23.006s] Level 1:colcon.colcon_core.environment:checking '/home/alibaba/ros2_repos/install/kalbot_brignup/bin'
[23.038s] INFO:colcon.colcon_core.shell:Creating package script '/home/alibaba/ros2_repos/install/kalbot_brignup/share/kalbot_brignup/package.ps1'
[23.047s] INFO:colcon.colcon_core.shell:Creating package descriptor '/home/alibaba/ros2_repos/install/kalbot_brignup/share/kalbot_brignup/package.dsv'
[23.055s] INFO:colcon.colcon_core.shell:Creating package script '/home/alibaba/ros2_repos/install/kalbot_brignup/share/kalbot_brignup/package.sh'
[23.063s] INFO:colcon.colcon_core.shell:Creating package script '/home/alibaba/ros2_repos/install/kalbot_brignup/share/kalbot_brignup/package.bash'
[23.069s] INFO:colcon.colcon_core.shell:Creating package script '/home/alibaba/ros2_repos/install/kalbot_brignup/share/kalbot_brignup/package.zsh'
[23.076s] Level 1:colcon.colcon_core.environment:create_file_with_runtime_dependencies(/home/alibaba/ros2_repos/install/kalbot_brignup/share/colcon-core/packages/kalbot_brignup)
[24.697s] DEBUG:colcon.colcon_core.event_handler.log_command:Invoking command in '/home/alibaba/ros2_repos/src/kalbot_controller': PYTHONPATH=/home/alibaba/ros2_repos/build/kalbot_controller/prefix_override:/home/alibaba/ros2_repos/install/kalbot_controller/lib/python3.6/site-packages:${PYTHONPATH} /usr/bin/python3 setup.py egg_info --egg-base ../../build/kalbot_controller build --build-base /home/alibaba/ros2_repos/build/kalbot_controller/build install --record /home/alibaba/ros2_repos/build/kalbot_controller/install.log --single-version-externally-managed
[28.028s] DEBUG:colcon.colcon_core.event_handler.log_command:Invoked command in '/home/alibaba/ros2_repos/src/kalbot_controller' returned '0': PYTHONPATH=/home/alibaba/ros2_repos/build/kalbot_controller/prefix_override:/home/alibaba/ros2_repos/install/kalbot_controller/lib/python3.6/site-packages:${PYTHONPATH} /usr/bin/python3 setup.py egg_info --egg-base ../../build/kalbot_controller build --build-base /home/alibaba/ros2_repos/build/kalbot_controller/build install --record /home/alibaba/ros2_repos/build/kalbot_controller/install.log --single-version-externally-managed
[28.044s] Level 1:colcon.colcon_core.environment:checking '/home/alibaba/ros2_repos/install/kalbot_controller' for CMake module files
[28.050s] Level 1:colcon.colcon_core.environment:checking '/home/alibaba/ros2_repos/install/kalbot_controller' for CMake config files
[28.057s] Level 1:colcon.colcon_core.environment:checking '/home/alibaba/ros2_repos/install/kalbot_controller/lib'
[28.058s] Level 1:colcon.colcon_core.environment:checking '/home/alibaba/ros2_repos/install/kalbot_controller/bin'
[28.059s] Level 1:colcon.colcon_core.environment:checking '/home/alibaba/ros2_repos/install/kalbot_controller/lib/pkgconfig/kalbot_controller.pc'
[28.060s] Level 1:colcon.colcon_core.environment:checking '/home/alibaba/ros2_repos/install/kalbot_controller/lib/python3.6/site-packages'
[28.061s] Level 1:colcon.colcon_core.shell:create_environment_hook('kalbot_controller', 'pythonpath')
[28.076s] INFO:colcon.colcon_core.shell:Creating environment hook '/home/alibaba/ros2_repos/install/kalbot_controller/share/kalbot_controller/hook/pythonpath.ps1'
[28.080s] INFO:colcon.colcon_core.shell:Creating environment descriptor '/home/alibaba/ros2_repos/install/kalbot_controller/share/kalbot_controller/hook/pythonpath.dsv'
[28.086s] INFO:colcon.colcon_core.shell:Creating environment hook '/home/alibaba/ros2_repos/install/kalbot_controller/share/kalbot_controller/hook/pythonpath.sh'
[28.091s] Level 1:colcon.colcon_core.environment:checking '/home/alibaba/ros2_repos/install/kalbot_controller/bin'
[28.092s] Level 1:colcon.colcon_core.environment:create_environment_scripts_only(kalbot_controller)
[28.110s] INFO:colcon.colcon_core.shell:Creating package script '/home/alibaba/ros2_repos/install/kalbot_controller/share/kalbot_controller/package.ps1'
[28.118s] INFO:colcon.colcon_core.shell:Creating package descriptor '/home/alibaba/ros2_repos/install/kalbot_controller/share/kalbot_controller/package.dsv'
[28.125s] INFO:colcon.colcon_core.shell:Creating package script '/home/alibaba/ros2_repos/install/kalbot_controller/share/kalbot_controller/package.sh'
[28.132s] INFO:colcon.colcon_core.shell:Creating package script '/home/alibaba/ros2_repos/install/kalbot_controller/share/kalbot_controller/package.bash'
[28.136s] INFO:colcon.colcon_core.shell:Creating package script '/home/alibaba/ros2_repos/install/kalbot_controller/share/kalbot_controller/package.zsh'
[28.139s] Level 1:colcon.colcon_core.environment:create_file_with_runtime_dependencies(/home/alibaba/ros2_repos/install/kalbot_controller/share/colcon-core/packages/kalbot_controller)
[28.142s] DEBUG:colcon.colcon_parallel_executor.executor.parallel:closing loop
[28.153s] DEBUG:colcon.colcon_parallel_executor.executor.parallel:loop closed
[28.154s] DEBUG:colcon.colcon_parallel_executor.executor.parallel:run_until_complete finished with '0'
[28.154s] DEBUG:colcon.colcon_core.event_reactor:joining thread
[28.236s] INFO:colcon.colcon_core.plugin_system:Skipping extension 'colcon_notification.desktop_notification.terminal_notifier': Not used on non-Darwin systems
[28.238s] INFO:colcon.colcon_core.plugin_system:Skipping extension 'colcon_notification.desktop_notification.win32': Not used on non-Windows systems
[28.239s] INFO:colcon.colcon_notification.desktop_notification:Sending desktop notification using 'notify2'
[28.295s] DEBUG:colcon.colcon_core.event_reactor:joined thread
[28.312s] INFO:colcon.colcon_core.shell:Creating prefix script '/home/alibaba/ros2_repos/install/local_setup.ps1'
[28.324s] INFO:colcon.colcon_core.shell:Creating prefix util module '/home/alibaba/ros2_repos/install/_local_setup_util_ps1.py'
[28.349s] INFO:colcon.colcon_core.shell:Creating prefix chain script '/home/alibaba/ros2_repos/install/setup.ps1'
[28.368s] INFO:colcon.colcon_core.shell:Creating prefix script '/home/alibaba/ros2_repos/install/local_setup.sh'
[28.376s] INFO:colcon.colcon_core.shell:Creating prefix util module '/home/alibaba/ros2_repos/install/_local_setup_util_sh.py'
[28.382s] INFO:colcon.colcon_core.shell:Creating prefix chain script '/home/alibaba/ros2_repos/install/setup.sh'
[28.411s] INFO:colcon.colcon_core.shell:Creating prefix script '/home/alibaba/ros2_repos/install/local_setup.bash'
[28.419s] INFO:colcon.colcon_core.shell:Creating prefix chain script '/home/alibaba/ros2_repos/install/setup.bash'
[28.437s] INFO:colcon.colcon_core.shell:Creating prefix script '/home/alibaba/ros2_repos/install/local_setup.zsh'
[28.444s] INFO:colcon.colcon_core.shell:Creating prefix chain script '/home/alibaba/ros2_repos/install/setup.zsh'
