[0.962s] DEBUG:colcon:Command line arguments: ['/usr/bin/colcon', 'build']
[0.962s] DEBUG:colcon:Parsed command line arguments: Namespace(allow_overriding=[], ament_cmake_args=None, base_paths=['.'], build_base='build', catkin_cmake_args=None, catkin_skip_building_tests=False, cmake_args=None, cmake_clean_cache=False, cmake_clean_first=False, cmake_force_configure=False, cmake_target=None, cmake_target_skip_unavailable=False, continue_on_error=False, event_handlers=None, executor='parallel', ignore_user_meta=False, install_base='install', log_base=None, log_level=None, main=<bound method BuildVerb.main of <colcon_core.verb.build.BuildVerb object at 0x7fa4c2aa20>>, merge_install=False, metas=['./colcon.meta'], packages_above=None, packages_above_and_dependencies=None, packages_above_depth=None, packages_end=None, packages_ignore=None, packages_ignore_regex=None, packages_select=None, packages_select_build_failed=False, packages_select_by_dep=None, packages_select_regex=None, packages_select_test_failures=False, packages_skip=None, packages_skip_build_finished=False, packages_skip_by_dep=None, packages_skip_regex=None, packages_skip_test_passed=False, packages_skip_up_to=None, packages_start=None, packages_up_to=None, packages_up_to_regex=None, parallel_workers=4, paths=None, symlink_install=False, test_result_base=None, verb_extension=<colcon_core.verb.build.BuildVerb object at 0x7fa4c2aa20>, verb_name='build', verb_parser=<colcon_defaults.argument_parser.defaults.DefaultArgumentsDecorator object at 0x7fa4c2ad68>)
[1.129s] Level 1:colcon.colcon_core.package_discovery:discover_packages(colcon_meta) check parameters
[1.130s] Level 1:colcon.colcon_core.package_discovery:discover_packages(recursive) check parameters
[1.130s] Level 1:colcon.colcon_core.package_discovery:discover_packages(ignore) check parameters
[1.130s] Level 1:colcon.colcon_core.package_discovery:discover_packages(path) check parameters
[1.130s] Level 1:colcon.colcon_core.package_discovery:discover_packages(colcon_meta) discover
[1.132s] Level 1:colcon.colcon_core.package_discovery:discover_packages(recursive) discover
[1.132s] INFO:colcon.colcon_core.package_discovery:Crawling recursively for packages in '/home/alibaba/ros2_repos'
[1.132s] Level 1:colcon.colcon_core.package_identification:_identify(.) by extensions ['ignore', 'ignore_ament_install']
[1.133s] Level 1:colcon.colcon_core.package_identification:_identify(.) by extension 'ignore'
[1.133s] Level 1:colcon.colcon_core.package_identification:_identify(.) by extension 'ignore_ament_install'
[1.134s] Level 1:colcon.colcon_core.package_identification:_identify(.) by extensions ['colcon_pkg']
[1.134s] Level 1:colcon.colcon_core.package_identification:_identify(.) by extension 'colcon_pkg'
[1.134s] Level 1:colcon.colcon_core.package_identification:_identify(.) by extensions ['colcon_meta']
[1.134s] Level 1:colcon.colcon_core.package_identification:_identify(.) by extension 'colcon_meta'
[1.134s] Level 1:colcon.colcon_core.package_identification:_identify(.) by extensions ['ros']
[1.135s] Level 1:colcon.colcon_core.package_identification:_identify(.) by extension 'ros'
[1.191s] Level 1:colcon.colcon_core.package_identification:_identify(.) by extensions ['cmake', 'python']
[1.191s] Level 1:colcon.colcon_core.package_identification:_identify(.) by extension 'cmake'
[1.191s] Level 1:colcon.colcon_core.package_identification:_identify(.) by extension 'python'
[1.192s] Level 1:colcon.colcon_core.package_identification:_identify(.) by extensions ['python_setup_py']
[1.192s] Level 1:colcon.colcon_core.package_identification:_identify(.) by extension 'python_setup_py'
[1.192s] Level 1:colcon.colcon_core.package_identification:_identify(build) by extensions ['ignore', 'ignore_ament_install']
[1.193s] Level 1:colcon.colcon_core.package_identification:_identify(build) by extension 'ignore'
[1.193s] Level 1:colcon.colcon_core.package_identification:_identify(build) ignored
[1.195s] Level 1:colcon.colcon_core.package_identification:_identify(install) by extensions ['ignore', 'ignore_ament_install']
[1.195s] Level 1:colcon.colcon_core.package_identification:_identify(install) by extension 'ignore'
[1.196s] Level 1:colcon.colcon_core.package_identification:_identify(install) ignored
[1.196s] Level 1:colcon.colcon_core.package_identification:_identify(log) by extensions ['ignore', 'ignore_ament_install']
[1.197s] Level 1:colcon.colcon_core.package_identification:_identify(log) by extension 'ignore'
[1.197s] Level 1:colcon.colcon_core.package_identification:_identify(log) ignored
[1.197s] Level 1:colcon.colcon_core.package_identification:_identify(src) by extensions ['ignore', 'ignore_ament_install']
[1.198s] Level 1:colcon.colcon_core.package_identification:_identify(src) by extension 'ignore'
[1.198s] Level 1:colcon.colcon_core.package_identification:_identify(src) by extension 'ignore_ament_install'
[1.198s] Level 1:colcon.colcon_core.package_identification:_identify(src) by extensions ['colcon_pkg']
[1.199s] Level 1:colcon.colcon_core.package_identification:_identify(src) by extension 'colcon_pkg'
[1.199s] Level 1:colcon.colcon_core.package_identification:_identify(src) by extensions ['colcon_meta']
[1.199s] Level 1:colcon.colcon_core.package_identification:_identify(src) by extension 'colcon_meta'
[1.199s] Level 1:colcon.colcon_core.package_identification:_identify(src) by extensions ['ros']
[1.200s] Level 1:colcon.colcon_core.package_identification:_identify(src) by extension 'ros'
[1.200s] Level 1:colcon.colcon_core.package_identification:_identify(src) by extensions ['cmake', 'python']
[1.200s] Level 1:colcon.colcon_core.package_identification:_identify(src) by extension 'cmake'
[1.200s] Level 1:colcon.colcon_core.package_identification:_identify(src) by extension 'python'
[1.201s] Level 1:colcon.colcon_core.package_identification:_identify(src) by extensions ['python_setup_py']
[1.201s] Level 1:colcon.colcon_core.package_identification:_identify(src) by extension 'python_setup_py'
[1.201s] Level 1:colcon.colcon_core.package_identification:_identify(src/kalbot_brignup) by extensions ['ignore', 'ignore_ament_install']
[1.202s] Level 1:colcon.colcon_core.package_identification:_identify(src/kalbot_brignup) by extension 'ignore'
[1.202s] Level 1:colcon.colcon_core.package_identification:_identify(src/kalbot_brignup) by extension 'ignore_ament_install'
[1.202s] Level 1:colcon.colcon_core.package_identification:_identify(src/kalbot_brignup) by extensions ['colcon_pkg']
[1.203s] Level 1:colcon.colcon_core.package_identification:_identify(src/kalbot_brignup) by extension 'colcon_pkg'
[1.203s] Level 1:colcon.colcon_core.package_identification:_identify(src/kalbot_brignup) by extensions ['colcon_meta']
[1.203s] Level 1:colcon.colcon_core.package_identification:_identify(src/kalbot_brignup) by extension 'colcon_meta'
[1.203s] Level 1:colcon.colcon_core.package_identification:_identify(src/kalbot_brignup) by extensions ['ros']
[1.203s] Level 1:colcon.colcon_core.package_identification:_identify(src/kalbot_brignup) by extension 'ros'
[1.216s] DEBUG:colcon.colcon_core.package_identification:Package 'src/kalbot_brignup' with type 'ros.ament_cmake' and name 'kalbot_brignup'
[1.216s] Level 1:colcon.colcon_core.package_identification:_identify(src/kalbot_controller) by extensions ['ignore', 'ignore_ament_install']
[1.217s] Level 1:colcon.colcon_core.package_identification:_identify(src/kalbot_controller) by extension 'ignore'
[1.217s] Level 1:colcon.colcon_core.package_identification:_identify(src/kalbot_controller) by extension 'ignore_ament_install'
[1.217s] Level 1:colcon.colcon_core.package_identification:_identify(src/kalbot_controller) by extensions ['colcon_pkg']
[1.218s] Level 1:colcon.colcon_core.package_identification:_identify(src/kalbot_controller) by extension 'colcon_pkg'
[1.218s] Level 1:colcon.colcon_core.package_identification:_identify(src/kalbot_controller) by extensions ['colcon_meta']
[1.218s] Level 1:colcon.colcon_core.package_identification:_identify(src/kalbot_controller) by extension 'colcon_meta'
[1.218s] Level 1:colcon.colcon_core.package_identification:_identify(src/kalbot_controller) by extensions ['ros']
[1.218s] Level 1:colcon.colcon_core.package_identification:_identify(src/kalbot_controller) by extension 'ros'
[1.222s] DEBUG:colcon.colcon_core.package_identification:Package 'src/kalbot_controller' with type 'ros.ament_python' and name 'kalbot_controller'
[1.223s] Level 1:colcon.colcon_core.package_identification:_identify(src/kalbot_interfaces) by extensions ['ignore', 'ignore_ament_install']
[1.223s] Level 1:colcon.colcon_core.package_identification:_identify(src/kalbot_interfaces) by extension 'ignore'
[1.224s] Level 1:colcon.colcon_core.package_identification:_identify(src/kalbot_interfaces) by extension 'ignore_ament_install'
[1.224s] Level 1:colcon.colcon_core.package_identification:_identify(src/kalbot_interfaces) by extensions ['colcon_pkg']
[1.224s] Level 1:colcon.colcon_core.package_identification:_identify(src/kalbot_interfaces) by extension 'colcon_pkg'
[1.225s] Level 1:colcon.colcon_core.package_identification:_identify(src/kalbot_interfaces) by extensions ['colcon_meta']
[1.225s] Level 1:colcon.colcon_core.package_identification:_identify(src/kalbot_interfaces) by extension 'colcon_meta'
[1.225s] Level 1:colcon.colcon_core.package_identification:_identify(src/kalbot_interfaces) by extensions ['ros']
[1.225s] Level 1:colcon.colcon_core.package_identification:_identify(src/kalbot_interfaces) by extension 'ros'
[1.228s] DEBUG:colcon.colcon_core.package_identification:Package 'src/kalbot_interfaces' with type 'ros.ament_cmake' and name 'kalbot_interfaces'
[1.228s] Level 1:colcon.colcon_core.package_identification:_identify(src/keyboard_controller) by extensions ['ignore', 'ignore_ament_install']
[1.229s] Level 1:colcon.colcon_core.package_identification:_identify(src/keyboard_controller) by extension 'ignore'
[1.229s] Level 1:colcon.colcon_core.package_identification:_identify(src/keyboard_controller) by extension 'ignore_ament_install'
[1.229s] Level 1:colcon.colcon_core.package_identification:_identify(src/keyboard_controller) by extensions ['colcon_pkg']
[1.230s] Level 1:colcon.colcon_core.package_identification:_identify(src/keyboard_controller) by extension 'colcon_pkg'
[1.230s] Level 1:colcon.colcon_core.package_identification:_identify(src/keyboard_controller) by extensions ['colcon_meta']
[1.230s] Level 1:colcon.colcon_core.package_identification:_identify(src/keyboard_controller) by extension 'colcon_meta'
[1.230s] Level 1:colcon.colcon_core.package_identification:_identify(src/keyboard_controller) by extensions ['ros']
[1.231s] Level 1:colcon.colcon_core.package_identification:_identify(src/keyboard_controller) by extension 'ros'
[1.235s] DEBUG:colcon.colcon_core.package_identification:Package 'src/keyboard_controller' with type 'ros.ament_python' and name 'keyboard_controller'
[1.235s] Level 1:colcon.colcon_core.package_discovery:discover_packages(recursive) using defaults
[1.236s] Level 1:colcon.colcon_core.package_discovery:discover_packages(ignore) discover
[1.236s] Level 1:colcon.colcon_core.package_discovery:discover_packages(ignore) using defaults
[1.237s] Level 1:colcon.colcon_core.package_discovery:discover_packages(path) discover
[1.237s] Level 1:colcon.colcon_core.package_discovery:discover_packages(path) using defaults
[1.338s] Level 1:colcon.colcon_core.package_discovery:discover_packages(prefix_path) check parameters
[1.338s] Level 1:colcon.colcon_core.package_discovery:discover_packages(prefix_path) discover
[1.357s] DEBUG:colcon.colcon_installed_package_information.package_discovery:Found 232 installed packages in /opt/ros/eloquent
[1.367s] Level 1:colcon.colcon_core.package_discovery:discover_packages(prefix_path) using defaults
[1.706s] Level 5:colcon.colcon_core.verb:set package 'kalbot_brignup' build argument 'cmake_args' from command line to 'None'
[1.707s] Level 5:colcon.colcon_core.verb:set package 'kalbot_brignup' build argument 'cmake_target' from command line to 'None'
[1.707s] Level 5:colcon.colcon_core.verb:set package 'kalbot_brignup' build argument 'cmake_target_skip_unavailable' from command line to 'False'
[1.712s] Level 5:colcon.colcon_core.verb:set package 'kalbot_brignup' build argument 'cmake_clean_cache' from command line to 'False'
[1.712s] Level 5:colcon.colcon_core.verb:set package 'kalbot_brignup' build argument 'cmake_clean_first' from command line to 'False'
[1.712s] Level 5:colcon.colcon_core.verb:set package 'kalbot_brignup' build argument 'cmake_force_configure' from command line to 'False'
[1.712s] Level 5:colcon.colcon_core.verb:set package 'kalbot_brignup' build argument 'ament_cmake_args' from command line to 'None'
[1.713s] Level 5:colcon.colcon_core.verb:set package 'kalbot_brignup' build argument 'catkin_cmake_args' from command line to 'None'
[1.713s] Level 5:colcon.colcon_core.verb:set package 'kalbot_brignup' build argument 'catkin_skip_building_tests' from command line to 'False'
[1.713s] DEBUG:colcon.colcon_core.verb:Building package 'kalbot_brignup' with the following arguments: {'ament_cmake_args': None, 'build_base': '/home/alibaba/ros2_repos/build/kalbot_brignup', 'catkin_cmake_args': None, 'catkin_skip_building_tests': False, 'cmake_args': None, 'cmake_clean_cache': False, 'cmake_clean_first': False, 'cmake_force_configure': False, 'cmake_target': None, 'cmake_target_skip_unavailable': False, 'install_base': '/home/alibaba/ros2_repos/install/kalbot_brignup', 'merge_install': False, 'path': '/home/alibaba/ros2_repos/src/kalbot_brignup', 'symlink_install': False, 'test_result_base': None}
[1.720s] Level 5:colcon.colcon_core.verb:set package 'kalbot_interfaces' build argument 'cmake_args' from command line to 'None'
[1.720s] Level 5:colcon.colcon_core.verb:set package 'kalbot_interfaces' build argument 'cmake_target' from command line to 'None'
[1.720s] Level 5:colcon.colcon_core.verb:set package 'kalbot_interfaces' build argument 'cmake_target_skip_unavailable' from command line to 'False'
[1.721s] Level 5:colcon.colcon_core.verb:set package 'kalbot_interfaces' build argument 'cmake_clean_cache' from command line to 'False'
[1.721s] Level 5:colcon.colcon_core.verb:set package 'kalbot_interfaces' build argument 'cmake_clean_first' from command line to 'False'
[1.721s] Level 5:colcon.colcon_core.verb:set package 'kalbot_interfaces' build argument 'cmake_force_configure' from command line to 'False'
[1.721s] Level 5:colcon.colcon_core.verb:set package 'kalbot_interfaces' build argument 'ament_cmake_args' from command line to 'None'
[1.721s] Level 5:colcon.colcon_core.verb:set package 'kalbot_interfaces' build argument 'catkin_cmake_args' from command line to 'None'
[1.721s] Level 5:colcon.colcon_core.verb:set package 'kalbot_interfaces' build argument 'catkin_skip_building_tests' from command line to 'False'
[1.722s] DEBUG:colcon.colcon_core.verb:Building package 'kalbot_interfaces' with the following arguments: {'ament_cmake_args': None, 'build_base': '/home/alibaba/ros2_repos/build/kalbot_interfaces', 'catkin_cmake_args': None, 'catkin_skip_building_tests': False, 'cmake_args': None, 'cmake_clean_cache': False, 'cmake_clean_first': False, 'cmake_force_configure': False, 'cmake_target': None, 'cmake_target_skip_unavailable': False, 'install_base': '/home/alibaba/ros2_repos/install/kalbot_interfaces', 'merge_install': False, 'path': '/home/alibaba/ros2_repos/src/kalbot_interfaces', 'symlink_install': False, 'test_result_base': None}
[1.728s] Level 5:colcon.colcon_core.verb:set package 'kalbot_controller' build argument 'cmake_args' from command line to 'None'
[1.728s] Level 5:colcon.colcon_core.verb:set package 'kalbot_controller' build argument 'cmake_target' from command line to 'None'
[1.728s] Level 5:colcon.colcon_core.verb:set package 'kalbot_controller' build argument 'cmake_target_skip_unavailable' from command line to 'False'
[1.728s] Level 5:colcon.colcon_core.verb:set package 'kalbot_controller' build argument 'cmake_clean_cache' from command line to 'False'
[1.729s] Level 5:colcon.colcon_core.verb:set package 'kalbot_controller' build argument 'cmake_clean_first' from command line to 'False'
[1.729s] Level 5:colcon.colcon_core.verb:set package 'kalbot_controller' build argument 'cmake_force_configure' from command line to 'False'
[1.729s] Level 5:colcon.colcon_core.verb:set package 'kalbot_controller' build argument 'ament_cmake_args' from command line to 'None'
[1.729s] Level 5:colcon.colcon_core.verb:set package 'kalbot_controller' build argument 'catkin_cmake_args' from command line to 'None'
[1.729s] Level 5:colcon.colcon_core.verb:set package 'kalbot_controller' build argument 'catkin_skip_building_tests' from command line to 'False'
[1.729s] DEBUG:colcon.colcon_core.verb:Building package 'kalbot_controller' with the following arguments: {'ament_cmake_args': None, 'build_base': '/home/alibaba/ros2_repos/build/kalbot_controller', 'catkin_cmake_args': None, 'catkin_skip_building_tests': False, 'cmake_args': None, 'cmake_clean_cache': False, 'cmake_clean_first': False, 'cmake_force_configure': False, 'cmake_target': None, 'cmake_target_skip_unavailable': False, 'install_base': '/home/alibaba/ros2_repos/install/kalbot_controller', 'merge_install': False, 'path': '/home/alibaba/ros2_repos/src/kalbot_controller', 'symlink_install': False, 'test_result_base': None}
[1.736s] Level 5:colcon.colcon_core.verb:set package 'keyboard_controller' build argument 'cmake_args' from command line to 'None'
[1.736s] Level 5:colcon.colcon_core.verb:set package 'keyboard_controller' build argument 'cmake_target' from command line to 'None'
[1.736s] Level 5:colcon.colcon_core.verb:set package 'keyboard_controller' build argument 'cmake_target_skip_unavailable' from command line to 'False'
[1.736s] Level 5:colcon.colcon_core.verb:set package 'keyboard_controller' build argument 'cmake_clean_cache' from command line to 'False'
[1.736s] Level 5:colcon.colcon_core.verb:set package 'keyboard_controller' build argument 'cmake_clean_first' from command line to 'False'
[1.736s] Level 5:colcon.colcon_core.verb:set package 'keyboard_controller' build argument 'cmake_force_configure' from command line to 'False'
[1.737s] Level 5:colcon.colcon_core.verb:set package 'keyboard_controller' build argument 'ament_cmake_args' from command line to 'None'
[1.737s] Level 5:colcon.colcon_core.verb:set package 'keyboard_controller' build argument 'catkin_cmake_args' from command line to 'None'
[1.737s] Level 5:colcon.colcon_core.verb:set package 'keyboard_controller' build argument 'catkin_skip_building_tests' from command line to 'False'
[1.737s] DEBUG:colcon.colcon_core.verb:Building package 'keyboard_controller' with the following arguments: {'ament_cmake_args': None, 'build_base': '/home/alibaba/ros2_repos/build/keyboard_controller', 'catkin_cmake_args': None, 'catkin_skip_building_tests': False, 'cmake_args': None, 'cmake_clean_cache': False, 'cmake_clean_first': False, 'cmake_force_configure': False, 'cmake_target': None, 'cmake_target_skip_unavailable': False, 'install_base': '/home/alibaba/ros2_repos/install/keyboard_controller', 'merge_install': False, 'path': '/home/alibaba/ros2_repos/src/keyboard_controller', 'symlink_install': False, 'test_result_base': None}
[1.741s] INFO:colcon.colcon_core.executor:Executing jobs using 'parallel' executor
[1.759s] DEBUG:colcon.colcon_parallel_executor.executor.parallel:run_until_complete
[1.760s] INFO:colcon.colcon_ros.task.ament_cmake.build:Building ROS package in '/home/alibaba/ros2_repos/src/kalbot_interfaces' with build type 'ament_cmake'
[1.761s] INFO:colcon.colcon_cmake.task.cmake.build:Building CMake package in '/home/alibaba/ros2_repos/src/kalbot_interfaces'
[1.784s] INFO:colcon.colcon_core.plugin_system:Skipping extension 'colcon_core.shell.bat': Not used on non-Windows systems
[1.786s] INFO:colcon.colcon_core.shell:Skip shell extension 'powershell' for command environment: Not usable outside of PowerShell
[1.786s] DEBUG:colcon.colcon_core.shell:Skip shell extension 'dsv' for command environment
[1.810s] INFO:colcon.colcon_ros.task.ament_cmake.build:Building ROS package in '/home/alibaba/ros2_repos/src/kalbot_brignup' with build type 'ament_cmake'
[1.811s] INFO:colcon.colcon_cmake.task.cmake.build:Building CMake package in '/home/alibaba/ros2_repos/src/kalbot_brignup'
[1.820s] INFO:colcon.colcon_core.shell:Skip shell extension 'powershell' for command environment: Not usable outside of PowerShell
[1.821s] DEBUG:colcon.colcon_core.shell:Skip shell extension 'dsv' for command environment
[1.861s] DEBUG:colcon.colcon_core.event_handler.log_command:Invoking command in '/home/alibaba/ros2_repos/build/kalbot_interfaces': CMAKE_PREFIX_PATH=/opt/ros/eloquent /usr/bin/cmake --build /home/alibaba/ros2_repos/build/kalbot_interfaces -- -j4 -l4
[1.895s] DEBUG:colcon.colcon_core.event_handler.log_command:Invoking command in '/home/alibaba/ros2_repos/build/kalbot_brignup': CMAKE_PREFIX_PATH=/opt/ros/eloquent /usr/bin/cmake --build /home/alibaba/ros2_repos/build/kalbot_brignup -- -j4 -l4
[2.055s] DEBUG:colcon.colcon_core.event_handler.log_command:Invoked command in '/home/alibaba/ros2_repos/build/kalbot_brignup' returned '0': CMAKE_PREFIX_PATH=/opt/ros/eloquent /usr/bin/cmake --build /home/alibaba/ros2_repos/build/kalbot_brignup -- -j4 -l4
[2.204s] DEBUG:colcon.colcon_core.event_handler.log_command:Invoking command in '/home/alibaba/ros2_repos/build/kalbot_brignup': CMAKE_PREFIX_PATH=/opt/ros/eloquent /usr/bin/cmake --build /home/alibaba/ros2_repos/build/kalbot_brignup --target install -- -j4 -l4
[2.435s] Level 1:colcon.colcon_core.environment:create_environment_scripts_only(kalbot_brignup)
[2.438s] DEBUG:colcon.colcon_core.event_handler.log_command:Invoked command in '/home/alibaba/ros2_repos/build/kalbot_brignup' returned '0': CMAKE_PREFIX_PATH=/opt/ros/eloquent /usr/bin/cmake --build /home/alibaba/ros2_repos/build/kalbot_brignup --target install -- -j4 -l4
[2.468s] Level 1:colcon.colcon_core.environment:checking '/home/alibaba/ros2_repos/install/kalbot_brignup' for CMake module files
[2.471s] Level 1:colcon.colcon_core.environment:checking '/home/alibaba/ros2_repos/install/kalbot_brignup' for CMake config files
[2.473s] Level 1:colcon.colcon_core.shell:create_environment_hook('kalbot_brignup', 'cmake_prefix_path')
[2.481s] INFO:colcon.colcon_core.shell:Creating environment hook '/home/alibaba/ros2_repos/install/kalbot_brignup/share/kalbot_brignup/hook/cmake_prefix_path.ps1'
[2.484s] INFO:colcon.colcon_core.shell:Creating environment descriptor '/home/alibaba/ros2_repos/install/kalbot_brignup/share/kalbot_brignup/hook/cmake_prefix_path.dsv'
[2.487s] INFO:colcon.colcon_core.shell:Creating environment hook '/home/alibaba/ros2_repos/install/kalbot_brignup/share/kalbot_brignup/hook/cmake_prefix_path.sh'
[2.493s] Level 1:colcon.colcon_core.environment:checking '/home/alibaba/ros2_repos/install/kalbot_brignup/bin'
[2.494s] Level 1:colcon.colcon_core.environment:checking '/home/alibaba/ros2_repos/install/kalbot_brignup/lib/pkgconfig/kalbot_brignup.pc'
[2.495s] Level 1:colcon.colcon_core.environment:checking '/home/alibaba/ros2_repos/install/kalbot_brignup/lib/python3.6/site-packages'
[2.496s] Level 1:colcon.colcon_core.environment:checking '/home/alibaba/ros2_repos/install/kalbot_brignup/bin'
[2.505s] INFO:colcon.colcon_core.shell:Creating package script '/home/alibaba/ros2_repos/install/kalbot_brignup/share/kalbot_brignup/package.ps1'
[2.511s] INFO:colcon.colcon_core.shell:Creating package descriptor '/home/alibaba/ros2_repos/install/kalbot_brignup/share/kalbot_brignup/package.dsv'
[2.514s] INFO:colcon.colcon_core.shell:Creating package script '/home/alibaba/ros2_repos/install/kalbot_brignup/share/kalbot_brignup/package.sh'
[2.519s] INFO:colcon.colcon_core.shell:Creating package script '/home/alibaba/ros2_repos/install/kalbot_brignup/share/kalbot_brignup/package.bash'
[2.524s] INFO:colcon.colcon_core.shell:Creating package script '/home/alibaba/ros2_repos/install/kalbot_brignup/share/kalbot_brignup/package.zsh'
[2.529s] Level 1:colcon.colcon_core.environment:create_file_with_runtime_dependencies(/home/alibaba/ros2_repos/install/kalbot_brignup/share/colcon-core/packages/kalbot_brignup)
[2.613s] Level 1:colcon.colcon_core.environment:create_environment_scripts_only(kalbot_brignup)
[2.626s] Level 1:colcon.colcon_core.environment:checking '/home/alibaba/ros2_repos/install/kalbot_brignup' for CMake module files
[2.629s] Level 1:colcon.colcon_core.environment:checking '/home/alibaba/ros2_repos/install/kalbot_brignup' for CMake config files
[2.630s] Level 1:colcon.colcon_core.shell:create_environment_hook('kalbot_brignup', 'cmake_prefix_path')
[2.638s] INFO:colcon.colcon_core.shell:Creating environment hook '/home/alibaba/ros2_repos/install/kalbot_brignup/share/kalbot_brignup/hook/cmake_prefix_path.ps1'
[2.641s] INFO:colcon.colcon_core.shell:Creating environment descriptor '/home/alibaba/ros2_repos/install/kalbot_brignup/share/kalbot_brignup/hook/cmake_prefix_path.dsv'
[2.643s] INFO:colcon.colcon_core.shell:Creating environment hook '/home/alibaba/ros2_repos/install/kalbot_brignup/share/kalbot_brignup/hook/cmake_prefix_path.sh'
[2.647s] Level 1:colcon.colcon_core.environment:checking '/home/alibaba/ros2_repos/install/kalbot_brignup/bin'
[2.647s] Level 1:colcon.colcon_core.environment:checking '/home/alibaba/ros2_repos/install/kalbot_brignup/lib/pkgconfig/kalbot_brignup.pc'
[2.648s] Level 1:colcon.colcon_core.environment:checking '/home/alibaba/ros2_repos/install/kalbot_brignup/lib/python3.6/site-packages'
[2.649s] Level 1:colcon.colcon_core.environment:checking '/home/alibaba/ros2_repos/install/kalbot_brignup/bin'
[2.657s] INFO:colcon.colcon_core.shell:Creating package script '/home/alibaba/ros2_repos/install/kalbot_brignup/share/kalbot_brignup/package.ps1'
[2.659s] INFO:colcon.colcon_core.shell:Creating package descriptor '/home/alibaba/ros2_repos/install/kalbot_brignup/share/kalbot_brignup/package.dsv'
[2.662s] INFO:colcon.colcon_core.shell:Creating package script '/home/alibaba/ros2_repos/install/kalbot_brignup/share/kalbot_brignup/package.sh'
[2.664s] INFO:colcon.colcon_core.shell:Creating package script '/home/alibaba/ros2_repos/install/kalbot_brignup/share/kalbot_brignup/package.bash'
[2.667s] INFO:colcon.colcon_core.shell:Creating package script '/home/alibaba/ros2_repos/install/kalbot_brignup/share/kalbot_brignup/package.zsh'
[2.670s] Level 1:colcon.colcon_core.environment:create_file_with_runtime_dependencies(/home/alibaba/ros2_repos/install/kalbot_brignup/share/colcon-core/packages/kalbot_brignup)
[2.846s] DEBUG:colcon.colcon_core.event_handler.log_command:Invoked command in '/home/alibaba/ros2_repos/build/kalbot_interfaces' returned '0': CMAKE_PREFIX_PATH=/opt/ros/eloquent /usr/bin/cmake --build /home/alibaba/ros2_repos/build/kalbot_interfaces -- -j4 -l4
[3.068s] DEBUG:colcon.colcon_core.event_handler.log_command:Invoking command in '/home/alibaba/ros2_repos/build/kalbot_interfaces': CMAKE_PREFIX_PATH=/opt/ros/eloquent /usr/bin/cmake --build /home/alibaba/ros2_repos/build/kalbot_interfaces --target install -- -j4 -l4
[4.247s] Level 1:colcon.colcon_core.environment:create_environment_scripts_only(kalbot_interfaces)
[4.259s] DEBUG:colcon.colcon_core.event_handler.log_command:Invoked command in '/home/alibaba/ros2_repos/build/kalbot_interfaces' returned '0': CMAKE_PREFIX_PATH=/opt/ros/eloquent /usr/bin/cmake --build /home/alibaba/ros2_repos/build/kalbot_interfaces --target install -- -j4 -l4
[4.261s] Level 1:colcon.colcon_core.environment:checking '/home/alibaba/ros2_repos/install/kalbot_interfaces' for CMake module files
[4.264s] Level 1:colcon.colcon_core.environment:checking '/home/alibaba/ros2_repos/install/kalbot_interfaces' for CMake config files
[4.268s] Level 1:colcon.colcon_core.shell:create_environment_hook('kalbot_interfaces', 'cmake_prefix_path')
[4.276s] INFO:colcon.colcon_core.shell:Creating environment hook '/home/alibaba/ros2_repos/install/kalbot_interfaces/share/kalbot_interfaces/hook/cmake_prefix_path.ps1'
[4.279s] INFO:colcon.colcon_core.shell:Creating environment descriptor '/home/alibaba/ros2_repos/install/kalbot_interfaces/share/kalbot_interfaces/hook/cmake_prefix_path.dsv'
[4.281s] INFO:colcon.colcon_core.shell:Creating environment hook '/home/alibaba/ros2_repos/install/kalbot_interfaces/share/kalbot_interfaces/hook/cmake_prefix_path.sh'
[4.285s] Level 1:colcon.colcon_core.environment:checking '/home/alibaba/ros2_repos/install/kalbot_interfaces/lib'
[4.286s] Level 1:colcon.colcon_core.shell:create_environment_hook('kalbot_interfaces', 'ld_library_path_lib')
[4.294s] INFO:colcon.colcon_core.shell:Creating environment hook '/home/alibaba/ros2_repos/install/kalbot_interfaces/share/kalbot_interfaces/hook/ld_library_path_lib.ps1'
[4.296s] INFO:colcon.colcon_core.shell:Creating environment descriptor '/home/alibaba/ros2_repos/install/kalbot_interfaces/share/kalbot_interfaces/hook/ld_library_path_lib.dsv'
[4.297s] INFO:colcon.colcon_core.shell:Creating environment hook '/home/alibaba/ros2_repos/install/kalbot_interfaces/share/kalbot_interfaces/hook/ld_library_path_lib.sh'
[4.298s] Level 1:colcon.colcon_core.environment:checking '/home/alibaba/ros2_repos/install/kalbot_interfaces/bin'
[4.299s] Level 1:colcon.colcon_core.environment:checking '/home/alibaba/ros2_repos/install/kalbot_interfaces/lib/pkgconfig/kalbot_interfaces.pc'
[4.300s] Level 1:colcon.colcon_core.environment:checking '/home/alibaba/ros2_repos/install/kalbot_interfaces/lib/python3.6/site-packages'
[4.300s] Level 1:colcon.colcon_core.shell:create_environment_hook('kalbot_interfaces', 'pythonpath')
[4.308s] INFO:colcon.colcon_core.shell:Creating environment hook '/home/alibaba/ros2_repos/install/kalbot_interfaces/share/kalbot_interfaces/hook/pythonpath.ps1'
[4.310s] INFO:colcon.colcon_core.shell:Creating environment descriptor '/home/alibaba/ros2_repos/install/kalbot_interfaces/share/kalbot_interfaces/hook/pythonpath.dsv'
[4.312s] INFO:colcon.colcon_core.shell:Creating environment hook '/home/alibaba/ros2_repos/install/kalbot_interfaces/share/kalbot_interfaces/hook/pythonpath.sh'
[4.314s] Level 1:colcon.colcon_core.environment:checking '/home/alibaba/ros2_repos/install/kalbot_interfaces/bin'
[4.322s] INFO:colcon.colcon_core.shell:Creating package script '/home/alibaba/ros2_repos/install/kalbot_interfaces/share/kalbot_interfaces/package.ps1'
[4.325s] INFO:colcon.colcon_core.shell:Creating package descriptor '/home/alibaba/ros2_repos/install/kalbot_interfaces/share/kalbot_interfaces/package.dsv'
[4.327s] INFO:colcon.colcon_core.shell:Creating package script '/home/alibaba/ros2_repos/install/kalbot_interfaces/share/kalbot_interfaces/package.sh'
[4.329s] INFO:colcon.colcon_core.shell:Creating package script '/home/alibaba/ros2_repos/install/kalbot_interfaces/share/kalbot_interfaces/package.bash'
[4.331s] INFO:colcon.colcon_core.shell:Creating package script '/home/alibaba/ros2_repos/install/kalbot_interfaces/share/kalbot_interfaces/package.zsh'
[4.332s] Level 1:colcon.colcon_core.environment:create_file_with_runtime_dependencies(/home/alibaba/ros2_repos/install/kalbot_interfaces/share/colcon-core/packages/kalbot_interfaces)
[4.554s] Level 1:colcon.colcon_core.environment:create_environment_scripts_only(kalbot_interfaces)
[4.566s] Level 1:colcon.colcon_core.environment:checking '/home/alibaba/ros2_repos/install/kalbot_interfaces' for CMake module files
[4.569s] Level 1:colcon.colcon_core.environment:checking '/home/alibaba/ros2_repos/install/kalbot_interfaces' for CMake config files
[4.573s] Level 1:colcon.colcon_core.shell:create_environment_hook('kalbot_interfaces', 'cmake_prefix_path')
[4.580s] INFO:colcon.colcon_core.shell:Creating environment hook '/home/alibaba/ros2_repos/install/kalbot_interfaces/share/kalbot_interfaces/hook/cmake_prefix_path.ps1'
[4.583s] INFO:colcon.colcon_core.shell:Creating environment descriptor '/home/alibaba/ros2_repos/install/kalbot_interfaces/share/kalbot_interfaces/hook/cmake_prefix_path.dsv'
[4.584s] INFO:colcon.colcon_core.shell:Creating environment hook '/home/alibaba/ros2_repos/install/kalbot_interfaces/share/kalbot_interfaces/hook/cmake_prefix_path.sh'
[4.588s] Level 1:colcon.colcon_core.environment:checking '/home/alibaba/ros2_repos/install/kalbot_interfaces/lib'
[4.588s] Level 1:colcon.colcon_core.shell:create_environment_hook('kalbot_interfaces', 'ld_library_path_lib')
[4.596s] INFO:colcon.colcon_core.shell:Creating environment hook '/home/alibaba/ros2_repos/install/kalbot_interfaces/share/kalbot_interfaces/hook/ld_library_path_lib.ps1'
[4.597s] INFO:colcon.colcon_core.shell:Creating environment descriptor '/home/alibaba/ros2_repos/install/kalbot_interfaces/share/kalbot_interfaces/hook/ld_library_path_lib.dsv'
[4.599s] INFO:colcon.colcon_core.shell:Creating environment hook '/home/alibaba/ros2_repos/install/kalbot_interfaces/share/kalbot_interfaces/hook/ld_library_path_lib.sh'
[4.600s] Level 1:colcon.colcon_core.environment:checking '/home/alibaba/ros2_repos/install/kalbot_interfaces/bin'
[4.600s] Level 1:colcon.colcon_core.environment:checking '/home/alibaba/ros2_repos/install/kalbot_interfaces/lib/pkgconfig/kalbot_interfaces.pc'
[4.601s] Level 1:colcon.colcon_core.environment:checking '/home/alibaba/ros2_repos/install/kalbot_interfaces/lib/python3.6/site-packages'
[4.602s] Level 1:colcon.colcon_core.shell:create_environment_hook('kalbot_interfaces', 'pythonpath')
[4.609s] INFO:colcon.colcon_core.shell:Creating environment hook '/home/alibaba/ros2_repos/install/kalbot_interfaces/share/kalbot_interfaces/hook/pythonpath.ps1'
[4.610s] INFO:colcon.colcon_core.shell:Creating environment descriptor '/home/alibaba/ros2_repos/install/kalbot_interfaces/share/kalbot_interfaces/hook/pythonpath.dsv'
[4.612s] INFO:colcon.colcon_core.shell:Creating environment hook '/home/alibaba/ros2_repos/install/kalbot_interfaces/share/kalbot_interfaces/hook/pythonpath.sh'
[4.614s] Level 1:colcon.colcon_core.environment:checking '/home/alibaba/ros2_repos/install/kalbot_interfaces/bin'
[4.622s] INFO:colcon.colcon_core.shell:Creating package script '/home/alibaba/ros2_repos/install/kalbot_interfaces/share/kalbot_interfaces/package.ps1'
[4.625s] INFO:colcon.colcon_core.shell:Creating package descriptor '/home/alibaba/ros2_repos/install/kalbot_interfaces/share/kalbot_interfaces/package.dsv'
[4.627s] INFO:colcon.colcon_core.shell:Creating package script '/home/alibaba/ros2_repos/install/kalbot_interfaces/share/kalbot_interfaces/package.sh'
[4.630s] INFO:colcon.colcon_core.shell:Creating package script '/home/alibaba/ros2_repos/install/kalbot_interfaces/share/kalbot_interfaces/package.bash'
[4.631s] INFO:colcon.colcon_core.shell:Creating package script '/home/alibaba/ros2_repos/install/kalbot_interfaces/share/kalbot_interfaces/package.zsh'
[4.633s] Level 1:colcon.colcon_core.environment:create_file_with_runtime_dependencies(/home/alibaba/ros2_repos/install/kalbot_interfaces/share/colcon-core/packages/kalbot_interfaces)
[4.635s] INFO:colcon.colcon_ros.task.ament_python.build:Building ROS package in '/home/alibaba/ros2_repos/src/kalbot_controller' with build type 'ament_python'
[4.635s] Level 1:colcon.colcon_core.shell:create_environment_hook('kalbot_controller', 'ament_prefix_path')
[4.644s] INFO:colcon.colcon_core.shell:Creating environment hook '/home/alibaba/ros2_repos/install/kalbot_controller/share/kalbot_controller/hook/ament_prefix_path.ps1'
[4.646s] INFO:colcon.colcon_core.shell:Creating environment descriptor '/home/alibaba/ros2_repos/install/kalbot_controller/share/kalbot_controller/hook/ament_prefix_path.dsv'
[4.648s] INFO:colcon.colcon_core.shell:Creating environment hook '/home/alibaba/ros2_repos/install/kalbot_controller/share/kalbot_controller/hook/ament_prefix_path.sh'
[4.658s] INFO:colcon.colcon_core.shell:Skip shell extension 'powershell' for command environment: Not usable outside of PowerShell
[4.658s] DEBUG:colcon.colcon_core.shell:Skip shell extension 'dsv' for command environment
[4.681s] INFO:colcon.colcon_ros.task.ament_python.build:Building ROS package in '/home/alibaba/ros2_repos/src/keyboard_controller' with build type 'ament_python'
[4.683s] Level 1:colcon.colcon_core.shell:create_environment_hook('keyboard_controller', 'ament_prefix_path')
[4.692s] INFO:colcon.colcon_core.shell:Creating environment hook '/home/alibaba/ros2_repos/install/keyboard_controller/share/keyboard_controller/hook/ament_prefix_path.ps1'
[4.695s] INFO:colcon.colcon_core.shell:Creating environment descriptor '/home/alibaba/ros2_repos/install/keyboard_controller/share/keyboard_controller/hook/ament_prefix_path.dsv'
[4.697s] INFO:colcon.colcon_core.shell:Creating environment hook '/home/alibaba/ros2_repos/install/keyboard_controller/share/keyboard_controller/hook/ament_prefix_path.sh'
[4.706s] INFO:colcon.colcon_core.shell:Skip shell extension 'powershell' for command environment: Not usable outside of PowerShell
[4.706s] DEBUG:colcon.colcon_core.shell:Skip shell extension 'dsv' for command environment
[5.847s] INFO:colcon.colcon_core.task.python.build:Building Python package in '/home/alibaba/ros2_repos/src/kalbot_controller'
[5.856s] INFO:colcon.colcon_core.shell:Skip shell extension 'powershell' for command environment: Not usable outside of PowerShell
[5.856s] DEBUG:colcon.colcon_core.shell:Skip shell extension 'dsv' for command environment
[7.017s] INFO:colcon.colcon_core.task.python.build:Building Python package in '/home/alibaba/ros2_repos/src/keyboard_controller'
[7.026s] INFO:colcon.colcon_core.shell:Skip shell extension 'powershell' for command environment: Not usable outside of PowerShell
[7.026s] DEBUG:colcon.colcon_core.shell:Skip shell extension 'dsv' for command environment
[8.826s] DEBUG:colcon.colcon_core.event_handler.log_command:Invoking command in '/home/alibaba/ros2_repos/src/keyboard_controller': AMENT_PREFIX_PATH=/home/alibaba/ros2_repos/install/kalbot_interfaces:${AMENT_PREFIX_PATH} CMAKE_PREFIX_PATH=/home/alibaba/ros2_repos/install/kalbot_interfaces LD_LIBRARY_PATH=/home/alibaba/ros2_repos/install/kalbot_interfaces/lib:${LD_LIBRARY_PATH} PYTHONPATH=/home/alibaba/ros2_repos/build/keyboard_controller/prefix_override:/home/alibaba/ros2_repos/install/keyboard_controller/lib/python3.6/site-packages:/home/alibaba/ros2_repos/install/kalbot_interfaces/lib/python3.6/site-packages:${PYTHONPATH} /usr/bin/python3 setup.py egg_info --egg-base ../../build/keyboard_controller build --build-base /home/alibaba/ros2_repos/build/keyboard_controller/build install --record /home/alibaba/ros2_repos/build/keyboard_controller/install.log --single-version-externally-managed
[8.852s] DEBUG:colcon.colcon_core.event_handler.log_command:Invoking command in '/home/alibaba/ros2_repos/src/kalbot_controller': AMENT_PREFIX_PATH=/home/alibaba/ros2_repos/install/kalbot_interfaces:${AMENT_PREFIX_PATH} CMAKE_PREFIX_PATH=/home/alibaba/ros2_repos/install/kalbot_interfaces LD_LIBRARY_PATH=/home/alibaba/ros2_repos/install/kalbot_interfaces/lib:${LD_LIBRARY_PATH} PYTHONPATH=/home/alibaba/ros2_repos/build/kalbot_controller/prefix_override:/home/alibaba/ros2_repos/install/kalbot_controller/lib/python3.6/site-packages:/home/alibaba/ros2_repos/install/kalbot_interfaces/lib/python3.6/site-packages:${PYTHONPATH} /usr/bin/python3 setup.py egg_info --egg-base ../../build/kalbot_controller build --build-base /home/alibaba/ros2_repos/build/kalbot_controller/build install --record /home/alibaba/ros2_repos/build/kalbot_controller/install.log --single-version-externally-managed
[10.365s] DEBUG:colcon.colcon_core.event_handler.log_command:Invoked command in '/home/alibaba/ros2_repos/src/keyboard_controller' returned '0': AMENT_PREFIX_PATH=/home/alibaba/ros2_repos/install/kalbot_interfaces:${AMENT_PREFIX_PATH} CMAKE_PREFIX_PATH=/home/alibaba/ros2_repos/install/kalbot_interfaces LD_LIBRARY_PATH=/home/alibaba/ros2_repos/install/kalbot_interfaces/lib:${LD_LIBRARY_PATH} PYTHONPATH=/home/alibaba/ros2_repos/build/keyboard_controller/prefix_override:/home/alibaba/ros2_repos/install/keyboard_controller/lib/python3.6/site-packages:/home/alibaba/ros2_repos/install/kalbot_interfaces/lib/python3.6/site-packages:${PYTHONPATH} /usr/bin/python3 setup.py egg_info --egg-base ../../build/keyboard_controller build --build-base /home/alibaba/ros2_repos/build/keyboard_controller/build install --record /home/alibaba/ros2_repos/build/keyboard_controller/install.log --single-version-externally-managed
[10.370s] Level 1:colcon.colcon_core.environment:checking '/home/alibaba/ros2_repos/install/keyboard_controller' for CMake module files
[10.373s] Level 1:colcon.colcon_core.environment:checking '/home/alibaba/ros2_repos/install/keyboard_controller' for CMake config files
[10.377s] Level 1:colcon.colcon_core.environment:checking '/home/alibaba/ros2_repos/install/keyboard_controller/lib'
[10.377s] Level 1:colcon.colcon_core.environment:checking '/home/alibaba/ros2_repos/install/keyboard_controller/bin'
[10.378s] Level 1:colcon.colcon_core.environment:checking '/home/alibaba/ros2_repos/install/keyboard_controller/lib/pkgconfig/keyboard_controller.pc'
[10.379s] Level 1:colcon.colcon_core.environment:checking '/home/alibaba/ros2_repos/install/keyboard_controller/lib/python3.6/site-packages'
[10.379s] Level 1:colcon.colcon_core.shell:create_environment_hook('keyboard_controller', 'pythonpath')
[10.388s] INFO:colcon.colcon_core.shell:Creating environment hook '/home/alibaba/ros2_repos/install/keyboard_controller/share/keyboard_controller/hook/pythonpath.ps1'
[10.392s] INFO:colcon.colcon_core.shell:Creating environment descriptor '/home/alibaba/ros2_repos/install/keyboard_controller/share/keyboard_controller/hook/pythonpath.dsv'
[10.394s] INFO:colcon.colcon_core.shell:Creating environment hook '/home/alibaba/ros2_repos/install/keyboard_controller/share/keyboard_controller/hook/pythonpath.sh'
[10.397s] Level 1:colcon.colcon_core.environment:checking '/home/alibaba/ros2_repos/install/keyboard_controller/bin'
[10.397s] Level 1:colcon.colcon_core.environment:create_environment_scripts_only(keyboard_controller)
[10.406s] INFO:colcon.colcon_core.shell:Creating package script '/home/alibaba/ros2_repos/install/keyboard_controller/share/keyboard_controller/package.ps1'
[10.409s] INFO:colcon.colcon_core.shell:Creating package descriptor '/home/alibaba/ros2_repos/install/keyboard_controller/share/keyboard_controller/package.dsv'
[10.411s] INFO:colcon.colcon_core.shell:Creating package script '/home/alibaba/ros2_repos/install/keyboard_controller/share/keyboard_controller/package.sh'
[10.413s] INFO:colcon.colcon_core.shell:Creating package script '/home/alibaba/ros2_repos/install/keyboard_controller/share/keyboard_controller/package.bash'
[10.415s] INFO:colcon.colcon_core.shell:Creating package script '/home/alibaba/ros2_repos/install/keyboard_controller/share/keyboard_controller/package.zsh'
[10.416s] Level 1:colcon.colcon_core.environment:create_file_with_runtime_dependencies(/home/alibaba/ros2_repos/install/keyboard_controller/share/colcon-core/packages/keyboard_controller)
[10.433s] Level 1:colcon.colcon_core.environment:checking '/home/alibaba/ros2_repos/install/kalbot_controller' for CMake module files
[10.436s] DEBUG:colcon.colcon_core.event_handler.log_command:Invoked command in '/home/alibaba/ros2_repos/src/kalbot_controller' returned '0': AMENT_PREFIX_PATH=/home/alibaba/ros2_repos/install/kalbot_interfaces:${AMENT_PREFIX_PATH} CMAKE_PREFIX_PATH=/home/alibaba/ros2_repos/install/kalbot_interfaces LD_LIBRARY_PATH=/home/alibaba/ros2_repos/install/kalbot_interfaces/lib:${LD_LIBRARY_PATH} PYTHONPATH=/home/alibaba/ros2_repos/build/kalbot_controller/prefix_override:/home/alibaba/ros2_repos/install/kalbot_controller/lib/python3.6/site-packages:/home/alibaba/ros2_repos/install/kalbot_interfaces/lib/python3.6/site-packages:${PYTHONPATH} /usr/bin/python3 setup.py egg_info --egg-base ../../build/kalbot_controller build --build-base /home/alibaba/ros2_repos/build/kalbot_controller/build install --record /home/alibaba/ros2_repos/build/kalbot_controller/install.log --single-version-externally-managed
[10.438s] Level 1:colcon.colcon_core.environment:checking '/home/alibaba/ros2_repos/install/kalbot_controller' for CMake config files
[10.442s] Level 1:colcon.colcon_core.environment:checking '/home/alibaba/ros2_repos/install/kalbot_controller/lib'
[10.442s] Level 1:colcon.colcon_core.environment:checking '/home/alibaba/ros2_repos/install/kalbot_controller/bin'
[10.443s] Level 1:colcon.colcon_core.environment:checking '/home/alibaba/ros2_repos/install/kalbot_controller/lib/pkgconfig/kalbot_controller.pc'
[10.444s] Level 1:colcon.colcon_core.environment:checking '/home/alibaba/ros2_repos/install/kalbot_controller/lib/python3.6/site-packages'
[10.444s] Level 1:colcon.colcon_core.shell:create_environment_hook('kalbot_controller', 'pythonpath')
[10.451s] INFO:colcon.colcon_core.shell:Creating environment hook '/home/alibaba/ros2_repos/install/kalbot_controller/share/kalbot_controller/hook/pythonpath.ps1'
[10.453s] INFO:colcon.colcon_core.shell:Creating environment descriptor '/home/alibaba/ros2_repos/install/kalbot_controller/share/kalbot_controller/hook/pythonpath.dsv'
[10.455s] INFO:colcon.colcon_core.shell:Creating environment hook '/home/alibaba/ros2_repos/install/kalbot_controller/share/kalbot_controller/hook/pythonpath.sh'
[10.457s] Level 1:colcon.colcon_core.environment:checking '/home/alibaba/ros2_repos/install/kalbot_controller/bin'
[10.457s] Level 1:colcon.colcon_core.environment:create_environment_scripts_only(kalbot_controller)
[10.465s] INFO:colcon.colcon_core.shell:Creating package script '/home/alibaba/ros2_repos/install/kalbot_controller/share/kalbot_controller/package.ps1'
[10.467s] INFO:colcon.colcon_core.shell:Creating package descriptor '/home/alibaba/ros2_repos/install/kalbot_controller/share/kalbot_controller/package.dsv'
[10.469s] INFO:colcon.colcon_core.shell:Creating package script '/home/alibaba/ros2_repos/install/kalbot_controller/share/kalbot_controller/package.sh'
[10.471s] INFO:colcon.colcon_core.shell:Creating package script '/home/alibaba/ros2_repos/install/kalbot_controller/share/kalbot_controller/package.bash'
[10.473s] INFO:colcon.colcon_core.shell:Creating package script '/home/alibaba/ros2_repos/install/kalbot_controller/share/kalbot_controller/package.zsh'
[10.474s] Level 1:colcon.colcon_core.environment:create_file_with_runtime_dependencies(/home/alibaba/ros2_repos/install/kalbot_controller/share/colcon-core/packages/kalbot_controller)
[10.476s] DEBUG:colcon.colcon_parallel_executor.executor.parallel:closing loop
[10.479s] DEBUG:colcon.colcon_parallel_executor.executor.parallel:loop closed
[10.479s] DEBUG:colcon.colcon_parallel_executor.executor.parallel:run_until_complete finished with '0'
[10.479s] DEBUG:colcon.colcon_core.event_reactor:joining thread
[10.505s] INFO:colcon.colcon_core.plugin_system:Skipping extension 'colcon_notification.desktop_notification.terminal_notifier': Not used on non-Darwin systems
[10.505s] INFO:colcon.colcon_core.plugin_system:Skipping extension 'colcon_notification.desktop_notification.win32': Not used on non-Windows systems
[10.505s] INFO:colcon.colcon_notification.desktop_notification:Sending desktop notification using 'notify2'
[10.532s] DEBUG:colcon.colcon_core.event_reactor:joined thread
[10.539s] INFO:colcon.colcon_core.shell:Creating prefix script '/home/alibaba/ros2_repos/install/local_setup.ps1'
[10.545s] INFO:colcon.colcon_core.shell:Creating prefix util module '/home/alibaba/ros2_repos/install/_local_setup_util_ps1.py'
[10.555s] INFO:colcon.colcon_core.shell:Creating prefix chain script '/home/alibaba/ros2_repos/install/setup.ps1'
[10.562s] INFO:colcon.colcon_core.shell:Creating prefix script '/home/alibaba/ros2_repos/install/local_setup.sh'
[10.565s] INFO:colcon.colcon_core.shell:Creating prefix util module '/home/alibaba/ros2_repos/install/_local_setup_util_sh.py'
[10.567s] INFO:colcon.colcon_core.shell:Creating prefix chain script '/home/alibaba/ros2_repos/install/setup.sh'
[10.574s] INFO:colcon.colcon_core.shell:Creating prefix script '/home/alibaba/ros2_repos/install/local_setup.bash'
[10.577s] INFO:colcon.colcon_core.shell:Creating prefix chain script '/home/alibaba/ros2_repos/install/setup.bash'
[10.584s] INFO:colcon.colcon_core.shell:Creating prefix script '/home/alibaba/ros2_repos/install/local_setup.zsh'
[10.586s] INFO:colcon.colcon_core.shell:Creating prefix chain script '/home/alibaba/ros2_repos/install/setup.zsh'
