-- Found ament_cmake: 1.3.4 (/opt/ros/humble/share/ament_cmake/cmake)
-- Found rosidl_default_generators: 1.2.0 (/opt/ros/humble/share/rosidl_default_generators/cmake)
-- Using all available rosidl_typesupport_c: rosidl_typesupport_fastrtps_c;rosidl_typesupport_introspection_c
-- Found rosidl_adapter: 3.1.4 (/opt/ros/humble/share/rosidl_adapter/cmake)
-- Using all available rosidl_typesupport_cpp: rosidl_typesupport_fastrtps_cpp;rosidl_typesupport_introspection_cpp
-- Found ament_cmake_ros: 0.10.0 (/opt/ros/humble/share/ament_cmake_ros/cmake)
-- Using all available rosidl_typesupport_c: rosidl_typesupport_fastrtps_c;rosidl_typesupport_introspection_c
-- Using all available rosidl_typesupport_cpp: rosidl_typesupport_fastrtps_cpp;rosidl_typesupport_introspection_cpp
-- Found python_cmake_module: 0.10.0 (/opt/ros/humble/share/python_cmake_module/cmake)
-- Using PYTHON_EXECUTABLE: /usr/bin/python3
-- Using PYTHON_INCLUDE_DIRS: /usr/include/python3.10
-- Using PYTHON_LIBRARIES: /usr/lib/x86_64-linux-gnu/libpython3.10.so
-- Configuring done
-- Generating done
-- Build files have been written to: /home/zubeyir48/ros2_ME462_ws/build/kalbot_interfaces
[  2%] [34m[1mGenerating C code for ROS interfaces[0m
[  5%] [34m[1mGenerating C++ code for ROS interfaces[0m
[  5%] Built target ament_cmake_python_copy_kalbot_interfaces
running egg_info
writing kalbot_interfaces.egg-info/PKG-INFO
writing dependency_links to kalbot_interfaces.egg-info/dependency_links.txt
writing top-level names to kalbot_interfaces.egg-info/top_level.txt
reading manifest file 'kalbot_interfaces.egg-info/SOURCES.txt'
writing manifest file 'kalbot_interfaces.egg-info/SOURCES.txt'
[  5%] Built target kalbot_interfaces__cpp
[35m[1mConsolidate compiler generated dependencies of target kalbot_interfaces__rosidl_generator_c[0m
[ 15%] [34m[1mGenerating C++ introspection for ROS interfaces[0m
[ 15%] [32mBuilding C object CMakeFiles/kalbot_interfaces__rosidl_generator_c.dir/rosidl_generator_c/kalbot_interfaces/msg/detail/motor_command__functions.c.o[0m
[ 15%] [32mBuilding C object CMakeFiles/kalbot_interfaces__rosidl_generator_c.dir/rosidl_generator_c/kalbot_interfaces/srv/detail/set_motor_speed__functions.c.o[0m
[ 17%] [34m[1mGenerating C++ type support for eProsima Fast-RTPS[0m
[ 17%] [34m[1mGenerating C++ type support dispatch for ROS interfaces[0m
[ 17%] Built target ament_cmake_python_build_kalbot_interfaces_egg
[ 20%] [32m[1mLinking C shared library libkalbot_interfaces__rosidl_generator_c.so[0m
[ 20%] Built target kalbot_interfaces__rosidl_generator_c
[ 25%] [34m[1mGenerating C type support for eProsima Fast-RTPS[0m
[ 28%] [34m[1mGenerating C introspection for ROS interfaces[0m
[ 28%] [34m[1mGenerating C type support dispatch for ROS interfaces[0m
[35m[1mConsolidate compiler generated dependencies of target kalbot_interfaces__rosidl_typesupport_cpp[0m
[ 30%] [32mBuilding CXX object CMakeFiles/kalbot_interfaces__rosidl_typesupport_cpp.dir/rosidl_typesupport_cpp/kalbot_interfaces/msg/motor_command__type_support.cpp.o[0m
[ 33%] [32mBuilding CXX object CMakeFiles/kalbot_interfaces__rosidl_typesupport_cpp.dir/rosidl_typesupport_cpp/kalbot_interfaces/srv/set_motor_speed__type_support.cpp.o[0m
[35m[1mConsolidate compiler generated dependencies of target kalbot_interfaces__rosidl_typesupport_introspection_cpp[0m
[ 35%] [32mBuilding CXX object CMakeFiles/kalbot_interfaces__rosidl_typesupport_introspection_cpp.dir/rosidl_typesupport_introspection_cpp/kalbot_interfaces/msg/detail/motor_command__type_support.cpp.o[0m
[ 38%] [32mBuilding CXX object CMakeFiles/kalbot_interfaces__rosidl_typesupport_introspection_cpp.dir/rosidl_typesupport_introspection_cpp/kalbot_interfaces/srv/detail/set_motor_speed__type_support.cpp.o[0m
[35m[1mConsolidate compiler generated dependencies of target kalbot_interfaces__rosidl_typesupport_fastrtps_cpp[0m
[ 41%] [32mBuilding CXX object CMakeFiles/kalbot_interfaces__rosidl_typesupport_fastrtps_cpp.dir/rosidl_typesupport_fastrtps_cpp/kalbot_interfaces/msg/detail/dds_fastrtps/motor_command__type_support.cpp.o[0m
[ 43%] [32mBuilding CXX object CMakeFiles/kalbot_interfaces__rosidl_typesupport_fastrtps_cpp.dir/rosidl_typesupport_fastrtps_cpp/kalbot_interfaces/srv/detail/dds_fastrtps/set_motor_speed__type_support.cpp.o[0m
[35m[1mConsolidate compiler generated dependencies of target kalbot_interfaces__rosidl_typesupport_introspection_c[0m
[35m[1mConsolidate compiler generated dependencies of target kalbot_interfaces__rosidl_typesupport_fastrtps_c[0m
[ 46%] [32mBuilding C object CMakeFiles/kalbot_interfaces__rosidl_typesupport_introspection_c.dir/rosidl_typesupport_introspection_c/kalbot_interfaces/msg/detail/motor_command__type_support.c.o[0m
[ 48%] [32mBuilding CXX object CMakeFiles/kalbot_interfaces__rosidl_typesupport_fastrtps_c.dir/rosidl_typesupport_fastrtps_c/kalbot_interfaces/msg/detail/motor_command__type_support_c.cpp.o[0m
[ 51%] [32mBuilding C object CMakeFiles/kalbot_interfaces__rosidl_typesupport_introspection_c.dir/rosidl_typesupport_introspection_c/kalbot_interfaces/srv/detail/set_motor_speed__type_support.c.o[0m
[ 53%] [32mBuilding CXX object CMakeFiles/kalbot_interfaces__rosidl_typesupport_fastrtps_c.dir/rosidl_typesupport_fastrtps_c/kalbot_interfaces/srv/detail/set_motor_speed__type_support_c.cpp.o[0m
[35m[1mConsolidate compiler generated dependencies of target kalbot_interfaces__rosidl_typesupport_c[0m
[ 56%] [32mBuilding CXX object CMakeFiles/kalbot_interfaces__rosidl_typesupport_c.dir/rosidl_typesupport_c/kalbot_interfaces/msg/motor_command__type_support.cpp.o[0m
[ 58%] [32mBuilding CXX object CMakeFiles/kalbot_interfaces__rosidl_typesupport_c.dir/rosidl_typesupport_c/kalbot_interfaces/srv/set_motor_speed__type_support.cpp.o[0m
[ 61%] [32m[1mLinking C shared library libkalbot_interfaces__rosidl_typesupport_introspection_c.so[0m
[ 64%] [32m[1mLinking CXX shared library libkalbot_interfaces__rosidl_typesupport_c.so[0m
[ 64%] Built target kalbot_interfaces__rosidl_typesupport_introspection_c
[ 64%] Built target kalbot_interfaces__rosidl_typesupport_c
[ 66%] [32m[1mLinking CXX shared library libkalbot_interfaces__rosidl_typesupport_cpp.so[0m
[ 69%] [32m[1mLinking CXX shared library libkalbot_interfaces__rosidl_typesupport_introspection_cpp.so[0m
[ 69%] Built target kalbot_interfaces__rosidl_typesupport_cpp
[ 69%] Built target kalbot_interfaces__rosidl_typesupport_introspection_cpp
[ 71%] [32m[1mLinking CXX shared library libkalbot_interfaces__rosidl_typesupport_fastrtps_c.so[0m
[ 74%] [32m[1mLinking CXX shared library libkalbot_interfaces__rosidl_typesupport_fastrtps_cpp.so[0m
[ 74%] Built target kalbot_interfaces__rosidl_typesupport_fastrtps_c
[ 74%] Built target kalbot_interfaces__rosidl_typesupport_fastrtps_cpp
[ 74%] Built target kalbot_interfaces
[ 76%] [34m[1mGenerating Python code for ROS interfaces[0m
[ 76%] Built target kalbot_interfaces__py
[35m[1mConsolidate compiler generated dependencies of target kalbot_interfaces__rosidl_generator_py[0m
[ 79%] [32mBuilding C object CMakeFiles/kalbot_interfaces__rosidl_generator_py.dir/rosidl_generator_py/kalbot_interfaces/msg/_motor_command_s.c.o[0m
[ 82%] [32mBuilding C object CMakeFiles/kalbot_interfaces__rosidl_generator_py.dir/rosidl_generator_py/kalbot_interfaces/srv/_set_motor_speed_s.c.o[0m
[ 84%] [32m[1mLinking C shared library rosidl_generator_py/kalbot_interfaces/libkalbot_interfaces__rosidl_generator_py.so[0m
[ 84%] Built target kalbot_interfaces__rosidl_generator_py
[35m[1mConsolidate compiler generated dependencies of target kalbot_interfaces__rosidl_typesupport_fastrtps_c__pyext[0m
[35m[1mConsolidate compiler generated dependencies of target kalbot_interfaces__rosidl_typesupport_introspection_c__pyext[0m
[35m[1mConsolidate compiler generated dependencies of target kalbot_interfaces__rosidl_typesupport_c__pyext[0m
[ 89%] [32mBuilding C object CMakeFiles/kalbot_interfaces__rosidl_typesupport_introspection_c__pyext.dir/rosidl_generator_py/kalbot_interfaces/_kalbot_interfaces_s.ep.rosidl_typesupport_introspection_c.c.o[0m
[ 89%] [32mBuilding C object CMakeFiles/kalbot_interfaces__rosidl_typesupport_fastrtps_c__pyext.dir/rosidl_generator_py/kalbot_interfaces/_kalbot_interfaces_s.ep.rosidl_typesupport_fastrtps_c.c.o[0m
[ 92%] [32mBuilding C object CMakeFiles/kalbot_interfaces__rosidl_typesupport_c__pyext.dir/rosidl_generator_py/kalbot_interfaces/_kalbot_interfaces_s.ep.rosidl_typesupport_c.c.o[0m
[ 97%] [32m[1mLinking C shared library rosidl_generator_py/kalbot_interfaces/kalbot_interfaces_s__rosidl_typesupport_c.cpython-310-x86_64-linux-gnu.so[0m
[ 97%] [32m[1mLinking C shared library rosidl_generator_py/kalbot_interfaces/kalbot_interfaces_s__rosidl_typesupport_introspection_c.cpython-310-x86_64-linux-gnu.so[0m
[100%] [32m[1mLinking C shared library rosidl_generator_py/kalbot_interfaces/kalbot_interfaces_s__rosidl_typesupport_fastrtps_c.cpython-310-x86_64-linux-gnu.so[0m
[100%] Built target kalbot_interfaces__rosidl_typesupport_c__pyext
[100%] Built target kalbot_interfaces__rosidl_typesupport_introspection_c__pyext
[100%] Built target kalbot_interfaces__rosidl_typesupport_fastrtps_c__pyext
-- Install configuration: ""
-- Up-to-date: /home/zubeyir48/ros2_ME462_ws/install/kalbot_interfaces/share/ament_index/resource_index/rosidl_interfaces/kalbot_interfaces
-- Up-to-date: /home/zubeyir48/ros2_ME462_ws/install/kalbot_interfaces/include/kalbot_interfaces/kalbot_interfaces
-- Up-to-date: /home/zubeyir48/ros2_ME462_ws/install/kalbot_interfaces/include/kalbot_interfaces/kalbot_interfaces/msg
-- Up-to-date: /home/zubeyir48/ros2_ME462_ws/install/kalbot_interfaces/include/kalbot_interfaces/kalbot_interfaces/msg/detail
-- Installing: /home/zubeyir48/ros2_ME462_ws/install/kalbot_interfaces/include/kalbot_interfaces/kalbot_interfaces/msg/detail/motor_command__functions.h
-- Installing: /home/zubeyir48/ros2_ME462_ws/install/kalbot_interfaces/include/kalbot_interfaces/kalbot_interfaces/msg/detail/motor_command__type_support.h
-- Installing: /home/zubeyir48/ros2_ME462_ws/install/kalbot_interfaces/include/kalbot_interfaces/kalbot_interfaces/msg/detail/motor_command__struct.h
-- Installing: /home/zubeyir48/ros2_ME462_ws/install/kalbot_interfaces/include/kalbot_interfaces/kalbot_interfaces/msg/detail/motor_command__functions.c
-- Installing: /home/zubeyir48/ros2_ME462_ws/install/kalbot_interfaces/include/kalbot_interfaces/kalbot_interfaces/msg/motor_command.h
-- Up-to-date: /home/zubeyir48/ros2_ME462_ws/install/kalbot_interfaces/include/kalbot_interfaces/kalbot_interfaces/msg/rosidl_generator_c__visibility_control.h
-- Up-to-date: /home/zubeyir48/ros2_ME462_ws/install/kalbot_interfaces/include/kalbot_interfaces/kalbot_interfaces/srv
-- Up-to-date: /home/zubeyir48/ros2_ME462_ws/install/kalbot_interfaces/include/kalbot_interfaces/kalbot_interfaces/srv/detail
-- Installing: /home/zubeyir48/ros2_ME462_ws/install/kalbot_interfaces/include/kalbot_interfaces/kalbot_interfaces/srv/detail/set_motor_speed__struct.h
-- Installing: /home/zubeyir48/ros2_ME462_ws/install/kalbot_interfaces/include/kalbot_interfaces/kalbot_interfaces/srv/detail/set_motor_speed__functions.c
-- Installing: /home/zubeyir48/ros2_ME462_ws/install/kalbot_interfaces/include/kalbot_interfaces/kalbot_interfaces/srv/detail/set_motor_speed__functions.h
-- Installing: /home/zubeyir48/ros2_ME462_ws/install/kalbot_interfaces/include/kalbot_interfaces/kalbot_interfaces/srv/detail/set_motor_speed__type_support.h
-- Installing: /home/zubeyir48/ros2_ME462_ws/install/kalbot_interfaces/include/kalbot_interfaces/kalbot_interfaces/srv/set_motor_speed.h
-- Up-to-date: /home/zubeyir48/ros2_ME462_ws/install/kalbot_interfaces/share/kalbot_interfaces/environment/library_path.sh
-- Installing: /home/zubeyir48/ros2_ME462_ws/install/kalbot_interfaces/share/kalbot_interfaces/environment/library_path.dsv
-- Installing: /home/zubeyir48/ros2_ME462_ws/install/kalbot_interfaces/lib/libkalbot_interfaces__rosidl_generator_c.so
-- Set runtime path of "/home/zubeyir48/ros2_ME462_ws/install/kalbot_interfaces/lib/libkalbot_interfaces__rosidl_generator_c.so" to ""
-- Up-to-date: /home/zubeyir48/ros2_ME462_ws/install/kalbot_interfaces/include/kalbot_interfaces/kalbot_interfaces
-- Up-to-date: /home/zubeyir48/ros2_ME462_ws/install/kalbot_interfaces/include/kalbot_interfaces/kalbot_interfaces/msg
-- Up-to-date: /home/zubeyir48/ros2_ME462_ws/install/kalbot_interfaces/include/kalbot_interfaces/kalbot_interfaces/msg/detail
-- Installing: /home/zubeyir48/ros2_ME462_ws/install/kalbot_interfaces/include/kalbot_interfaces/kalbot_interfaces/msg/detail/motor_command__rosidl_typesupport_fastrtps_c.h
-- Up-to-date: /home/zubeyir48/ros2_ME462_ws/install/kalbot_interfaces/include/kalbot_interfaces/kalbot_interfaces/msg/rosidl_typesupport_fastrtps_c__visibility_control.h
-- Up-to-date: /home/zubeyir48/ros2_ME462_ws/install/kalbot_interfaces/include/kalbot_interfaces/kalbot_interfaces/srv
-- Up-to-date: /home/zubeyir48/ros2_ME462_ws/install/kalbot_interfaces/include/kalbot_interfaces/kalbot_interfaces/srv/detail
-- Installing: /home/zubeyir48/ros2_ME462_ws/install/kalbot_interfaces/include/kalbot_interfaces/kalbot_interfaces/srv/detail/set_motor_speed__rosidl_typesupport_fastrtps_c.h
-- Installing: /home/zubeyir48/ros2_ME462_ws/install/kalbot_interfaces/lib/libkalbot_interfaces__rosidl_typesupport_fastrtps_c.so
-- Set runtime path of "/home/zubeyir48/ros2_ME462_ws/install/kalbot_interfaces/lib/libkalbot_interfaces__rosidl_typesupport_fastrtps_c.so" to ""
-- Up-to-date: /home/zubeyir48/ros2_ME462_ws/install/kalbot_interfaces/include/kalbot_interfaces/kalbot_interfaces
-- Up-to-date: /home/zubeyir48/ros2_ME462_ws/install/kalbot_interfaces/include/kalbot_interfaces/kalbot_interfaces/msg
-- Up-to-date: /home/zubeyir48/ros2_ME462_ws/install/kalbot_interfaces/include/kalbot_interfaces/kalbot_interfaces/msg/detail
-- Installing: /home/zubeyir48/ros2_ME462_ws/install/kalbot_interfaces/include/kalbot_interfaces/kalbot_interfaces/msg/detail/motor_command__type_support.c
-- Installing: /home/zubeyir48/ros2_ME462_ws/install/kalbot_interfaces/include/kalbot_interfaces/kalbot_interfaces/msg/detail/motor_command__rosidl_typesupport_introspection_c.h
-- Up-to-date: /home/zubeyir48/ros2_ME462_ws/install/kalbot_interfaces/include/kalbot_interfaces/kalbot_interfaces/msg/rosidl_typesupport_introspection_c__visibility_control.h
-- Up-to-date: /home/zubeyir48/ros2_ME462_ws/install/kalbot_interfaces/include/kalbot_interfaces/kalbot_interfaces/srv
-- Up-to-date: /home/zubeyir48/ros2_ME462_ws/install/kalbot_interfaces/include/kalbot_interfaces/kalbot_interfaces/srv/detail
-- Installing: /home/zubeyir48/ros2_ME462_ws/install/kalbot_interfaces/include/kalbot_interfaces/kalbot_interfaces/srv/detail/set_motor_speed__type_support.c
-- Installing: /home/zubeyir48/ros2_ME462_ws/install/kalbot_interfaces/include/kalbot_interfaces/kalbot_interfaces/srv/detail/set_motor_speed__rosidl_typesupport_introspection_c.h
-- Installing: /home/zubeyir48/ros2_ME462_ws/install/kalbot_interfaces/lib/libkalbot_interfaces__rosidl_typesupport_introspection_c.so
-- Set runtime path of "/home/zubeyir48/ros2_ME462_ws/install/kalbot_interfaces/lib/libkalbot_interfaces__rosidl_typesupport_introspection_c.so" to ""
-- Installing: /home/zubeyir48/ros2_ME462_ws/install/kalbot_interfaces/lib/libkalbot_interfaces__rosidl_typesupport_c.so
-- Set runtime path of "/home/zubeyir48/ros2_ME462_ws/install/kalbot_interfaces/lib/libkalbot_interfaces__rosidl_typesupport_c.so" to ""
-- Up-to-date: /home/zubeyir48/ros2_ME462_ws/install/kalbot_interfaces/include/kalbot_interfaces/kalbot_interfaces
-- Up-to-date: /home/zubeyir48/ros2_ME462_ws/install/kalbot_interfaces/include/kalbot_interfaces/kalbot_interfaces/msg
-- Up-to-date: /home/zubeyir48/ros2_ME462_ws/install/kalbot_interfaces/include/kalbot_interfaces/kalbot_interfaces/msg/detail
-- Installing: /home/zubeyir48/ros2_ME462_ws/install/kalbot_interfaces/include/kalbot_interfaces/kalbot_interfaces/msg/detail/motor_command__struct.hpp
-- Installing: /home/zubeyir48/ros2_ME462_ws/install/kalbot_interfaces/include/kalbot_interfaces/kalbot_interfaces/msg/detail/motor_command__builder.hpp
-- Installing: /home/zubeyir48/ros2_ME462_ws/install/kalbot_interfaces/include/kalbot_interfaces/kalbot_interfaces/msg/detail/motor_command__traits.hpp
-- Installing: /home/zubeyir48/ros2_ME462_ws/install/kalbot_interfaces/include/kalbot_interfaces/kalbot_interfaces/msg/motor_command.hpp
-- Up-to-date: /home/zubeyir48/ros2_ME462_ws/install/kalbot_interfaces/include/kalbot_interfaces/kalbot_interfaces/srv
-- Up-to-date: /home/zubeyir48/ros2_ME462_ws/install/kalbot_interfaces/include/kalbot_interfaces/kalbot_interfaces/srv/detail
-- Installing: /home/zubeyir48/ros2_ME462_ws/install/kalbot_interfaces/include/kalbot_interfaces/kalbot_interfaces/srv/detail/set_motor_speed__builder.hpp
-- Installing: /home/zubeyir48/ros2_ME462_ws/install/kalbot_interfaces/include/kalbot_interfaces/kalbot_interfaces/srv/detail/set_motor_speed__struct.hpp
-- Installing: /home/zubeyir48/ros2_ME462_ws/install/kalbot_interfaces/include/kalbot_interfaces/kalbot_interfaces/srv/detail/set_motor_speed__traits.hpp
-- Installing: /home/zubeyir48/ros2_ME462_ws/install/kalbot_interfaces/include/kalbot_interfaces/kalbot_interfaces/srv/set_motor_speed.hpp
-- Up-to-date: /home/zubeyir48/ros2_ME462_ws/install/kalbot_interfaces/include/kalbot_interfaces/kalbot_interfaces
-- Up-to-date: /home/zubeyir48/ros2_ME462_ws/install/kalbot_interfaces/include/kalbot_interfaces/kalbot_interfaces/msg
-- Up-to-date: /home/zubeyir48/ros2_ME462_ws/install/kalbot_interfaces/include/kalbot_interfaces/kalbot_interfaces/msg/rosidl_typesupport_fastrtps_cpp__visibility_control.h
-- Up-to-date: /home/zubeyir48/ros2_ME462_ws/install/kalbot_interfaces/include/kalbot_interfaces/kalbot_interfaces/msg/detail
-- Up-to-date: /home/zubeyir48/ros2_ME462_ws/install/kalbot_interfaces/include/kalbot_interfaces/kalbot_interfaces/msg/detail/dds_fastrtps
-- Installing: /home/zubeyir48/ros2_ME462_ws/install/kalbot_interfaces/include/kalbot_interfaces/kalbot_interfaces/msg/detail/motor_command__rosidl_typesupport_fastrtps_cpp.hpp
-- Up-to-date: /home/zubeyir48/ros2_ME462_ws/install/kalbot_interfaces/include/kalbot_interfaces/kalbot_interfaces/srv
-- Up-to-date: /home/zubeyir48/ros2_ME462_ws/install/kalbot_interfaces/include/kalbot_interfaces/kalbot_interfaces/srv/detail
-- Installing: /home/zubeyir48/ros2_ME462_ws/install/kalbot_interfaces/include/kalbot_interfaces/kalbot_interfaces/srv/detail/set_motor_speed__rosidl_typesupport_fastrtps_cpp.hpp
-- Up-to-date: /home/zubeyir48/ros2_ME462_ws/install/kalbot_interfaces/include/kalbot_interfaces/kalbot_interfaces/srv/detail/dds_fastrtps
-- Installing: /home/zubeyir48/ros2_ME462_ws/install/kalbot_interfaces/lib/libkalbot_interfaces__rosidl_typesupport_fastrtps_cpp.so
-- Set runtime path of "/home/zubeyir48/ros2_ME462_ws/install/kalbot_interfaces/lib/libkalbot_interfaces__rosidl_typesupport_fastrtps_cpp.so" to ""
-- Up-to-date: /home/zubeyir48/ros2_ME462_ws/install/kalbot_interfaces/include/kalbot_interfaces/kalbot_interfaces
-- Up-to-date: /home/zubeyir48/ros2_ME462_ws/install/kalbot_interfaces/include/kalbot_interfaces/kalbot_interfaces/msg
-- Up-to-date: /home/zubeyir48/ros2_ME462_ws/install/kalbot_interfaces/include/kalbot_interfaces/kalbot_interfaces/msg/detail
-- Installing: /home/zubeyir48/ros2_ME462_ws/install/kalbot_interfaces/include/kalbot_interfaces/kalbot_interfaces/msg/detail/motor_command__type_support.cpp
-- Installing: /home/zubeyir48/ros2_ME462_ws/install/kalbot_interfaces/include/kalbot_interfaces/kalbot_interfaces/msg/detail/motor_command__rosidl_typesupport_introspection_cpp.hpp
-- Up-to-date: /home/zubeyir48/ros2_ME462_ws/install/kalbot_interfaces/include/kalbot_interfaces/kalbot_interfaces/srv
-- Up-to-date: /home/zubeyir48/ros2_ME462_ws/install/kalbot_interfaces/include/kalbot_interfaces/kalbot_interfaces/srv/detail
-- Installing: /home/zubeyir48/ros2_ME462_ws/install/kalbot_interfaces/include/kalbot_interfaces/kalbot_interfaces/srv/detail/set_motor_speed__rosidl_typesupport_introspection_cpp.hpp
-- Installing: /home/zubeyir48/ros2_ME462_ws/install/kalbot_interfaces/include/kalbot_interfaces/kalbot_interfaces/srv/detail/set_motor_speed__type_support.cpp
-- Installing: /home/zubeyir48/ros2_ME462_ws/install/kalbot_interfaces/lib/libkalbot_interfaces__rosidl_typesupport_introspection_cpp.so
-- Set runtime path of "/home/zubeyir48/ros2_ME462_ws/install/kalbot_interfaces/lib/libkalbot_interfaces__rosidl_typesupport_introspection_cpp.so" to ""
-- Installing: /home/zubeyir48/ros2_ME462_ws/install/kalbot_interfaces/lib/libkalbot_interfaces__rosidl_typesupport_cpp.so
-- Set runtime path of "/home/zubeyir48/ros2_ME462_ws/install/kalbot_interfaces/lib/libkalbot_interfaces__rosidl_typesupport_cpp.so" to ""
-- Up-to-date: /home/zubeyir48/ros2_ME462_ws/install/kalbot_interfaces/share/kalbot_interfaces/environment/pythonpath.sh
-- Installing: /home/zubeyir48/ros2_ME462_ws/install/kalbot_interfaces/share/kalbot_interfaces/environment/pythonpath.dsv
-- Up-to-date: /home/zubeyir48/ros2_ME462_ws/install/kalbot_interfaces/local/lib/python3.10/dist-packages/kalbot_interfaces-0.0.0-py3.10.egg-info
-- Installing: /home/zubeyir48/ros2_ME462_ws/install/kalbot_interfaces/local/lib/python3.10/dist-packages/kalbot_interfaces-0.0.0-py3.10.egg-info/PKG-INFO
-- Installing: /home/zubeyir48/ros2_ME462_ws/install/kalbot_interfaces/local/lib/python3.10/dist-packages/kalbot_interfaces-0.0.0-py3.10.egg-info/top_level.txt
-- Installing: /home/zubeyir48/ros2_ME462_ws/install/kalbot_interfaces/local/lib/python3.10/dist-packages/kalbot_interfaces-0.0.0-py3.10.egg-info/SOURCES.txt
-- Installing: /home/zubeyir48/ros2_ME462_ws/install/kalbot_interfaces/local/lib/python3.10/dist-packages/kalbot_interfaces-0.0.0-py3.10.egg-info/dependency_links.txt
-- Up-to-date: /home/zubeyir48/ros2_ME462_ws/install/kalbot_interfaces/local/lib/python3.10/dist-packages/kalbot_interfaces
-- Installing: /home/zubeyir48/ros2_ME462_ws/install/kalbot_interfaces/local/lib/python3.10/dist-packages/kalbot_interfaces/_kalbot_interfaces_s.ep.rosidl_typesupport_introspection_c.c
-- Installing: /home/zubeyir48/ros2_ME462_ws/install/kalbot_interfaces/local/lib/python3.10/dist-packages/kalbot_interfaces/_kalbot_interfaces_s.ep.rosidl_typesupport_c.c
-- Installing: /home/zubeyir48/ros2_ME462_ws/install/kalbot_interfaces/local/lib/python3.10/dist-packages/kalbot_interfaces/_kalbot_interfaces_s.ep.rosidl_typesupport_fastrtps_c.c
-- Installing: /home/zubeyir48/ros2_ME462_ws/install/kalbot_interfaces/local/lib/python3.10/dist-packages/kalbot_interfaces/__init__.py
-- Installing: /home/zubeyir48/ros2_ME462_ws/install/kalbot_interfaces/local/lib/python3.10/dist-packages/kalbot_interfaces/kalbot_interfaces_s__rosidl_typesupport_fastrtps_c.cpython-310-x86_64-linux-gnu.so
-- Up-to-date: /home/zubeyir48/ros2_ME462_ws/install/kalbot_interfaces/local/lib/python3.10/dist-packages/kalbot_interfaces/msg
-- Installing: /home/zubeyir48/ros2_ME462_ws/install/kalbot_interfaces/local/lib/python3.10/dist-packages/kalbot_interfaces/msg/_motor_command.py
-- Installing: /home/zubeyir48/ros2_ME462_ws/install/kalbot_interfaces/local/lib/python3.10/dist-packages/kalbot_interfaces/msg/__init__.py
-- Installing: /home/zubeyir48/ros2_ME462_ws/install/kalbot_interfaces/local/lib/python3.10/dist-packages/kalbot_interfaces/msg/_motor_command_s.c
-- Installing: /home/zubeyir48/ros2_ME462_ws/install/kalbot_interfaces/local/lib/python3.10/dist-packages/kalbot_interfaces/kalbot_interfaces_s__rosidl_typesupport_introspection_c.cpython-310-x86_64-linux-gnu.so
-- Up-to-date: /home/zubeyir48/ros2_ME462_ws/install/kalbot_interfaces/local/lib/python3.10/dist-packages/kalbot_interfaces/srv
-- Installing: /home/zubeyir48/ros2_ME462_ws/install/kalbot_interfaces/local/lib/python3.10/dist-packages/kalbot_interfaces/srv/__init__.py
-- Installing: /home/zubeyir48/ros2_ME462_ws/install/kalbot_interfaces/local/lib/python3.10/dist-packages/kalbot_interfaces/srv/_set_motor_speed_s.c
-- Installing: /home/zubeyir48/ros2_ME462_ws/install/kalbot_interfaces/local/lib/python3.10/dist-packages/kalbot_interfaces/srv/_set_motor_speed.py
-- Installing: /home/zubeyir48/ros2_ME462_ws/install/kalbot_interfaces/local/lib/python3.10/dist-packages/kalbot_interfaces/libkalbot_interfaces__rosidl_generator_py.so
-- Installing: /home/zubeyir48/ros2_ME462_ws/install/kalbot_interfaces/local/lib/python3.10/dist-packages/kalbot_interfaces/kalbot_interfaces_s__rosidl_typesupport_c.cpython-310-x86_64-linux-gnu.so
Listing '/home/zubeyir48/ros2_ME462_ws/install/kalbot_interfaces/local/lib/python3.10/dist-packages/kalbot_interfaces'...
Compiling '/home/zubeyir48/ros2_ME462_ws/install/kalbot_interfaces/local/lib/python3.10/dist-packages/kalbot_interfaces/__init__.py'...
Listing '/home/zubeyir48/ros2_ME462_ws/install/kalbot_interfaces/local/lib/python3.10/dist-packages/kalbot_interfaces/msg'...
Compiling '/home/zubeyir48/ros2_ME462_ws/install/kalbot_interfaces/local/lib/python3.10/dist-packages/kalbot_interfaces/msg/__init__.py'...
Compiling '/home/zubeyir48/ros2_ME462_ws/install/kalbot_interfaces/local/lib/python3.10/dist-packages/kalbot_interfaces/msg/_motor_command.py'...
Listing '/home/zubeyir48/ros2_ME462_ws/install/kalbot_interfaces/local/lib/python3.10/dist-packages/kalbot_interfaces/srv'...
Compiling '/home/zubeyir48/ros2_ME462_ws/install/kalbot_interfaces/local/lib/python3.10/dist-packages/kalbot_interfaces/srv/__init__.py'...
Compiling '/home/zubeyir48/ros2_ME462_ws/install/kalbot_interfaces/local/lib/python3.10/dist-packages/kalbot_interfaces/srv/_set_motor_speed.py'...
-- Installing: /home/zubeyir48/ros2_ME462_ws/install/kalbot_interfaces/local/lib/python3.10/dist-packages/kalbot_interfaces/kalbot_interfaces_s__rosidl_typesupport_fastrtps_c.cpython-310-x86_64-linux-gnu.so
-- Set runtime path of "/home/zubeyir48/ros2_ME462_ws/install/kalbot_interfaces/local/lib/python3.10/dist-packages/kalbot_interfaces/kalbot_interfaces_s__rosidl_typesupport_fastrtps_c.cpython-310-x86_64-linux-gnu.so" to ""
-- Installing: /home/zubeyir48/ros2_ME462_ws/install/kalbot_interfaces/local/lib/python3.10/dist-packages/kalbot_interfaces/kalbot_interfaces_s__rosidl_typesupport_introspection_c.cpython-310-x86_64-linux-gnu.so
-- Set runtime path of "/home/zubeyir48/ros2_ME462_ws/install/kalbot_interfaces/local/lib/python3.10/dist-packages/kalbot_interfaces/kalbot_interfaces_s__rosidl_typesupport_introspection_c.cpython-310-x86_64-linux-gnu.so" to ""
-- Installing: /home/zubeyir48/ros2_ME462_ws/install/kalbot_interfaces/local/lib/python3.10/dist-packages/kalbot_interfaces/kalbot_interfaces_s__rosidl_typesupport_c.cpython-310-x86_64-linux-gnu.so
-- Set runtime path of "/home/zubeyir48/ros2_ME462_ws/install/kalbot_interfaces/local/lib/python3.10/dist-packages/kalbot_interfaces/kalbot_interfaces_s__rosidl_typesupport_c.cpython-310-x86_64-linux-gnu.so" to ""
-- Installing: /home/zubeyir48/ros2_ME462_ws/install/kalbot_interfaces/lib/libkalbot_interfaces__rosidl_generator_py.so
-- Set runtime path of "/home/zubeyir48/ros2_ME462_ws/install/kalbot_interfaces/lib/libkalbot_interfaces__rosidl_generator_py.so" to ""
-- Installing: /home/zubeyir48/ros2_ME462_ws/install/kalbot_interfaces/share/kalbot_interfaces/msg/MotorCommand.idl
-- Up-to-date: /home/zubeyir48/ros2_ME462_ws/install/kalbot_interfaces/share/kalbot_interfaces/srv/SetMotorSpeed.idl
-- Installing: /home/zubeyir48/ros2_ME462_ws/install/kalbot_interfaces/share/kalbot_interfaces/msg/MotorCommand.msg
-- Up-to-date: /home/zubeyir48/ros2_ME462_ws/install/kalbot_interfaces/share/kalbot_interfaces/srv/SetMotorSpeed.srv
-- Up-to-date: /home/zubeyir48/ros2_ME462_ws/install/kalbot_interfaces/share/kalbot_interfaces/srv/SetMotorSpeed_Request.msg
-- Up-to-date: /home/zubeyir48/ros2_ME462_ws/install/kalbot_interfaces/share/kalbot_interfaces/srv/SetMotorSpeed_Response.msg
-- Up-to-date: /home/zubeyir48/ros2_ME462_ws/install/kalbot_interfaces/share/ament_index/resource_index/package_run_dependencies/kalbot_interfaces
-- Installing: /home/zubeyir48/ros2_ME462_ws/install/kalbot_interfaces/share/ament_index/resource_index/parent_prefix_path/kalbot_interfaces
-- Up-to-date: /home/zubeyir48/ros2_ME462_ws/install/kalbot_interfaces/share/kalbot_interfaces/environment/ament_prefix_path.sh
-- Installing: /home/zubeyir48/ros2_ME462_ws/install/kalbot_interfaces/share/kalbot_interfaces/environment/ament_prefix_path.dsv
-- Up-to-date: /home/zubeyir48/ros2_ME462_ws/install/kalbot_interfaces/share/kalbot_interfaces/environment/path.sh
-- Installing: /home/zubeyir48/ros2_ME462_ws/install/kalbot_interfaces/share/kalbot_interfaces/environment/path.dsv
-- Up-to-date: /home/zubeyir48/ros2_ME462_ws/install/kalbot_interfaces/share/kalbot_interfaces/local_setup.bash
-- Up-to-date: /home/zubeyir48/ros2_ME462_ws/install/kalbot_interfaces/share/kalbot_interfaces/local_setup.sh
-- Up-to-date: /home/zubeyir48/ros2_ME462_ws/install/kalbot_interfaces/share/kalbot_interfaces/local_setup.zsh
-- Installing: /home/zubeyir48/ros2_ME462_ws/install/kalbot_interfaces/share/kalbot_interfaces/local_setup.dsv
-- Installing: /home/zubeyir48/ros2_ME462_ws/install/kalbot_interfaces/share/kalbot_interfaces/package.dsv
-- Up-to-date: /home/zubeyir48/ros2_ME462_ws/install/kalbot_interfaces/share/ament_index/resource_index/packages/kalbot_interfaces
-- Up-to-date: /home/zubeyir48/ros2_ME462_ws/install/kalbot_interfaces/share/kalbot_interfaces/cmake/export_kalbot_interfaces__rosidl_generator_cExport.cmake
-- Up-to-date: /home/zubeyir48/ros2_ME462_ws/install/kalbot_interfaces/share/kalbot_interfaces/cmake/export_kalbot_interfaces__rosidl_generator_cExport-noconfig.cmake
-- Up-to-date: /home/zubeyir48/ros2_ME462_ws/install/kalbot_interfaces/share/kalbot_interfaces/cmake/export_kalbot_interfaces__rosidl_typesupport_fastrtps_cExport.cmake
-- Up-to-date: /home/zubeyir48/ros2_ME462_ws/install/kalbot_interfaces/share/kalbot_interfaces/cmake/export_kalbot_interfaces__rosidl_typesupport_fastrtps_cExport-noconfig.cmake
-- Up-to-date: /home/zubeyir48/ros2_ME462_ws/install/kalbot_interfaces/share/kalbot_interfaces/cmake/kalbot_interfaces__rosidl_typesupport_introspection_cExport.cmake
-- Up-to-date: /home/zubeyir48/ros2_ME462_ws/install/kalbot_interfaces/share/kalbot_interfaces/cmake/kalbot_interfaces__rosidl_typesupport_introspection_cExport-noconfig.cmake
-- Up-to-date: /home/zubeyir48/ros2_ME462_ws/install/kalbot_interfaces/share/kalbot_interfaces/cmake/kalbot_interfaces__rosidl_typesupport_cExport.cmake
-- Up-to-date: /home/zubeyir48/ros2_ME462_ws/install/kalbot_interfaces/share/kalbot_interfaces/cmake/kalbot_interfaces__rosidl_typesupport_cExport-noconfig.cmake
-- Up-to-date: /home/zubeyir48/ros2_ME462_ws/install/kalbot_interfaces/share/kalbot_interfaces/cmake/export_kalbot_interfaces__rosidl_generator_cppExport.cmake
-- Up-to-date: /home/zubeyir48/ros2_ME462_ws/install/kalbot_interfaces/share/kalbot_interfaces/cmake/export_kalbot_interfaces__rosidl_typesupport_fastrtps_cppExport.cmake
-- Up-to-date: /home/zubeyir48/ros2_ME462_ws/install/kalbot_interfaces/share/kalbot_interfaces/cmake/export_kalbot_interfaces__rosidl_typesupport_fastrtps_cppExport-noconfig.cmake
-- Up-to-date: /home/zubeyir48/ros2_ME462_ws/install/kalbot_interfaces/share/kalbot_interfaces/cmake/kalbot_interfaces__rosidl_typesupport_introspection_cppExport.cmake
-- Up-to-date: /home/zubeyir48/ros2_ME462_ws/install/kalbot_interfaces/share/kalbot_interfaces/cmake/kalbot_interfaces__rosidl_typesupport_introspection_cppExport-noconfig.cmake
-- Up-to-date: /home/zubeyir48/ros2_ME462_ws/install/kalbot_interfaces/share/kalbot_interfaces/cmake/kalbot_interfaces__rosidl_typesupport_cppExport.cmake
-- Up-to-date: /home/zubeyir48/ros2_ME462_ws/install/kalbot_interfaces/share/kalbot_interfaces/cmake/kalbot_interfaces__rosidl_typesupport_cppExport-noconfig.cmake
-- Up-to-date: /home/zubeyir48/ros2_ME462_ws/install/kalbot_interfaces/share/kalbot_interfaces/cmake/export_kalbot_interfaces__rosidl_generator_pyExport.cmake
-- Up-to-date: /home/zubeyir48/ros2_ME462_ws/install/kalbot_interfaces/share/kalbot_interfaces/cmake/export_kalbot_interfaces__rosidl_generator_pyExport-noconfig.cmake
-- Up-to-date: /home/zubeyir48/ros2_ME462_ws/install/kalbot_interfaces/share/kalbot_interfaces/cmake/rosidl_cmake-extras.cmake
-- Up-to-date: /home/zubeyir48/ros2_ME462_ws/install/kalbot_interfaces/share/kalbot_interfaces/cmake/ament_cmake_export_include_directories-extras.cmake
-- Up-to-date: /home/zubeyir48/ros2_ME462_ws/install/kalbot_interfaces/share/kalbot_interfaces/cmake/ament_cmake_export_libraries-extras.cmake
-- Up-to-date: /home/zubeyir48/ros2_ME462_ws/install/kalbot_interfaces/share/kalbot_interfaces/cmake/ament_cmake_export_targets-extras.cmake
-- Up-to-date: /home/zubeyir48/ros2_ME462_ws/install/kalbot_interfaces/share/kalbot_interfaces/cmake/rosidl_cmake_export_typesupport_targets-extras.cmake
-- Up-to-date: /home/zubeyir48/ros2_ME462_ws/install/kalbot_interfaces/share/kalbot_interfaces/cmake/ament_cmake_export_dependencies-extras.cmake
-- Up-to-date: /home/zubeyir48/ros2_ME462_ws/install/kalbot_interfaces/share/kalbot_interfaces/cmake/rosidl_cmake_export_typesupport_libraries-extras.cmake
-- Up-to-date: /home/zubeyir48/ros2_ME462_ws/install/kalbot_interfaces/share/kalbot_interfaces/cmake/kalbot_interfacesConfig.cmake
-- Up-to-date: /home/zubeyir48/ros2_ME462_ws/install/kalbot_interfaces/share/kalbot_interfaces/cmake/kalbot_interfacesConfig-version.cmake
-- Up-to-date: /home/zubeyir48/ros2_ME462_ws/install/kalbot_interfaces/share/kalbot_interfaces/package.xml
