[0.477s] Invoking command in '/home/zubeyir48/ros2_ME462_ws/src/keyboard_controller': CMAKE_PREFIX_PATH=/home/zubeyir48/ros2_ME462_ws/install/kalbot_interfaces:/home/zubeyir48/ros2_ME462_ws/install/kalbot_brignup PYTHONPATH=/home/zubeyir48/ros2_ME462_ws/build/keyboard_controller/prefix_override:/home/zubeyir48/ros2_ME462_ws/install/keyboard_controller/lib/python3.10/site-packages:${PYTHONPATH} /usr/bin/python3 setup.py egg_info --egg-base ../../build/keyboard_controller build --build-base /home/zubeyir48/ros2_ME462_ws/build/keyboard_controller/build install --record /home/zubeyir48/ros2_ME462_ws/build/keyboard_controller/install.log --single-version-externally-managed
[0.607s] running egg_info
[0.607s] writing ../../build/keyboard_controller/keyboard_controller.egg-info/PKG-INFO
[0.607s] writing dependency_links to ../../build/keyboard_controller/keyboard_controller.egg-info/dependency_links.txt
[0.608s] writing entry points to ../../build/keyboard_controller/keyboard_controller.egg-info/entry_points.txt
[0.608s] writing requirements to ../../build/keyboard_controller/keyboard_controller.egg-info/requires.txt
[0.608s] writing top-level names to ../../build/keyboard_controller/keyboard_controller.egg-info/top_level.txt
[0.608s] reading manifest file '../../build/keyboard_controller/keyboard_controller.egg-info/SOURCES.txt'
[0.609s] writing manifest file '../../build/keyboard_controller/keyboard_controller.egg-info/SOURCES.txt'
[0.609s] running build
[0.609s] running build_py
[0.609s] running install
[0.609s] running install_lib
[0.610s] running install_data
[0.610s] running install_egg_info
[0.610s] removing '/home/zubeyir48/ros2_ME462_ws/install/keyboard_controller/lib/python3.10/site-packages/keyboard_controller-0.0.0-py3.10.egg-info' (and everything under it)
[0.611s] Copying ../../build/keyboard_controller/keyboard_controller.egg-info to /home/zubeyir48/ros2_ME462_ws/install/keyboard_controller/lib/python3.10/site-packages/keyboard_controller-0.0.0-py3.10.egg-info
[0.611s] running install_scripts
[0.622s] Installing keyboard_controller script to /home/zubeyir48/ros2_ME462_ws/install/keyboard_controller/lib/keyboard_controller
[0.622s] writing list of installed files to '/home/zubeyir48/ros2_ME462_ws/build/keyboard_controller/install.log'
[0.644s] Invoked command in '/home/zubeyir48/ros2_ME462_ws/src/keyboard_controller' returned '0': CMAKE_PREFIX_PATH=/home/zubeyir48/ros2_ME462_ws/install/kalbot_interfaces:/home/zubeyir48/ros2_ME462_ws/install/kalbot_brignup PYTHONPATH=/home/zubeyir48/ros2_ME462_ws/build/keyboard_controller/prefix_override:/home/zubeyir48/ros2_ME462_ws/install/keyboard_controller/lib/python3.10/site-packages:${PYTHONPATH} /usr/bin/python3 setup.py egg_info --egg-base ../../build/keyboard_controller build --build-base /home/zubeyir48/ros2_ME462_ws/build/keyboard_controller/build install --record /home/zubeyir48/ros2_ME462_ws/build/keyboard_controller/install.log --single-version-externally-managed
