-- The C compiler identification is GNU 7.5.0
-- The CXX compiler identification is GNU 7.5.0
-- Check for working C compiler: /usr/bin/cc
-- Check for working C compiler: /usr/bin/cc -- works
-- Detecting C compiler ABI info
-- Detecting C compiler ABI info - done
-- Detecting C compile features
-- Detecting C compile features - done
-- Check for working CXX compiler: /usr/bin/c++
-- Check for working CXX compiler: /usr/bin/c++ -- works
-- Detecting CXX compiler ABI info
-- Detecting CXX compiler ABI info - done
-- Detecting CXX compile features
-- Detecting CXX compile features - done
-- Found ament_cmake: 0.8.3 (/opt/ros/eloquent/share/ament_cmake/cmake)
-- Found PythonInterp: /usr/bin/python3 (found suitable version "3.6.9", minimum required is "3") 
-- Using PYTHON_EXECUTABLE: /usr/bin/python3
-- Configuring done
-- Generating done
-- Build files have been written to: /home/alibaba/ros2_repos/build/kalbot_brignup
[36mInstall the project...[0m
-- Install configuration: ""
-- Installing: /home/alibaba/ros2_repos/install/kalbot_brignup/share/kalbot_brignup/launch
-- Installing: /home/alibaba/ros2_repos/install/kalbot_brignup/share/kalbot_brignup/launch/demo.launch.py
-- Installing: /home/alibaba/ros2_repos/install/kalbot_brignup/share/ament_index/resource_index/package_run_dependencies/kalbot_brignup
-- Installing: /home/alibaba/ros2_repos/install/kalbot_brignup/share/ament_index/resource_index/parent_prefix_path/kalbot_brignup
-- Installing: /home/alibaba/ros2_repos/install/kalbot_brignup/share/kalbot_brignup/environment/ament_prefix_path.sh
-- Installing: /home/alibaba/ros2_repos/install/kalbot_brignup/share/kalbot_brignup/environment/ament_prefix_path.dsv
-- Installing: /home/alibaba/ros2_repos/install/kalbot_brignup/share/kalbot_brignup/environment/path.sh
-- Installing: /home/alibaba/ros2_repos/install/kalbot_brignup/share/kalbot_brignup/environment/path.dsv
-- Installing: /home/alibaba/ros2_repos/install/kalbot_brignup/share/kalbot_brignup/local_setup.bash
-- Installing: /home/alibaba/ros2_repos/install/kalbot_brignup/share/kalbot_brignup/local_setup.sh
-- Installing: /home/alibaba/ros2_repos/install/kalbot_brignup/share/kalbot_brignup/local_setup.zsh
-- Installing: /home/alibaba/ros2_repos/install/kalbot_brignup/share/kalbot_brignup/local_setup.dsv
-- Installing: /home/alibaba/ros2_repos/install/kalbot_brignup/share/kalbot_brignup/package.dsv
-- Installing: /home/alibaba/ros2_repos/install/kalbot_brignup/share/ament_index/resource_index/packages/kalbot_brignup
-- Installing: /home/alibaba/ros2_repos/install/kalbot_brignup/share/kalbot_brignup/cmake/kalbot_brignupConfig.cmake
-- Installing: /home/alibaba/ros2_repos/install/kalbot_brignup/share/kalbot_brignup/cmake/kalbot_brignupConfig-version.cmake
-- Installing: /home/alibaba/ros2_repos/install/kalbot_brignup/share/kalbot_brignup/package.xml
