running egg_info
creating ../../build/kalbot_controller/kalbot_controller.egg-info
writing ../../build/kalbot_controller/kalbot_controller.egg-info/PKG-INFO
writing dependency_links to ../../build/kalbot_controller/kalbot_controller.egg-info/dependency_links.txt
writing entry points to ../../build/kalbot_controller/kalbot_controller.egg-info/entry_points.txt
writing requirements to ../../build/kalbot_controller/kalbot_controller.egg-info/requires.txt
writing top-level names to ../../build/kalbot_controller/kalbot_controller.egg-info/top_level.txt
writing manifest file '../../build/kalbot_controller/kalbot_controller.egg-info/SOURCES.txt'
reading manifest file '../../build/kalbot_controller/kalbot_controller.egg-info/SOURCES.txt'
writing manifest file '../../build/kalbot_controller/kalbot_controller.egg-info/SOURCES.txt'
running build
running build_py
creating /home/zubeyir48/ros2_ME462_ws/build/kalbot_controller/build
creating /home/zubeyir48/ros2_ME462_ws/build/kalbot_controller/build/lib
creating /home/zubeyir48/ros2_ME462_ws/build/kalbot_controller/build/lib/kalbot_controller
copying kalbot_controller/__init__.py -> /home/zubeyir48/ros2_ME462_ws/build/kalbot_controller/build/lib/kalbot_controller
copying kalbot_controller/kalbot_controller.py -> /home/zubeyir48/ros2_ME462_ws/build/kalbot_controller/build/lib/kalbot_controller
running install
running install_lib
creating /home/zubeyir48/ros2_ME462_ws/install/kalbot_controller/lib/python3.10/site-packages/kalbot_controller
copying /home/zubeyir48/ros2_ME462_ws/build/kalbot_controller/build/lib/kalbot_controller/__init__.py -> /home/zubeyir48/ros2_ME462_ws/install/kalbot_controller/lib/python3.10/site-packages/kalbot_controller
copying /home/zubeyir48/ros2_ME462_ws/build/kalbot_controller/build/lib/kalbot_controller/kalbot_controller.py -> /home/zubeyir48/ros2_ME462_ws/install/kalbot_controller/lib/python3.10/site-packages/kalbot_controller
byte-compiling /home/zubeyir48/ros2_ME462_ws/install/kalbot_controller/lib/python3.10/site-packages/kalbot_controller/__init__.py to __init__.cpython-310.pyc
byte-compiling /home/zubeyir48/ros2_ME462_ws/install/kalbot_controller/lib/python3.10/site-packages/kalbot_controller/kalbot_controller.py to kalbot_controller.cpython-310.pyc
running install_data
creating /home/zubeyir48/ros2_ME462_ws/install/kalbot_controller/share/ament_index
creating /home/zubeyir48/ros2_ME462_ws/install/kalbot_controller/share/ament_index/resource_index
creating /home/zubeyir48/ros2_ME462_ws/install/kalbot_controller/share/ament_index/resource_index/packages
copying resource/kalbot_controller -> /home/zubeyir48/ros2_ME462_ws/install/kalbot_controller/share/ament_index/resource_index/packages
copying package.xml -> /home/zubeyir48/ros2_ME462_ws/install/kalbot_controller/share/kalbot_controller
running install_egg_info
Copying ../../build/kalbot_controller/kalbot_controller.egg-info to /home/zubeyir48/ros2_ME462_ws/install/kalbot_controller/lib/python3.10/site-packages/kalbot_controller-0.0.0-py3.10.egg-info
running install_scripts
writing list of installed files to '/home/zubeyir48/ros2_ME462_ws/build/kalbot_controller/install.log'
