[0.321s] Invoking command in '/home/zubeyir48/ros2_ME462_ws/src/kalbot_controller': PYTHONPATH=/home/zubeyir48/ros2_ME462_ws/build/kalbot_controller/prefix_override:/home/zubeyir48/ros2_ME462_ws/install/kalbot_controller/lib/python3.10/site-packages:${PYTHONPATH} /usr/bin/python3 setup.py egg_info --egg-base ../../build/kalbot_controller build --build-base /home/zubeyir48/ros2_ME462_ws/build/kalbot_controller/build install --record /home/zubeyir48/ros2_ME462_ws/build/kalbot_controller/install.log --single-version-externally-managed
[0.445s] running egg_info
[0.445s] creating ../../build/kalbot_controller/kalbot_controller.egg-info
[0.445s] writing ../../build/kalbot_controller/kalbot_controller.egg-info/PKG-INFO
[0.445s] writing dependency_links to ../../build/kalbot_controller/kalbot_controller.egg-info/dependency_links.txt
[0.445s] writing entry points to ../../build/kalbot_controller/kalbot_controller.egg-info/entry_points.txt
[0.445s] writing requirements to ../../build/kalbot_controller/kalbot_controller.egg-info/requires.txt
[0.445s] writing top-level names to ../../build/kalbot_controller/kalbot_controller.egg-info/top_level.txt
[0.445s] writing manifest file '../../build/kalbot_controller/kalbot_controller.egg-info/SOURCES.txt'
[0.446s] reading manifest file '../../build/kalbot_controller/kalbot_controller.egg-info/SOURCES.txt'
[0.446s] writing manifest file '../../build/kalbot_controller/kalbot_controller.egg-info/SOURCES.txt'
[0.446s] running build
[0.446s] running build_py
[0.446s] creating /home/zubeyir48/ros2_ME462_ws/build/kalbot_controller/build
[0.446s] creating /home/zubeyir48/ros2_ME462_ws/build/kalbot_controller/build/lib
[0.447s] creating /home/zubeyir48/ros2_ME462_ws/build/kalbot_controller/build/lib/kalbot_controller
[0.447s] copying kalbot_controller/__init__.py -> /home/zubeyir48/ros2_ME462_ws/build/kalbot_controller/build/lib/kalbot_controller
[0.447s] copying kalbot_controller/kalbot_controller.py -> /home/zubeyir48/ros2_ME462_ws/build/kalbot_controller/build/lib/kalbot_controller
[0.447s] running install
[0.447s] running install_lib
[0.447s] creating /home/zubeyir48/ros2_ME462_ws/install/kalbot_controller/lib/python3.10/site-packages/kalbot_controller
[0.447s] copying /home/zubeyir48/ros2_ME462_ws/build/kalbot_controller/build/lib/kalbot_controller/__init__.py -> /home/zubeyir48/ros2_ME462_ws/install/kalbot_controller/lib/python3.10/site-packages/kalbot_controller
[0.447s] copying /home/zubeyir48/ros2_ME462_ws/build/kalbot_controller/build/lib/kalbot_controller/kalbot_controller.py -> /home/zubeyir48/ros2_ME462_ws/install/kalbot_controller/lib/python3.10/site-packages/kalbot_controller
[0.447s] byte-compiling /home/zubeyir48/ros2_ME462_ws/install/kalbot_controller/lib/python3.10/site-packages/kalbot_controller/__init__.py to __init__.cpython-310.pyc
[0.447s] byte-compiling /home/zubeyir48/ros2_ME462_ws/install/kalbot_controller/lib/python3.10/site-packages/kalbot_controller/kalbot_controller.py to kalbot_controller.cpython-310.pyc
[0.448s]   File "/home/zubeyir48/ros2_ME462_ws/install/kalbot_controller/lib/python3.10/site-packages/kalbot_controller/kalbot_controller.py", line 5
[0.448s]     from kalbot_interfaces.msg import 
[0.448s]                                       ^
[0.448s] SyntaxError: invalid syntax
[0.448s] 
[0.448s] running install_data
[0.448s] creating /home/zubeyir48/ros2_ME462_ws/install/kalbot_controller/share/ament_index
[0.448s] creating /home/zubeyir48/ros2_ME462_ws/install/kalbot_controller/share/ament_index/resource_index
[0.448s] creating /home/zubeyir48/ros2_ME462_ws/install/kalbot_controller/share/ament_index/resource_index/packages
[0.448s] copying resource/kalbot_controller -> /home/zubeyir48/ros2_ME462_ws/install/kalbot_controller/share/ament_index/resource_index/packages
[0.448s] copying package.xml -> /home/zubeyir48/ros2_ME462_ws/install/kalbot_controller/share/kalbot_controller
[0.448s] running install_egg_info
[0.448s] Copying ../../build/kalbot_controller/kalbot_controller.egg-info to /home/zubeyir48/ros2_ME462_ws/install/kalbot_controller/lib/python3.10/site-packages/kalbot_controller-0.0.0-py3.10.egg-info
[0.449s] running install_scripts
[0.459s] writing list of installed files to '/home/zubeyir48/ros2_ME462_ws/build/kalbot_controller/install.log'
[0.474s] Invoked command in '/home/zubeyir48/ros2_ME462_ws/src/kalbot_controller' returned '0': PYTHONPATH=/home/zubeyir48/ros2_ME462_ws/build/kalbot_controller/prefix_override:/home/zubeyir48/ros2_ME462_ws/install/kalbot_controller/lib/python3.10/site-packages:${PYTHONPATH} /usr/bin/python3 setup.py egg_info --egg-base ../../build/kalbot_controller build --build-base /home/zubeyir48/ros2_ME462_ws/build/kalbot_controller/build install --record /home/zubeyir48/ros2_ME462_ws/build/kalbot_controller/install.log --single-version-externally-managed
