[0.292s] Invoking command in '/home/zubeyir48/ros2_ME462_ws/src/tutorial_robot_controller': PYTHONPATH=/home/zubeyir48/ros2_ME462_ws/build/tutorial_robot_controller/prefix_override:/home/zubeyir48/ros2_ME462_ws/install/tutorial_robot_controller/lib/python3.10/site-packages:${PYTHONPATH} /usr/bin/python3 setup.py egg_info --egg-base ../../build/tutorial_robot_controller build --build-base /home/zubeyir48/ros2_ME462_ws/build/tutorial_robot_controller/build install --record /home/zubeyir48/ros2_ME462_ws/build/tutorial_robot_controller/install.log --single-version-externally-managed
[0.405s] running egg_info
[0.405s] writing ../../build/tutorial_robot_controller/tutorial_robot_controller.egg-info/PKG-INFO
[0.405s] writing dependency_links to ../../build/tutorial_robot_controller/tutorial_robot_controller.egg-info/dependency_links.txt
[0.405s] writing entry points to ../../build/tutorial_robot_controller/tutorial_robot_controller.egg-info/entry_points.txt
[0.405s] writing requirements to ../../build/tutorial_robot_controller/tutorial_robot_controller.egg-info/requires.txt
[0.405s] writing top-level names to ../../build/tutorial_robot_controller/tutorial_robot_controller.egg-info/top_level.txt
[0.406s] reading manifest file '../../build/tutorial_robot_controller/tutorial_robot_controller.egg-info/SOURCES.txt'
[0.406s] writing manifest file '../../build/tutorial_robot_controller/tutorial_robot_controller.egg-info/SOURCES.txt'
[0.406s] running build
[0.406s] running build_py
[0.406s] running install
[0.406s] running install_lib
[0.407s] running install_data
[0.407s] running install_egg_info
[0.408s] removing '/home/zubeyir48/ros2_ME462_ws/install/tutorial_robot_controller/lib/python3.10/site-packages/tutorial_robot_controller-0.0.0-py3.10.egg-info' (and everything under it)
[0.408s] Copying ../../build/tutorial_robot_controller/tutorial_robot_controller.egg-info to /home/zubeyir48/ros2_ME462_ws/install/tutorial_robot_controller/lib/python3.10/site-packages/tutorial_robot_controller-0.0.0-py3.10.egg-info
[0.408s] running install_scripts
[0.418s] writing list of installed files to '/home/zubeyir48/ros2_ME462_ws/build/tutorial_robot_controller/install.log'
[0.429s] Invoked command in '/home/zubeyir48/ros2_ME462_ws/src/tutorial_robot_controller' returned '0': PYTHONPATH=/home/zubeyir48/ros2_ME462_ws/build/tutorial_robot_controller/prefix_override:/home/zubeyir48/ros2_ME462_ws/install/tutorial_robot_controller/lib/python3.10/site-packages:${PYTHONPATH} /usr/bin/python3 setup.py egg_info --egg-base ../../build/tutorial_robot_controller build --build-base /home/zubeyir48/ros2_ME462_ws/build/tutorial_robot_controller/build install --record /home/zubeyir48/ros2_ME462_ws/build/tutorial_robot_controller/install.log --single-version-externally-managed
