[0.325s] Invoking command in '/home/zubeyir48/ros2_ME462_ws/src/kalbot_controller': CMAKE_PREFIX_PATH=/home/zubeyir48/ros2_ME462_ws/install/kalbot_interfaces:/home/zubeyir48/ros2_ME462_ws/install/kalbot_brignup PYTHONPATH=/home/zubeyir48/ros2_ME462_ws/build/kalbot_controller/prefix_override:/home/zubeyir48/ros2_ME462_ws/install/kalbot_controller/lib/python3.10/site-packages:${PYTHONPATH} /usr/bin/python3 setup.py egg_info --egg-base ../../build/kalbot_controller build --build-base /home/zubeyir48/ros2_ME462_ws/build/kalbot_controller/build install --record /home/zubeyir48/ros2_ME462_ws/build/kalbot_controller/install.log --single-version-externally-managed
[0.452s] running egg_info
[0.452s] writing ../../build/kalbot_controller/kalbot_controller.egg-info/PKG-INFO
[0.452s] writing dependency_links to ../../build/kalbot_controller/kalbot_controller.egg-info/dependency_links.txt
[0.452s] writing entry points to ../../build/kalbot_controller/kalbot_controller.egg-info/entry_points.txt
[0.452s] writing requirements to ../../build/kalbot_controller/kalbot_controller.egg-info/requires.txt
[0.452s] writing top-level names to ../../build/kalbot_controller/kalbot_controller.egg-info/top_level.txt
[0.453s] reading manifest file '../../build/kalbot_controller/kalbot_controller.egg-info/SOURCES.txt'
[0.454s] writing manifest file '../../build/kalbot_controller/kalbot_controller.egg-info/SOURCES.txt'
[0.454s] running build
[0.454s] running build_py
[0.454s] running install
[0.454s] running install_lib
[0.455s] running install_data
[0.455s] running install_egg_info
[0.456s] removing '/home/zubeyir48/ros2_ME462_ws/install/kalbot_controller/lib/python3.10/site-packages/kalbot_controller-0.0.0-py3.10.egg-info' (and everything under it)
[0.456s] Copying ../../build/kalbot_controller/kalbot_controller.egg-info to /home/zubeyir48/ros2_ME462_ws/install/kalbot_controller/lib/python3.10/site-packages/kalbot_controller-0.0.0-py3.10.egg-info
[0.456s] running install_scripts
[0.466s] writing list of installed files to '/home/zubeyir48/ros2_ME462_ws/build/kalbot_controller/install.log'
[0.479s] Invoked command in '/home/zubeyir48/ros2_ME462_ws/src/kalbot_controller' returned '0': CMAKE_PREFIX_PATH=/home/zubeyir48/ros2_ME462_ws/install/kalbot_interfaces:/home/zubeyir48/ros2_ME462_ws/install/kalbot_brignup PYTHONPATH=/home/zubeyir48/ros2_ME462_ws/build/kalbot_controller/prefix_override:/home/zubeyir48/ros2_ME462_ws/install/kalbot_controller/lib/python3.10/site-packages:${PYTHONPATH} /usr/bin/python3 setup.py egg_info --egg-base ../../build/kalbot_controller build --build-base /home/zubeyir48/ros2_ME462_ws/build/kalbot_controller/build install --record /home/zubeyir48/ros2_ME462_ws/build/kalbot_controller/install.log --single-version-externally-managed
