running egg_info
creating ../../build/tutorial_robot_controller/tutorial_robot_controller.egg-info
writing ../../build/tutorial_robot_controller/tutorial_robot_controller.egg-info/PKG-INFO
writing dependency_links to ../../build/tutorial_robot_controller/tutorial_robot_controller.egg-info/dependency_links.txt
writing entry points to ../../build/tutorial_robot_controller/tutorial_robot_controller.egg-info/entry_points.txt
writing requirements to ../../build/tutorial_robot_controller/tutorial_robot_controller.egg-info/requires.txt
writing top-level names to ../../build/tutorial_robot_controller/tutorial_robot_controller.egg-info/top_level.txt
writing manifest file '../../build/tutorial_robot_controller/tutorial_robot_controller.egg-info/SOURCES.txt'
reading manifest file '../../build/tutorial_robot_controller/tutorial_robot_controller.egg-info/SOURCES.txt'
writing manifest file '../../build/tutorial_robot_controller/tutorial_robot_controller.egg-info/SOURCES.txt'
running build
running build_py
creating /home/zubeyir48/ros2_ME462_ws/build/tutorial_robot_controller/build
creating /home/zubeyir48/ros2_ME462_ws/build/tutorial_robot_controller/build/lib
creating /home/zubeyir48/ros2_ME462_ws/build/tutorial_robot_controller/build/lib/tutorial_robot_controller
copying tutorial_robot_controller/__init__.py -> /home/zubeyir48/ros2_ME462_ws/build/tutorial_robot_controller/build/lib/tutorial_robot_controller
running install
/usr/lib/python3/dist-packages/setuptools/command/install.py:34: SetuptoolsDeprecationWarning: setup.py install is deprecated. Use build and pip and other standards-based tools.
  warnings.warn(
running install_lib
creating /home/zubeyir48/ros2_ME462_ws/install/tutorial_robot_controller/lib/python3.10/site-packages/tutorial_robot_controller
copying /home/zubeyir48/ros2_ME462_ws/build/tutorial_robot_controller/build/lib/tutorial_robot_controller/__init__.py -> /home/zubeyir48/ros2_ME462_ws/install/tutorial_robot_controller/lib/python3.10/site-packages/tutorial_robot_controller
byte-compiling /home/zubeyir48/ros2_ME462_ws/install/tutorial_robot_controller/lib/python3.10/site-packages/tutorial_robot_controller/__init__.py to __init__.cpython-310.pyc
running install_data
creating /home/zubeyir48/ros2_ME462_ws/install/tutorial_robot_controller/share/ament_index
creating /home/zubeyir48/ros2_ME462_ws/install/tutorial_robot_controller/share/ament_index/resource_index
creating /home/zubeyir48/ros2_ME462_ws/install/tutorial_robot_controller/share/ament_index/resource_index/packages
copying resource/tutorial_robot_controller -> /home/zubeyir48/ros2_ME462_ws/install/tutorial_robot_controller/share/ament_index/resource_index/packages
copying package.xml -> /home/zubeyir48/ros2_ME462_ws/install/tutorial_robot_controller/share/tutorial_robot_controller
running install_egg_info
Copying ../../build/tutorial_robot_controller/tutorial_robot_controller.egg-info to /home/zubeyir48/ros2_ME462_ws/install/tutorial_robot_controller/lib/python3.10/site-packages/tutorial_robot_controller-0.0.0-py3.10.egg-info
running install_scripts
writing list of installed files to '/home/zubeyir48/ros2_ME462_ws/build/tutorial_robot_controller/install.log'
