[0.276s] Invoking command in '/home/zubeyir48/ros2_ME462_ws/src/tutorial_robot_controller': PYTHONPATH=/home/zubeyir48/ros2_ME462_ws/build/tutorial_robot_controller/prefix_override:/home/zubeyir48/ros2_ME462_ws/install/tutorial_robot_controller/lib/python3.10/site-packages:${PYTHONPATH} /usr/bin/python3 setup.py egg_info --egg-base ../../build/tutorial_robot_controller build --build-base /home/zubeyir48/ros2_ME462_ws/build/tutorial_robot_controller/build install --record /home/zubeyir48/ros2_ME462_ws/build/tutorial_robot_controller/install.log --single-version-externally-managed
[0.379s] running egg_info
[0.380s] creating ../../build/tutorial_robot_controller/tutorial_robot_controller.egg-info
[0.380s] writing ../../build/tutorial_robot_controller/tutorial_robot_controller.egg-info/PKG-INFO
[0.380s] writing dependency_links to ../../build/tutorial_robot_controller/tutorial_robot_controller.egg-info/dependency_links.txt
[0.380s] writing entry points to ../../build/tutorial_robot_controller/tutorial_robot_controller.egg-info/entry_points.txt
[0.380s] writing requirements to ../../build/tutorial_robot_controller/tutorial_robot_controller.egg-info/requires.txt
[0.380s] writing top-level names to ../../build/tutorial_robot_controller/tutorial_robot_controller.egg-info/top_level.txt
[0.380s] writing manifest file '../../build/tutorial_robot_controller/tutorial_robot_controller.egg-info/SOURCES.txt'
[0.381s] reading manifest file '../../build/tutorial_robot_controller/tutorial_robot_controller.egg-info/SOURCES.txt'
[0.381s] writing manifest file '../../build/tutorial_robot_controller/tutorial_robot_controller.egg-info/SOURCES.txt'
[0.382s] running build
[0.382s] running build_py
[0.382s] creating /home/zubeyir48/ros2_ME462_ws/build/tutorial_robot_controller/build
[0.382s] creating /home/zubeyir48/ros2_ME462_ws/build/tutorial_robot_controller/build/lib
[0.382s] creating /home/zubeyir48/ros2_ME462_ws/build/tutorial_robot_controller/build/lib/tutorial_robot_controller
[0.382s] copying tutorial_robot_controller/__init__.py -> /home/zubeyir48/ros2_ME462_ws/build/tutorial_robot_controller/build/lib/tutorial_robot_controller
[0.382s] running install
[0.382s] /usr/lib/python3/dist-packages/setuptools/command/install.py:34: SetuptoolsDeprecationWarning: setup.py install is deprecated. Use build and pip and other standards-based tools.
[0.382s]   warnings.warn(
[0.382s] running install_lib
[0.383s] creating /home/zubeyir48/ros2_ME462_ws/install/tutorial_robot_controller/lib/python3.10/site-packages/tutorial_robot_controller
[0.383s] copying /home/zubeyir48/ros2_ME462_ws/build/tutorial_robot_controller/build/lib/tutorial_robot_controller/__init__.py -> /home/zubeyir48/ros2_ME462_ws/install/tutorial_robot_controller/lib/python3.10/site-packages/tutorial_robot_controller
[0.383s] byte-compiling /home/zubeyir48/ros2_ME462_ws/install/tutorial_robot_controller/lib/python3.10/site-packages/tutorial_robot_controller/__init__.py to __init__.cpython-310.pyc
[0.383s] running install_data
[0.383s] creating /home/zubeyir48/ros2_ME462_ws/install/tutorial_robot_controller/share/ament_index
[0.383s] creating /home/zubeyir48/ros2_ME462_ws/install/tutorial_robot_controller/share/ament_index/resource_index
[0.383s] creating /home/zubeyir48/ros2_ME462_ws/install/tutorial_robot_controller/share/ament_index/resource_index/packages
[0.383s] copying resource/tutorial_robot_controller -> /home/zubeyir48/ros2_ME462_ws/install/tutorial_robot_controller/share/ament_index/resource_index/packages
[0.383s] copying package.xml -> /home/zubeyir48/ros2_ME462_ws/install/tutorial_robot_controller/share/tutorial_robot_controller
[0.383s] running install_egg_info
[0.384s] Copying ../../build/tutorial_robot_controller/tutorial_robot_controller.egg-info to /home/zubeyir48/ros2_ME462_ws/install/tutorial_robot_controller/lib/python3.10/site-packages/tutorial_robot_controller-0.0.0-py3.10.egg-info
[0.384s] running install_scripts
[0.394s] writing list of installed files to '/home/zubeyir48/ros2_ME462_ws/build/tutorial_robot_controller/install.log'
[0.405s] Invoked command in '/home/zubeyir48/ros2_ME462_ws/src/tutorial_robot_controller' returned '0': PYTHONPATH=/home/zubeyir48/ros2_ME462_ws/build/tutorial_robot_controller/prefix_override:/home/zubeyir48/ros2_ME462_ws/install/tutorial_robot_controller/lib/python3.10/site-packages:${PYTHONPATH} /usr/bin/python3 setup.py egg_info --egg-base ../../build/tutorial_robot_controller build --build-base /home/zubeyir48/ros2_ME462_ws/build/tutorial_robot_controller/build install --record /home/zubeyir48/ros2_ME462_ws/build/tutorial_robot_controller/install.log --single-version-externally-managed
